Log file open, 06/12/20 16:23:00
LogWindows: Failed to load 'aqProf.dll' (GetLastError=126)
LogWindows: File 'aqProf.dll' does not exist
LogWindows: Failed to load 'VtuneApi.dll' (GetLastError=126)
LogWindows: File 'VtuneApi.dll' does not exist
LogWindows: Failed to load 'VtuneApi32e.dll' (GetLastError=126)
LogWindows: File 'VtuneApi32e.dll' does not exist
LogConsoleResponse: Display: Failed to find resolution value strings in scalability ini. Falling back to default.
LogInit: Display: Running engine for game: SlimeKing
LogPlatformFile: Not using cached read wrapper
LogTaskGraph: Started task graph with 5 named threads and 35 total threads with 3 sets of task threads.
LogStats: Stats thread started at 0.091168
LogD3D11RHI: Loaded GFSDK_Aftermath_Lib.x64.dll
LogICUInternationalization: ICU TimeZone Detection - Raw Offset: +9:00, Platform Override: ''
LogPluginManager: Mounting plugin Paper2D
LogPluginManager: Mounting plugin AISupport
LogPluginManager: Mounting plugin LightPropagationVolume
LogPluginManager: Mounting plugin ActorLayerUtilities
LogPluginManager: Mounting plugin AnimationSharing
LogPluginManager: Mounting plugin CLionSourceCodeAccess
LogPluginManager: Mounting plugin CodeLiteSourceCodeAccess
LogPluginManager: Mounting plugin GitSourceControl
LogPluginManager: Mounting plugin KDevelopSourceCodeAccess
LogPluginManager: Mounting plugin NullSourceCodeAccess
LogPluginManager: Mounting plugin PerforceSourceControl
LogPluginManager: Mounting plugin PlasticSourceControl
LogPluginManager: Mounting plugin SubversionSourceControl
LogPluginManager: Mounting plugin UObjectPlugin
LogPluginManager: Mounting plugin VisualStudioCodeSourceCodeAccess
LogPluginManager: Mounting plugin VisualStudioSourceCodeAccess
LogPluginManager: Mounting plugin XCodeSourceCodeAccess
LogPluginManager: Mounting plugin AssetManagerEditor
LogPluginManager: Mounting plugin CryptoKeys
LogPluginManager: Mounting plugin CurveEditorTools
LogPluginManager: Mounting plugin DataValidation
LogPluginManager: Mounting plugin FacialAnimation
LogPluginManager: Mounting plugin GameplayTagsEditor
LogPluginManager: Mounting plugin MacGraphicsSwitching
LogPluginManager: Mounting plugin MaterialAnalyzer
LogPluginManager: Mounting plugin MobileLauncherProfileWizard
LogPluginManager: Mounting plugin PluginBrowser
LogPluginManager: Mounting plugin SpeedTreeImporter
LogPluginManager: Mounting plugin DatasmithContent
LogPluginManager: Mounting plugin VariantManagerContent
LogPluginManager: Mounting plugin AlembicImporter
LogPluginManager: Mounting plugin AutomationUtils
LogPluginManager: Mounting plugin BackChannel
LogPluginManager: Mounting plugin CharacterAI
LogPluginManager: Mounting plugin GeometryCache
LogPluginManager: Mounting plugin PlatformCrypto
LogPluginManager: Mounting plugin ProxyLODPlugin
LogPluginManager: Mounting plugin SkeletalReduction
LogPluginManager: Mounting plugin MagicLeap
LogPluginManager: Mounting plugin MagicLeapMedia
LogPluginManager: Mounting plugin MLSDK
LogPluginManager: Mounting plugin AndroidMedia
LogPluginManager: Mounting plugin AvfMedia
LogPluginManager: Mounting plugin ImgMedia
LogPluginManager: Mounting plugin MediaCompositing
LogPluginManager: Mounting plugin MediaPlayerEditor
LogPluginManager: Mounting plugin WebMMedia
LogPluginManager: Mounting plugin WmfMedia
LogPluginManager: Mounting plugin TcpMessaging
LogPluginManager: Mounting plugin UdpMessaging
LogPluginManager: Mounting plugin ActorSequence
LogPluginManager: Mounting plugin LevelSequenceEditor
LogPluginManager: Mounting plugin MatineeToLevelSequence
LogPluginManager: Mounting plugin NetcodeUnitTest
LogPluginManager: Mounting plugin NUTUnrealEngine4
LogPluginManager: Mounting plugin OnlineSubsystemGooglePlay
LogPluginManager: Mounting plugin OnlineSubsystemIOS
LogPluginManager: Mounting plugin OnlineSubsystem
LogPluginManager: Mounting plugin OnlineSubsystemNull
LogPluginManager: Mounting plugin OnlineSubsystemUtils
LogPluginManager: Mounting plugin LauncherChunkInstaller
LogPluginManager: Mounting plugin AndroidDeviceProfileSelector
LogPluginManager: Mounting plugin AndroidMoviePlayer
LogPluginManager: Mounting plugin AndroidPermission
LogPluginManager: Mounting plugin AppleImageUtils
LogPluginManager: Mounting plugin AppleMoviePlayer
LogPluginManager: Mounting plugin ArchVisCharacter
LogPluginManager: Mounting plugin AssetTags
LogPluginManager: Mounting plugin AudioCapture
LogPluginManager: Mounting plugin CableComponent
LogPluginManager: Mounting plugin CustomMeshComponent
LogPluginManager: Mounting plugin EditableMesh
LogPluginManager: Mounting plugin ExampleDeviceProfileSelector
LogPluginManager: Mounting plugin GoogleCloudMessaging
LogPluginManager: Mounting plugin IOSDeviceProfileSelector
LogPluginManager: Mounting plugin LinuxDeviceProfileSelector
LogPluginManager: Mounting plugin LocationServicesBPLibrary
LogPluginManager: Mounting plugin MobilePatchingUtils
LogPluginManager: Mounting plugin OculusVR
LogPluginManager: Mounting plugin PhysXVehicles
LogPluginManager: Mounting plugin PostSplashScreen
LogPluginManager: Mounting plugin ProceduralMeshComponent
LogPluginManager: Mounting plugin RuntimePhysXCooking
LogPluginManager: Mounting plugin SignificanceManager
LogPluginManager: Mounting plugin SteamVR
LogPluginManager: Mounting plugin WebMMoviePlayer
LogPluginManager: Mounting plugin WindowsMoviePlayer
LogPluginManager: Mounting plugin ScreenshotTools
LogInit: Using libcurl 7.55.1-DEV
LogInit:  - built for x86_64-pc-win32
LogInit:  - supports SSL with OpenSSL/1.1.1
LogInit:  - supports HTTP deflate (compression) using libz 1.2.8
LogInit:  - other features:
LogInit:      CURL_VERSION_SSL
LogInit:      CURL_VERSION_LIBZ
LogInit:      CURL_VERSION_IPV6
LogInit:      CURL_VERSION_ASYNCHDNS
LogInit:      CURL_VERSION_LARGEFILE
LogInit:      CURL_VERSION_IDN
LogInit:  CurlRequestOptions (configurable via config and command line):
LogInit:  - bVerifyPeer = true  - Libcurl will verify peer certificate
LogInit:  - bUseHttpProxy = false  - Libcurl will NOT use HTTP proxy
LogInit:  - bDontReuseConnections = false  - Libcurl will reuse connections
LogInit:  - MaxHostConnections = 16  - Libcurl will limit the number of connections to a host
LogInit:  - LocalHostAddr = Default
LogInit:  - BufferSize = 65536
LogOnline: OSS: Creating online subsystem instance for: NULL
LogInit: WinSock: version 1.1 (2.2), MaxSocks=32767, MaxUdp=65467
LogOnline: OSS: TryLoadSubsystemAndSetDefault: Loaded subsystem for module [NULL]
LogInit: Build: ++UE4+Release-4.24-CL-11590370
LogInit: Engine Version: 4.24.3-11590370+++UE4+Release-4.24
LogInit: Compatible Engine Version: 4.24.0-10570792+++UE4+Release-4.24
LogInit: Net CL: 10570792
LogInit: OS: Windows 10 (Release 1909) (), CPU: Intel(R) Core(TM) i7-8750H CPU @ 2.20GHz, GPU: Intel(R) UHD Graphics 630
LogInit: Compiled (64-bit): Feb 24 2020 15:39:18
LogInit: Compiled with Visual C++: 19.16.27032.01
LogInit: Build Configuration: Development
LogInit: Branch Name: ++UE4+Release-4.24
LogInit: Command Line: 
LogInit: Base Directory: C:/Users/syuna/Desktop/UE/UE_4.24/Engine/Binaries/Win64/
LogInit: Installed Engine Build: 1
LogDevObjectVersion: Number of dev versions registered: 25
LogDevObjectVersion:   Dev-Blueprints (B0D832E4-1F89-4F0D-ACCF-7EB736FD4AA2): 10
LogDevObjectVersion:   Dev-Build (E1C64328-A22C-4D53-A36C-8E866417BD8C): 0
LogDevObjectVersion:   Dev-Core (375EC13C-06E4-48FB-B500-84F0262A717E): 3
LogDevObjectVersion:   Dev-Editor (E4B068ED-F494-42E9-A231-DA0B2E46BB41): 37
LogDevObjectVersion:   Dev-Framework (CFFC743F-43B0-4480-9391-14DF171D2073): 36
LogDevObjectVersion:   Dev-Mobile (B02B49B5-BB20-44E9-A304-32B752E40360): 2
LogDevObjectVersion:   Dev-Networking (A4E4105C-59A1-49B5-A7C5-40C4547EDFEE): 0
LogDevObjectVersion:   Dev-Online (39C831C9-5AE6-47DC-9A44-9C173E1C8E7C): 0
LogDevObjectVersion:   Dev-Physics (78F01B33-EBEA-4F98-B9B4-84EACCB95AA2): 2
LogDevObjectVersion:   Dev-Platform (6631380F-2D4D-43E0-8009-CF276956A95A): 0
LogDevObjectVersion:   Dev-Rendering (12F88B9F-8875-4AFC-A67C-D90C383ABD29): 36
LogDevObjectVersion:   Dev-Sequencer (7B5AE74C-D270-4C10-A958-57980B212A5A): 11
LogDevObjectVersion:   Dev-VR (D7296918-1DD6-4BDD-9DE2-64A83CC13884): 2
LogDevObjectVersion:   Dev-LoadTimes (C2A15278-BFE7-4AFE-6C17-90FF531DF755): 1
LogDevObjectVersion:   Private-Geometry (6EACA3D4-40EC-4CC1-B786-8BED09428FC5): 3
LogDevObjectVersion:   Dev-AnimPhys (29E575DD-E0A3-4627-9D10-D276232CDCEA): 17
LogDevObjectVersion:   Dev-Anim (AF43A65D-7FD3-4947-9873-3E8ED9C1BB05): 2
LogDevObjectVersion:   Dev-ReflectionCapture (6B266CEC-1EC7-4B8F-A30B-E4D90942FC07): 1
LogDevObjectVersion:   Dev-Automation (0DF73D61-A23F-47EA-B727-89E90C41499A): 1
LogDevObjectVersion:   FortniteMain (601D1886-AC64-4F84-AA16-D3DE0DEAC7D6): 31
LogDevObjectVersion:   Dev-Enterprise (9DFFBCD6-494F-0158-E221-12823C92A888): 8
LogDevObjectVersion:   Dev-Niagara (F2AED0AC-9AFE-416F-8664-AA7FFA26D6FC): 1
LogDevObjectVersion:   Dev-Destruction (174F1F0B-B4C6-45A5-B13F-2EE8D0FB917D): 9
LogDevObjectVersion:   Dev-Physics-Ext (35F94A83-E258-406C-A318-09F59610247C): 8
LogDevObjectVersion:   Dev-CineCamera (B2E18506-4273-CFC2-A54E-F4BB758BBA07): 1
LogInit: Presizing for max 25165824 objects, including 0 objects not considered by GC, pre-allocating 0 bytes for permanent pool.
LogInit: Object subsystem initialized
LogConfig: Setting CVar [[con.DebugEarlyDefault:1]]
LogConfig: Setting CVar [[r.setres:1280x720]]
[2020.06.12-07.23.00:382][  0]LogConfig: Setting CVar [[r.VSync:0]]
[2020.06.12-07.23.00:382][  0]LogConfig: Setting CVar [[r.RHICmdBypass:0]]
[2020.06.12-07.23.00:382][  0]LogConfig: Applying CVar settings from Section [/Script/Engine.RendererSettings] File [C:/Users/syuna/Documents/GitHub/slime/SlimeKing/Saved/Config/Windows/Engine.ini]
[2020.06.12-07.23.00:382][  0]LogConfig: Setting CVar [[r.GPUCrashDebugging:0]]
[2020.06.12-07.23.00:382][  0]LogConfig: Applying CVar settings from Section [/Script/Engine.RendererOverrideSettings] File [C:/Users/syuna/Documents/GitHub/slime/SlimeKing/Saved/Config/Windows/Engine.ini]
[2020.06.12-07.23.00:382][  0]LogConfig: Applying CVar settings from Section [/Script/Engine.StreamingSettings] File [C:/Users/syuna/Documents/GitHub/slime/SlimeKing/Saved/Config/Windows/Engine.ini]
[2020.06.12-07.23.00:382][  0]LogConfig: Setting CVar [[s.MinBulkDataSizeForAsyncLoading:131072]]
[2020.06.12-07.23.00:383][  0]LogConfig: Setting CVar [[s.AsyncLoadingThreadEnabled:0]]
[2020.06.12-07.23.00:383][  0]LogConfig: Setting CVar [[s.EventDrivenLoaderEnabled:1]]
[2020.06.12-07.23.00:383][  0]LogConfig: Setting CVar [[s.WarnIfTimeLimitExceeded:0]]
[2020.06.12-07.23.00:383][  0]LogConfig: Setting CVar [[s.TimeLimitExceededMultiplier:1.5]]
[2020.06.12-07.23.00:383][  0]LogConfig: Setting CVar [[s.TimeLimitExceededMinTime:0.005]]
[2020.06.12-07.23.00:383][  0]LogConfig: Setting CVar [[s.UseBackgroundLevelStreaming:1]]
[2020.06.12-07.23.00:383][  0]LogConfig: Setting CVar [[s.PriorityAsyncLoadingExtraTime:15.0]]
[2020.06.12-07.23.00:383][  0]LogConfig: Setting CVar [[s.LevelStreamingActorsUpdateTimeLimit:5.0]]
[2020.06.12-07.23.00:383][  0]LogConfig: Setting CVar [[s.PriorityLevelStreamingActorsUpdateExtraTime:5.0]]
[2020.06.12-07.23.00:383][  0]LogConfig: Setting CVar [[s.LevelStreamingComponentsRegistrationGranularity:10]]
[2020.06.12-07.23.00:383][  0]LogConfig: Setting CVar [[s.UnregisterComponentsTimeLimit:1.0]]
[2020.06.12-07.23.00:383][  0]LogConfig: Setting CVar [[s.LevelStreamingComponentsUnregistrationGranularity:5]]
[2020.06.12-07.23.00:383][  0]LogConfig: Setting CVar [[s.FlushStreamingOnExit:1]]
[2020.06.12-07.23.00:383][  0]LogConfig: Applying CVar settings from Section [/Script/Engine.GarbageCollectionSettings] File [C:/Users/syuna/Documents/GitHub/slime/SlimeKing/Saved/Config/Windows/Engine.ini]
[2020.06.12-07.23.00:383][  0]LogConfig: Setting CVar [[gc.MaxObjectsNotConsideredByGC:1]]
[2020.06.12-07.23.00:383][  0]LogConfig: Setting CVar [[gc.SizeOfPermanentObjectPool:0]]
[2020.06.12-07.23.00:383][  0]LogConfig: Setting CVar [[gc.FlushStreamingOnGC:0]]
[2020.06.12-07.23.00:383][  0]LogConfig: Setting CVar [[gc.NumRetriesBeforeForcingGC:10]]
[2020.06.12-07.23.00:383][  0]LogConfig: Setting CVar [[gc.AllowParallelGC:1]]
[2020.06.12-07.23.00:383][  0]LogConfig: Setting CVar [[gc.TimeBetweenPurgingPendingKillObjects:61.1]]
[2020.06.12-07.23.00:383][  0]LogConfig: Setting CVar [[gc.MaxObjectsInEditor:25165824]]
[2020.06.12-07.23.00:383][  0]LogConfig: Setting CVar [[gc.IncrementalBeginDestroyEnabled:1]]
[2020.06.12-07.23.00:383][  0]LogConfig: Setting CVar [[gc.CreateGCClusters:1]]
[2020.06.12-07.23.00:383][  0]LogConfig: Setting CVar [[gc.MinGCClusterSize:5]]
[2020.06.12-07.23.00:383][  0]LogConfig: Setting CVar [[gc.ActorClusteringEnabled:0]]
[2020.06.12-07.23.00:383][  0]LogConfig: Setting CVar [[gc.BlueprintClusteringEnabled:0]]
[2020.06.12-07.23.00:383][  0]LogConfig: Setting CVar [[gc.UseDisregardForGCOnDedicatedServers:0]]
[2020.06.12-07.23.00:383][  0]LogConfig: Applying CVar settings from Section [/Script/Engine.NetworkSettings] File [C:/Users/syuna/Documents/GitHub/slime/SlimeKing/Saved/Config/Windows/Engine.ini]
[2020.06.12-07.23.00:383][  0]LogConfig: Applying CVar settings from Section [/Script/UnrealEd.CookerSettings] File [C:/Users/syuna/Documents/GitHub/slime/SlimeKing/Saved/Config/Windows/Engine.ini]
[2020.06.12-07.23.00:386][  0]LogConfig: Applying CVar settings from Section [ViewDistanceQuality@3] File [C:/Users/syuna/Documents/GitHub/slime/SlimeKing/Saved/Config/Windows/Scalability.ini]
[2020.06.12-07.23.00:386][  0]LogConfig: Setting CVar [[r.SkeletalMeshLODBias:0]]
[2020.06.12-07.23.00:386][  0]LogConfig: Setting CVar [[r.ViewDistanceScale:1.0]]
[2020.06.12-07.23.00:386][  0]LogConfig: Applying CVar settings from Section [AntiAliasingQuality@3] File [C:/Users/syuna/Documents/GitHub/slime/SlimeKing/Saved/Config/Windows/Scalability.ini]
[2020.06.12-07.23.00:386][  0]LogConfig: Setting CVar [[r.PostProcessAAQuality:4]]
[2020.06.12-07.23.00:386][  0]LogConfig: Applying CVar settings from Section [ShadowQuality@3] File [C:/Users/syuna/Documents/GitHub/slime/SlimeKing/Saved/Config/Windows/Scalability.ini]
[2020.06.12-07.23.00:386][  0]LogConfig: Setting CVar [[r.LightFunctionQuality:1]]
[2020.06.12-07.23.00:386][  0]LogConfig: Setting CVar [[r.ShadowQuality:5]]
[2020.06.12-07.23.00:386][  0]LogConfig: Setting CVar [[r.Shadow.CSM.MaxCascades:10]]
[2020.06.12-07.23.00:386][  0]LogConfig: Setting CVar [[r.Shadow.MaxResolution:2048]]
[2020.06.12-07.23.00:386][  0]LogConfig: Setting CVar [[r.Shadow.MaxCSMResolution:2048]]
[2020.06.12-07.23.00:386][  0]LogConfig: Setting CVar [[r.Shadow.RadiusThreshold:0.01]]
[2020.06.12-07.23.00:386][  0]LogConfig: Setting CVar [[r.Shadow.DistanceScale:1.0]]
[2020.06.12-07.23.00:386][  0]LogConfig: Setting CVar [[r.Shadow.CSM.TransitionScale:1.0]]
[2020.06.12-07.23.00:386][  0]LogConfig: Setting CVar [[r.Shadow.PreShadowResolutionFactor:1.0]]
[2020.06.12-07.23.00:386][  0]LogConfig: Setting CVar [[r.DistanceFieldShadowing:1]]
[2020.06.12-07.23.00:386][  0]LogConfig: Setting CVar [[r.DistanceFieldAO:1]]
[2020.06.12-07.23.00:386][  0]LogConfig: Setting CVar [[r.AOQuality:2]]
[2020.06.12-07.23.00:386][  0]LogConfig: Setting CVar [[r.VolumetricFog:1]]
[2020.06.12-07.23.00:386][  0]LogConfig: Setting CVar [[r.VolumetricFog.GridPixelSize:8]]
[2020.06.12-07.23.00:386][  0]LogConfig: Setting CVar [[r.VolumetricFog.GridSizeZ:128]]
[2020.06.12-07.23.00:386][  0]LogConfig: Setting CVar [[r.VolumetricFog.HistoryMissSupersampleCount:4]]
[2020.06.12-07.23.00:386][  0]LogConfig: Setting CVar [[r.LightMaxDrawDistanceScale:1]]
[2020.06.12-07.23.00:386][  0]LogConfig: Setting CVar [[r.CapsuleShadows:1]]
[2020.06.12-07.23.00:386][  0]LogConfig: Applying CVar settings from Section [PostProcessQuality@3] File [C:/Users/syuna/Documents/GitHub/slime/SlimeKing/Saved/Config/Windows/Scalability.ini]
[2020.06.12-07.23.00:386][  0]LogConfig: Setting CVar [[r.MotionBlurQuality:4]]
[2020.06.12-07.23.00:386][  0]LogConfig: Setting CVar [[r.AmbientOcclusionMipLevelFactor:0.4]]
[2020.06.12-07.23.00:386][  0]LogConfig: Setting CVar [[r.AmbientOcclusionMaxQuality:100]]
[2020.06.12-07.23.00:386][  0]LogConfig: Setting CVar [[r.AmbientOcclusionLevels:-1]]
[2020.06.12-07.23.00:386][  0]LogConfig: Setting CVar [[r.AmbientOcclusionRadiusScale:1.0]]
[2020.06.12-07.23.00:386][  0]LogConfig: Setting CVar [[r.DepthOfFieldQuality:2]]
[2020.06.12-07.23.00:386][  0]LogConfig: Setting CVar [[r.RenderTargetPoolMin:400]]
[2020.06.12-07.23.00:386][  0]LogConfig: Setting CVar [[r.LensFlareQuality:2]]
[2020.06.12-07.23.00:386][  0]LogConfig: Setting CVar [[r.SceneColorFringeQuality:1]]
[2020.06.12-07.23.00:386][  0]LogConfig: Setting CVar [[r.EyeAdaptationQuality:2]]
[2020.06.12-07.23.00:386][  0]LogConfig: Setting CVar [[r.BloomQuality:5]]
[2020.06.12-07.23.00:386][  0]LogConfig: Setting CVar [[r.FastBlurThreshold:100]]
[2020.06.12-07.23.00:386][  0]LogConfig: Setting CVar [[r.Upscale.Quality:3]]
[2020.06.12-07.23.00:386][  0]LogConfig: Setting CVar [[r.Tonemapper.GrainQuantization:1]]
[2020.06.12-07.23.00:386][  0]LogConfig: Setting CVar [[r.LightShaftQuality:1]]
[2020.06.12-07.23.00:386][  0]LogConfig: Setting CVar [[r.Filter.SizeScale:1]]
[2020.06.12-07.23.00:386][  0]LogConfig: Setting CVar [[r.Tonemapper.Quality:5]]
[2020.06.12-07.23.00:386][  0]LogConfig: Setting CVar [[r.DOF.Gather.AccumulatorQuality:1        ; higher gathering accumulator quality]]
[2020.06.12-07.23.00:386][  0]LogConfig: Setting CVar [[r.DOF.Gather.PostfilterMethod:1          ; Median3x3 postfilering method]]
[2020.06.12-07.23.00:386][  0]LogConfig: Setting CVar [[r.DOF.Gather.EnableBokehSettings:0       ; no bokeh simulation when gathering]]
[2020.06.12-07.23.00:386][  0]LogConfig: Setting CVar [[r.DOF.Gather.RingCount:4                 ; medium number of samples when gathering]]
[2020.06.12-07.23.00:386][  0]LogConfig: Setting CVar [[r.DOF.Scatter.ForegroundCompositing:1    ; additive foreground scattering]]
[2020.06.12-07.23.00:386][  0]LogConfig: Setting CVar [[r.DOF.Scatter.BackgroundCompositing:2    ; additive background scattering]]
[2020.06.12-07.23.00:386][  0]LogConfig: Setting CVar [[r.DOF.Scatter.EnableBokehSettings:1      ; bokeh simulation when scattering]]
[2020.06.12-07.23.00:386][  0]LogConfig: Setting CVar [[r.DOF.Scatter.MaxSpriteRatio:0.1         ; only a maximum of 10% of scattered bokeh]]
[2020.06.12-07.23.00:386][  0]LogConfig: Setting CVar [[r.DOF.Recombine.Quality:1                ; cheap slight out of focus]]
[2020.06.12-07.23.00:386][  0]LogConfig: Setting CVar [[r.DOF.Recombine.EnableBokehSettings:0    ; no bokeh simulation on slight out of focus]]
[2020.06.12-07.23.00:386][  0]LogConfig: Setting CVar [[r.DOF.TemporalAAQuality:1                ; more stable temporal accumulation]]
[2020.06.12-07.23.00:386][  0]LogConfig: Setting CVar [[r.DOF.Kernel.MaxForegroundRadius:0.025]]
[2020.06.12-07.23.00:386][  0]LogConfig: Setting CVar [[r.DOF.Kernel.MaxBackgroundRadius:0.025]]
[2020.06.12-07.23.00:386][  0]LogConfig: Applying CVar settings from Section [TextureQuality@3] File [C:/Users/syuna/Documents/GitHub/slime/SlimeKing/Saved/Config/Windows/Scalability.ini]
[2020.06.12-07.23.00:386][  0]LogConfig: Setting CVar [[r.Streaming.MipBias:0]]
[2020.06.12-07.23.00:386][  0]LogConfig: Setting CVar [[r.Streaming.AmortizeCPUToGPUCopy:0]]
[2020.06.12-07.23.00:386][  0]LogConfig: Setting CVar [[r.Streaming.MaxNumTexturesToStreamPerFrame:0]]
[2020.06.12-07.23.00:386][  0]LogConfig: Setting CVar [[r.Streaming.Boost:1]]
[2020.06.12-07.23.00:386][  0]LogConfig: Setting CVar [[r.MaxAnisotropy:8]]
[2020.06.12-07.23.00:386][  0]LogConfig: Setting CVar [[r.VT.MaxAnisotropy:8]]
[2020.06.12-07.23.00:386][  0]LogConfig: Setting CVar [[r.Streaming.LimitPoolSizeToVRAM:0]]
[2020.06.12-07.23.00:386][  0]LogConfig: Setting CVar [[r.Streaming.PoolSize:1000]]
[2020.06.12-07.23.00:386][  0]LogConfig: Setting CVar [[r.Streaming.MaxEffectiveScreenSize:0]]
[2020.06.12-07.23.00:386][  0]LogConfig: Applying CVar settings from Section [EffectsQuality@3] File [C:/Users/syuna/Documents/GitHub/slime/SlimeKing/Saved/Config/Windows/Scalability.ini]
[2020.06.12-07.23.00:386][  0]LogConfig: Setting CVar [[r.TranslucencyLightingVolumeDim:64]]
[2020.06.12-07.23.00:386][  0]LogConfig: Setting CVar [[r.RefractionQuality:2]]
[2020.06.12-07.23.00:386][  0]LogConfig: Setting CVar [[r.SSR.Quality:3]]
[2020.06.12-07.23.00:386][  0]LogConfig: Setting CVar [[r.SSR.HalfResSceneColor:0]]
[2020.06.12-07.23.00:386][  0]LogConfig: Setting CVar [[r.SceneColorFormat:4]]
[2020.06.12-07.23.00:386][  0]LogConfig: Setting CVar [[r.DetailMode:2]]
[2020.06.12-07.23.00:387][  0]LogConfig: Setting CVar [[r.TranslucencyVolumeBlur:1]]
[2020.06.12-07.23.00:387][  0]LogConfig: Setting CVar [[r.MaterialQualityLevel:1 ; High quality]]
[2020.06.12-07.23.00:387][  0]LogConfig: Setting CVar [[r.SSS.Scale:1]]
[2020.06.12-07.23.00:387][  0]LogConfig: Setting CVar [[r.SSS.SampleSet:2]]
[2020.06.12-07.23.00:387][  0]LogConfig: Setting CVar [[r.SSS.Quality:1]]
[2020.06.12-07.23.00:387][  0]LogConfig: Setting CVar [[r.SSS.HalfRes:1]]
[2020.06.12-07.23.00:387][  0]LogConfig: Setting CVar [[r.SSGI.Quality:3]]
[2020.06.12-07.23.00:387][  0]LogConfig: Setting CVar [[r.EmitterSpawnRateScale:1.0]]
[2020.06.12-07.23.00:387][  0]LogConfig: Setting CVar [[r.ParticleLightQuality:2]]
[2020.06.12-07.23.00:387][  0]LogConfig: Setting CVar [[r.SkyAtmosphere.AerialPerspectiveLUT.FastApplyOnOpaque:1 ; Always have FastSkyLUT 1 in this case to avoid wrong sky]]
[2020.06.12-07.23.00:387][  0]LogConfig: Setting CVar [[r.SkyAtmosphere.AerialPerspectiveLUT.SampleCountPerSlice:1]]
[2020.06.12-07.23.00:387][  0]LogConfig: Setting CVar [[r.SkyAtmosphere.AerialPerspectiveLUT.DepthResolution:16.0]]
[2020.06.12-07.23.00:387][  0]LogConfig: Setting CVar [[r.SkyAtmosphere.FastSkyLUT:1]]
[2020.06.12-07.23.00:387][  0]LogConfig: Setting CVar [[r.SkyAtmosphere.FastSkyLUT.SampleCountMin:4.0]]
[2020.06.12-07.23.00:387][  0]LogConfig: Setting CVar [[r.SkyAtmosphere.FastSkyLUT.SampleCountMax:32.0]]
[2020.06.12-07.23.00:387][  0]LogConfig: Setting CVar [[r.SkyAtmosphere.SampleCountMin:4.0]]
[2020.06.12-07.23.00:387][  0]LogConfig: Setting CVar [[r.SkyAtmosphere.SampleCountMax:32.0]]
[2020.06.12-07.23.00:387][  0]LogConfig: Setting CVar [[r.SkyAtmosphere.TransmittanceLUT.UseSmallFormat:0]]
[2020.06.12-07.23.00:387][  0]LogConfig: Setting CVar [[r.SkyAtmosphere.TransmittanceLUT.SampleCount:10.0]]
[2020.06.12-07.23.00:387][  0]LogConfig: Setting CVar [[r.SkyAtmosphere.MultiScatteringLUT.SampleCount:15.0]]
[2020.06.12-07.23.00:387][  0]LogConfig: Applying CVar settings from Section [FoliageQuality@3] File [C:/Users/syuna/Documents/GitHub/slime/SlimeKing/Saved/Config/Windows/Scalability.ini]
[2020.06.12-07.23.00:387][  0]LogConfig: Setting CVar [[foliage.DensityScale:1.0]]
[2020.06.12-07.23.00:387][  0]LogConfig: Setting CVar [[grass.DensityScale:1.0]]
[2020.06.12-07.23.00:387][  0]LogConfig: Applying CVar settings from Section [ShadingQuality@3] File [C:/Users/syuna/Documents/GitHub/slime/SlimeKing/Saved/Config/Windows/Scalability.ini]
[2020.06.12-07.23.00:387][  0]LogConfig: Setting CVar [[r.HairStrands.SkyLighting.SampleCount:16]]
[2020.06.12-07.23.00:387][  0]LogConfig: Setting CVar [[r.HairStrands.SkyLighting.JitterIntegration:0]]
[2020.06.12-07.23.00:387][  0]LogConfig: Setting CVar [[r.HairStrands.SkyAO.SampleCount:16]]
[2020.06.12-07.23.00:387][  0]LogInit: Selected Device Profile: [Windows]
[2020.06.12-07.23.00:387][  0]LogInit: Applying CVar settings loaded from the selected device profile: [Windows]
[2020.06.12-07.23.00:389][  0]LogHAL: Display: Platform has ~ 8 GB [8471543808 / 8589934592 / 8], which maps to Default [LargestMinGB=32, LargerMinGB=12, DefaultMinGB=8, SmallerMinGB=6, SmallestMinGB=0)
[2020.06.12-07.23.00:389][  0]LogInit: Going up to parent DeviceProfile []
[2020.06.12-07.23.00:389][  0]LogConfig: Applying CVar settings from Section [ViewDistanceQuality@3] File [C:/Users/syuna/Documents/GitHub/slime/SlimeKing/Saved/Config/Windows/Scalability.ini]
[2020.06.12-07.23.00:389][  0]LogConfig: Setting CVar [[r.SkeletalMeshLODBias:0]]
[2020.06.12-07.23.00:389][  0]LogConfig: Setting CVar [[r.ViewDistanceScale:1.0]]
[2020.06.12-07.23.00:389][  0]LogConfig: Applying CVar settings from Section [AntiAliasingQuality@3] File [C:/Users/syuna/Documents/GitHub/slime/SlimeKing/Saved/Config/Windows/Scalability.ini]
[2020.06.12-07.23.00:389][  0]LogConfig: Setting CVar [[r.PostProcessAAQuality:4]]
[2020.06.12-07.23.00:389][  0]LogConfig: Applying CVar settings from Section [ShadowQuality@3] File [C:/Users/syuna/Documents/GitHub/slime/SlimeKing/Saved/Config/Windows/Scalability.ini]
[2020.06.12-07.23.00:389][  0]LogConfig: Setting CVar [[r.LightFunctionQuality:1]]
[2020.06.12-07.23.00:389][  0]LogConfig: Setting CVar [[r.ShadowQuality:5]]
[2020.06.12-07.23.00:389][  0]LogConfig: Setting CVar [[r.Shadow.CSM.MaxCascades:10]]
[2020.06.12-07.23.00:389][  0]LogConfig: Setting CVar [[r.Shadow.MaxResolution:2048]]
[2020.06.12-07.23.00:389][  0]LogConfig: Setting CVar [[r.Shadow.MaxCSMResolution:2048]]
[2020.06.12-07.23.00:390][  0]LogConfig: Setting CVar [[r.Shadow.RadiusThreshold:0.01]]
[2020.06.12-07.23.00:390][  0]LogConfig: Setting CVar [[r.Shadow.DistanceScale:1.0]]
[2020.06.12-07.23.00:390][  0]LogConfig: Setting CVar [[r.Shadow.CSM.TransitionScale:1.0]]
[2020.06.12-07.23.00:390][  0]LogConfig: Setting CVar [[r.Shadow.PreShadowResolutionFactor:1.0]]
[2020.06.12-07.23.00:390][  0]LogConfig: Setting CVar [[r.DistanceFieldShadowing:1]]
[2020.06.12-07.23.00:390][  0]LogConfig: Setting CVar [[r.DistanceFieldAO:1]]
[2020.06.12-07.23.00:390][  0]LogConfig: Setting CVar [[r.AOQuality:2]]
[2020.06.12-07.23.00:390][  0]LogConfig: Setting CVar [[r.VolumetricFog:1]]
[2020.06.12-07.23.00:390][  0]LogConfig: Setting CVar [[r.VolumetricFog.GridPixelSize:8]]
[2020.06.12-07.23.00:390][  0]LogConfig: Setting CVar [[r.VolumetricFog.GridSizeZ:128]]
[2020.06.12-07.23.00:390][  0]LogConfig: Setting CVar [[r.VolumetricFog.HistoryMissSupersampleCount:4]]
[2020.06.12-07.23.00:390][  0]LogConfig: Setting CVar [[r.LightMaxDrawDistanceScale:1]]
[2020.06.12-07.23.00:390][  0]LogConfig: Setting CVar [[r.CapsuleShadows:1]]
[2020.06.12-07.23.00:390][  0]LogConfig: Applying CVar settings from Section [PostProcessQuality@3] File [C:/Users/syuna/Documents/GitHub/slime/SlimeKing/Saved/Config/Windows/Scalability.ini]
[2020.06.12-07.23.00:390][  0]LogConfig: Setting CVar [[r.MotionBlurQuality:4]]
[2020.06.12-07.23.00:390][  0]LogConfig: Setting CVar [[r.AmbientOcclusionMipLevelFactor:0.4]]
[2020.06.12-07.23.00:390][  0]LogConfig: Setting CVar [[r.AmbientOcclusionMaxQuality:100]]
[2020.06.12-07.23.00:390][  0]LogConfig: Setting CVar [[r.AmbientOcclusionLevels:-1]]
[2020.06.12-07.23.00:390][  0]LogConfig: Setting CVar [[r.AmbientOcclusionRadiusScale:1.0]]
[2020.06.12-07.23.00:390][  0]LogConfig: Setting CVar [[r.DepthOfFieldQuality:2]]
[2020.06.12-07.23.00:390][  0]LogConfig: Setting CVar [[r.RenderTargetPoolMin:400]]
[2020.06.12-07.23.00:390][  0]LogConfig: Setting CVar [[r.LensFlareQuality:2]]
[2020.06.12-07.23.00:390][  0]LogConfig: Setting CVar [[r.SceneColorFringeQuality:1]]
[2020.06.12-07.23.00:390][  0]LogConfig: Setting CVar [[r.EyeAdaptationQuality:2]]
[2020.06.12-07.23.00:390][  0]LogConfig: Setting CVar [[r.BloomQuality:5]]
[2020.06.12-07.23.00:390][  0]LogConfig: Setting CVar [[r.FastBlurThreshold:100]]
[2020.06.12-07.23.00:390][  0]LogConfig: Setting CVar [[r.Upscale.Quality:3]]
[2020.06.12-07.23.00:390][  0]LogConfig: Setting CVar [[r.Tonemapper.GrainQuantization:1]]
[2020.06.12-07.23.00:390][  0]LogConfig: Setting CVar [[r.LightShaftQuality:1]]
[2020.06.12-07.23.00:390][  0]LogConfig: Setting CVar [[r.Filter.SizeScale:1]]
[2020.06.12-07.23.00:390][  0]LogConfig: Setting CVar [[r.Tonemapper.Quality:5]]
[2020.06.12-07.23.00:390][  0]LogConfig: Setting CVar [[r.DOF.Gather.AccumulatorQuality:1        ; higher gathering accumulator quality]]
[2020.06.12-07.23.00:390][  0]LogConfig: Setting CVar [[r.DOF.Gather.PostfilterMethod:1          ; Median3x3 postfilering method]]
[2020.06.12-07.23.00:390][  0]LogConfig: Setting CVar [[r.DOF.Gather.EnableBokehSettings:0       ; no bokeh simulation when gathering]]
[2020.06.12-07.23.00:390][  0]LogConfig: Setting CVar [[r.DOF.Gather.RingCount:4                 ; medium number of samples when gathering]]
[2020.06.12-07.23.00:390][  0]LogConfig: Setting CVar [[r.DOF.Scatter.ForegroundCompositing:1    ; additive foreground scattering]]
[2020.06.12-07.23.00:390][  0]LogConfig: Setting CVar [[r.DOF.Scatter.BackgroundCompositing:2    ; additive background scattering]]
[2020.06.12-07.23.00:390][  0]LogConfig: Setting CVar [[r.DOF.Scatter.EnableBokehSettings:1      ; bokeh simulation when scattering]]
[2020.06.12-07.23.00:390][  0]LogConfig: Setting CVar [[r.DOF.Scatter.MaxSpriteRatio:0.1         ; only a maximum of 10% of scattered bokeh]]
[2020.06.12-07.23.00:390][  0]LogConfig: Setting CVar [[r.DOF.Recombine.Quality:1                ; cheap slight out of focus]]
[2020.06.12-07.23.00:390][  0]LogConfig: Setting CVar [[r.DOF.Recombine.EnableBokehSettings:0    ; no bokeh simulation on slight out of focus]]
[2020.06.12-07.23.00:390][  0]LogConfig: Setting CVar [[r.DOF.TemporalAAQuality:1                ; more stable temporal accumulation]]
[2020.06.12-07.23.00:390][  0]LogConfig: Setting CVar [[r.DOF.Kernel.MaxForegroundRadius:0.025]]
[2020.06.12-07.23.00:390][  0]LogConfig: Setting CVar [[r.DOF.Kernel.MaxBackgroundRadius:0.025]]
[2020.06.12-07.23.00:391][  0]LogConfig: Applying CVar settings from Section [TextureQuality@3] File [C:/Users/syuna/Documents/GitHub/slime/SlimeKing/Saved/Config/Windows/Scalability.ini]
[2020.06.12-07.23.00:391][  0]LogConfig: Setting CVar [[r.Streaming.MipBias:0]]
[2020.06.12-07.23.00:391][  0]LogConfig: Setting CVar [[r.Streaming.AmortizeCPUToGPUCopy:0]]
[2020.06.12-07.23.00:391][  0]LogConfig: Setting CVar [[r.Streaming.MaxNumTexturesToStreamPerFrame:0]]
[2020.06.12-07.23.00:391][  0]LogConfig: Setting CVar [[r.Streaming.Boost:1]]
[2020.06.12-07.23.00:391][  0]LogConfig: Setting CVar [[r.MaxAnisotropy:8]]
[2020.06.12-07.23.00:391][  0]LogConfig: Setting CVar [[r.VT.MaxAnisotropy:8]]
[2020.06.12-07.23.00:391][  0]LogConfig: Setting CVar [[r.Streaming.LimitPoolSizeToVRAM:0]]
[2020.06.12-07.23.00:391][  0]LogConfig: Setting CVar [[r.Streaming.PoolSize:1000]]
[2020.06.12-07.23.00:391][  0]LogConfig: Setting CVar [[r.Streaming.MaxEffectiveScreenSize:0]]
[2020.06.12-07.23.00:391][  0]LogConfig: Applying CVar settings from Section [EffectsQuality@3] File [C:/Users/syuna/Documents/GitHub/slime/SlimeKing/Saved/Config/Windows/Scalability.ini]
[2020.06.12-07.23.00:391][  0]LogConfig: Setting CVar [[r.TranslucencyLightingVolumeDim:64]]
[2020.06.12-07.23.00:391][  0]LogConfig: Setting CVar [[r.RefractionQuality:2]]
[2020.06.12-07.23.00:391][  0]LogConfig: Setting CVar [[r.SSR.Quality:3]]
[2020.06.12-07.23.00:391][  0]LogConfig: Setting CVar [[r.SSR.HalfResSceneColor:0]]
[2020.06.12-07.23.00:391][  0]LogConfig: Setting CVar [[r.SceneColorFormat:4]]
[2020.06.12-07.23.00:391][  0]LogConfig: Setting CVar [[r.DetailMode:2]]
[2020.06.12-07.23.00:391][  0]LogConfig: Setting CVar [[r.TranslucencyVolumeBlur:1]]
[2020.06.12-07.23.00:391][  0]LogConfig: Setting CVar [[r.MaterialQualityLevel:1 ; High quality]]
[2020.06.12-07.23.00:391][  0]LogConfig: Setting CVar [[r.SSS.Scale:1]]
[2020.06.12-07.23.00:391][  0]LogConfig: Setting CVar [[r.SSS.SampleSet:2]]
[2020.06.12-07.23.00:391][  0]LogConfig: Setting CVar [[r.SSS.Quality:1]]
[2020.06.12-07.23.00:391][  0]LogConfig: Setting CVar [[r.SSS.HalfRes:1]]
[2020.06.12-07.23.00:391][  0]LogConfig: Setting CVar [[r.SSGI.Quality:3]]
[2020.06.12-07.23.00:391][  0]LogConfig: Setting CVar [[r.EmitterSpawnRateScale:1.0]]
[2020.06.12-07.23.00:391][  0]LogConfig: Setting CVar [[r.ParticleLightQuality:2]]
[2020.06.12-07.23.00:391][  0]LogConfig: Setting CVar [[r.SkyAtmosphere.AerialPerspectiveLUT.FastApplyOnOpaque:1 ; Always have FastSkyLUT 1 in this case to avoid wrong sky]]
[2020.06.12-07.23.00:391][  0]LogConfig: Setting CVar [[r.SkyAtmosphere.AerialPerspectiveLUT.SampleCountPerSlice:1]]
[2020.06.12-07.23.00:392][  0]LogConfig: Setting CVar [[r.SkyAtmosphere.AerialPerspectiveLUT.DepthResolution:16.0]]
[2020.06.12-07.23.00:392][  0]LogConfig: Setting CVar [[r.SkyAtmosphere.FastSkyLUT:1]]
[2020.06.12-07.23.00:392][  0]LogConfig: Setting CVar [[r.SkyAtmosphere.FastSkyLUT.SampleCountMin:4.0]]
[2020.06.12-07.23.00:392][  0]LogConfig: Setting CVar [[r.SkyAtmosphere.FastSkyLUT.SampleCountMax:32.0]]
[2020.06.12-07.23.00:392][  0]LogConfig: Setting CVar [[r.SkyAtmosphere.SampleCountMin:4.0]]
[2020.06.12-07.23.00:392][  0]LogConfig: Setting CVar [[r.SkyAtmosphere.SampleCountMax:32.0]]
[2020.06.12-07.23.00:392][  0]LogConfig: Setting CVar [[r.SkyAtmosphere.TransmittanceLUT.UseSmallFormat:0]]
[2020.06.12-07.23.00:392][  0]LogConfig: Setting CVar [[r.SkyAtmosphere.TransmittanceLUT.SampleCount:10.0]]
[2020.06.12-07.23.00:392][  0]LogConfig: Setting CVar [[r.SkyAtmosphere.MultiScatteringLUT.SampleCount:15.0]]
[2020.06.12-07.23.00:392][  0]LogConfig: Applying CVar settings from Section [FoliageQuality@3] File [C:/Users/syuna/Documents/GitHub/slime/SlimeKing/Saved/Config/Windows/Scalability.ini]
[2020.06.12-07.23.00:392][  0]LogConfig: Setting CVar [[foliage.DensityScale:1.0]]
[2020.06.12-07.23.00:392][  0]LogConfig: Setting CVar [[grass.DensityScale:1.0]]
[2020.06.12-07.23.00:392][  0]LogConfig: Applying CVar settings from Section [ShadingQuality@3] File [C:/Users/syuna/Documents/GitHub/slime/SlimeKing/Saved/Config/Windows/Scalability.ini]
[2020.06.12-07.23.00:392][  0]LogConfig: Setting CVar [[r.HairStrands.SkyLighting.SampleCount:16]]
[2020.06.12-07.23.00:392][  0]LogConfig: Setting CVar [[r.HairStrands.SkyLighting.JitterIntegration:0]]
[2020.06.12-07.23.00:392][  0]LogConfig: Setting CVar [[r.HairStrands.SkyAO.SampleCount:16]]
[2020.06.12-07.23.00:392][  0]LogConfig: Applying CVar settings from Section [Startup] File [../../../Engine/Config/ConsoleVariables.ini]
[2020.06.12-07.23.00:393][  0]LogConfig: Setting CVar [[net.UseAdaptiveNetUpdateFrequency:0]]
[2020.06.12-07.23.00:393][  0]LogConfig: Setting CVar [[p.chaos.AllowCreatePhysxBodies:1]]
[2020.06.12-07.23.00:393][  0]LogConfig: Applying CVar settings from Section [ConsoleVariables] File [C:/Users/syuna/Documents/GitHub/slime/SlimeKing/Saved/Config/Windows/Engine.ini]
[2020.06.12-07.23.00:393][  0]LogInit: Computer: DESKTOP-J4KKR6S
[2020.06.12-07.23.00:393][  0]LogInit: User: syuna
[2020.06.12-07.23.00:393][  0]LogInit: CPU Page size=4096, Cores=6
[2020.06.12-07.23.00:393][  0]LogInit: High frequency timer resolution =10.000000 MHz
[2020.06.12-07.23.00:393][  0]LogMemory: Memory total: Physical=7.9GB (8GB approx)
[2020.06.12-07.23.00:393][  0]LogMemory: Platform Memory Stats for Windows
[2020.06.12-07.23.00:393][  0]LogMemory: Process Physical Memory: 105.90 MB used, 105.90 MB peak
[2020.06.12-07.23.00:393][  0]LogMemory: Process Virtual Memory: 101.59 MB used, 101.59 MB peak
[2020.06.12-07.23.00:393][  0]LogMemory: Physical Memory: 6171.43 MB used,  1907.67 MB free, 8079.09 MB total
[2020.06.12-07.23.00:393][  0]LogMemory: Virtual Memory: 5159.41 MB used,  134212568.00 MB free, 134217728.00 MB total
[2020.06.12-07.23.00:396][  0]LogWindows: WindowsPlatformFeatures enabled
[2020.06.12-07.23.00:411][  0]LogInit: Using OS detected language (ja-JP).
[2020.06.12-07.23.00:411][  0]LogInit: Using OS detected locale (ja-JP).
[2020.06.12-07.23.00:412][  0]LogTextLocalizationManager: No specific localization for 'ja-JP' exists, so the 'ja' localization will be used.
[2020.06.12-07.23.00:501][  0]LogInit: Setting process to per monitor DPI aware
[2020.06.12-07.23.00:581][  0]LogSlate: New Slate User Created.  User Index 0, Is Virtual User: 0
[2020.06.12-07.23.00:581][  0]LogSlate: Slate User Registered.  User Index 0, Is Virtual User: 0
[2020.06.12-07.23.00:731][  0]LogHMD: Failed to initialize OpenVR with code 110
[2020.06.12-07.23.00:731][  0]LogD3D11RHI: D3D11 min allowed feature level: 11_0
[2020.06.12-07.23.00:731][  0]LogD3D11RHI: D3D11 max allowed feature level: 11_0
[2020.06.12-07.23.00:731][  0]LogD3D11RHI: D3D11 adapters:
[2020.06.12-07.23.00:769][  0]LogD3D11RHI:    0. 'Intel(R) UHD Graphics 630' (Feature Level 11_0)
[2020.06.12-07.23.00:769][  0]LogD3D11RHI:       128/0/4039 MB DedicatedVideo/DedicatedSystem/SharedSystem, Outputs:1, VendorId:0x8086
[2020.06.12-07.23.00:771][  0]LogD3D11RHI:    1. 'Microsoft Basic Render Driver' (Feature Level 11_0)
[2020.06.12-07.23.00:771][  0]LogD3D11RHI:       0/0/4039 MB DedicatedVideo/DedicatedSystem/SharedSystem, Outputs:0, VendorId:0x1414
[2020.06.12-07.23.00:771][  0]LogD3D11RHI: Chosen D3D11 Adapter: 0
[2020.06.12-07.23.00:779][  0]LogD3D11RHI: Creating new Direct3DDevice
[2020.06.12-07.23.00:779][  0]LogD3D11RHI:     GPU DeviceId: 0x3e9b (for the marketing name, search the web for "GPU Device Id")
[2020.06.12-07.23.00:779][  0]LogWindows: EnumDisplayDevices:
[2020.06.12-07.23.00:779][  0]LogWindows:    0. 'Intel(R) UHD Graphics 630' (P:1 D:1)
[2020.06.12-07.23.00:780][  0]LogWindows:    1. 'Intel(R) UHD Graphics 630' (P:0 D:0)
[2020.06.12-07.23.00:780][  0]LogWindows:    2. 'Intel(R) UHD Graphics 630' (P:0 D:0)
[2020.06.12-07.23.00:780][  0]LogWindows: DebugString: FoundDriverCount:3 
[2020.06.12-07.23.00:780][  0]LogD3D11RHI:     Adapter Name: Intel(R) UHD Graphics 630
[2020.06.12-07.23.00:780][  0]LogD3D11RHI:   Driver Version: 25.20.100.6471 (internal:25.20.100.6471, unified:25.20.100.6471)
[2020.06.12-07.23.00:780][  0]LogD3D11RHI:      Driver Date: 12-10-2018
[2020.06.12-07.23.00:780][  0]LogRHI: Texture pool is 1503 MB (70% of 2147 MB)
[2020.06.12-07.23.00:830][  0]LogD3D11RHI: RHI does not have support for 64 bit atomics
[2020.06.12-07.23.00:830][  0]LogD3D11RHI: [IntelMetricsDiscovery] Started
[2020.06.12-07.23.00:830][  0]LogD3D11RHI: Async texture creation enabled
[2020.06.12-07.23.00:836][  0]LogD3D11RHI: GPU Timing Frequency: 12.000048 (Debug: 2 0)
[2020.06.12-07.23.01:189][  0]LogTargetPlatformManager: Display: Loaded TargetPlatform 'AllDesktop'
[2020.06.12-07.23.01:224][  0]LogTargetPlatformManager: Display: Loaded TargetPlatform 'Android'
[2020.06.12-07.23.01:224][  0]LogTargetPlatformManager: Display: Loaded TargetPlatform 'Android_ASTC'
[2020.06.12-07.23.01:224][  0]LogTargetPlatformManager: Display: Loaded TargetPlatform 'Android_ATC'
[2020.06.12-07.23.01:224][  0]LogTargetPlatformManager: Display: Loaded TargetPlatform 'Android_DXT'
[2020.06.12-07.23.01:224][  0]LogTargetPlatformManager: Display: Loaded TargetPlatform 'Android_ETC1'
[2020.06.12-07.23.01:224][  0]LogTargetPlatformManager: Display: Loaded TargetPlatform 'Android_ETC1a'
[2020.06.12-07.23.01:224][  0]LogTargetPlatformManager: Display: Loaded TargetPlatform 'Android_ETC2'
[2020.06.12-07.23.01:224][  0]LogTargetPlatformManager: Display: Loaded TargetPlatform 'Android_PVRTC'
[2020.06.12-07.23.01:224][  0]LogTargetPlatformManager: Display: Loaded TargetPlatform 'AndroidClient'
[2020.06.12-07.23.01:224][  0]LogTargetPlatformManager: Display: Loaded TargetPlatform 'Android_ASTCClient'
[2020.06.12-07.23.01:224][  0]LogTargetPlatformManager: Display: Loaded TargetPlatform 'Android_ATCClient'
[2020.06.12-07.23.01:224][  0]LogTargetPlatformManager: Display: Loaded TargetPlatform 'Android_DXTClient'
[2020.06.12-07.23.01:224][  0]LogTargetPlatformManager: Display: Loaded TargetPlatform 'Android_ETC1Client'
[2020.06.12-07.23.01:224][  0]LogTargetPlatformManager: Display: Loaded TargetPlatform 'Android_ETC1aClient'
[2020.06.12-07.23.01:224][  0]LogTargetPlatformManager: Display: Loaded TargetPlatform 'Android_ETC2Client'
[2020.06.12-07.23.01:224][  0]LogTargetPlatformManager: Display: Loaded TargetPlatform 'Android_PVRTCClient'
[2020.06.12-07.23.01:224][  0]LogTargetPlatformManager: Display: Loaded TargetPlatform 'Android_Multi'
[2020.06.12-07.23.01:224][  0]LogTargetPlatformManager: Display: Loaded TargetPlatform 'Android_MultiClient'
[2020.06.12-07.23.01:242][  0]LogTargetPlatformManager: Display: Loaded TargetPlatform 'IOSClient'
[2020.06.12-07.23.01:243][  0]LogTargetPlatformManager: Display: Loaded TargetPlatform 'IOS'
[2020.06.12-07.23.01:250][  0]LogTargetPlatformManager: Display: Loaded TargetPlatform 'LinuxNoEditor'
[2020.06.12-07.23.01:259][  0]LogTargetPlatformManager: Display: Loaded TargetPlatform 'LinuxClient'
[2020.06.12-07.23.01:266][  0]LogTargetPlatformManager: Display: Loaded TargetPlatform 'LinuxServer'
[2020.06.12-07.23.01:274][  0]LogTargetPlatformManager: Display: Loaded TargetPlatform 'LinuxAArch64NoEditor'
[2020.06.12-07.23.01:281][  0]LogTargetPlatformManager: Display: Loaded TargetPlatform 'LinuxAArch64Client'
[2020.06.12-07.23.01:289][  0]LogTargetPlatformManager: Display: Loaded TargetPlatform 'LinuxAArch64Server'
[2020.06.12-07.23.01:313][  0]LogTargetPlatformManager: Display: Loaded TargetPlatform 'Lumin'
[2020.06.12-07.23.01:313][  0]LogTargetPlatformManager: Display: Loaded TargetPlatform 'LuminClient'
[2020.06.12-07.23.01:328][  0]LogTargetPlatformManager: Display: Loaded TargetPlatform 'TVOSClient'
[2020.06.12-07.23.01:328][  0]LogTargetPlatformManager: Display: Loaded TargetPlatform 'TVOS'
[2020.06.12-07.23.01:335][  0]LogTargetPlatformManager: Display: Loaded TargetPlatform 'WindowsNoEditor'
[2020.06.12-07.23.01:342][  0]LogTargetPlatformManager: Display: Loaded TargetPlatform 'Windows'
[2020.06.12-07.23.01:349][  0]LogTargetPlatformManager: Display: Loaded TargetPlatform 'WindowsClient'
[2020.06.12-07.23.01:358][  0]LogTargetPlatformManager: Display: Loaded TargetPlatform 'WindowsServer'
[2020.06.12-07.23.01:358][  0]LogTargetPlatformManager: Display: Building Assets For Windows
[2020.06.12-07.23.01:361][  0]LogAudioDebug: Display: Lib vorbis DLL was dynamically loaded.
[2020.06.12-07.23.01:384][  0]LogShaderCompilers: Guid format shader working directory is -4 characters bigger than the processId version (../../../../../../Documents/GitHub/slime/SlimeKing/Intermediate/Shaders/WorkingDirectory/7160/).
[2020.06.12-07.23.01:385][  0]LogShaderCompilers: Cleaned the shader compiler working directory 'C:/Users/syuna/AppData/Local/Temp/UnrealShaderWorkingDir/97E2343F4C30B526DDAA12B02CB626F1/'.
[2020.06.12-07.23.01:385][  0]LogXGEController: Cannot use XGE Controller as Incredibuild is not installed on this machine.
[2020.06.12-07.23.01:385][  0]LogShaderCompilers: Cannot use XGE Shader Compiler as Incredibuild is not installed on this machine.
[2020.06.12-07.23.01:385][  0]LogShaderCompilers: Display: Using Local Shader Compiler.
[2020.06.12-07.23.02:191][  0]LogDerivedDataCache: Display: Max Cache Size: 512 MB
[2020.06.12-07.23.02:268][  0]LogDerivedDataCache: Loaded boot cache 0.08s 78MB C:/Users/syuna/AppData/Local/UnrealEngine/4.24/DerivedDataCache/Boot.ddc.
[2020.06.12-07.23.02:268][  0]LogDerivedDataCache: Display: Loaded Boot cache: C:/Users/syuna/AppData/Local/UnrealEngine/4.24/DerivedDataCache/Boot.ddc
[2020.06.12-07.23.02:268][  0]LogDerivedDataCache: FDerivedDataBackendGraph:  Pak pak cache file ../../../../../../Documents/GitHub/slime/SlimeKing/DerivedDataCache/DDC.ddp not found, will not use a pak cache.
[2020.06.12-07.23.02:268][  0]LogDerivedDataCache: Unable to find inner node Pak for hierarchical cache Hierarchy.
[2020.06.12-07.23.02:268][  0]LogDerivedDataCache: FDerivedDataBackendGraph:  CompressedPak pak cache file ../../../../../../Documents/GitHub/slime/SlimeKing/DerivedDataCache/Compressed.ddp not found, will not use a pak cache.
[2020.06.12-07.23.02:268][  0]LogDerivedDataCache: Unable to find inner node CompressedPak for hierarchical cache Hierarchy.
[2020.06.12-07.23.02:279][  0]LogDerivedDataCache: Display: Pak cache opened for reading ../../../Engine/DerivedDataCache/Compressed.ddp.
[2020.06.12-07.23.02:279][  0]LogDerivedDataCache: FDerivedDataBackendGraph:  EnterprisePak pak cache file ../../../Enterprise/DerivedDataCache/Compressed.ddp not found, will not use a pak cache.
[2020.06.12-07.23.02:279][  0]LogDerivedDataCache: Unable to find inner node EnterprisePak for hierarchical cache Hierarchy.
[2020.06.12-07.23.02:281][  0]LogDerivedDataCache: Using Local data cache path C:/Users/syuna/AppData/Local/UnrealEngine/Common/DerivedDataCache: Writable
[2020.06.12-07.23.02:281][  0]LogDerivedDataCache: Shared data cache path not found in *engine.ini, will not use an Shared cache.
[2020.06.12-07.23.02:281][  0]LogDerivedDataCache: Unable to find inner node Shared for hierarchical cache Hierarchy.
[2020.06.12-07.23.02:311][  0]LogMaterial: Verifying Global Shaders for PCD3D_SM5
[2020.06.12-07.23.02:313][  0]LogSlate: Using FreeType 2.10.0
[2020.06.12-07.23.02:313][  0]LogSlate: SlateFontServices - WITH_FREETYPE: 1, WITH_HARFBUZZ: 1
[2020.06.12-07.23.02:408][  0]LogAssetRegistry: FAssetRegistry took 0.0044 seconds to start up
[2020.06.12-07.23.02:765][  0]LogInit: Selected Device Profile: [Windows]
[2020.06.12-07.23.02:944][  0]LogMeshReduction: Using QuadricMeshReduction for automatic static mesh reduction
[2020.06.12-07.23.02:944][  0]LogMeshReduction: Using SimplygonMeshReduction for automatic skeletal mesh reduction
[2020.06.12-07.23.02:944][  0]LogMeshReduction: Using ProxyLODMeshReduction for automatic mesh merging
[2020.06.12-07.23.02:944][  0]LogMeshReduction: No distributed automatic mesh merging module available
[2020.06.12-07.23.02:945][  0]LogMeshMerging: No distributed automatic mesh merging module available
[2020.06.12-07.23.02:959][  0]LogNetVersion: SlimeKing 1.0.0, NetCL: 10570792, EngineNetVer: 13, GameNetVer: 0 (Checksum: 3537062741)
[2020.06.12-07.23.06:987][  0]LogAssetRegistry: Error: Failed to open file for write ../../../../../../Documents/GitHub/slime/SlimeKing/Intermediate/AssetRegistryCache/6de60645.bin
[2020.06.12-07.23.07:003][  0]LogAssetRegistry: Error: Failed to open file for write ../../../../../../Documents/GitHub/slime/SlimeKing/Intermediate/AssetRegistryCache/c7bfd108.bin
[2020.06.12-07.23.07:009][  0]LogFileManager: Warning: MoveFile was unable to move '../../../../../../Documents/GitHub/slime/SlimeKing/Intermediate/AssetRegistryCache/205b111c.bin.tmp' to '../../../../../../Documents/GitHub/slime/SlimeKing/Intermediate/AssetRegistryCache/205b111c.bin', retrying in .5s...
[2020.06.12-07.23.07:511][  0]LogFileManager: Warning: MoveFile was unable to move '../../../../../../Documents/GitHub/slime/SlimeKing/Intermediate/AssetRegistryCache/205b111c.bin.tmp' to '../../../../../../Documents/GitHub/slime/SlimeKing/Intermediate/AssetRegistryCache/205b111c.bin', retrying in .5s...
[2020.06.12-07.23.08:011][  0]LogFileManager: Warning: MoveFile was unable to move '../../../../../../Documents/GitHub/slime/SlimeKing/Intermediate/AssetRegistryCache/205b111c.bin.tmp' to '../../../../../../Documents/GitHub/slime/SlimeKing/Intermediate/AssetRegistryCache/205b111c.bin', retrying in .5s...
[2020.06.12-07.23.08:512][  0]LogFileManager: Warning: MoveFile was unable to move '../../../../../../Documents/GitHub/slime/SlimeKing/Intermediate/AssetRegistryCache/205b111c.bin.tmp' to '../../../../../../Documents/GitHub/slime/SlimeKing/Intermediate/AssetRegistryCache/205b111c.bin', retrying in .5s...
[2020.06.12-07.23.09:013][  0]LogFileManager: Warning: MoveFile was unable to move '../../../../../../Documents/GitHub/slime/SlimeKing/Intermediate/AssetRegistryCache/205b111c.bin.tmp' to '../../../../../../Documents/GitHub/slime/SlimeKing/Intermediate/AssetRegistryCache/205b111c.bin', retrying in .5s...
[2020.06.12-07.23.09:514][  0]LogFileManager: Warning: MoveFile was unable to move '../../../../../../Documents/GitHub/slime/SlimeKing/Intermediate/AssetRegistryCache/205b111c.bin.tmp' to '../../../../../../Documents/GitHub/slime/SlimeKing/Intermediate/AssetRegistryCache/205b111c.bin', retrying in .5s...
[2020.06.12-07.23.10:014][  0]LogFileManager: Warning: MoveFile was unable to move '../../../../../../Documents/GitHub/slime/SlimeKing/Intermediate/AssetRegistryCache/205b111c.bin.tmp' to '../../../../../../Documents/GitHub/slime/SlimeKing/Intermediate/AssetRegistryCache/205b111c.bin', retrying in .5s...
[2020.06.12-07.23.10:515][  0]LogFileManager: Warning: MoveFile was unable to move '../../../../../../Documents/GitHub/slime/SlimeKing/Intermediate/AssetRegistryCache/205b111c.bin.tmp' to '../../../../../../Documents/GitHub/slime/SlimeKing/Intermediate/AssetRegistryCache/205b111c.bin', retrying in .5s...
[2020.06.12-07.23.11:016][  0]LogFileManager: Warning: MoveFile was unable to move '../../../../../../Documents/GitHub/slime/SlimeKing/Intermediate/AssetRegistryCache/205b111c.bin.tmp' to '../../../../../../Documents/GitHub/slime/SlimeKing/Intermediate/AssetRegistryCache/205b111c.bin', retrying in .5s...
[2020.06.12-07.23.11:516][  0]LogFileManager: Warning: MoveFile was unable to move '../../../../../../Documents/GitHub/slime/SlimeKing/Intermediate/AssetRegistryCache/205b111c.bin.tmp' to '../../../../../../Documents/GitHub/slime/SlimeKing/Intermediate/AssetRegistryCache/205b111c.bin', retrying in .5s...
[2020.06.12-07.23.12:017][  0]LogFileManager: Error: Error moving file '../../../../../../Documents/GitHub/slime/SlimeKing/Intermediate/AssetRegistryCache/205b111c.bin.tmp' to '../../../../../../Documents/GitHub/slime/SlimeKing/Intermediate/AssetRegistryCache/205b111c.bin'.
[2020.06.12-07.23.12:053][  0]LogPackageLocalizationCache: Processed 10 localized package path(s) for 1 prioritized culture(s) in 5.067142 seconds
[2020.06.12-07.23.12:062][  0]LogUObjectArray: 46750 objects as part of root set at end of initial load.
[2020.06.12-07.23.12:062][  0]LogUObjectAllocator: 8137160 out of 0 bytes used by permanent object pool.
[2020.06.12-07.23.12:062][  0]LogUObjectArray: CloseDisregardForGC: 0/0 objects in disregard for GC pool
[2020.06.12-07.23.12:608][  0]LogTcpMessaging: Initializing TcpMessaging bridge
[2020.06.12-07.23.12:611][  0]LogUdpMessaging: Initializing bridge on interface 0.0.0.0:0 to multicast group 230.0.0.1:6666.
[2020.06.12-07.23.12:691][  0]SourceControl: ソースコントロールは無効です
[2020.06.12-07.23.12:691][  0]SourceControl: ソースコントロールは無効です
[2020.06.12-07.23.12:692][  0]SourceControl: ソースコントロールは無効です
[2020.06.12-07.23.12:694][  0]SourceControl: ソースコントロールは無効です
[2020.06.12-07.23.12:696][  0]SourceControl: ソースコントロールは無効です
[2020.06.12-07.23.12:808][  0]LogAndroidPermission: UAndroidPermissionCallbackProxy::GetInstance
[2020.06.12-07.23.12:821][  0]LogAudioCaptureCore: Display: No Audio Capture implementations found. Audio input will be silent.
[2020.06.12-07.23.12:821][  0]LogAudioCaptureCore: Display: No Audio Capture implementations found. Audio input will be silent.
[2020.06.12-07.23.12:945][  0]LogOcInput: OculusInput pre-init called
[2020.06.12-07.23.12:959][  0]LogWindows: Failed to load 'OVRPlugin.dll' (GetLastError=126)
[2020.06.12-07.23.12:959][  0]LogWindows: File 'OVRPlugin.dll' does not exist
[2020.06.12-07.23.13:059][  0]LogEngine: Initializing Engine...
[2020.06.12-07.23.13:060][  0]LogHMD: Failed to initialize OpenVR with code 110
[2020.06.12-07.23.13:061][  0]LogStats: UGameplayTagsManager::InitializeManager -  0.000 s
[2020.06.12-07.23.13:505][  0]LogInit: Initializing FReadOnlyCVARCache
[2020.06.12-07.23.13:513][  0]LogAIModule: Creating AISystem for world Untitled
[2020.06.12-07.23.13:847][  0]LogAudioMixer: Display: Audio Mixer Platform Settings:
[2020.06.12-07.23.13:847][  0]LogAudioMixer: Display: 	Sample Rate:						  48000
[2020.06.12-07.23.13:847][  0]LogAudioMixer: Display: 	Callback Buffer Frame Size Requested: 1024
[2020.06.12-07.23.13:847][  0]LogAudioMixer: Display: 	Callback Buffer Frame Size To Use:	  1024
[2020.06.12-07.23.13:847][  0]LogAudioMixer: Display: 	Number of buffers to queue:			  2
[2020.06.12-07.23.13:847][  0]LogAudioMixer: Display: 	Max Channels (voices):				  32
[2020.06.12-07.23.13:847][  0]LogAudioMixer: Display: 	Number of Async Source Workers:		  0
[2020.06.12-07.23.13:847][  0]LogAudio: Display: AudioDevice MaxSources: 32
[2020.06.12-07.23.13:847][  0]LogAudio: Display: Using built-in audio occlusion.
[2020.06.12-07.23.13:847][  0]LogAudioMixer: Display: Initializing audio mixer.
[2020.06.12-07.23.13:887][  0]LogAudioMixer: Display: Audio Device Output Speaker Info:
[2020.06.12-07.23.13:887][  0]LogAudioMixer: Display: Name: ヘッドフォン (Realtek High Definition Audio)
[2020.06.12-07.23.13:887][  0]LogAudioMixer: Display: Is Default: Yes
[2020.06.12-07.23.13:887][  0]LogAudioMixer: Display: Sample Rate: 96000
[2020.06.12-07.23.13:887][  0]LogAudioMixer: Display: Channel Count Used: 2
[2020.06.12-07.23.13:887][  0]LogAudioMixer: Display: Device Channel Count: 2
[2020.06.12-07.23.13:887][  0]LogAudioMixer: Display: Channel Order:
[2020.06.12-07.23.13:887][  0]LogAudioMixer: Display: 0: FrontLeft
[2020.06.12-07.23.13:887][  0]LogAudioMixer: Display: 1: FrontRight
[2020.06.12-07.23.13:976][  0]LogAudioMixer: Display: Using Audio Device ヘッドフォン (Realtek High Definition Audio)
[2020.06.12-07.23.13:986][  0]LogInit: FAudioDevice initialized.
[2020.06.12-07.23.13:987][  0]LogNetVersion: Set ProjectVersion to 1.0.0.0. Version Checksum will be recalculated on next use.
[2020.06.12-07.23.14:088][  0]LogDerivedDataCache: Saved boot cache 0.10s 78MB C:/Users/syuna/AppData/Local/UnrealEngine/4.24/DerivedDataCache/Boot.ddc.
[2020.06.12-07.23.14:107][  0]LogInit: Texture streaming: Enabled
[2020.06.12-07.23.14:131][  0]LogEngineSessionManager: EngineSessionManager initialized
[2020.06.12-07.23.14:131][  0]LogEditorSessionSummary: Verbose: Initializing EditorSessionSummaryWriter for editor session tracking
[2020.06.12-07.23.14:136][  0]LogEditorSessionSummary: EditorSessionSummaryWriter initialized
[2020.06.12-07.23.14:470][  0]LogInit: Transaction tracking system initialized
[2020.06.12-07.23.14:488][  0]BlueprintLog: New page: エディタの読み込み
[2020.06.12-07.23.14:540][  0]LocalizationService: ローカライズのサービスが無効になりました
[2020.06.12-07.23.15:137][  0]LogFileCache: Scanning file cache for directory 'C:/Users/syuna/Documents/GitHub/slime/SlimeKing/Content/' took 0.00s
[2020.06.12-07.23.15:137][  0]LogCook: Display: Max memory allowance for cook 16384mb min free memory 0mb
[2020.06.12-07.23.15:137][  0]LogCook: Display: Mobile HDR setting 1
[2020.06.12-07.23.16:136][  0]SourceControl: ソースコントロールは無効です
[2020.06.12-07.23.16:136][  0]Cmd: MAP LOAD FILE="../../../../../../Documents/GitHub/slime/SlimeKing/Content/Map/NewMap.umap" TEMPLATE=0 SHOWPROGRESS=1 FEATURELEVEL=3
[2020.06.12-07.23.16:136][  0]LogEditorServer: Warning: Can't find file '../../../../../../Documents/GitHub/slime/SlimeKing/Content/Map/NewMap.umap'
[2020.06.12-07.23.16:136][  0]Cmd: MAP CHECKDEP NOCLEARLOG
[2020.06.12-07.23.16:137][  0]MapCheck: マップチェックが完了: 0 エラー、 0 警告、完了に 0.233ミリ秒かかりました。
[2020.06.12-07.23.16:137][  0]LogFileHelpers: Loading map 'NewMap' took 0.001
[2020.06.12-07.23.16:379][  0]LogSlate: Updating window title bar state: overlay mode, drag disabled, window buttons hidden, title bar hidden
[2020.06.12-07.23.16:393][  0]LogSlate: Updating window title bar state: overlay mode, drag disabled, window buttons hidden, title bar hidden
[2020.06.12-07.23.16:410][  0]LogSlate: Updating window title bar state: overlay mode, drag disabled, window buttons hidden, title bar hidden
[2020.06.12-07.23.16:432][  0]LogSlate: Updating window title bar state: overlay mode, drag disabled, window buttons hidden, title bar hidden
[2020.06.12-07.23.16:445][  0]LogCollectionManager: Loaded 0 collections in 0.003596 seconds
[2020.06.12-07.23.16:476][  0]LogFileCache: Scanning file cache for directory 'C:/Users/syuna/Documents/GitHub/slime/SlimeKing/Saved/Collections/' took 0.00s
[2020.06.12-07.23.16:476][  0]LogFileCache: Scanning file cache for directory 'C:/Users/syuna/Documents/GitHub/slime/SlimeKing/Content/Developers/syuna/Collections/' took 0.00s
[2020.06.12-07.23.16:476][  0]LogFileCache: Scanning file cache for directory 'C:/Users/syuna/Documents/GitHub/slime/SlimeKing/Content/Collections/' took 0.00s
[2020.06.12-07.23.16:476][  0]LogContentBrowser: Native class hierarchy populated in 0.0186 seconds. Added 3015 classes and 717 folders.
[2020.06.12-07.23.16:479][  0]LogContentBrowser: Native class hierarchy updated for 'WidgetCarousel' in 0.0004 seconds. Added 0 classes and 0 folders.
[2020.06.12-07.23.16:572][  0]LogContentBrowser: Native class hierarchy updated for 'AddContentDialog' in 0.0003 seconds. Added 0 classes and 0 folders.
[2020.06.12-07.23.16:576][  0]LogContentBrowser: Native class hierarchy updated for 'SceneOutliner' in 0.0003 seconds. Added 2 classes and 3 folders.
[2020.06.12-07.23.16:699][  0]LogSlate: Took 0.000270 seconds to synchronously load lazily loaded font '../../../Engine/Content/Slate/Fonts/Roboto-Regular.ttf' (155K)
[2020.06.12-07.23.16:701][  0]LogSlate: Took 0.000587 seconds to synchronously load lazily loaded font '../../../Engine/Content/Editor/Slate/Fonts/GenEiGothicPro-Regular.otf' (707K)
[2020.06.12-07.23.16:702][  0]LogSlate: Took 0.000514 seconds to synchronously load lazily loaded font '../../../Engine/Content/Editor/Slate/Fonts/GenEiGothicPro-Bold.otf' (698K)
[2020.06.12-07.23.16:703][  0]LogSlate: Took 0.000193 seconds to synchronously load lazily loaded font '../../../Engine/Content/Slate/Fonts/Roboto-Bold.ttf' (160K)
[2020.06.12-07.23.16:707][  0]LogSlate: Took 0.000370 seconds to synchronously load lazily loaded font '../../../Engine/Content/Editor/Slate/Fonts/FontAwesome.ttf' (139K)
[2020.06.12-07.23.16:846][  0]LogRenderer: Reallocating scene render targets to support 876x432 Format 10 NumSamples 1 (Frame:1).
[2020.06.12-07.23.17:330][  0]LogAssetRegistry: Error: Failed to open file for write ../../../../../../Documents/GitHub/slime/SlimeKing/Intermediate/CachedAssetRegistry.bin
[2020.06.12-07.23.17:336][  0]LogContentBrowser: Native class hierarchy updated for 'HierarchicalLODOutliner' in 0.0004 seconds. Added 0 classes and 0 folders.
[2020.06.12-07.23.17:336][  0]LogLoad: (Engine Initialization) Total time: 18.34 seconds
[2020.06.12-07.23.17:336][  0]LogLoad: (Engine Initialization) Total Blueprint compile time: 0.00 seconds
[2020.06.12-07.23.17:411][  0]LogAssetRegistry: Asset discovery search completed in 15.0042 seconds
[2020.06.12-07.23.17:415][  0]LogCollectionManager: Fixed up redirectors for 0 collections in 0.000018 seconds (updated 0 objects)
[2020.06.12-07.23.17:417][  0]LogContentStreaming: Texture pool size now 1000 MB
[2020.06.12-07.23.17:453][  0]LogSlate: Took 0.000121 seconds to synchronously load lazily loaded font '../../../Engine/Content/Slate/Fonts/Roboto-Light.ttf' (167K)
[2020.06.12-07.23.24:654][292]LogEditorViewport: Clicking Background
[2020.06.12-07.23.43:867][136]LogTemp: Repeating last play command: 新規エディタウィンドウ (PIE)
[2020.06.12-07.23.43:894][136]LogPlayLevel: PlayLevel: No blueprints needed recompiling
[2020.06.12-07.23.43:895][136]PIE: New page: PIEセッション: Untitled_0 (2020/06/13 1:23:43)
[2020.06.12-07.23.43:899][136]LogOnline: OSS: Creating online subsystem instance for: NULL
[2020.06.12-07.23.43:901][136]LogOnline: OSS: TryLoadSubsystemAndSetDefault: Loaded subsystem for module [NULL]
[2020.06.12-07.23.43:904][136]LogPlayLevel: Creating play world package: /Temp/UEDPIE_0_Untitled_0
[2020.06.12-07.23.43:909][136]LogPlayLevel: PIE: StaticDuplicateObject took: (0.005027s)
[2020.06.12-07.23.43:910][136]LogAIModule: Creating AISystem for world Untitled
[2020.06.12-07.23.43:911][136]LogPlayLevel: PIE: World Init took: (0.002114s)
[2020.06.12-07.23.43:911][136]LogPlayLevel: PIE: Created PIE world by copying editor world from /Temp/Untitled_0.Untitled to /Temp/UEDPIE_0_Untitled_0.Untitled (0.007686s)
[2020.06.12-07.23.43:955][136]LogUObjectHash: Compacting FUObjectHashTables data took   1.49ms
[2020.06.12-07.23.43:963][136]LogAudioMixer: Display: Audio Mixer Platform Settings:
[2020.06.12-07.23.43:963][136]LogAudioMixer: Display: 	Sample Rate:						  48000
[2020.06.12-07.23.43:963][136]LogAudioMixer: Display: 	Callback Buffer Frame Size Requested: 1024
[2020.06.12-07.23.43:963][136]LogAudioMixer: Display: 	Callback Buffer Frame Size To Use:	  1024
[2020.06.12-07.23.43:963][136]LogAudioMixer: Display: 	Number of buffers to queue:			  2
[2020.06.12-07.23.43:963][136]LogAudioMixer: Display: 	Max Channels (voices):				  32
[2020.06.12-07.23.43:963][136]LogAudioMixer: Display: 	Number of Async Source Workers:		  0
[2020.06.12-07.23.43:963][136]LogAudio: Display: AudioDevice MaxSources: 32
[2020.06.12-07.23.43:963][136]LogAudio: Display: Using built-in audio occlusion.
[2020.06.12-07.23.43:963][136]LogAudioMixer: Display: Initializing audio mixer.
[2020.06.12-07.23.43:975][136]LogAudioMixer: Display: Audio Device Output Speaker Info:
[2020.06.12-07.23.43:975][136]LogAudioMixer: Display: Name: ヘッドフォン (Realtek High Definition Audio)
[2020.06.12-07.23.43:975][136]LogAudioMixer: Display: Is Default: Yes
[2020.06.12-07.23.43:975][136]LogAudioMixer: Display: Sample Rate: 96000
[2020.06.12-07.23.43:975][136]LogAudioMixer: Display: Channel Count Used: 2
[2020.06.12-07.23.43:975][136]LogAudioMixer: Display: Device Channel Count: 2
[2020.06.12-07.23.43:975][136]LogAudioMixer: Display: Channel Order:
[2020.06.12-07.23.43:975][136]LogAudioMixer: Display: 0: FrontLeft
[2020.06.12-07.23.43:975][136]LogAudioMixer: Display: 1: FrontRight
[2020.06.12-07.23.44:023][136]LogAudioMixer: Display: Using Audio Device ヘッドフォン (Realtek High Definition Audio)
[2020.06.12-07.23.44:024][136]LogInit: FAudioDevice initialized.
[2020.06.12-07.23.44:077][136]LogSlate: Updating window title bar state: overlay mode, drag disabled, window buttons hidden, title bar hidden
[2020.06.12-07.23.44:085][136]LogLoad: Game class is 'GameModeBase'
[2020.06.12-07.23.44:097][136]LogWorld: Bringing World /Temp/UEDPIE_0_Untitled_0.Untitled up for play (max tick rate 60) at 2020.06.12-16.23.44
[2020.06.12-07.23.44:099][136]LogWorld: Bringing up level for play took: 0.002453
[2020.06.12-07.23.44:102][136]LogOnline: OSS: Creating online subsystem instance for: :Context_1
[2020.06.12-07.23.44:125][136]LogContentBrowser: Native class hierarchy updated for 'MovieSceneCapture' in 0.0006 seconds. Added 20 classes and 0 folders.
[2020.06.12-07.23.44:142][136]PIE: /Temp/UEDPIE_0_Untitled_0 -0.371のプレイ イン エディタの開始時間
[2020.06.12-07.23.44:190][137]LogRenderer: Reallocating scene render targets to support 1024x576 Format 10 NumSamples 1 (Frame:1).
[2020.06.12-07.23.47:180][244]LogSlate: Window 'SlimeKing ゲームプレビュー Standalone (64-ビット/PCD3D_SM5)' being destroyed
[2020.06.12-07.23.47:193][244]LogWorld: BeginTearingDown for /Temp/UEDPIE_0_Untitled_0
[2020.06.12-07.23.47:194][244]LogAudioMixer: Display: No commands were queued while flushing the source manager.
[2020.06.12-07.23.47:195][244]LogWorld: UWorld::CleanupWorld for Untitled, bSessionEnded=true, bCleanupResources=true
[2020.06.12-07.23.47:196][244]LogSlate: InvalidateAllWidgets triggered.  All widgets were invalidated
[2020.06.12-07.23.47:204][244]LogPlayLevel: Display: Shutting down PIE online subsystems
[2020.06.12-07.23.47:208][244]LogSlate: InvalidateAllWidgets triggered.  All widgets were invalidated
[2020.06.12-07.23.47:240][244]LogAudioMixer: Display: No commands were queued while flushing the source manager.
[2020.06.12-07.23.47:263][244]LogUObjectHash: Compacting FUObjectHashTables data took   1.57ms
[2020.06.12-07.23.47:305][245]LogPlayLevel: Display: Destroying online subsystem :Context_1
[2020.06.12-07.24.10:518][ 36]LogSlate: Took 0.057771 seconds to synchronously load lazily loaded font '../../../Engine/Content/Editor/Slate/Fonts/GenEiGothicPro-SemiBold.otf' (703K)
[2020.06.12-07.24.10:530][ 36]LogSlate: Took 0.011315 seconds to synchronously load lazily loaded font '../../../Engine/Content/Editor/Slate/Fonts/GenEiGothicPro-Heavy.otf' (704K)
[2020.06.12-07.24.10:540][ 36]LogSlate: Took 0.010412 seconds to synchronously load lazily loaded font '../../../Engine/Content/Editor/Slate/Fonts/GenEiGothicPro-Light.otf' (713K)
[2020.06.12-07.24.10:552][ 36]LogSlate: Took 0.011928 seconds to synchronously load lazily loaded font '../../../Engine/Content/Slate/Fonts/DroidSansFallback.ttf' (3848K)
[2020.06.12-07.24.12:242][110]LogUObjectHash: Compacting FUObjectHashTables data took   0.60ms
[2020.06.12-07.27.34:108][449]LogSlate: Took 0.000281 seconds to synchronously load lazily loaded font '../../../Engine/Content/Slate/Fonts/Roboto-Light.ttf' (167K)
[2020.06.12-07.27.34:195][449]LogSlate: WidgetSwitcher ('None') active index changed to -1
[2020.06.12-07.27.34:196][449]LogSlate: WidgetSwitcher ('None') active index changed to 0
[2020.06.12-07.27.34:270][449]LogSlate: Took 0.009448 seconds to synchronously load lazily loaded font '../../../Engine/Content/Slate/Fonts/Roboto-BoldCondensed.ttf' (158K)
[2020.06.12-07.27.36:185][522]LogSlate: Window 'C++ クラスを追加' being destroyed
[2020.06.12-07.28.10:824][ 13]LogSlate: Window '親クラスを選択' being destroyed
[2020.06.12-07.28.12:974][107]LogAssetEditorSubsystem: Opening Asset editor for Blueprint /Game/Grass/NewBlueprint.NewBlueprint
[2020.06.12-07.28.13:387][107]LogContentBrowser: Native class hierarchy updated for 'BlueprintGraph' in 0.0010 seconds. Added 121 classes and 0 folders.
[2020.06.12-07.28.16:882][158]LogSlate: Window 'NewBlueprint' being destroyed
[2020.06.12-07.28.16:890][158]LogSlate: Window 'NewBlueprint' being destroyed
[2020.06.12-07.28.16:920][158]LogWorld: UWorld::CleanupWorld for World_0, bSessionEnded=true, bCleanupResources=true
[2020.06.12-07.28.16:921][158]LogSlate: InvalidateAllWidgets triggered.  All widgets were invalidated
[2020.06.12-07.28.31:450][877]LogUObjectHash: Compacting FUObjectHashTables data took   3.28ms
[2020.06.12-07.28.31:454][877]LogMetaData: Removing '/Game/Grass/Grass.Grass:UserConstructionScript.K2Node_FunctionEntry_0' ref from Metadata '/Game/Grass/NewBlueprint.PackageMetaData'
[2020.06.12-07.28.31:454][877]LogMetaData: Removing '/Game/Grass/Grass.SKEL_Grass_C' ref from Metadata '/Game/Grass/NewBlueprint.PackageMetaData'
[2020.06.12-07.28.31:454][877]LogMetaData: Removing '/Game/Grass/Grass.Grass_C' ref from Metadata '/Game/Grass/NewBlueprint.PackageMetaData'
[2020.06.12-07.28.31:454][877]LogMetaData: Removing '/Game/Grass/Grass.Grass:EventGraph.K2Node_Event_0' ref from Metadata '/Game/Grass/NewBlueprint.PackageMetaData'
[2020.06.12-07.28.31:454][877]LogMetaData: Removing '/Game/Grass/Grass.Grass:EventGraph.K2Node_Event_1' ref from Metadata '/Game/Grass/NewBlueprint.PackageMetaData'
[2020.06.12-07.28.31:454][877]LogMetaData: Removing '/Game/Grass/Grass.Grass:EventGraph.K2Node_Event_2' ref from Metadata '/Game/Grass/NewBlueprint.PackageMetaData'
[2020.06.12-07.28.31:509][877]Cmd: OBJ SAVEPACKAGE PACKAGE="/Game/Grass/Grass" FILE="../../../../../../Documents/GitHub/slime/SlimeKing/Content/Grass/Grass.uasset" SILENT=true
[2020.06.12-07.28.31:538][877]LogSavePackage: Moving '../../../../../../Documents/GitHub/slime/SlimeKing/Saved/Grass7C39DE464750C96350C7779B67A1743A.tmp' to '../../../../../../Documents/GitHub/slime/SlimeKing/Content/Grass/Grass.uasset'
[2020.06.12-07.28.31:739][877]LogUObjectHash: Compacting FUObjectHashTables data took   3.27ms
[2020.06.12-07.28.31:780][877]LogUObjectHash: Compacting FUObjectHashTables data took   2.51ms
[2020.06.12-07.28.31:818][877]LogUObjectHash: Compacting FUObjectHashTables data took   0.80ms
[2020.06.12-07.28.31:849][877]AssetCheck: New page: Asset Save: Grass
[2020.06.12-07.28.31:849][877]LogContentValidation: Display: Validating Blueprint /Game/Grass/Grass.Grass
[2020.06.12-07.28.32:858][925]LogAssetEditorSubsystem: Opening Asset editor for Blueprint /Game/Grass/Grass.Grass
[2020.06.12-07.28.35:904][ 29]LogSlate: Window 'Grass' being destroyed
[2020.06.12-07.28.36:006][ 29]LogWorld: UWorld::CleanupWorld for World_1, bSessionEnded=true, bCleanupResources=true
[2020.06.12-07.28.36:006][ 29]LogSlate: InvalidateAllWidgets triggered.  All widgets were invalidated
[2020.06.12-07.28.36:082][ 29]LogAssetEditorSubsystem: Opening Asset editor for Blueprint /Game/Grass/Grass.Grass
[2020.06.12-07.28.48:038][448]LogSlate: Window 'Grass' being destroyed
[2020.06.12-07.29.01:686][ 49]LogTexture: Display: Building textures: slime (AutoDXT, 512X512)
[2020.06.12-07.29.01:686][ 49]LogMaterial: Display: Missing cached shader map for material Slime_Mat, compiling. 
[2020.06.12-07.29.01:764][ 49]LogSkeletalMesh: Building Skeletal Mesh slimeking...
[2020.06.12-07.29.01:833][ 49]LogShaderCompilers: Display: Worker (1/9): shaders left to compile 39
[2020.06.12-07.29.01:833][ 49]LogShaderCompilers: Display: Worker (2/9): shaders left to compile 34
[2020.06.12-07.29.01:833][ 49]LogShaderCompilers: Display: Worker (3/9): shaders left to compile 29
[2020.06.12-07.29.01:833][ 49]LogShaderCompilers: Display: Worker (4/9): shaders left to compile 24
[2020.06.12-07.29.01:833][ 49]LogShaderCompilers: Display: Worker (5/9): shaders left to compile 19
[2020.06.12-07.29.01:834][ 49]LogShaderCompilers: Display: Worker (6/9): shaders left to compile 14
[2020.06.12-07.29.01:834][ 49]LogShaderCompilers: Display: Worker (7/9): shaders left to compile 9
[2020.06.12-07.29.01:834][ 49]LogShaderCompilers: Display: Worker (8/9): shaders left to compile 4
[2020.06.12-07.29.01:882][ 49]LogSkeletalMesh: Section 0: 287 vertices, 1 active bones
[2020.06.12-07.29.01:882][ 49]LogSkeletalMesh: Section 0: Material=0, 480 triangles
[2020.06.12-07.29.01:888][ 49]LogSkeletalMesh: Built Skeletal Mesh [0.13s] /Game/Mesh/slimeking.slimeking
[2020.06.12-07.29.01:918][ 49]LogAssetEditorSubsystem: Opening Asset editor for SkeletalMesh /Game/Mesh/slimeking.slimeking
[2020.06.12-07.29.01:997][ 49]LogContentBrowser: Native class hierarchy updated for 'SkeletonEditor' in 0.0004 seconds. Added 1 classes and 2 folders.
[2020.06.12-07.29.02:376][ 49]LogActorComponent: RegisterComponentWithWorld: (/Engine/Transient.World_3:PersistentLevel.AnimationEditorPreviewActor_0.DebugSkelMeshComponent_0) Already registered. Aborting.
[2020.06.12-07.29.02:382][ 49]LogContentBrowser: Native class hierarchy updated for 'PinnedCommandList' in 0.0002 seconds. Added 1 classes and 0 folders.
[2020.06.12-07.29.04:367][ 49]LogSlate: Took 0.014321 seconds to synchronously load lazily loaded font '../../../Engine/Content/Slate/Fonts/Roboto-Italic.ttf' (157K)
[2020.06.12-07.29.04:808][ 50]LogRenderer: Reallocating scene render targets to support 1024x668 Format 10 NumSamples 1 (Frame:1).
[2020.06.12-07.29.12:984][192]LogWorld: UWorld::CleanupWorld for World_3, bSessionEnded=true, bCleanupResources=true
[2020.06.12-07.29.12:984][192]LogSlate: InvalidateAllWidgets triggered.  All widgets were invalidated
[2020.06.12-07.29.48:662][800]LogRenderer: Reallocating scene render targets to support 1024x680 Format 10 NumSamples 1 (Frame:1).
[2020.06.12-07.30.17:953][388]LogHttp: Warning: 000001BC94DA1F80: invalid HTTP response code received. URL: https://datarouter.ol.epicgames.com/datarouter/api/v1/public/data?SessionID=%7B303B2236-4BD3-6555-2C87-DA8DDEF877BB%7D&AppID=UEEditor.Rocket.Release&AppVersion=4.24.3-11590370%2B%2B%2BUE4%2BRelease-4.24&UserID=7ef6aec349c599eabfdcbdaeace1b1d5%7Cc3132eb3fa17434da925542e7d65fe1e%7C07967d04-764b-4339-87c9-568b2ba47a5a&AppEnvironment=datacollector-binary&UploadType=eteventstream, HTTP code: 0, content length: 0, actual payload size: 0
[2020.06.12-07.30.17:953][388]LogHttp: Warning: 000001BC94DA1F80: request failed, libcurl error: 0 (No error)
[2020.06.12-07.30.17:953][388]LogHttp: Warning: 000001BC94DA1F80: libcurl info message cache 0 (Found bundle for host datarouter.ol.epicgames.com: 0x1bc656bff70 [can pipeline])
[2020.06.12-07.30.17:953][388]LogHttp: Warning: 000001BC94DA1F80: libcurl info message cache 1 (Re-using existing connection! (#2) with host datarouter.ol.epicgames.com)
[2020.06.12-07.30.17:953][388]LogHttp: Warning: 000001BC94DA1F80: libcurl info message cache 2 (Connected to datarouter.ol.epicgames.com (52.6.104.84) port 443 (#2))
[2020.06.12-07.30.17:953][388]LogHttp: Warning: 000001BC94DA1F80: libcurl info message cache 3 (We are completely uploaded and fine)
[2020.06.12-07.30.17:953][388]LogHttp: Warning: 000001BC94DA1F80: libcurl info message cache 4 (TLSv1.2 (IN), TLS alert, Client hello (1):)
[2020.06.12-07.30.17:953][388]LogHttp: Warning: 000001BC94DA1F80: libcurl info message cache 5 (Connection died, retrying a fresh connect)
[2020.06.12-07.30.17:953][388]LogHttp: Warning: 000001BC94DA1F80: libcurl info message cache 6 (necessary data rewind wasn't possible)
[2020.06.12-07.30.17:953][388]LogHttp: Warning: 000001BC94DA1F80: libcurl info message cache 7 (Closing connection 2)
[2020.06.12-07.30.17:953][388]LogHttp: Warning: 000001BC94DA1F80: libcurl info message cache 8 (TLSv1.2 (OUT), TLS alert, Client hello (1):)
[2020.06.12-07.30.17:954][388]LogHttp: Warning: Retry exhausted on https://datarouter.ol.epicgames.com/datarouter/api/v1/public/data?SessionID=%7B303B2236-4BD3-6555-2C87-DA8DDEF877BB%7D&AppID=UEEditor.Rocket.Release&AppVersion=4.24.3-11590370%2B%2B%2BUE4%2BRelease-4.24&UserID=7ef6aec349c599eabfdcbdaeace1b1d5%7Cc3132eb3fa17434da925542e7d65fe1e%7C07967d04-764b-4339-87c9-568b2ba47a5a&AppEnvironment=datacollector-binary&UploadType=eteventstream
[2020.06.12-07.30.42:455][194]LogSlate: Took 0.017898 seconds to synchronously load lazily loaded font '../../../Engine/Content/Editor/Slate/Fonts/NotoColorEmoji.ttf' (7610K)
[2020.06.12-07.30.42:485][196]LogSlate: Last resort fallback font was requested. Font: '../../../Engine/Content/Slate/Fonts/DroidSansFallback.ttf', Character: 'ㇶ (U+31f6)'
[2020.06.12-07.30.42:504][196]LogSlate: Took 0.018057 seconds to synchronously load lazily loaded font '../../../Engine/Content/SlateDebug/Fonts/LastResort.ttf' (5269K)
[2020.06.12-07.32.07:357][ 98]BlueprintLog: New page: Grass をコンパイル
[2020.06.12-07.32.08:110][ 98]LogUObjectHash: Compacting FUObjectHashTables data took   5.99ms
[2020.06.12-07.32.08:653][124]Cmd: OBJ SAVEPACKAGE PACKAGE="/Game/Grass/Grass" FILE="../../../../../../Documents/GitHub/slime/SlimeKing/Content/Grass/Grass.uasset" SILENT=true
[2020.06.12-07.32.08:738][124]LogSavePackage: Moving '../../../../../../Documents/GitHub/slime/SlimeKing/Saved/GrassE7BB0D054C3A484AA824C7AF54CC40B1.tmp' to '../../../../../../Documents/GitHub/slime/SlimeKing/Content/Grass/Grass.uasset'
[2020.06.12-07.32.08:763][124]AssetCheck: New page: Asset Save: Grass
[2020.06.12-07.32.08:763][124]LogContentValidation: Display: Validating Blueprint /Game/Grass/Grass.Grass
[2020.06.12-07.32.38:859][397]BlueprintLog: New page: Grass をコンパイル
[2020.06.12-07.32.39:118][397]LogUObjectHash: Compacting FUObjectHashTables data took   4.25ms
[2020.06.12-07.32.39:991][447]Cmd: OBJ SAVEPACKAGE PACKAGE="/Game/Grass/Grass" FILE="../../../../../../Documents/GitHub/slime/SlimeKing/Content/Grass/Grass.uasset" SILENT=true
[2020.06.12-07.32.40:019][447]LogSavePackage: Moving '../../../../../../Documents/GitHub/slime/SlimeKing/Saved/Grass84451D95496EFB4229BB9FB359547552.tmp' to '../../../../../../Documents/GitHub/slime/SlimeKing/Content/Grass/Grass.uasset'
[2020.06.12-07.32.40:037][447]AssetCheck: New page: Asset Save: Grass
[2020.06.12-07.32.40:037][447]LogContentValidation: Display: Validating Blueprint /Game/Grass/Grass.Grass
[2020.06.12-07.32.49:474][860]LogUObjectHash: Compacting FUObjectHashTables data took   4.31ms
[2020.06.12-07.42.08:495][132]LogUObjectHash: Compacting FUObjectHashTables data took   1.42ms
[2020.06.12-07.42.10:767][224]LogWorld: UWorld::CleanupWorld for World_2, bSessionEnded=true, bCleanupResources=true
[2020.06.12-07.42.10:767][224]LogSlate: InvalidateAllWidgets triggered.  All widgets were invalidated
[2020.06.12-07.45.48:852][120]LogSlate: Window '名前を付けてレベルを保存する' being destroyed
[2020.06.12-07.45.50:169][175]LogUObjectHash: Compacting FUObjectHashTables data took   2.94ms
