Log file open, 07/10/20 09:45:25
LogWindows: Failed to load 'aqProf.dll' (GetLastError=126)
LogWindows: File 'aqProf.dll' does not exist
LogWindows: Failed to load 'VtuneApi.dll' (GetLastError=126)
LogWindows: File 'VtuneApi.dll' does not exist
LogWindows: Failed to load 'VtuneApi32e.dll' (GetLastError=126)
LogWindows: File 'VtuneApi32e.dll' does not exist
LogConsoleResponse: Display: Failed to find resolution value strings in scalability ini. Falling back to default.
LogInit: Display: Running engine for game: SlimeKing
LogPlatformFile: Not using cached read wrapper
LogTaskGraph: Started task graph with 5 named threads and 47 total threads with 3 sets of task threads.
LogStats: Stats thread started at 0.090915
LogD3D11RHI: Loaded GFSDK_Aftermath_Lib.x64.dll
LogICUInternationalization: ICU TimeZone Detection - Raw Offset: +9:00, Platform Override: ''
LogPluginManager: Mounting plugin Paper2D
LogPluginManager: Mounting plugin AISupport
LogPluginManager: Mounting plugin LightPropagationVolume
LogPluginManager: Mounting plugin ActorLayerUtilities
LogPluginManager: Mounting plugin AnimationSharing
LogPluginManager: Mounting plugin CLionSourceCodeAccess
LogPluginManager: Mounting plugin CodeLiteSourceCodeAccess
LogPluginManager: Mounting plugin GitSourceControl
LogPluginManager: Mounting plugin KDevelopSourceCodeAccess
LogPluginManager: Mounting plugin NullSourceCodeAccess
LogPluginManager: Mounting plugin PerforceSourceControl
LogPluginManager: Mounting plugin PlasticSourceControl
LogPluginManager: Mounting plugin SubversionSourceControl
LogPluginManager: Mounting plugin UObjectPlugin
LogPluginManager: Mounting plugin VisualStudioCodeSourceCodeAccess
LogPluginManager: Mounting plugin VisualStudioSourceCodeAccess
LogPluginManager: Mounting plugin XCodeSourceCodeAccess
LogPluginManager: Mounting plugin AssetManagerEditor
LogPluginManager: Mounting plugin CryptoKeys
LogPluginManager: Mounting plugin CurveEditorTools
LogPluginManager: Mounting plugin DataValidation
LogPluginManager: Mounting plugin FacialAnimation
LogPluginManager: Mounting plugin GameplayTagsEditor
LogPluginManager: Mounting plugin MacGraphicsSwitching
LogPluginManager: Mounting plugin MaterialAnalyzer
LogPluginManager: Mounting plugin MobileLauncherProfileWizard
LogPluginManager: Mounting plugin PluginBrowser
LogPluginManager: Mounting plugin SpeedTreeImporter
LogPluginManager: Mounting plugin DatasmithContent
LogPluginManager: Mounting plugin VariantManagerContent
LogPluginManager: Mounting plugin AlembicImporter
LogPluginManager: Mounting plugin AutomationUtils
LogPluginManager: Mounting plugin BackChannel
LogPluginManager: Mounting plugin CharacterAI
LogPluginManager: Mounting plugin GeometryCache
LogPluginManager: Mounting plugin PlatformCrypto
LogPluginManager: Mounting plugin ProxyLODPlugin
LogPluginManager: Mounting plugin SkeletalReduction
LogPluginManager: Mounting plugin MagicLeap
LogPluginManager: Mounting plugin MagicLeapMedia
LogPluginManager: Mounting plugin MLSDK
LogPluginManager: Mounting plugin AndroidMedia
LogPluginManager: Mounting plugin AvfMedia
LogPluginManager: Mounting plugin ImgMedia
LogPluginManager: Mounting plugin MediaCompositing
LogPluginManager: Mounting plugin MediaPlayerEditor
LogPluginManager: Mounting plugin WebMMedia
LogPluginManager: Mounting plugin WmfMedia
LogPluginManager: Mounting plugin TcpMessaging
LogPluginManager: Mounting plugin UdpMessaging
LogPluginManager: Mounting plugin ActorSequence
LogPluginManager: Mounting plugin LevelSequenceEditor
LogPluginManager: Mounting plugin MatineeToLevelSequence
LogPluginManager: Mounting plugin NetcodeUnitTest
LogPluginManager: Mounting plugin NUTUnrealEngine4
LogPluginManager: Mounting plugin OnlineSubsystemGooglePlay
LogPluginManager: Mounting plugin OnlineSubsystemIOS
LogPluginManager: Mounting plugin OnlineSubsystem
LogPluginManager: Mounting plugin OnlineSubsystemNull
LogPluginManager: Mounting plugin OnlineSubsystemUtils
LogPluginManager: Mounting plugin LauncherChunkInstaller
LogPluginManager: Mounting plugin AndroidDeviceProfileSelector
LogPluginManager: Mounting plugin AndroidMoviePlayer
LogPluginManager: Mounting plugin AndroidPermission
LogPluginManager: Mounting plugin AppleImageUtils
LogPluginManager: Mounting plugin AppleMoviePlayer
LogPluginManager: Mounting plugin ArchVisCharacter
LogPluginManager: Mounting plugin AssetTags
LogPluginManager: Mounting plugin AudioCapture
LogPluginManager: Mounting plugin CableComponent
LogPluginManager: Mounting plugin CustomMeshComponent
LogPluginManager: Mounting plugin EditableMesh
LogPluginManager: Mounting plugin ExampleDeviceProfileSelector
LogPluginManager: Mounting plugin GameplayAbilities
LogPluginManager: Mounting plugin GoogleCloudMessaging
LogPluginManager: Mounting plugin IOSDeviceProfileSelector
LogPluginManager: Mounting plugin LinuxDeviceProfileSelector
LogPluginManager: Mounting plugin LocationServicesBPLibrary
LogPluginManager: Mounting plugin MobilePatchingUtils
LogPluginManager: Mounting plugin OculusVR
LogPluginManager: Mounting plugin PhysXVehicles
LogPluginManager: Mounting plugin PostSplashScreen
LogPluginManager: Mounting plugin ProceduralMeshComponent
LogPluginManager: Mounting plugin RuntimePhysXCooking
LogPluginManager: Mounting plugin SignificanceManager
LogPluginManager: Mounting plugin SteamVR
LogPluginManager: Mounting plugin WebMMoviePlayer
LogPluginManager: Mounting plugin WindowsMoviePlayer
LogPluginManager: Mounting plugin ScreenshotTools
LogInit: Using libcurl 7.55.1-DEV
LogInit:  - built for x86_64-pc-win32
LogInit:  - supports SSL with OpenSSL/1.1.1
LogInit:  - supports HTTP deflate (compression) using libz 1.2.8
LogInit:  - other features:
LogInit:      CURL_VERSION_SSL
LogInit:      CURL_VERSION_LIBZ
LogInit:      CURL_VERSION_IPV6
LogInit:      CURL_VERSION_ASYNCHDNS
LogInit:      CURL_VERSION_LARGEFILE
LogInit:      CURL_VERSION_IDN
LogInit:  CurlRequestOptions (configurable via config and command line):
LogInit:  - bVerifyPeer = true  - Libcurl will verify peer certificate
LogInit:  - bUseHttpProxy = false  - Libcurl will NOT use HTTP proxy
LogInit:  - bDontReuseConnections = false  - Libcurl will reuse connections
LogInit:  - MaxHostConnections = 16  - Libcurl will limit the number of connections to a host
LogInit:  - LocalHostAddr = Default
LogInit:  - BufferSize = 65536
LogOnline: OSS: Creating online subsystem instance for: NULL
LogInit: WinSock: version 1.1 (2.2), MaxSocks=32767, MaxUdp=65467
LogOnline: OSS: TryLoadSubsystemAndSetDefault: Loaded subsystem for module [NULL]
LogInit: Build: ++UE4+Release-4.24-CL-11590370
LogInit: Engine Version: 4.24.3-11590370+++UE4+Release-4.24
LogInit: Compatible Engine Version: 4.24.0-10570792+++UE4+Release-4.24
LogInit: Net CL: 10570792
LogInit: OS: Windows 10 (Release 1909) (), CPU: AMD Ryzen 7 1700 Eight-Core Processor          , GPU: Radeon RX 580 Series
LogInit: Compiled (64-bit): Feb 24 2020 15:39:18
LogInit: Compiled with Visual C++: 19.16.27032.01
LogInit: Build Configuration: Development
LogInit: Branch Name: ++UE4+Release-4.24
LogInit: Command Line: 
LogInit: Base Directory: C:/Program Files/Epic Games/UE_4.24/Engine/Binaries/Win64/
LogInit: Installed Engine Build: 1
LogDevObjectVersion: Number of dev versions registered: 25
LogDevObjectVersion:   Dev-Blueprints (B0D832E4-1F89-4F0D-ACCF-7EB736FD4AA2): 10
LogDevObjectVersion:   Dev-Build (E1C64328-A22C-4D53-A36C-8E866417BD8C): 0
LogDevObjectVersion:   Dev-Core (375EC13C-06E4-48FB-B500-84F0262A717E): 3
LogDevObjectVersion:   Dev-Editor (E4B068ED-F494-42E9-A231-DA0B2E46BB41): 37
LogDevObjectVersion:   Dev-Framework (CFFC743F-43B0-4480-9391-14DF171D2073): 36
LogDevObjectVersion:   Dev-Mobile (B02B49B5-BB20-44E9-A304-32B752E40360): 2
LogDevObjectVersion:   Dev-Networking (A4E4105C-59A1-49B5-A7C5-40C4547EDFEE): 0
LogDevObjectVersion:   Dev-Online (39C831C9-5AE6-47DC-9A44-9C173E1C8E7C): 0
LogDevObjectVersion:   Dev-Physics (78F01B33-EBEA-4F98-B9B4-84EACCB95AA2): 2
LogDevObjectVersion:   Dev-Platform (6631380F-2D4D-43E0-8009-CF276956A95A): 0
LogDevObjectVersion:   Dev-Rendering (12F88B9F-8875-4AFC-A67C-D90C383ABD29): 36
LogDevObjectVersion:   Dev-Sequencer (7B5AE74C-D270-4C10-A958-57980B212A5A): 11
LogDevObjectVersion:   Dev-VR (D7296918-1DD6-4BDD-9DE2-64A83CC13884): 2
LogDevObjectVersion:   Dev-LoadTimes (C2A15278-BFE7-4AFE-6C17-90FF531DF755): 1
LogDevObjectVersion:   Private-Geometry (6EACA3D4-40EC-4CC1-B786-8BED09428FC5): 3
LogDevObjectVersion:   Dev-AnimPhys (29E575DD-E0A3-4627-9D10-D276232CDCEA): 17
LogDevObjectVersion:   Dev-Anim (AF43A65D-7FD3-4947-9873-3E8ED9C1BB05): 2
LogDevObjectVersion:   Dev-ReflectionCapture (6B266CEC-1EC7-4B8F-A30B-E4D90942FC07): 1
LogDevObjectVersion:   Dev-Automation (0DF73D61-A23F-47EA-B727-89E90C41499A): 1
LogDevObjectVersion:   FortniteMain (601D1886-AC64-4F84-AA16-D3DE0DEAC7D6): 31
LogDevObjectVersion:   Dev-Enterprise (9DFFBCD6-494F-0158-E221-12823C92A888): 8
LogDevObjectVersion:   Dev-Niagara (F2AED0AC-9AFE-416F-8664-AA7FFA26D6FC): 1
LogDevObjectVersion:   Dev-Destruction (174F1F0B-B4C6-45A5-B13F-2EE8D0FB917D): 9
LogDevObjectVersion:   Dev-Physics-Ext (35F94A83-E258-406C-A318-09F59610247C): 8
LogDevObjectVersion:   Dev-CineCamera (B2E18506-4273-CFC2-A54E-F4BB758BBA07): 1
LogInit: Presizing for max 25165824 objects, including 0 objects not considered by GC, pre-allocating 0 bytes for permanent pool.
LogInit: Object subsystem initialized
LogConfig: Setting CVar [[con.DebugEarlyDefault:1]]
LogConfig: Setting CVar [[r.setres:1280x720]]
[2020.07.10-00.45.25:601][  0]LogConfig: Setting CVar [[r.VSync:0]]
[2020.07.10-00.45.25:601][  0]LogConfig: Setting CVar [[r.RHICmdBypass:0]]
[2020.07.10-00.45.25:601][  0]LogConfig: Applying CVar settings from Section [/Script/Engine.RendererSettings] File [C:/Users/rikus/Documents/GitHub/slime/slimeking/Saved/Config/Windows/Engine.ini]
[2020.07.10-00.45.25:601][  0]LogConfig: Setting CVar [[r.GPUCrashDebugging:0]]
[2020.07.10-00.45.25:601][  0]LogConfig: Applying CVar settings from Section [/Script/Engine.RendererOverrideSettings] File [C:/Users/rikus/Documents/GitHub/slime/slimeking/Saved/Config/Windows/Engine.ini]
[2020.07.10-00.45.25:601][  0]LogConfig: Applying CVar settings from Section [/Script/Engine.StreamingSettings] File [C:/Users/rikus/Documents/GitHub/slime/slimeking/Saved/Config/Windows/Engine.ini]
[2020.07.10-00.45.25:601][  0]LogConfig: Setting CVar [[s.MinBulkDataSizeForAsyncLoading:131072]]
[2020.07.10-00.45.25:601][  0]LogConfig: Setting CVar [[s.AsyncLoadingThreadEnabled:0]]
[2020.07.10-00.45.25:601][  0]LogConfig: Setting CVar [[s.EventDrivenLoaderEnabled:1]]
[2020.07.10-00.45.25:601][  0]LogConfig: Setting CVar [[s.WarnIfTimeLimitExceeded:0]]
[2020.07.10-00.45.25:601][  0]LogConfig: Setting CVar [[s.TimeLimitExceededMultiplier:1.5]]
[2020.07.10-00.45.25:601][  0]LogConfig: Setting CVar [[s.TimeLimitExceededMinTime:0.005]]
[2020.07.10-00.45.25:601][  0]LogConfig: Setting CVar [[s.UseBackgroundLevelStreaming:1]]
[2020.07.10-00.45.25:601][  0]LogConfig: Setting CVar [[s.PriorityAsyncLoadingExtraTime:15.0]]
[2020.07.10-00.45.25:601][  0]LogConfig: Setting CVar [[s.LevelStreamingActorsUpdateTimeLimit:5.0]]
[2020.07.10-00.45.25:601][  0]LogConfig: Setting CVar [[s.PriorityLevelStreamingActorsUpdateExtraTime:5.0]]
[2020.07.10-00.45.25:601][  0]LogConfig: Setting CVar [[s.LevelStreamingComponentsRegistrationGranularity:10]]
[2020.07.10-00.45.25:601][  0]LogConfig: Setting CVar [[s.UnregisterComponentsTimeLimit:1.0]]
[2020.07.10-00.45.25:601][  0]LogConfig: Setting CVar [[s.LevelStreamingComponentsUnregistrationGranularity:5]]
[2020.07.10-00.45.25:601][  0]LogConfig: Setting CVar [[s.FlushStreamingOnExit:1]]
[2020.07.10-00.45.25:601][  0]LogConfig: Applying CVar settings from Section [/Script/Engine.GarbageCollectionSettings] File [C:/Users/rikus/Documents/GitHub/slime/slimeking/Saved/Config/Windows/Engine.ini]
[2020.07.10-00.45.25:601][  0]LogConfig: Setting CVar [[gc.MaxObjectsNotConsideredByGC:1]]
[2020.07.10-00.45.25:601][  0]LogConfig: Setting CVar [[gc.SizeOfPermanentObjectPool:0]]
[2020.07.10-00.45.25:601][  0]LogConfig: Setting CVar [[gc.FlushStreamingOnGC:0]]
[2020.07.10-00.45.25:601][  0]LogConfig: Setting CVar [[gc.NumRetriesBeforeForcingGC:10]]
[2020.07.10-00.45.25:601][  0]LogConfig: Setting CVar [[gc.AllowParallelGC:1]]
[2020.07.10-00.45.25:601][  0]LogConfig: Setting CVar [[gc.TimeBetweenPurgingPendingKillObjects:61.1]]
[2020.07.10-00.45.25:601][  0]LogConfig: Setting CVar [[gc.MaxObjectsInEditor:25165824]]
[2020.07.10-00.45.25:601][  0]LogConfig: Setting CVar [[gc.IncrementalBeginDestroyEnabled:1]]
[2020.07.10-00.45.25:601][  0]LogConfig: Setting CVar [[gc.CreateGCClusters:1]]
[2020.07.10-00.45.25:601][  0]LogConfig: Setting CVar [[gc.MinGCClusterSize:5]]
[2020.07.10-00.45.25:601][  0]LogConfig: Setting CVar [[gc.ActorClusteringEnabled:0]]
[2020.07.10-00.45.25:601][  0]LogConfig: Setting CVar [[gc.BlueprintClusteringEnabled:0]]
[2020.07.10-00.45.25:601][  0]LogConfig: Setting CVar [[gc.UseDisregardForGCOnDedicatedServers:0]]
[2020.07.10-00.45.25:601][  0]LogConfig: Applying CVar settings from Section [/Script/Engine.NetworkSettings] File [C:/Users/rikus/Documents/GitHub/slime/slimeking/Saved/Config/Windows/Engine.ini]
[2020.07.10-00.45.25:601][  0]LogConfig: Applying CVar settings from Section [/Script/UnrealEd.CookerSettings] File [C:/Users/rikus/Documents/GitHub/slime/slimeking/Saved/Config/Windows/Engine.ini]
[2020.07.10-00.45.25:675][  0]LogConfig: Applying CVar settings from Section [ViewDistanceQuality@3] File [C:/Users/rikus/Documents/GitHub/slime/slimeking/Saved/Config/Windows/Scalability.ini]
[2020.07.10-00.45.25:675][  0]LogConfig: Setting CVar [[r.SkeletalMeshLODBias:0]]
[2020.07.10-00.45.25:675][  0]LogConfig: Setting CVar [[r.ViewDistanceScale:1.0]]
[2020.07.10-00.45.25:675][  0]LogConfig: Applying CVar settings from Section [AntiAliasingQuality@3] File [C:/Users/rikus/Documents/GitHub/slime/slimeking/Saved/Config/Windows/Scalability.ini]
[2020.07.10-00.45.25:675][  0]LogConfig: Setting CVar [[r.PostProcessAAQuality:4]]
[2020.07.10-00.45.25:675][  0]LogConfig: Applying CVar settings from Section [ShadowQuality@3] File [C:/Users/rikus/Documents/GitHub/slime/slimeking/Saved/Config/Windows/Scalability.ini]
[2020.07.10-00.45.25:675][  0]LogConfig: Setting CVar [[r.LightFunctionQuality:1]]
[2020.07.10-00.45.25:675][  0]LogConfig: Setting CVar [[r.ShadowQuality:5]]
[2020.07.10-00.45.25:675][  0]LogConfig: Setting CVar [[r.Shadow.CSM.MaxCascades:10]]
[2020.07.10-00.45.25:675][  0]LogConfig: Setting CVar [[r.Shadow.MaxResolution:2048]]
[2020.07.10-00.45.25:675][  0]LogConfig: Setting CVar [[r.Shadow.MaxCSMResolution:2048]]
[2020.07.10-00.45.25:676][  0]LogConfig: Setting CVar [[r.Shadow.RadiusThreshold:0.01]]
[2020.07.10-00.45.25:676][  0]LogConfig: Setting CVar [[r.Shadow.DistanceScale:1.0]]
[2020.07.10-00.45.25:676][  0]LogConfig: Setting CVar [[r.Shadow.CSM.TransitionScale:1.0]]
[2020.07.10-00.45.25:676][  0]LogConfig: Setting CVar [[r.Shadow.PreShadowResolutionFactor:1.0]]
[2020.07.10-00.45.25:676][  0]LogConfig: Setting CVar [[r.DistanceFieldShadowing:1]]
[2020.07.10-00.45.25:676][  0]LogConfig: Setting CVar [[r.DistanceFieldAO:1]]
[2020.07.10-00.45.25:676][  0]LogConfig: Setting CVar [[r.AOQuality:2]]
[2020.07.10-00.45.25:676][  0]LogConfig: Setting CVar [[r.VolumetricFog:1]]
[2020.07.10-00.45.25:676][  0]LogConfig: Setting CVar [[r.VolumetricFog.GridPixelSize:8]]
[2020.07.10-00.45.25:676][  0]LogConfig: Setting CVar [[r.VolumetricFog.GridSizeZ:128]]
[2020.07.10-00.45.25:676][  0]LogConfig: Setting CVar [[r.VolumetricFog.HistoryMissSupersampleCount:4]]
[2020.07.10-00.45.25:676][  0]LogConfig: Setting CVar [[r.LightMaxDrawDistanceScale:1]]
[2020.07.10-00.45.25:676][  0]LogConfig: Setting CVar [[r.CapsuleShadows:1]]
[2020.07.10-00.45.25:676][  0]LogConfig: Applying CVar settings from Section [PostProcessQuality@3] File [C:/Users/rikus/Documents/GitHub/slime/slimeking/Saved/Config/Windows/Scalability.ini]
[2020.07.10-00.45.25:676][  0]LogConfig: Setting CVar [[r.MotionBlurQuality:4]]
[2020.07.10-00.45.25:676][  0]LogConfig: Setting CVar [[r.AmbientOcclusionMipLevelFactor:0.4]]
[2020.07.10-00.45.25:676][  0]LogConfig: Setting CVar [[r.AmbientOcclusionMaxQuality:100]]
[2020.07.10-00.45.25:676][  0]LogConfig: Setting CVar [[r.AmbientOcclusionLevels:-1]]
[2020.07.10-00.45.25:676][  0]LogConfig: Setting CVar [[r.AmbientOcclusionRadiusScale:1.0]]
[2020.07.10-00.45.25:676][  0]LogConfig: Setting CVar [[r.DepthOfFieldQuality:2]]
[2020.07.10-00.45.25:676][  0]LogConfig: Setting CVar [[r.RenderTargetPoolMin:400]]
[2020.07.10-00.45.25:676][  0]LogConfig: Setting CVar [[r.LensFlareQuality:2]]
[2020.07.10-00.45.25:676][  0]LogConfig: Setting CVar [[r.SceneColorFringeQuality:1]]
[2020.07.10-00.45.25:676][  0]LogConfig: Setting CVar [[r.EyeAdaptationQuality:2]]
[2020.07.10-00.45.25:676][  0]LogConfig: Setting CVar [[r.BloomQuality:5]]
[2020.07.10-00.45.25:676][  0]LogConfig: Setting CVar [[r.FastBlurThreshold:100]]
[2020.07.10-00.45.25:676][  0]LogConfig: Setting CVar [[r.Upscale.Quality:3]]
[2020.07.10-00.45.25:676][  0]LogConfig: Setting CVar [[r.Tonemapper.GrainQuantization:1]]
[2020.07.10-00.45.25:676][  0]LogConfig: Setting CVar [[r.LightShaftQuality:1]]
[2020.07.10-00.45.25:676][  0]LogConfig: Setting CVar [[r.Filter.SizeScale:1]]
[2020.07.10-00.45.25:676][  0]LogConfig: Setting CVar [[r.Tonemapper.Quality:5]]
[2020.07.10-00.45.25:676][  0]LogConfig: Setting CVar [[r.DOF.Gather.AccumulatorQuality:1        ; higher gathering accumulator quality]]
[2020.07.10-00.45.25:676][  0]LogConfig: Setting CVar [[r.DOF.Gather.PostfilterMethod:1          ; Median3x3 postfilering method]]
[2020.07.10-00.45.25:676][  0]LogConfig: Setting CVar [[r.DOF.Gather.EnableBokehSettings:0       ; no bokeh simulation when gathering]]
[2020.07.10-00.45.25:676][  0]LogConfig: Setting CVar [[r.DOF.Gather.RingCount:4                 ; medium number of samples when gathering]]
[2020.07.10-00.45.25:676][  0]LogConfig: Setting CVar [[r.DOF.Scatter.ForegroundCompositing:1    ; additive foreground scattering]]
[2020.07.10-00.45.25:676][  0]LogConfig: Setting CVar [[r.DOF.Scatter.BackgroundCompositing:2    ; additive background scattering]]
[2020.07.10-00.45.25:676][  0]LogConfig: Setting CVar [[r.DOF.Scatter.EnableBokehSettings:1      ; bokeh simulation when scattering]]
[2020.07.10-00.45.25:676][  0]LogConfig: Setting CVar [[r.DOF.Scatter.MaxSpriteRatio:0.1         ; only a maximum of 10% of scattered bokeh]]
[2020.07.10-00.45.25:676][  0]LogConfig: Setting CVar [[r.DOF.Recombine.Quality:1                ; cheap slight out of focus]]
[2020.07.10-00.45.25:676][  0]LogConfig: Setting CVar [[r.DOF.Recombine.EnableBokehSettings:0    ; no bokeh simulation on slight out of focus]]
[2020.07.10-00.45.25:676][  0]LogConfig: Setting CVar [[r.DOF.TemporalAAQuality:1                ; more stable temporal accumulation]]
[2020.07.10-00.45.25:676][  0]LogConfig: Setting CVar [[r.DOF.Kernel.MaxForegroundRadius:0.025]]
[2020.07.10-00.45.25:676][  0]LogConfig: Setting CVar [[r.DOF.Kernel.MaxBackgroundRadius:0.025]]
[2020.07.10-00.45.25:676][  0]LogConfig: Applying CVar settings from Section [TextureQuality@3] File [C:/Users/rikus/Documents/GitHub/slime/slimeking/Saved/Config/Windows/Scalability.ini]
[2020.07.10-00.45.25:676][  0]LogConfig: Setting CVar [[r.Streaming.MipBias:0]]
[2020.07.10-00.45.25:676][  0]LogConfig: Setting CVar [[r.Streaming.AmortizeCPUToGPUCopy:0]]
[2020.07.10-00.45.25:676][  0]LogConfig: Setting CVar [[r.Streaming.MaxNumTexturesToStreamPerFrame:0]]
[2020.07.10-00.45.25:676][  0]LogConfig: Setting CVar [[r.Streaming.Boost:1]]
[2020.07.10-00.45.25:676][  0]LogConfig: Setting CVar [[r.MaxAnisotropy:8]]
[2020.07.10-00.45.25:676][  0]LogConfig: Setting CVar [[r.VT.MaxAnisotropy:8]]
[2020.07.10-00.45.25:676][  0]LogConfig: Setting CVar [[r.Streaming.LimitPoolSizeToVRAM:0]]
[2020.07.10-00.45.25:676][  0]LogConfig: Setting CVar [[r.Streaming.PoolSize:1000]]
[2020.07.10-00.45.25:676][  0]LogConfig: Setting CVar [[r.Streaming.MaxEffectiveScreenSize:0]]
[2020.07.10-00.45.25:676][  0]LogConfig: Applying CVar settings from Section [EffectsQuality@3] File [C:/Users/rikus/Documents/GitHub/slime/slimeking/Saved/Config/Windows/Scalability.ini]
[2020.07.10-00.45.25:676][  0]LogConfig: Setting CVar [[r.TranslucencyLightingVolumeDim:64]]
[2020.07.10-00.45.25:676][  0]LogConfig: Setting CVar [[r.RefractionQuality:2]]
[2020.07.10-00.45.25:676][  0]LogConfig: Setting CVar [[r.SSR.Quality:3]]
[2020.07.10-00.45.25:676][  0]LogConfig: Setting CVar [[r.SSR.HalfResSceneColor:0]]
[2020.07.10-00.45.25:677][  0]LogConfig: Setting CVar [[r.SceneColorFormat:4]]
[2020.07.10-00.45.25:677][  0]LogConfig: Setting CVar [[r.DetailMode:2]]
[2020.07.10-00.45.25:677][  0]LogConfig: Setting CVar [[r.TranslucencyVolumeBlur:1]]
[2020.07.10-00.45.25:677][  0]LogConfig: Setting CVar [[r.MaterialQualityLevel:1 ; High quality]]
[2020.07.10-00.45.25:677][  0]LogConfig: Setting CVar [[r.SSS.Scale:1]]
[2020.07.10-00.45.25:677][  0]LogConfig: Setting CVar [[r.SSS.SampleSet:2]]
[2020.07.10-00.45.25:677][  0]LogConfig: Setting CVar [[r.SSS.Quality:1]]
[2020.07.10-00.45.25:677][  0]LogConfig: Setting CVar [[r.SSS.HalfRes:1]]
[2020.07.10-00.45.25:677][  0]LogConfig: Setting CVar [[r.SSGI.Quality:3]]
[2020.07.10-00.45.25:677][  0]LogConfig: Setting CVar [[r.EmitterSpawnRateScale:1.0]]
[2020.07.10-00.45.25:677][  0]LogConfig: Setting CVar [[r.ParticleLightQuality:2]]
[2020.07.10-00.45.25:677][  0]LogConfig: Setting CVar [[r.SkyAtmosphere.AerialPerspectiveLUT.FastApplyOnOpaque:1 ; Always have FastSkyLUT 1 in this case to avoid wrong sky]]
[2020.07.10-00.45.25:677][  0]LogConfig: Setting CVar [[r.SkyAtmosphere.AerialPerspectiveLUT.SampleCountPerSlice:1]]
[2020.07.10-00.45.25:677][  0]LogConfig: Setting CVar [[r.SkyAtmosphere.AerialPerspectiveLUT.DepthResolution:16.0]]
[2020.07.10-00.45.25:677][  0]LogConfig: Setting CVar [[r.SkyAtmosphere.FastSkyLUT:1]]
[2020.07.10-00.45.25:677][  0]LogConfig: Setting CVar [[r.SkyAtmosphere.FastSkyLUT.SampleCountMin:4.0]]
[2020.07.10-00.45.25:677][  0]LogConfig: Setting CVar [[r.SkyAtmosphere.FastSkyLUT.SampleCountMax:32.0]]
[2020.07.10-00.45.25:677][  0]LogConfig: Setting CVar [[r.SkyAtmosphere.SampleCountMin:4.0]]
[2020.07.10-00.45.25:677][  0]LogConfig: Setting CVar [[r.SkyAtmosphere.SampleCountMax:32.0]]
[2020.07.10-00.45.25:677][  0]LogConfig: Setting CVar [[r.SkyAtmosphere.TransmittanceLUT.UseSmallFormat:0]]
[2020.07.10-00.45.25:677][  0]LogConfig: Setting CVar [[r.SkyAtmosphere.TransmittanceLUT.SampleCount:10.0]]
[2020.07.10-00.45.25:677][  0]LogConfig: Setting CVar [[r.SkyAtmosphere.MultiScatteringLUT.SampleCount:15.0]]
[2020.07.10-00.45.25:677][  0]LogConfig: Applying CVar settings from Section [FoliageQuality@3] File [C:/Users/rikus/Documents/GitHub/slime/slimeking/Saved/Config/Windows/Scalability.ini]
[2020.07.10-00.45.25:677][  0]LogConfig: Setting CVar [[foliage.DensityScale:1.0]]
[2020.07.10-00.45.25:677][  0]LogConfig: Setting CVar [[grass.DensityScale:1.0]]
[2020.07.10-00.45.25:677][  0]LogConfig: Applying CVar settings from Section [ShadingQuality@3] File [C:/Users/rikus/Documents/GitHub/slime/slimeking/Saved/Config/Windows/Scalability.ini]
[2020.07.10-00.45.25:677][  0]LogConfig: Setting CVar [[r.HairStrands.SkyLighting.SampleCount:16]]
[2020.07.10-00.45.25:677][  0]LogConfig: Setting CVar [[r.HairStrands.SkyLighting.JitterIntegration:0]]
[2020.07.10-00.45.25:677][  0]LogConfig: Setting CVar [[r.HairStrands.SkyAO.SampleCount:16]]
[2020.07.10-00.45.25:677][  0]LogInit: Selected Device Profile: [Windows]
[2020.07.10-00.45.25:677][  0]LogInit: Applying CVar settings loaded from the selected device profile: [Windows]
[2020.07.10-00.45.25:681][  0]LogHAL: Display: Platform has ~ 48 GB [51485261824 / 68719476736 / 48], which maps to Largest [LargestMinGB=32, LargerMinGB=12, DefaultMinGB=8, SmallerMinGB=6, SmallestMinGB=0)
[2020.07.10-00.45.25:681][  0]LogInit: Going up to parent DeviceProfile []
[2020.07.10-00.45.25:681][  0]LogConfig: Applying CVar settings from Section [ViewDistanceQuality@3] File [C:/Users/rikus/Documents/GitHub/slime/slimeking/Saved/Config/Windows/Scalability.ini]
[2020.07.10-00.45.25:681][  0]LogConfig: Setting CVar [[r.SkeletalMeshLODBias:0]]
[2020.07.10-00.45.25:681][  0]LogConfig: Setting CVar [[r.ViewDistanceScale:1.0]]
[2020.07.10-00.45.25:681][  0]LogConfig: Applying CVar settings from Section [AntiAliasingQuality@3] File [C:/Users/rikus/Documents/GitHub/slime/slimeking/Saved/Config/Windows/Scalability.ini]
[2020.07.10-00.45.25:681][  0]LogConfig: Setting CVar [[r.PostProcessAAQuality:4]]
[2020.07.10-00.45.25:681][  0]LogConfig: Applying CVar settings from Section [ShadowQuality@3] File [C:/Users/rikus/Documents/GitHub/slime/slimeking/Saved/Config/Windows/Scalability.ini]
[2020.07.10-00.45.25:681][  0]LogConfig: Setting CVar [[r.LightFunctionQuality:1]]
[2020.07.10-00.45.25:681][  0]LogConfig: Setting CVar [[r.ShadowQuality:5]]
[2020.07.10-00.45.25:681][  0]LogConfig: Setting CVar [[r.Shadow.CSM.MaxCascades:10]]
[2020.07.10-00.45.25:681][  0]LogConfig: Setting CVar [[r.Shadow.MaxResolution:2048]]
[2020.07.10-00.45.25:681][  0]LogConfig: Setting CVar [[r.Shadow.MaxCSMResolution:2048]]
[2020.07.10-00.45.25:681][  0]LogConfig: Setting CVar [[r.Shadow.RadiusThreshold:0.01]]
[2020.07.10-00.45.25:681][  0]LogConfig: Setting CVar [[r.Shadow.DistanceScale:1.0]]
[2020.07.10-00.45.25:681][  0]LogConfig: Setting CVar [[r.Shadow.CSM.TransitionScale:1.0]]
[2020.07.10-00.45.25:682][  0]LogConfig: Setting CVar [[r.Shadow.PreShadowResolutionFactor:1.0]]
[2020.07.10-00.45.25:682][  0]LogConfig: Setting CVar [[r.DistanceFieldShadowing:1]]
[2020.07.10-00.45.25:682][  0]LogConfig: Setting CVar [[r.DistanceFieldAO:1]]
[2020.07.10-00.45.25:682][  0]LogConfig: Setting CVar [[r.AOQuality:2]]
[2020.07.10-00.45.25:682][  0]LogConfig: Setting CVar [[r.VolumetricFog:1]]
[2020.07.10-00.45.25:682][  0]LogConfig: Setting CVar [[r.VolumetricFog.GridPixelSize:8]]
[2020.07.10-00.45.25:682][  0]LogConfig: Setting CVar [[r.VolumetricFog.GridSizeZ:128]]
[2020.07.10-00.45.25:682][  0]LogConfig: Setting CVar [[r.VolumetricFog.HistoryMissSupersampleCount:4]]
[2020.07.10-00.45.25:682][  0]LogConfig: Setting CVar [[r.LightMaxDrawDistanceScale:1]]
[2020.07.10-00.45.25:682][  0]LogConfig: Setting CVar [[r.CapsuleShadows:1]]
[2020.07.10-00.45.25:682][  0]LogConfig: Applying CVar settings from Section [PostProcessQuality@3] File [C:/Users/rikus/Documents/GitHub/slime/slimeking/Saved/Config/Windows/Scalability.ini]
[2020.07.10-00.45.25:682][  0]LogConfig: Setting CVar [[r.MotionBlurQuality:4]]
[2020.07.10-00.45.25:682][  0]LogConfig: Setting CVar [[r.AmbientOcclusionMipLevelFactor:0.4]]
[2020.07.10-00.45.25:682][  0]LogConfig: Setting CVar [[r.AmbientOcclusionMaxQuality:100]]
[2020.07.10-00.45.25:682][  0]LogConfig: Setting CVar [[r.AmbientOcclusionLevels:-1]]
[2020.07.10-00.45.25:682][  0]LogConfig: Setting CVar [[r.AmbientOcclusionRadiusScale:1.0]]
[2020.07.10-00.45.25:682][  0]LogConfig: Setting CVar [[r.DepthOfFieldQuality:2]]
[2020.07.10-00.45.25:682][  0]LogConfig: Setting CVar [[r.RenderTargetPoolMin:400]]
[2020.07.10-00.45.25:682][  0]LogConfig: Setting CVar [[r.LensFlareQuality:2]]
[2020.07.10-00.45.25:682][  0]LogConfig: Setting CVar [[r.SceneColorFringeQuality:1]]
[2020.07.10-00.45.25:682][  0]LogConfig: Setting CVar [[r.EyeAdaptationQuality:2]]
[2020.07.10-00.45.25:682][  0]LogConfig: Setting CVar [[r.BloomQuality:5]]
[2020.07.10-00.45.25:682][  0]LogConfig: Setting CVar [[r.FastBlurThreshold:100]]
[2020.07.10-00.45.25:682][  0]LogConfig: Setting CVar [[r.Upscale.Quality:3]]
[2020.07.10-00.45.25:682][  0]LogConfig: Setting CVar [[r.Tonemapper.GrainQuantization:1]]
[2020.07.10-00.45.25:682][  0]LogConfig: Setting CVar [[r.LightShaftQuality:1]]
[2020.07.10-00.45.25:682][  0]LogConfig: Setting CVar [[r.Filter.SizeScale:1]]
[2020.07.10-00.45.25:682][  0]LogConfig: Setting CVar [[r.Tonemapper.Quality:5]]
[2020.07.10-00.45.25:682][  0]LogConfig: Setting CVar [[r.DOF.Gather.AccumulatorQuality:1        ; higher gathering accumulator quality]]
[2020.07.10-00.45.25:682][  0]LogConfig: Setting CVar [[r.DOF.Gather.PostfilterMethod:1          ; Median3x3 postfilering method]]
[2020.07.10-00.45.25:682][  0]LogConfig: Setting CVar [[r.DOF.Gather.EnableBokehSettings:0       ; no bokeh simulation when gathering]]
[2020.07.10-00.45.25:682][  0]LogConfig: Setting CVar [[r.DOF.Gather.RingCount:4                 ; medium number of samples when gathering]]
[2020.07.10-00.45.25:682][  0]LogConfig: Setting CVar [[r.DOF.Scatter.ForegroundCompositing:1    ; additive foreground scattering]]
[2020.07.10-00.45.25:682][  0]LogConfig: Setting CVar [[r.DOF.Scatter.BackgroundCompositing:2    ; additive background scattering]]
[2020.07.10-00.45.25:682][  0]LogConfig: Setting CVar [[r.DOF.Scatter.EnableBokehSettings:1      ; bokeh simulation when scattering]]
[2020.07.10-00.45.25:682][  0]LogConfig: Setting CVar [[r.DOF.Scatter.MaxSpriteRatio:0.1         ; only a maximum of 10% of scattered bokeh]]
[2020.07.10-00.45.25:682][  0]LogConfig: Setting CVar [[r.DOF.Recombine.Quality:1                ; cheap slight out of focus]]
[2020.07.10-00.45.25:682][  0]LogConfig: Setting CVar [[r.DOF.Recombine.EnableBokehSettings:0    ; no bokeh simulation on slight out of focus]]
[2020.07.10-00.45.25:682][  0]LogConfig: Setting CVar [[r.DOF.TemporalAAQuality:1                ; more stable temporal accumulation]]
[2020.07.10-00.45.25:682][  0]LogConfig: Setting CVar [[r.DOF.Kernel.MaxForegroundRadius:0.025]]
[2020.07.10-00.45.25:682][  0]LogConfig: Setting CVar [[r.DOF.Kernel.MaxBackgroundRadius:0.025]]
[2020.07.10-00.45.25:682][  0]LogConfig: Applying CVar settings from Section [TextureQuality@3] File [C:/Users/rikus/Documents/GitHub/slime/slimeking/Saved/Config/Windows/Scalability.ini]
[2020.07.10-00.45.25:682][  0]LogConfig: Setting CVar [[r.Streaming.MipBias:0]]
[2020.07.10-00.45.25:682][  0]LogConfig: Setting CVar [[r.Streaming.AmortizeCPUToGPUCopy:0]]
[2020.07.10-00.45.25:682][  0]LogConfig: Setting CVar [[r.Streaming.MaxNumTexturesToStreamPerFrame:0]]
[2020.07.10-00.45.25:682][  0]LogConfig: Setting CVar [[r.Streaming.Boost:1]]
[2020.07.10-00.45.25:682][  0]LogConfig: Setting CVar [[r.MaxAnisotropy:8]]
[2020.07.10-00.45.25:682][  0]LogConfig: Setting CVar [[r.VT.MaxAnisotropy:8]]
[2020.07.10-00.45.25:682][  0]LogConfig: Setting CVar [[r.Streaming.LimitPoolSizeToVRAM:0]]
[2020.07.10-00.45.25:682][  0]LogConfig: Setting CVar [[r.Streaming.PoolSize:1000]]
[2020.07.10-00.45.25:682][  0]LogConfig: Setting CVar [[r.Streaming.MaxEffectiveScreenSize:0]]
[2020.07.10-00.45.25:682][  0]LogConfig: Applying CVar settings from Section [EffectsQuality@3] File [C:/Users/rikus/Documents/GitHub/slime/slimeking/Saved/Config/Windows/Scalability.ini]
[2020.07.10-00.45.25:682][  0]LogConfig: Setting CVar [[r.TranslucencyLightingVolumeDim:64]]
[2020.07.10-00.45.25:682][  0]LogConfig: Setting CVar [[r.RefractionQuality:2]]
[2020.07.10-00.45.25:682][  0]LogConfig: Setting CVar [[r.SSR.Quality:3]]
[2020.07.10-00.45.25:682][  0]LogConfig: Setting CVar [[r.SSR.HalfResSceneColor:0]]
[2020.07.10-00.45.25:682][  0]LogConfig: Setting CVar [[r.SceneColorFormat:4]]
[2020.07.10-00.45.25:682][  0]LogConfig: Setting CVar [[r.DetailMode:2]]
[2020.07.10-00.45.25:682][  0]LogConfig: Setting CVar [[r.TranslucencyVolumeBlur:1]]
[2020.07.10-00.45.25:682][  0]LogConfig: Setting CVar [[r.MaterialQualityLevel:1 ; High quality]]
[2020.07.10-00.45.25:683][  0]LogConfig: Setting CVar [[r.SSS.Scale:1]]
[2020.07.10-00.45.25:683][  0]LogConfig: Setting CVar [[r.SSS.SampleSet:2]]
[2020.07.10-00.45.25:683][  0]LogConfig: Setting CVar [[r.SSS.Quality:1]]
[2020.07.10-00.45.25:683][  0]LogConfig: Setting CVar [[r.SSS.HalfRes:1]]
[2020.07.10-00.45.25:683][  0]LogConfig: Setting CVar [[r.SSGI.Quality:3]]
[2020.07.10-00.45.25:683][  0]LogConfig: Setting CVar [[r.EmitterSpawnRateScale:1.0]]
[2020.07.10-00.45.25:683][  0]LogConfig: Setting CVar [[r.ParticleLightQuality:2]]
[2020.07.10-00.45.25:683][  0]LogConfig: Setting CVar [[r.SkyAtmosphere.AerialPerspectiveLUT.FastApplyOnOpaque:1 ; Always have FastSkyLUT 1 in this case to avoid wrong sky]]
[2020.07.10-00.45.25:683][  0]LogConfig: Setting CVar [[r.SkyAtmosphere.AerialPerspectiveLUT.SampleCountPerSlice:1]]
[2020.07.10-00.45.25:683][  0]LogConfig: Setting CVar [[r.SkyAtmosphere.AerialPerspectiveLUT.DepthResolution:16.0]]
[2020.07.10-00.45.25:683][  0]LogConfig: Setting CVar [[r.SkyAtmosphere.FastSkyLUT:1]]
[2020.07.10-00.45.25:683][  0]LogConfig: Setting CVar [[r.SkyAtmosphere.FastSkyLUT.SampleCountMin:4.0]]
[2020.07.10-00.45.25:683][  0]LogConfig: Setting CVar [[r.SkyAtmosphere.FastSkyLUT.SampleCountMax:32.0]]
[2020.07.10-00.45.25:683][  0]LogConfig: Setting CVar [[r.SkyAtmosphere.SampleCountMin:4.0]]
[2020.07.10-00.45.25:683][  0]LogConfig: Setting CVar [[r.SkyAtmosphere.SampleCountMax:32.0]]
[2020.07.10-00.45.25:683][  0]LogConfig: Setting CVar [[r.SkyAtmosphere.TransmittanceLUT.UseSmallFormat:0]]
[2020.07.10-00.45.25:683][  0]LogConfig: Setting CVar [[r.SkyAtmosphere.TransmittanceLUT.SampleCount:10.0]]
[2020.07.10-00.45.25:683][  0]LogConfig: Setting CVar [[r.SkyAtmosphere.MultiScatteringLUT.SampleCount:15.0]]
[2020.07.10-00.45.25:683][  0]LogConfig: Applying CVar settings from Section [FoliageQuality@3] File [C:/Users/rikus/Documents/GitHub/slime/slimeking/Saved/Config/Windows/Scalability.ini]
[2020.07.10-00.45.25:683][  0]LogConfig: Setting CVar [[foliage.DensityScale:1.0]]
[2020.07.10-00.45.25:683][  0]LogConfig: Setting CVar [[grass.DensityScale:1.0]]
[2020.07.10-00.45.25:683][  0]LogConfig: Applying CVar settings from Section [ShadingQuality@3] File [C:/Users/rikus/Documents/GitHub/slime/slimeking/Saved/Config/Windows/Scalability.ini]
[2020.07.10-00.45.25:683][  0]LogConfig: Setting CVar [[r.HairStrands.SkyLighting.SampleCount:16]]
[2020.07.10-00.45.25:683][  0]LogConfig: Setting CVar [[r.HairStrands.SkyLighting.JitterIntegration:0]]
[2020.07.10-00.45.25:683][  0]LogConfig: Setting CVar [[r.HairStrands.SkyAO.SampleCount:16]]
[2020.07.10-00.45.25:683][  0]LogConfig: Applying CVar settings from Section [Startup] File [../../../Engine/Config/ConsoleVariables.ini]
[2020.07.10-00.45.25:683][  0]LogConfig: Setting CVar [[net.UseAdaptiveNetUpdateFrequency:0]]
[2020.07.10-00.45.25:683][  0]LogConfig: Setting CVar [[p.chaos.AllowCreatePhysxBodies:1]]
[2020.07.10-00.45.25:683][  0]LogConfig: Applying CVar settings from Section [ConsoleVariables] File [C:/Users/rikus/Documents/GitHub/slime/slimeking/Saved/Config/Windows/Engine.ini]
[2020.07.10-00.45.25:683][  0]LogInit: Computer: YUKIE-1
[2020.07.10-00.45.25:683][  0]LogInit: User: rikus
[2020.07.10-00.45.25:683][  0]LogInit: CPU Page size=4096, Cores=8
[2020.07.10-00.45.25:683][  0]LogInit: High frequency timer resolution =10.000000 MHz
[2020.07.10-00.45.25:684][  0]LogMemory: Memory total: Physical=47.9GB (48GB approx)
[2020.07.10-00.45.25:684][  0]LogMemory: Platform Memory Stats for Windows
[2020.07.10-00.45.25:684][  0]LogMemory: Process Physical Memory: 107.75 MB used, 107.76 MB peak
[2020.07.10-00.45.25:684][  0]LogMemory: Process Virtual Memory: 102.57 MB used, 102.57 MB peak
[2020.07.10-00.45.25:684][  0]LogMemory: Physical Memory: 18542.13 MB used,  30558.05 MB free, 49100.17 MB total
[2020.07.10-00.45.25:684][  0]LogMemory: Virtual Memory: 5179.40 MB used,  134212552.00 MB free, 134217728.00 MB total
[2020.07.10-00.45.25:699][  0]LogWindows: WindowsPlatformFeatures enabled
[2020.07.10-00.45.25:715][  0]LogInit: Using OS detected language (ja-JP).
[2020.07.10-00.45.25:715][  0]LogInit: Using OS detected locale (ja-JP).
[2020.07.10-00.45.25:716][  0]LogTextLocalizationManager: No specific localization for 'ja-JP' exists, so the 'ja' localization will be used.
[2020.07.10-00.45.25:797][  0]LogInit: Setting process to per monitor DPI aware
[2020.07.10-00.45.25:950][  0]LogSlate: New Slate User Created.  User Index 0, Is Virtual User: 0
[2020.07.10-00.45.25:950][  0]LogSlate: Slate User Registered.  User Index 0, Is Virtual User: 0
[2020.07.10-00.45.26:235][  0]LogHMD: Failed to initialize OpenVR with code 126
[2020.07.10-00.45.26:235][  0]LogD3D11RHI: D3D11 min allowed feature level: 11_0
[2020.07.10-00.45.26:235][  0]LogD3D11RHI: D3D11 max allowed feature level: 11_0
[2020.07.10-00.45.26:235][  0]LogD3D11RHI: D3D11 adapters:
[2020.07.10-00.45.26:284][  0]LogD3D11RHI:    0. 'Radeon RX 580 Series' (Feature Level 11_0)
[2020.07.10-00.45.26:284][  0]LogD3D11RHI:       8171/0/24550 MB DedicatedVideo/DedicatedSystem/SharedSystem, Outputs:5, VendorId:0x1002
[2020.07.10-00.45.26:287][  0]LogD3D11RHI:    1. 'Microsoft Basic Render Driver' (Feature Level 11_0)
[2020.07.10-00.45.26:287][  0]LogD3D11RHI:       0/0/24550 MB DedicatedVideo/DedicatedSystem/SharedSystem, Outputs:0, VendorId:0x1414
[2020.07.10-00.45.26:287][  0]LogD3D11RHI: Chosen D3D11 Adapter: 0
[2020.07.10-00.45.26:301][  0]LogD3D11RHI: Creating new Direct3DDevice
[2020.07.10-00.45.26:301][  0]LogD3D11RHI:     GPU DeviceId: 0x67df (for the marketing name, search the web for "GPU Device Id")
[2020.07.10-00.45.26:301][  0]LogWindows: EnumDisplayDevices:
[2020.07.10-00.45.26:301][  0]LogWindows:    0. 'Radeon RX 580 Series' (P:1 D:1)
[2020.07.10-00.45.26:301][  0]LogWindows:    1. 'Radeon RX 580 Series' (P:0 D:1)
[2020.07.10-00.45.26:302][  0]LogWindows:    2. 'Radeon RX 580 Series' (P:0 D:1)
[2020.07.10-00.45.26:302][  0]LogWindows:    3. 'Radeon RX 580 Series' (P:0 D:1)
[2020.07.10-00.45.26:303][  0]LogWindows:    4. 'Radeon RX 580 Series' (P:0 D:1)
[2020.07.10-00.45.26:303][  0]LogWindows:    5. 'Radeon RX 580 Series' (P:0 D:0)
[2020.07.10-00.45.26:303][  0]LogWindows:    6. 'Radeon RX 580 Series' (P:0 D:0)
[2020.07.10-00.45.26:304][  0]LogWindows:    7. 'Radeon RX 580 Series' (P:0 D:0)
[2020.07.10-00.45.26:304][  0]LogWindows: DebugString: FoundDriverCount:8 
[2020.07.10-00.45.26:304][  0]LogD3D11RHI:     Adapter Name: Radeon RX 580 Series
[2020.07.10-00.45.26:304][  0]LogD3D11RHI:   Driver Version: Adrenalin 2019 19.12.1 (internal:26.20.13031.20012, unified:26.20.13031.20012)
[2020.07.10-00.45.26:304][  0]LogD3D11RHI:      Driver Date: 11-26-2019
[2020.07.10-00.45.26:304][  0]LogRHI: Texture pool is 5720 MB (70% of 8171 MB)
[2020.07.10-00.45.26:453][  0]LogD3D11RHI: RHI does not have support for 64 bit atomics
[2020.07.10-00.45.26:453][  0]LogD3D11RHI: Async texture creation enabled
[2020.07.10-00.45.26:465][  0]LogD3D11RHI: GPU Timing Frequency: 25.000000 (Debug: 2 1)
[2020.07.10-00.45.26:848][  0]LogTargetPlatformManager: Display: Loaded TargetPlatform 'AllDesktop'
[2020.07.10-00.45.26:889][  0]LogTargetPlatformManager: Display: Loaded TargetPlatform 'Android'
[2020.07.10-00.45.26:889][  0]LogTargetPlatformManager: Display: Loaded TargetPlatform 'Android_ASTC'
[2020.07.10-00.45.26:889][  0]LogTargetPlatformManager: Display: Loaded TargetPlatform 'Android_ATC'
[2020.07.10-00.45.26:889][  0]LogTargetPlatformManager: Display: Loaded TargetPlatform 'Android_DXT'
[2020.07.10-00.45.26:889][  0]LogTargetPlatformManager: Display: Loaded TargetPlatform 'Android_ETC1'
[2020.07.10-00.45.26:889][  0]LogTargetPlatformManager: Display: Loaded TargetPlatform 'Android_ETC1a'
[2020.07.10-00.45.26:889][  0]LogTargetPlatformManager: Display: Loaded TargetPlatform 'Android_ETC2'
[2020.07.10-00.45.26:890][  0]LogTargetPlatformManager: Display: Loaded TargetPlatform 'Android_PVRTC'
[2020.07.10-00.45.26:890][  0]LogTargetPlatformManager: Display: Loaded TargetPlatform 'AndroidClient'
[2020.07.10-00.45.26:890][  0]LogTargetPlatformManager: Display: Loaded TargetPlatform 'Android_ASTCClient'
[2020.07.10-00.45.26:890][  0]LogTargetPlatformManager: Display: Loaded TargetPlatform 'Android_ATCClient'
[2020.07.10-00.45.26:890][  0]LogTargetPlatformManager: Display: Loaded TargetPlatform 'Android_DXTClient'
[2020.07.10-00.45.26:890][  0]LogTargetPlatformManager: Display: Loaded TargetPlatform 'Android_ETC1Client'
[2020.07.10-00.45.26:890][  0]LogTargetPlatformManager: Display: Loaded TargetPlatform 'Android_ETC1aClient'
[2020.07.10-00.45.26:890][  0]LogTargetPlatformManager: Display: Loaded TargetPlatform 'Android_ETC2Client'
[2020.07.10-00.45.26:890][  0]LogTargetPlatformManager: Display: Loaded TargetPlatform 'Android_PVRTCClient'
[2020.07.10-00.45.26:890][  0]LogTargetPlatformManager: Display: Loaded TargetPlatform 'Android_Multi'
[2020.07.10-00.45.26:890][  0]LogTargetPlatformManager: Display: Loaded TargetPlatform 'Android_MultiClient'
[2020.07.10-00.45.26:914][  0]LogTargetPlatformManager: Display: Loaded TargetPlatform 'IOSClient'
[2020.07.10-00.45.26:914][  0]LogTargetPlatformManager: Display: Loaded TargetPlatform 'IOS'
[2020.07.10-00.45.26:922][  0]LogTargetPlatformManager: Display: Loaded TargetPlatform 'LinuxNoEditor'
[2020.07.10-00.45.26:931][  0]LogTargetPlatformManager: Display: Loaded TargetPlatform 'LinuxClient'
[2020.07.10-00.45.26:940][  0]LogTargetPlatformManager: Display: Loaded TargetPlatform 'LinuxServer'
[2020.07.10-00.45.26:949][  0]LogTargetPlatformManager: Display: Loaded TargetPlatform 'LinuxAArch64NoEditor'
[2020.07.10-00.45.26:958][  0]LogTargetPlatformManager: Display: Loaded TargetPlatform 'LinuxAArch64Client'
[2020.07.10-00.45.26:967][  0]LogTargetPlatformManager: Display: Loaded TargetPlatform 'LinuxAArch64Server'
[2020.07.10-00.45.26:998][  0]LogTargetPlatformManager: Display: Loaded TargetPlatform 'Lumin'
[2020.07.10-00.45.26:998][  0]LogTargetPlatformManager: Display: Loaded TargetPlatform 'LuminClient'
[2020.07.10-00.45.27:016][  0]LogTargetPlatformManager: Display: Loaded TargetPlatform 'TVOSClient'
[2020.07.10-00.45.27:016][  0]LogTargetPlatformManager: Display: Loaded TargetPlatform 'TVOS'
[2020.07.10-00.45.27:025][  0]LogTargetPlatformManager: Display: Loaded TargetPlatform 'WindowsNoEditor'
[2020.07.10-00.45.27:044][  0]LogTargetPlatformManager: Display: Loaded TargetPlatform 'Windows'
[2020.07.10-00.45.27:053][  0]LogTargetPlatformManager: Display: Loaded TargetPlatform 'WindowsClient'
[2020.07.10-00.45.27:062][  0]LogTargetPlatformManager: Display: Loaded TargetPlatform 'WindowsServer'
[2020.07.10-00.45.27:062][  0]LogTargetPlatformManager: Display: Building Assets For Windows
[2020.07.10-00.45.27:065][  0]LogAudioDebug: Display: Lib vorbis DLL was dynamically loaded.
[2020.07.10-00.45.27:091][  0]LogShaderCompilers: Guid format shader working directory is -17 characters bigger than the processId version (../../../../../../Users/rikus/Documents/GitHub/slime/slimeking/Intermediate/Shaders/WorkingDirectory/24052/).
[2020.07.10-00.45.27:091][  0]LogShaderCompilers: Cleaned the shader compiler working directory 'C:/Users/rikus/AppData/Local/Temp/UnrealShaderWorkingDir/5D958884416A3586CEB4A3881CA3628C/'.
[2020.07.10-00.45.27:092][  0]LogXGEController: Cannot use XGE Controller as Incredibuild is not installed on this machine.
[2020.07.10-00.45.27:092][  0]LogShaderCompilers: Cannot use XGE Shader Compiler as Incredibuild is not installed on this machine.
[2020.07.10-00.45.27:092][  0]LogShaderCompilers: Display: Using Local Shader Compiler.
[2020.07.10-00.45.28:041][  0]LogDerivedDataCache: Display: Max Cache Size: 512 MB
[2020.07.10-00.45.28:106][  0]LogDerivedDataCache: Loaded boot cache 0.06s 78MB C:/Users/rikus/AppData/Local/UnrealEngine/4.24/DerivedDataCache/Boot.ddc.
[2020.07.10-00.45.28:106][  0]LogDerivedDataCache: Display: Loaded Boot cache: C:/Users/rikus/AppData/Local/UnrealEngine/4.24/DerivedDataCache/Boot.ddc
[2020.07.10-00.45.28:106][  0]LogDerivedDataCache: FDerivedDataBackendGraph:  Pak pak cache file ../../../../../../Users/rikus/Documents/GitHub/slime/slimeking/DerivedDataCache/DDC.ddp not found, will not use a pak cache.
[2020.07.10-00.45.28:106][  0]LogDerivedDataCache: Unable to find inner node Pak for hierarchical cache Hierarchy.
[2020.07.10-00.45.28:106][  0]LogDerivedDataCache: FDerivedDataBackendGraph:  CompressedPak pak cache file ../../../../../../Users/rikus/Documents/GitHub/slime/slimeking/DerivedDataCache/Compressed.ddp not found, will not use a pak cache.
[2020.07.10-00.45.28:106][  0]LogDerivedDataCache: Unable to find inner node CompressedPak for hierarchical cache Hierarchy.
[2020.07.10-00.45.28:119][  0]LogDerivedDataCache: Display: Pak cache opened for reading ../../../Engine/DerivedDataCache/Compressed.ddp.
[2020.07.10-00.45.28:119][  0]LogDerivedDataCache: FDerivedDataBackendGraph:  EnterprisePak pak cache file ../../../Enterprise/DerivedDataCache/Compressed.ddp not found, will not use a pak cache.
[2020.07.10-00.45.28:119][  0]LogDerivedDataCache: Unable to find inner node EnterprisePak for hierarchical cache Hierarchy.
[2020.07.10-00.45.28:121][  0]LogDerivedDataCache: Using Local data cache path C:/Users/rikus/AppData/Local/UnrealEngine/Common/DerivedDataCache: Writable
[2020.07.10-00.45.28:121][  0]LogDerivedDataCache: Shared data cache path not found in *engine.ini, will not use an Shared cache.
[2020.07.10-00.45.28:122][  0]LogDerivedDataCache: Unable to find inner node Shared for hierarchical cache Hierarchy.
[2020.07.10-00.45.28:156][  0]LogMaterial: Verifying Global Shaders for PCD3D_SM5
[2020.07.10-00.45.28:160][  0]LogSlate: Using FreeType 2.10.0
[2020.07.10-00.45.28:160][  0]LogSlate: SlateFontServices - WITH_FREETYPE: 1, WITH_HARFBUZZ: 1
[2020.07.10-00.45.28:224][  0]LogAssetRegistry: FAssetRegistry took 0.0032 seconds to start up
[2020.07.10-00.45.28:628][  0]LogInit: Selected Device Profile: [Windows]
[2020.07.10-00.45.28:814][  0]LogMeshReduction: Using QuadricMeshReduction for automatic static mesh reduction
[2020.07.10-00.45.28:814][  0]LogMeshReduction: Using SimplygonMeshReduction for automatic skeletal mesh reduction
[2020.07.10-00.45.28:814][  0]LogMeshReduction: Using ProxyLODMeshReduction for automatic mesh merging
[2020.07.10-00.45.28:814][  0]LogMeshReduction: No distributed automatic mesh merging module available
[2020.07.10-00.45.28:814][  0]LogMeshMerging: No distributed automatic mesh merging module available
[2020.07.10-00.45.28:899][  0]LogNetVersion: SlimeKing 1.0.0, NetCL: 10570792, EngineNetVer: 13, GameNetVer: 0 (Checksum: 3537062741)
[2020.07.10-00.45.30:164][  0]LogPackageLocalizationCache: Processed 10 localized package path(s) for 1 prioritized culture(s) in 0.067125 seconds
[2020.07.10-00.45.30:174][  0]LogUObjectArray: 46750 objects as part of root set at end of initial load.
[2020.07.10-00.45.30:175][  0]LogUObjectAllocator: 8137160 out of 0 bytes used by permanent object pool.
[2020.07.10-00.45.30:175][  0]LogUObjectArray: CloseDisregardForGC: 0/0 objects in disregard for GC pool
[2020.07.10-00.45.30:693][  0]LogTcpMessaging: Initializing TcpMessaging bridge
[2020.07.10-00.45.30:696][  0]LogUdpMessaging: Initializing bridge on interface 0.0.0.0:0 to multicast group 230.0.0.1:6666.
[2020.07.10-00.45.30:761][  0]LogStats: UGameplayTagsManager::InitializeManager -  0.000 s
[2020.07.10-00.45.30:847][  0]SourceControl: ソースコントロールは無効です
[2020.07.10-00.45.30:847][  0]SourceControl: ソースコントロールは無効です
[2020.07.10-00.45.30:848][  0]SourceControl: ソースコントロールは無効です
[2020.07.10-00.45.30:849][  0]SourceControl: ソースコントロールは無効です
[2020.07.10-00.45.30:850][  0]SourceControl: ソースコントロールは無効です
[2020.07.10-00.45.30:944][  0]LogAndroidPermission: UAndroidPermissionCallbackProxy::GetInstance
[2020.07.10-00.45.30:957][  0]LogAudioCaptureCore: Display: No Audio Capture implementations found. Audio input will be silent.
[2020.07.10-00.45.30:957][  0]LogAudioCaptureCore: Display: No Audio Capture implementations found. Audio input will be silent.
[2020.07.10-00.45.31:066][  0]LogOcInput: OculusInput pre-init called
[2020.07.10-00.45.31:074][  0]LogWindows: Failed to load 'OVRPlugin.dll' (GetLastError=126)
[2020.07.10-00.45.31:074][  0]LogWindows: File 'OVRPlugin.dll' does not exist
[2020.07.10-00.45.31:162][  0]LogEngine: Initializing Engine...
[2020.07.10-00.45.31:234][  0]LogHMD: Failed to initialize OpenVR with code 108
[2020.07.10-00.45.31:663][  0]LogInit: Initializing FReadOnlyCVARCache
[2020.07.10-00.45.31:670][  0]LogAIModule: Creating AISystem for world Untitled
[2020.07.10-00.45.31:685][  0]LogAudioMixer: Display: Audio Mixer Platform Settings:
[2020.07.10-00.45.31:685][  0]LogAudioMixer: Display: 	Sample Rate:						  48000
[2020.07.10-00.45.31:685][  0]LogAudioMixer: Display: 	Callback Buffer Frame Size Requested: 256
[2020.07.10-00.45.31:685][  0]LogAudioMixer: Display: 	Callback Buffer Frame Size To Use:	  256
[2020.07.10-00.45.31:685][  0]LogAudioMixer: Display: 	Number of buffers to queue:			  7
[2020.07.10-00.45.31:685][  0]LogAudioMixer: Display: 	Max Channels (voices):				  32
[2020.07.10-00.45.31:685][  0]LogAudioMixer: Display: 	Number of Async Source Workers:		  0
[2020.07.10-00.45.31:685][  0]LogAudio: Display: AudioDevice MaxSources: 32
[2020.07.10-00.45.31:685][  0]LogAudio: Display: Using built-in audio occlusion.
[2020.07.10-00.45.31:685][  0]LogAudioMixer: Display: Initializing audio mixer.
[2020.07.10-00.45.31:752][  0]LogAudioMixer: Display: Audio Device Output Speaker Info:
[2020.07.10-00.45.31:752][  0]LogAudioMixer: Display: Name: ライン (MG-XU)
[2020.07.10-00.45.31:752][  0]LogAudioMixer: Display: Is Default: Yes
[2020.07.10-00.45.31:752][  0]LogAudioMixer: Display: Sample Rate: 44100
[2020.07.10-00.45.31:752][  0]LogAudioMixer: Display: Channel Count Used: 2
[2020.07.10-00.45.31:752][  0]LogAudioMixer: Display: Device Channel Count: 2
[2020.07.10-00.45.31:752][  0]LogAudioMixer: Display: Channel Order:
[2020.07.10-00.45.31:752][  0]LogAudioMixer: Display: 0: FrontLeft
[2020.07.10-00.45.31:752][  0]LogAudioMixer: Display: 1: FrontRight
[2020.07.10-00.45.31:774][  0]LogAudioMixer: Display: Using Audio Device ライン (MG-XU)
[2020.07.10-00.45.31:779][  0]LogInit: FAudioDevice initialized.
[2020.07.10-00.45.31:779][  0]LogNetVersion: Set ProjectVersion to 1.0.0.0. Version Checksum will be recalculated on next use.
[2020.07.10-00.45.31:848][  0]LogDerivedDataCache: Saved boot cache 0.07s 78MB C:/Users/rikus/AppData/Local/UnrealEngine/4.24/DerivedDataCache/Boot.ddc.
[2020.07.10-00.45.31:850][  0]LogInit: Texture streaming: Enabled
[2020.07.10-00.45.31:863][  0]LogEngineSessionManager: EngineSessionManager initialized
[2020.07.10-00.45.31:863][  0]LogEditorSessionSummary: Verbose: Initializing EditorSessionSummaryWriter for editor session tracking
[2020.07.10-00.45.31:865][  0]LogEditorSessionSummary: EditorSessionSummaryWriter initialized
[2020.07.10-00.45.31:924][  0]LogInit: Transaction tracking system initialized
[2020.07.10-00.45.31:935][  0]BlueprintLog: New page: エディタの読み込み
[2020.07.10-00.45.31:972][  0]LocalizationService: ローカライズのサービスが無効になりました
[2020.07.10-00.45.32:372][  0]LogFileCache: Scanning file cache for directory 'C:/Users/rikus/Documents/GitHub/slime/slimeking/Content/' took 0.01s
[2020.07.10-00.45.32:372][  0]LogCook: Display: Max memory allowance for cook 16384mb min free memory 0mb
[2020.07.10-00.45.32:372][  0]LogCook: Display: Mobile HDR setting 1
[2020.07.10-00.45.32:384][  0]LogStats: FGameplayAbilitiesEditorModule::GameplayTagTreeChanged -  0.000 s
[2020.07.10-00.45.33:117][  0]SourceControl: ソースコントロールは無効です
[2020.07.10-00.45.33:117][  0]Cmd: MAP LOAD FILE="../../../../../../Users/rikus/Documents/GitHub/slime/slimeking/Content/Map/title.umap" TEMPLATE=0 SHOWPROGRESS=1 FEATURELEVEL=3
[2020.07.10-00.45.33:121][  0]LightingResults: New page: ライティングのビルド
[2020.07.10-00.45.33:122][  0]LogWorld: UWorld::CleanupWorld for Untitled, bSessionEnded=true, bCleanupResources=true
[2020.07.10-00.45.33:122][  0]LogSlate: InvalidateAllWidgets triggered.  All widgets were invalidated
[2020.07.10-00.45.33:122][  0]MapCheck: New page: マップをチェック
[2020.07.10-00.45.33:122][  0]LightingResults: New page: <何も選択されていません>
[2020.07.10-00.45.33:171][  0]LogUObjectHash: Compacting FUObjectHashTables data took   2.80ms
[2020.07.10-00.45.33:226][  0]LogAIModule: Creating AISystem for world title
[2020.07.10-00.45.33:228][  0]LogEditorServer: Finished looking for orphan Actors (0.000 secs)
[2020.07.10-00.45.33:277][  0]LogUObjectHash: Compacting FUObjectHashTables data took   2.51ms
[2020.07.10-00.45.33:278][  0]Cmd: MAP CHECKDEP NOCLEARLOG
[2020.07.10-00.45.33:278][  0]MapCheck: マップチェックが完了: 0 エラー、 0 警告、完了に 0.164ミリ秒かかりました。
[2020.07.10-00.45.33:278][  0]LogFileHelpers: Loading map 'title' took 0.161
[2020.07.10-00.45.33:729][  0]LogSlate: Updating window title bar state: overlay mode, drag disabled, window buttons hidden, title bar hidden
[2020.07.10-00.45.33:737][  0]LogSlate: Updating window title bar state: overlay mode, drag disabled, window buttons hidden, title bar hidden
[2020.07.10-00.45.33:744][  0]LogSlate: Updating window title bar state: overlay mode, drag disabled, window buttons hidden, title bar hidden
[2020.07.10-00.45.33:751][  0]LogSlate: Updating window title bar state: overlay mode, drag disabled, window buttons hidden, title bar hidden
[2020.07.10-00.45.33:762][  0]LogCollectionManager: Loaded 0 collections in 0.002163 seconds
[2020.07.10-00.45.33:786][  0]LogFileCache: Scanning file cache for directory 'C:/Users/rikus/Documents/GitHub/slime/slimeking/Saved/Collections/' took 0.00s
[2020.07.10-00.45.33:786][  0]LogFileCache: Scanning file cache for directory 'C:/Users/rikus/Documents/GitHub/slime/slimeking/Content/Developers/rikus/Collections/' took 0.00s
[2020.07.10-00.45.33:786][  0]LogFileCache: Scanning file cache for directory 'C:/Users/rikus/Documents/GitHub/slime/slimeking/Content/Collections/' took 0.00s
[2020.07.10-00.45.33:786][  0]LogContentBrowser: Native class hierarchy populated in 0.0108 seconds. Added 3099 classes and 724 folders.
[2020.07.10-00.45.33:791][  0]LogContentBrowser: Native class hierarchy updated for 'WidgetCarousel' in 0.0003 seconds. Added 0 classes and 0 folders.
[2020.07.10-00.45.34:159][  0]LogContentBrowser: Native class hierarchy updated for 'AddContentDialog' in 0.0004 seconds. Added 0 classes and 0 folders.
[2020.07.10-00.45.34:181][  0]LogContentBrowser: Native class hierarchy updated for 'SceneOutliner' in 0.0004 seconds. Added 2 classes and 3 folders.
[2020.07.10-00.45.34:239][  0]LogSlate: Took 0.000247 seconds to synchronously load lazily loaded font '../../../Engine/Content/Slate/Fonts/Roboto-Regular.ttf' (155K)
[2020.07.10-00.45.34:240][  0]LogSlate: Took 0.000388 seconds to synchronously load lazily loaded font '../../../Engine/Content/Editor/Slate/Fonts/GenEiGothicPro-Regular.otf' (707K)
[2020.07.10-00.45.34:241][  0]LogSlate: Took 0.000349 seconds to synchronously load lazily loaded font '../../../Engine/Content/Editor/Slate/Fonts/GenEiGothicPro-Bold.otf' (698K)
[2020.07.10-00.45.34:242][  0]LogSlate: Took 0.000143 seconds to synchronously load lazily loaded font '../../../Engine/Content/Slate/Fonts/Roboto-Bold.ttf' (160K)
[2020.07.10-00.45.34:248][  0]LogSlate: Took 0.003288 seconds to synchronously load lazily loaded font '../../../Engine/Content/Editor/Slate/Fonts/FontAwesome.ttf' (139K)
[2020.07.10-00.45.34:510][  0]LogRenderer: Reallocating scene render targets to support 1208x600 Format 10 NumSamples 1 (Frame:1).
[2020.07.10-00.45.34:708][  0]LogContentBrowser: Native class hierarchy updated for 'HierarchicalLODOutliner' in 0.0004 seconds. Added 0 classes and 0 folders.
[2020.07.10-00.45.34:708][  0]LogLoad: (Engine Initialization) Total time: 11.23 seconds
[2020.07.10-00.45.34:708][  0]LogLoad: (Engine Initialization) Total Blueprint compile time: 0.00 seconds
[2020.07.10-00.45.34:768][  0]LogContentStreaming: Texture pool size now 1000 MB
[2020.07.10-00.45.34:801][  0]LogSlate: Took 0.003084 seconds to synchronously load lazily loaded font '../../../Engine/Content/Slate/Fonts/Roboto-Light.ttf' (167K)
[2020.07.10-00.45.34:848][  1]LogAssetRegistry: Asset discovery search completed in 6.6254 seconds
[2020.07.10-00.45.34:852][  1]LogCollectionManager: Fixed up redirectors for 0 collections in 0.000008 seconds (updated 0 objects)
[2020.07.10-00.45.44:457][112]LogSlate: Took 0.000191 seconds to synchronously load lazily loaded font '../../../Engine/Content/Slate/Fonts/Roboto-Light.ttf' (167K)
[2020.07.10-00.45.44:462][112]LogSlate: Took 0.003987 seconds to synchronously load lazily loaded font '../../../Engine/Content/Editor/Slate/Fonts/GenEiGothicPro-Light.otf' (713K)
[2020.07.10-00.45.44:476][112]LogAssetEditorSubsystem: Opening Asset editor for WidgetBlueprint /Game/UI/title/title_BP.title_BP
[2020.07.10-00.45.44:687][112]LogContentBrowser: Native class hierarchy updated for 'BlueprintGraph' in 0.0006 seconds. Added 121 classes and 0 folders.
[2020.07.10-00.45.46:241][112]LogSlate: Took 0.000204 seconds to synchronously load lazily loaded font '../../../Engine/Content/Slate/Fonts/Roboto-BoldCondensed.ttf' (158K)
[2020.07.10-00.45.46:242][112]LogSlate: Took 0.000338 seconds to synchronously load lazily loaded font '../../../Engine/Content/Editor/Slate/Fonts/GenEiGothicPro-SemiBold.otf' (703K)
[2020.07.10-00.53.40:880][903]LogAssetEditorSubsystem: Opening Asset editor for FileMediaSource /Game/UI/title/image/texture/taitoru_02_3_1.taitoru_02_3_1
[2020.07.10-01.02.00:041][560]LogAssetEditorSubsystem: Opening Asset editor for Blueprint /Game/BluePrints/BP_Character/BP_Character.BP_Character
[2020.07.10-01.02.00:743][561]LogSlate: Took 0.003777 seconds to synchronously load lazily loaded font '../../../Engine/Content/Slate/Fonts/Roboto-Italic.ttf' (157K)
[2020.07.10-01.04.13:894][517]LogUObjectHash: Compacting FUObjectHashTables data took   6.85ms
[2020.07.10-01.04.13:895][517]LogFileHelpers: Editor autosave (incl. sublevels) for '/Game/Map/title' took 0.082
[2020.07.10-01.04.13:896][517]OBJ SavePackage: Generating thumbnails for [1] asset(s) in package [/Game/BluePrints/BP_Character/BP_Character] ([1] browsable assets)...
[2020.07.10-01.04.13:922][517]OBJ SavePackage:     Rendered thumbnail for [Blueprint /Game/BluePrints/BP_Character/BP_Character.BP_Character]
[2020.07.10-01.04.13:922][517]OBJ SavePackage: Finished generating thumbnails for package [/Game/BluePrints/BP_Character/BP_Character]
[2020.07.10-01.04.14:036][517]LogSavePackage: Moving '../../../../../../Users/rikus/Documents/GitHub/slime/slimeking/Saved/BP_Character_Auto1C3BBB2CB4EF8701EE1061FBE6FE329C8.tmp' to '../../../../../../Users/rikus/Documents/GitHub/slime/slimeking/Saved/Autosaves/Game/BluePrints/BP_Character/BP_Character_Auto1.uasset'
[2020.07.10-01.04.14:039][517]LogFileHelpers: Auto-saving content packages took 0.144
[2020.07.10-01.10.56:294][ 68]LogWorld: UWorld::CleanupWorld for World_2, bSessionEnded=true, bCleanupResources=true
[2020.07.10-01.10.56:294][ 68]LogSlate: InvalidateAllWidgets triggered.  All widgets were invalidated
[2020.07.10-01.32.43:870][276]LogUObjectHash: Compacting FUObjectHashTables data took   5.09ms
[2020.07.10-01.32.45:606][276]LogSlate: Window 'Delete Assets' being destroyed
[2020.07.10-01.32.45:772][276]LogUObjectHash: Compacting FUObjectHashTables data took   3.99ms
[2020.07.10-01.32.45:774][276]LogLinker: Warning:  '/Game/UI/title/image/texture/taitoru_02_3_2' のロードに失敗しました: ファイルが見つかりません
[2020.07.10-01.32.45:774][276]LogLinker: Warning:  '/Game/UI/title/image/texture/taitoru_02_3_2' のロードに失敗しました: ファイルが見つかりません
[2020.07.10-01.32.45:774][276]LogUObjectGlobals: Warning: オブジェクト 'Object /Game/UI/title/image/texture/taitoru_02_3_2.taitoru_02_3_2' が見つかりませんでした
[2020.07.10-01.35.56:013][637]LogFactory: FactoryCreateFile: FileMediaSource with AndroidFileMediaSourceFactory (0 0 C:\Users\rikus\Desktop\taitoru_02_4_7.mp4)
[2020.07.10-01.36.50:502][246]LogSlate: Window 'Create Media Player' being destroyed
[2020.07.10-01.36.56:283][761]LogUObjectHash: Compacting FUObjectHashTables data took   5.10ms
[2020.07.10-01.36.57:812][761]LogSlate: Window 'Delete Assets' being destroyed
[2020.07.10-01.36.57:982][761]LogUObjectHash: Compacting FUObjectHashTables data took   3.99ms
[2020.07.10-01.36.59:248][907]LogAssetEditorSubsystem: Opening Asset editor for FileMediaSource /Game/UI/title/Movie/taitoru_02_4_7.taitoru_02_4_7
[2020.07.10-01.37.12:511][880]Cmd: OBJ SAVEPACKAGE PACKAGE="/Game/UI/title/Movie/taitoru_02_4_7" FILE="../../../../../../Users/rikus/Documents/GitHub/slime/slimeking/Content/UI/title/Movie/taitoru_02_4_7.uasset" SILENT=true
[2020.07.10-01.37.12:514][880]LogSavePackage: Moving '../../../../../../Users/rikus/Documents/GitHub/slime/slimeking/Saved/taitoru_02_4_710EC7B2A4424852A1296DD957982EB99.tmp' to '../../../../../../Users/rikus/Documents/GitHub/slime/slimeking/Content/UI/title/Movie/taitoru_02_4_7.uasset'
[2020.07.10-01.37.12:546][880]AssetCheck: New page: Asset Save: taitoru_02_4_7
[2020.07.10-01.37.12:546][880]LogContentValidation: Display: Validating FileMediaSource /Game/UI/title/Movie/taitoru_02_4_7.taitoru_02_4_7
[2020.07.10-01.37.47:924][321]LogSlate: Window 'Create Media Player' being destroyed
[2020.07.10-01.38.25:917][606]LogAssetEditorSubsystem: Opening Asset editor for MediaPlayer /Game/UI/title/Movie/title_animation_mp.title_animation_mp
[2020.07.10-01.38.25:930][606]LogMaterial: Display: Missing cached shader map for material Material_0, compiling. 
[2020.07.10-01.38.26:006][606]LogShaderCompilers: Display: Worker (1/13): shaders left to compile 17
[2020.07.10-01.38.26:007][606]LogShaderCompilers: Display: Worker (2/13): shaders left to compile 15
[2020.07.10-01.38.26:007][606]LogShaderCompilers: Display: Worker (3/13): shaders left to compile 13
[2020.07.10-01.38.26:007][606]LogShaderCompilers: Display: Worker (4/13): shaders left to compile 11
[2020.07.10-01.38.26:007][606]LogShaderCompilers: Display: Worker (5/13): shaders left to compile 9
[2020.07.10-01.38.26:007][606]LogShaderCompilers: Display: Worker (6/13): shaders left to compile 7
[2020.07.10-01.38.26:007][606]LogShaderCompilers: Display: Worker (7/13): shaders left to compile 5
[2020.07.10-01.38.26:007][606]LogShaderCompilers: Display: Worker (8/13): shaders left to compile 3
[2020.07.10-01.38.26:007][606]LogShaderCompilers: Display: Worker (9/13): shaders left to compile 1
[2020.07.10-01.38.26:068][606]LogContentBrowser: Verbose: The majority of assets in the view are of type: FileMediaSource
[2020.07.10-01.39.16:130][180]LogAssetEditorSubsystem: Opening Asset editor for FileMediaSource /Game/UI/title/Movie/taitoru_02_4_7.taitoru_02_4_7
[2020.07.10-01.42.28:194][463]LogSlate: Window 'メッセージ' being destroyed
[2020.07.10-01.42.28:225][463]LogFactory: FactoryCreateFile: FileMediaSource with AndroidFileMediaSourceFactory (0 0 ../../../../../../Users/rikus/Desktop/taitoru_02_4_7.mp4)
[2020.07.10-01.42.33:108][791]LogWindows: Error: === Critical error: ===
[2020.07.10-01.42.33:108][791]LogWindows: Error: 
[2020.07.10-01.42.33:108][791]LogWindows: Error: Fatal error!
[2020.07.10-01.42.33:108][791]LogWindows: Error: 
[2020.07.10-01.42.33:108][791]LogWindows: Error: Unhandled Exception: EXCEPTION_ACCESS_VIOLATION reading address 0x00000098
[2020.07.10-01.42.33:108][791]LogWindows: Error: 
[2020.07.10-01.42.33:108][791]LogWindows: Error: [Callstack] 0x00007ffef78c3cea UE4Editor-MediaPlayerEditor.dll!UnknownFunction []
[2020.07.10-01.42.33:108][791]LogWindows: Error: [Callstack] 0x00007ffef78cf703 UE4Editor-MediaPlayerEditor.dll!UnknownFunction []
[2020.07.10-01.42.33:108][791]LogWindows: Error: [Callstack] 0x00007ffef78be055 UE4Editor-MediaPlayerEditor.dll!UnknownFunction []
[2020.07.10-01.42.33:108][791]LogWindows: Error: [Callstack] 0x00007fff53c2b144 UE4Editor-Slate.dll!UnknownFunction []
[2020.07.10-01.42.33:108][791]LogWindows: Error: [Callstack] 0x00007fff53e5ca0a UE4Editor-Slate.dll!UnknownFunction []
[2020.07.10-01.42.33:108][791]LogWindows: Error: [Callstack] 0x00007fff53e5d4ca UE4Editor-Slate.dll!UnknownFunction []
[2020.07.10-01.42.33:108][791]LogWindows: Error: [Callstack] 0x00007fff6132c5a4 UE4Editor-SlateCore.dll!UnknownFunction []
[2020.07.10-01.42.33:108][791]LogWindows: Error: [Callstack] 0x00007fff61379056 UE4Editor-SlateCore.dll!UnknownFunction []
[2020.07.10-01.42.33:108][791]LogWindows: Error: [Callstack] 0x00007fff61378fc3 UE4Editor-SlateCore.dll!UnknownFunction []
[2020.07.10-01.42.33:108][791]LogWindows: Error: [Callstack] 0x00007fff61378fc3 UE4Editor-SlateCore.dll!UnknownFunction []
[2020.07.10-01.42.33:108][791]LogWindows: Error: [Callstack] 0x00007fff61378fc3 UE4Editor-SlateCore.dll!UnknownFunction []
[2020.07.10-01.42.33:108][791]LogWindows: Error: [Callstack] 0x00007fff61378fc3 UE4Editor-SlateCore.dll!UnknownFunction []
[2020.07.10-01.42.33:108][791]LogWindows: Error: [Callstack] 0x00007fff61378fc3 UE4Editor-SlateCore.dll!UnknownFunction []
[2020.07.10-01.42.33:108][791]LogWindows: Error: [Callstack] 0x00007fff61378fc3 UE4Editor-SlateCore.dll!UnknownFunction []
[2020.07.10-01.42.33:108][791]LogWindows: Error: [Callstack] 0x00007fff61378fc3 UE4Editor-SlateCore.dll!UnknownFunction []
[2020.07.10-01.42.33:108][791]LogWindows: Error: [Callstack] 0x00007fff61378fc3 UE4Editor-SlateCore.dll!UnknownFunction []
[2020.07.10-01.42.33:108][791]LogWindows: Error: [Callstack] 0x00007fff61378fc3 UE4Editor-SlateCore.dll!UnknownFunction []
[2020.07.10-01.42.33:108][791]LogWindows: Error: [Callstack] 0x00007fff61378fc3 UE4Editor-SlateCore.dll!UnknownFunction []
[2020.07.10-01.42.33:108][791]LogWindows: Error: [Callstack] 0x00007fff61378fc3 UE4Editor-SlateCore.dll!UnknownFunction []
[2020.07.10-01.42.33:108][791]LogWindows: Error: [Callstack] 0x00007fff61378fc3 UE4Editor-SlateCore.dll!UnknownFunction []
[2020.07.10-01.42.33:108][791]LogWindows: Error: [Callstack] 0x00007fff61378fc3 UE4Editor-SlateCore.dll!UnknownFunction []
[2020.07.10-01.42.33:108][791]LogWindows: Error: [Callstack] 0x00007fff61378fc3 UE4Editor-SlateCore.dll!UnknownFunction []
[2020.07.10-01.42.33:108][791]LogWindows: Error: [Callstack] 0x00007fff61378fc3 UE4Editor-SlateCore.dll!UnknownFunction []
[2020.07.10-01.42.33:108][791]LogWindows: Error: [Callstack] 0x00007fff61378fc3 UE4Editor-SlateCore.dll!UnknownFunction []
[2020.07.10-01.42.33:108][791]LogWindows: Error: [Callstack] 0x00007fff61378fc3 UE4Editor-SlateCore.dll!UnknownFunction []
[2020.07.10-01.42.33:108][791]LogWindows: Error: [Callstack] 0x00007fff61378fc3 UE4Editor-SlateCore.dll!UnknownFunction []
[2020.07.10-01.42.33:108][791]LogWindows: Error: [Callstack] 0x00007fff61378fc3 UE4Editor-SlateCore.dll!UnknownFunction []
[2020.07.10-01.42.33:108][791]LogWindows: Error: [Callstack] 0x00007fff61378fc3 UE4Editor-SlateCore.dll!UnknownFunction []
[2020.07.10-01.42.33:108][791]LogWindows: Error: [Callstack] 0x00007fff61378fc3 UE4Editor-SlateCore.dll!UnknownFunction []
[2020.07.10-01.42.33:108][791]LogWindows: Error: [Callstack] 0x00007fff61378fc3 UE4Editor-SlateCore.dll!UnknownFunction []
[2020.07.10-01.42.33:108][791]LogWindows: Error: [Callstack] 0x00007fff61378fc3 UE4Editor-SlateCore.dll!UnknownFunction []
[2020.07.10-01.42.33:108][791]LogWindows: Error: [Callstack] 0x00007fff61378fc3 UE4Editor-SlateCore.dll!UnknownFunction []
[2020.07.10-01.42.33:108][791]LogWindows: Error: [Callstack] 0x00007fff61378fc3 UE4Editor-SlateCore.dll!UnknownFunction []
[2020.07.10-01.42.33:108][791]LogWindows: Error: [Callstack] 0x00007fff61378fc3 UE4Editor-SlateCore.dll!UnknownFunction []
[2020.07.10-01.42.33:108][791]LogWindows: Error: [Callstack] 0x00007fff61378fc3 UE4Editor-SlateCore.dll!UnknownFunction []
[2020.07.10-01.42.33:108][791]LogWindows: Error: [Callstack] 0x00007fff61378fc3 UE4Editor-SlateCore.dll!UnknownFunction []
[2020.07.10-01.42.33:108][791]LogWindows: Error: [Callstack] 0x00007fff61378fc3 UE4Editor-SlateCore.dll!UnknownFunction []
[2020.07.10-01.42.33:108][791]LogWindows: Error: [Callstack] 0x00007fff61378fc3 UE4Editor-SlateCore.dll!UnknownFunction []
[2020.07.10-01.42.33:108][791]LogWindows: Error: [Callstack] 0x00007fff61378fc3 UE4Editor-SlateCore.dll!UnknownFunction []
[2020.07.10-01.42.33:108][791]LogWindows: Error: [Callstack] 0x00007fff61378fc3 UE4Editor-SlateCore.dll!UnknownFunction []
[2020.07.10-01.42.33:108][791]LogWindows: Error: [Callstack] 0x00007fff61378fc3 UE4Editor-SlateCore.dll!UnknownFunction []
[2020.07.10-01.42.33:108][791]LogWindows: Error: [Callstack] 0x00007fff61378fc3 UE4Editor-SlateCore.dll!UnknownFunction []
[2020.07.10-01.42.33:108][791]LogWindows: Error: [Callstack] 0x00007fff61378fc3 UE4Editor-SlateCore.dll!UnknownFunction []
[2020.07.10-01.42.33:108][791]LogWindows: Error: [Callstack] 0x00007fff61378fc3 UE4Editor-SlateCore.dll!UnknownFunction []
[2020.07.10-01.42.33:108][791]LogWindows: Error: [Callstack] 0x00007fff61378fc3 UE4Editor-SlateCore.dll!UnknownFunction []
[2020.07.10-01.42.33:108][791]LogWindows: Error: [Callstack] 0x00007fff61383ce7 UE4Editor-SlateCore.dll!UnknownFunction []
[2020.07.10-01.42.33:108][791]LogWindows: Error: [Callstack] 0x00007fff53c4e860 UE4Editor-Slate.dll!UnknownFunction []
[2020.07.10-01.42.33:108][791]LogWindows: Error: [Callstack] 0x00007fff53c20195 UE4Editor-Slate.dll!UnknownFunction []
[2020.07.10-01.42.33:108][791]LogWindows: Error: [Callstack] 0x00007fff53c4f001 UE4Editor-Slate.dll!UnknownFunction []
[2020.07.10-01.42.33:108][791]LogWindows: Error: [Callstack] 0x00007fff53c73de2 UE4Editor-Slate.dll!UnknownFunction []
[2020.07.10-01.42.33:108][791]LogWindows: Error: [Callstack] 0x00007fff53c73316 UE4Editor-Slate.dll!UnknownFunction []
[2020.07.10-01.42.33:108][791]LogWindows: Error: [Callstack] 0x00007ff6e260901f UE4Editor.exe!UnknownFunction []
[2020.07.10-01.42.33:108][791]LogWindows: Error: [Callstack] 0x00007ff6e261c3ec UE4Editor.exe!UnknownFunction []
[2020.07.10-01.42.33:108][791]LogWindows: Error: [Callstack] 0x00007ff6e261c4ca UE4Editor.exe!UnknownFunction []
[2020.07.10-01.42.33:108][791]LogWindows: Error: [Callstack] 0x00007ff6e262ceae UE4Editor.exe!UnknownFunction []
[2020.07.10-01.42.33:109][791]LogWindows: Error: [Callstack] 0x00007ff6e262fcbe UE4Editor.exe!UnknownFunction []
[2020.07.10-01.42.33:109][791]LogWindows: Error: [Callstack] 0x00007fff91897bd4 KERNEL32.DLL!UnknownFunction []
[2020.07.10-01.42.33:109][791]LogWindows: Error: [Callstack] 0x00007fff9242ced1 ntdll.dll!UnknownFunction []
[2020.07.10-01.42.33:109][791]LogWindows: Error: 
[2020.07.10-01.42.33:131][791]LogExit: Executing StaticShutdownAfterError
[2020.07.10-01.42.33:135][791]LogWindows: FPlatformMisc::RequestExit(1)
[2020.07.10-01.42.33:135][791]LogCore: Engine exit requested (reason: Win RequestExit)
[2020.07.10-01.42.33:143][791]Log file closed, 07/10/20 10:42:33
