Log file open, 11/03/20 17:21:09
LogWindows: Failed to load 'aqProf.dll' (GetLastError=126)
LogWindows: File 'aqProf.dll' does not exist
LogWindows: Failed to load 'VtuneApi.dll' (GetLastError=126)
LogWindows: File 'VtuneApi.dll' does not exist
LogWindows: Failed to load 'VtuneApi32e.dll' (GetLastError=126)
LogWindows: File 'VtuneApi32e.dll' does not exist
LogConsoleResponse: Display: Failed to find resolution value strings in scalability ini. Falling back to default.
LogInit: Display: Running engine for game: SlimeKing
LogPlatformFile: Not using cached read wrapper
LogTaskGraph: Started task graph with 5 named threads and 11 total threads with 3 sets of task threads.
LogStats: Stats thread started at 18.854195
LogD3D11RHI: Loaded GFSDK_Aftermath_Lib.x64.dll
LogICUInternationalization: ICU TimeZone Detection - Raw Offset: +9:00, Platform Override: ''
LogPluginManager: Mounting plugin Paper2D
LogPluginManager: Mounting plugin AISupport
LogPluginManager: Mounting plugin LightPropagationVolume
LogPluginManager: Mounting plugin ActorLayerUtilities
LogPluginManager: Mounting plugin AnimationSharing
LogPluginManager: Mounting plugin CLionSourceCodeAccess
LogPluginManager: Mounting plugin CodeLiteSourceCodeAccess
LogPluginManager: Mounting plugin GitSourceControl
LogPluginManager: Mounting plugin KDevelopSourceCodeAccess
LogPluginManager: Mounting plugin NullSourceCodeAccess
LogPluginManager: Mounting plugin PerforceSourceControl
LogPluginManager: Mounting plugin PlasticSourceControl
LogPluginManager: Mounting plugin SubversionSourceControl
LogPluginManager: Mounting plugin UObjectPlugin
LogPluginManager: Mounting plugin VisualStudioCodeSourceCodeAccess
LogPluginManager: Mounting plugin VisualStudioSourceCodeAccess
LogPluginManager: Mounting plugin XCodeSourceCodeAccess
LogPluginManager: Mounting plugin AssetManagerEditor
LogPluginManager: Mounting plugin CryptoKeys
LogPluginManager: Mounting plugin CurveEditorTools
LogPluginManager: Mounting plugin DataValidation
LogPluginManager: Mounting plugin FacialAnimation
LogPluginManager: Mounting plugin GameplayTagsEditor
LogPluginManager: Mounting plugin MacGraphicsSwitching
LogPluginManager: Mounting plugin MaterialAnalyzer
LogPluginManager: Mounting plugin MobileLauncherProfileWizard
LogPluginManager: Mounting plugin PluginBrowser
LogPluginManager: Mounting plugin SpeedTreeImporter
LogPluginManager: Mounting plugin DatasmithContent
LogPluginManager: Mounting plugin VariantManagerContent
LogPluginManager: Mounting plugin AlembicImporter
LogPluginManager: Mounting plugin AutomationUtils
LogPluginManager: Mounting plugin BackChannel
LogPluginManager: Mounting plugin CharacterAI
LogPluginManager: Mounting plugin GeometryCache
LogPluginManager: Mounting plugin PlatformCrypto
LogPluginManager: Mounting plugin ProxyLODPlugin
LogPluginManager: Mounting plugin SkeletalReduction
LogPluginManager: Mounting plugin MagicLeap
LogPluginManager: Mounting plugin MagicLeapMedia
LogPluginManager: Mounting plugin MLSDK
LogPluginManager: Mounting plugin AndroidMedia
LogPluginManager: Mounting plugin AvfMedia
LogPluginManager: Mounting plugin ImgMedia
LogPluginManager: Mounting plugin MediaCompositing
LogPluginManager: Mounting plugin MediaPlayerEditor
LogPluginManager: Mounting plugin WebMMedia
LogPluginManager: Mounting plugin WmfMedia
LogPluginManager: Mounting plugin TcpMessaging
LogPluginManager: Mounting plugin UdpMessaging
LogPluginManager: Mounting plugin ActorSequence
LogPluginManager: Mounting plugin LevelSequenceEditor
LogPluginManager: Mounting plugin MatineeToLevelSequence
LogPluginManager: Mounting plugin NetcodeUnitTest
LogPluginManager: Mounting plugin NUTUnrealEngine4
LogPluginManager: Mounting plugin OnlineSubsystemGooglePlay
LogPluginManager: Mounting plugin OnlineSubsystemIOS
LogPluginManager: Mounting plugin OnlineSubsystem
LogPluginManager: Mounting plugin OnlineSubsystemNull
LogPluginManager: Mounting plugin OnlineSubsystemUtils
LogPluginManager: Mounting plugin LauncherChunkInstaller
LogPluginManager: Mounting plugin AndroidDeviceProfileSelector
LogPluginManager: Mounting plugin AndroidMoviePlayer
LogPluginManager: Mounting plugin AndroidPermission
LogPluginManager: Mounting plugin AppleImageUtils
LogPluginManager: Mounting plugin AppleMoviePlayer
LogPluginManager: Mounting plugin ArchVisCharacter
LogPluginManager: Mounting plugin AssetTags
LogPluginManager: Mounting plugin AudioCapture
LogPluginManager: Mounting plugin CableComponent
LogPluginManager: Mounting plugin EditableMesh
LogPluginManager: Mounting plugin ExampleDeviceProfileSelector
LogPluginManager: Mounting plugin GameplayAbilities
LogPluginManager: Mounting plugin GoogleCloudMessaging
LogPluginManager: Mounting plugin IOSDeviceProfileSelector
LogPluginManager: Mounting plugin LinuxDeviceProfileSelector
LogPluginManager: Mounting plugin LocationServicesBPLibrary
LogPluginManager: Mounting plugin MobilePatchingUtils
LogPluginManager: Mounting plugin OculusVR
LogPluginManager: Mounting plugin PhysXVehicles
LogPluginManager: Mounting plugin PostSplashScreen
LogPluginManager: Mounting plugin ProceduralMeshComponent
LogPluginManager: Mounting plugin RuntimePhysXCooking
LogPluginManager: Mounting plugin SignificanceManager
LogPluginManager: Mounting plugin SteamVR
LogPluginManager: Mounting plugin WebMMoviePlayer
LogPluginManager: Mounting plugin WindowsMoviePlayer
LogPluginManager: Mounting plugin ScreenshotTools
LogInit: Using libcurl 7.55.1-DEV
LogInit:  - built for x86_64-pc-win32
LogInit:  - supports SSL with OpenSSL/1.1.1
LogInit:  - supports HTTP deflate (compression) using libz 1.2.8
LogInit:  - other features:
LogInit:      CURL_VERSION_SSL
LogInit:      CURL_VERSION_LIBZ
LogInit:      CURL_VERSION_IPV6
LogInit:      CURL_VERSION_ASYNCHDNS
LogInit:      CURL_VERSION_LARGEFILE
LogInit:      CURL_VERSION_IDN
LogInit:  CurlRequestOptions (configurable via config and command line):
LogInit:  - bVerifyPeer = true  - Libcurl will verify peer certificate
LogInit:  - bUseHttpProxy = false  - Libcurl will NOT use HTTP proxy
LogInit:  - bDontReuseConnections = false  - Libcurl will reuse connections
LogInit:  - MaxHostConnections = 16  - Libcurl will limit the number of connections to a host
LogInit:  - LocalHostAddr = Default
LogInit:  - BufferSize = 65536
LogOnline: OSS: Creating online subsystem instance for: NULL
LogInit: WinSock: version 1.1 (2.2), MaxSocks=32767, MaxUdp=65467
LogOnline: OSS: TryLoadSubsystemAndSetDefault: Loaded subsystem for module [NULL]
LogInit: Build: ++UE4+Release-4.24-CL-11590370
LogInit: Engine Version: 4.24.3-11590370+++UE4+Release-4.24
LogInit: Compatible Engine Version: 4.24.0-10570792+++UE4+Release-4.24
LogInit: Net CL: 10570792
LogInit: OS: Windows 10 (Release 1909) (), CPU: Intel(R) Core(TM) i7-7500U CPU @ 2.70GHz, GPU: Intel(R) HD Graphics 620
LogInit: Compiled (64-bit): Feb 24 2020 15:39:18
LogInit: Compiled with Visual C++: 19.16.27032.01
LogInit: Build Configuration: Development
LogInit: Branch Name: ++UE4+Release-4.24
LogInit: Command Line: 
LogInit: Base Directory: C:/Program Files/Epic Games/UE_4.24/Engine/Binaries/Win64/
LogInit: Installed Engine Build: 1
LogDevObjectVersion: Number of dev versions registered: 25
LogDevObjectVersion:   Dev-Blueprints (B0D832E4-1F89-4F0D-ACCF-7EB736FD4AA2): 10
LogDevObjectVersion:   Dev-Build (E1C64328-A22C-4D53-A36C-8E866417BD8C): 0
LogDevObjectVersion:   Dev-Core (375EC13C-06E4-48FB-B500-84F0262A717E): 3
LogDevObjectVersion:   Dev-Editor (E4B068ED-F494-42E9-A231-DA0B2E46BB41): 37
LogDevObjectVersion:   Dev-Framework (CFFC743F-43B0-4480-9391-14DF171D2073): 36
LogDevObjectVersion:   Dev-Mobile (B02B49B5-BB20-44E9-A304-32B752E40360): 2
LogDevObjectVersion:   Dev-Networking (A4E4105C-59A1-49B5-A7C5-40C4547EDFEE): 0
LogDevObjectVersion:   Dev-Online (39C831C9-5AE6-47DC-9A44-9C173E1C8E7C): 0
LogDevObjectVersion:   Dev-Physics (78F01B33-EBEA-4F98-B9B4-84EACCB95AA2): 2
LogDevObjectVersion:   Dev-Platform (6631380F-2D4D-43E0-8009-CF276956A95A): 0
LogDevObjectVersion:   Dev-Rendering (12F88B9F-8875-4AFC-A67C-D90C383ABD29): 36
LogDevObjectVersion:   Dev-Sequencer (7B5AE74C-D270-4C10-A958-57980B212A5A): 11
LogDevObjectVersion:   Dev-VR (D7296918-1DD6-4BDD-9DE2-64A83CC13884): 2
LogDevObjectVersion:   Dev-LoadTimes (C2A15278-BFE7-4AFE-6C17-90FF531DF755): 1
LogDevObjectVersion:   Private-Geometry (6EACA3D4-40EC-4CC1-B786-8BED09428FC5): 3
LogDevObjectVersion:   Dev-AnimPhys (29E575DD-E0A3-4627-9D10-D276232CDCEA): 17
LogDevObjectVersion:   Dev-Anim (AF43A65D-7FD3-4947-9873-3E8ED9C1BB05): 2
LogDevObjectVersion:   Dev-ReflectionCapture (6B266CEC-1EC7-4B8F-A30B-E4D90942FC07): 1
LogDevObjectVersion:   Dev-Automation (0DF73D61-A23F-47EA-B727-89E90C41499A): 1
LogDevObjectVersion:   FortniteMain (601D1886-AC64-4F84-AA16-D3DE0DEAC7D6): 31
LogDevObjectVersion:   Dev-Enterprise (9DFFBCD6-494F-0158-E221-12823C92A888): 8
LogDevObjectVersion:   Dev-Niagara (F2AED0AC-9AFE-416F-8664-AA7FFA26D6FC): 1
LogDevObjectVersion:   Dev-Destruction (174F1F0B-B4C6-45A5-B13F-2EE8D0FB917D): 9
LogDevObjectVersion:   Dev-Physics-Ext (35F94A83-E258-406C-A318-09F59610247C): 8
LogDevObjectVersion:   Dev-CineCamera (B2E18506-4273-CFC2-A54E-F4BB758BBA07): 1
LogInit: Presizing for max 25165824 objects, including 0 objects not considered by GC, pre-allocating 0 bytes for permanent pool.
LogInit: Object subsystem initialized
LogConfig: Setting CVar [[con.DebugEarlyDefault:1]]
LogConfig: Setting CVar [[r.setres:1280x720]]
[2020.11.03-08.21.21:227][  0]LogConfig: Setting CVar [[r.VSync:0]]
[2020.11.03-08.21.21:227][  0]LogConfig: Setting CVar [[r.RHICmdBypass:0]]
[2020.11.03-08.21.21:228][  0]LogConfig: Applying CVar settings from Section [/Script/Engine.RendererSettings] File [C:/Users/mihar/Documents/GitHub/SlimeKing/Saved/Config/Windows/Engine.ini]
[2020.11.03-08.21.21:228][  0]LogConfig: Setting CVar [[r.GPUCrashDebugging:0]]
[2020.11.03-08.21.21:228][  0]LogConfig: Applying CVar settings from Section [/Script/Engine.RendererOverrideSettings] File [C:/Users/mihar/Documents/GitHub/SlimeKing/Saved/Config/Windows/Engine.ini]
[2020.11.03-08.21.21:228][  0]LogConfig: Applying CVar settings from Section [/Script/Engine.StreamingSettings] File [C:/Users/mihar/Documents/GitHub/SlimeKing/Saved/Config/Windows/Engine.ini]
[2020.11.03-08.21.21:228][  0]LogConfig: Setting CVar [[s.MinBulkDataSizeForAsyncLoading:131072]]
[2020.11.03-08.21.21:228][  0]LogConfig: Setting CVar [[s.AsyncLoadingThreadEnabled:0]]
[2020.11.03-08.21.21:228][  0]LogConfig: Setting CVar [[s.EventDrivenLoaderEnabled:1]]
[2020.11.03-08.21.21:228][  0]LogConfig: Setting CVar [[s.WarnIfTimeLimitExceeded:0]]
[2020.11.03-08.21.21:228][  0]LogConfig: Setting CVar [[s.TimeLimitExceededMultiplier:1.5]]
[2020.11.03-08.21.21:228][  0]LogConfig: Setting CVar [[s.TimeLimitExceededMinTime:0.005]]
[2020.11.03-08.21.21:228][  0]LogConfig: Setting CVar [[s.UseBackgroundLevelStreaming:1]]
[2020.11.03-08.21.21:228][  0]LogConfig: Setting CVar [[s.PriorityAsyncLoadingExtraTime:15.0]]
[2020.11.03-08.21.21:228][  0]LogConfig: Setting CVar [[s.LevelStreamingActorsUpdateTimeLimit:5.0]]
[2020.11.03-08.21.21:228][  0]LogConfig: Setting CVar [[s.PriorityLevelStreamingActorsUpdateExtraTime:5.0]]
[2020.11.03-08.21.21:229][  0]LogConfig: Setting CVar [[s.LevelStreamingComponentsRegistrationGranularity:10]]
[2020.11.03-08.21.21:229][  0]LogConfig: Setting CVar [[s.UnregisterComponentsTimeLimit:1.0]]
[2020.11.03-08.21.21:229][  0]LogConfig: Setting CVar [[s.LevelStreamingComponentsUnregistrationGranularity:5]]
[2020.11.03-08.21.21:229][  0]LogConfig: Setting CVar [[s.FlushStreamingOnExit:1]]
[2020.11.03-08.21.21:229][  0]LogConfig: Applying CVar settings from Section [/Script/Engine.GarbageCollectionSettings] File [C:/Users/mihar/Documents/GitHub/SlimeKing/Saved/Config/Windows/Engine.ini]
[2020.11.03-08.21.21:229][  0]LogConfig: Setting CVar [[gc.MaxObjectsNotConsideredByGC:1]]
[2020.11.03-08.21.21:229][  0]LogConfig: Setting CVar [[gc.SizeOfPermanentObjectPool:0]]
[2020.11.03-08.21.21:229][  0]LogConfig: Setting CVar [[gc.FlushStreamingOnGC:0]]
[2020.11.03-08.21.21:229][  0]LogConfig: Setting CVar [[gc.NumRetriesBeforeForcingGC:10]]
[2020.11.03-08.21.21:229][  0]LogConfig: Setting CVar [[gc.AllowParallelGC:1]]
[2020.11.03-08.21.21:229][  0]LogConfig: Setting CVar [[gc.TimeBetweenPurgingPendingKillObjects:61.1]]
[2020.11.03-08.21.21:229][  0]LogConfig: Setting CVar [[gc.MaxObjectsInEditor:25165824]]
[2020.11.03-08.21.21:229][  0]LogConfig: Setting CVar [[gc.IncrementalBeginDestroyEnabled:1]]
[2020.11.03-08.21.21:229][  0]LogConfig: Setting CVar [[gc.CreateGCClusters:1]]
[2020.11.03-08.21.21:229][  0]LogConfig: Setting CVar [[gc.MinGCClusterSize:5]]
[2020.11.03-08.21.21:229][  0]LogConfig: Setting CVar [[gc.ActorClusteringEnabled:0]]
[2020.11.03-08.21.21:229][  0]LogConfig: Setting CVar [[gc.BlueprintClusteringEnabled:0]]
[2020.11.03-08.21.21:229][  0]LogConfig: Setting CVar [[gc.UseDisregardForGCOnDedicatedServers:0]]
[2020.11.03-08.21.21:229][  0]LogConfig: Applying CVar settings from Section [/Script/Engine.NetworkSettings] File [C:/Users/mihar/Documents/GitHub/SlimeKing/Saved/Config/Windows/Engine.ini]
[2020.11.03-08.21.21:229][  0]LogConfig: Applying CVar settings from Section [/Script/UnrealEd.CookerSettings] File [C:/Users/mihar/Documents/GitHub/SlimeKing/Saved/Config/Windows/Engine.ini]
[2020.11.03-08.21.21:418][  0]LogConfig: Applying CVar settings from Section [ViewDistanceQuality@3] File [C:/Users/mihar/Documents/GitHub/SlimeKing/Saved/Config/Windows/Scalability.ini]
[2020.11.03-08.21.21:418][  0]LogConfig: Setting CVar [[r.SkeletalMeshLODBias:0]]
[2020.11.03-08.21.21:418][  0]LogConfig: Setting CVar [[r.ViewDistanceScale:1.0]]
[2020.11.03-08.21.21:418][  0]LogConfig: Applying CVar settings from Section [AntiAliasingQuality@3] File [C:/Users/mihar/Documents/GitHub/SlimeKing/Saved/Config/Windows/Scalability.ini]
[2020.11.03-08.21.21:418][  0]LogConfig: Setting CVar [[r.PostProcessAAQuality:4]]
[2020.11.03-08.21.21:418][  0]LogConfig: Applying CVar settings from Section [ShadowQuality@3] File [C:/Users/mihar/Documents/GitHub/SlimeKing/Saved/Config/Windows/Scalability.ini]
[2020.11.03-08.21.21:418][  0]LogConfig: Setting CVar [[r.LightFunctionQuality:1]]
[2020.11.03-08.21.21:419][  0]LogConfig: Setting CVar [[r.ShadowQuality:5]]
[2020.11.03-08.21.21:419][  0]LogConfig: Setting CVar [[r.Shadow.CSM.MaxCascades:10]]
[2020.11.03-08.21.21:419][  0]LogConfig: Setting CVar [[r.Shadow.MaxResolution:2048]]
[2020.11.03-08.21.21:419][  0]LogConfig: Setting CVar [[r.Shadow.MaxCSMResolution:2048]]
[2020.11.03-08.21.21:419][  0]LogConfig: Setting CVar [[r.Shadow.RadiusThreshold:0.01]]
[2020.11.03-08.21.21:419][  0]LogConfig: Setting CVar [[r.Shadow.DistanceScale:1.0]]
[2020.11.03-08.21.21:419][  0]LogConfig: Setting CVar [[r.Shadow.CSM.TransitionScale:1.0]]
[2020.11.03-08.21.21:419][  0]LogConfig: Setting CVar [[r.Shadow.PreShadowResolutionFactor:1.0]]
[2020.11.03-08.21.21:419][  0]LogConfig: Setting CVar [[r.DistanceFieldShadowing:1]]
[2020.11.03-08.21.21:419][  0]LogConfig: Setting CVar [[r.DistanceFieldAO:1]]
[2020.11.03-08.21.21:420][  0]LogConfig: Setting CVar [[r.AOQuality:2]]
[2020.11.03-08.21.21:420][  0]LogConfig: Setting CVar [[r.VolumetricFog:1]]
[2020.11.03-08.21.21:420][  0]LogConfig: Setting CVar [[r.VolumetricFog.GridPixelSize:8]]
[2020.11.03-08.21.21:420][  0]LogConfig: Setting CVar [[r.VolumetricFog.GridSizeZ:128]]
[2020.11.03-08.21.21:420][  0]LogConfig: Setting CVar [[r.VolumetricFog.HistoryMissSupersampleCount:4]]
[2020.11.03-08.21.21:420][  0]LogConfig: Setting CVar [[r.LightMaxDrawDistanceScale:1]]
[2020.11.03-08.21.21:420][  0]LogConfig: Setting CVar [[r.CapsuleShadows:1]]
[2020.11.03-08.21.21:420][  0]LogConfig: Applying CVar settings from Section [PostProcessQuality@3] File [C:/Users/mihar/Documents/GitHub/SlimeKing/Saved/Config/Windows/Scalability.ini]
[2020.11.03-08.21.21:420][  0]LogConfig: Setting CVar [[r.MotionBlurQuality:4]]
[2020.11.03-08.21.21:420][  0]LogConfig: Setting CVar [[r.AmbientOcclusionMipLevelFactor:0.4]]
[2020.11.03-08.21.21:421][  0]LogConfig: Setting CVar [[r.AmbientOcclusionMaxQuality:100]]
[2020.11.03-08.21.21:421][  0]LogConfig: Setting CVar [[r.AmbientOcclusionLevels:-1]]
[2020.11.03-08.21.21:421][  0]LogConfig: Setting CVar [[r.AmbientOcclusionRadiusScale:1.0]]
[2020.11.03-08.21.21:421][  0]LogConfig: Setting CVar [[r.DepthOfFieldQuality:2]]
[2020.11.03-08.21.21:421][  0]LogConfig: Setting CVar [[r.RenderTargetPoolMin:400]]
[2020.11.03-08.21.21:421][  0]LogConfig: Setting CVar [[r.LensFlareQuality:2]]
[2020.11.03-08.21.21:421][  0]LogConfig: Setting CVar [[r.SceneColorFringeQuality:1]]
[2020.11.03-08.21.21:421][  0]LogConfig: Setting CVar [[r.EyeAdaptationQuality:2]]
[2020.11.03-08.21.21:421][  0]LogConfig: Setting CVar [[r.BloomQuality:5]]
[2020.11.03-08.21.21:421][  0]LogConfig: Setting CVar [[r.FastBlurThreshold:100]]
[2020.11.03-08.21.21:422][  0]LogConfig: Setting CVar [[r.Upscale.Quality:3]]
[2020.11.03-08.21.21:422][  0]LogConfig: Setting CVar [[r.Tonemapper.GrainQuantization:1]]
[2020.11.03-08.21.21:422][  0]LogConfig: Setting CVar [[r.LightShaftQuality:1]]
[2020.11.03-08.21.21:422][  0]LogConfig: Setting CVar [[r.Filter.SizeScale:1]]
[2020.11.03-08.21.21:422][  0]LogConfig: Setting CVar [[r.Tonemapper.Quality:5]]
[2020.11.03-08.21.21:422][  0]LogConfig: Setting CVar [[r.DOF.Gather.AccumulatorQuality:1        ; higher gathering accumulator quality]]
[2020.11.03-08.21.21:422][  0]LogConfig: Setting CVar [[r.DOF.Gather.PostfilterMethod:1          ; Median3x3 postfilering method]]
[2020.11.03-08.21.21:422][  0]LogConfig: Setting CVar [[r.DOF.Gather.EnableBokehSettings:0       ; no bokeh simulation when gathering]]
[2020.11.03-08.21.21:422][  0]LogConfig: Setting CVar [[r.DOF.Gather.RingCount:4                 ; medium number of samples when gathering]]
[2020.11.03-08.21.21:422][  0]LogConfig: Setting CVar [[r.DOF.Scatter.ForegroundCompositing:1    ; additive foreground scattering]]
[2020.11.03-08.21.21:422][  0]LogConfig: Setting CVar [[r.DOF.Scatter.BackgroundCompositing:2    ; additive background scattering]]
[2020.11.03-08.21.21:423][  0]LogConfig: Setting CVar [[r.DOF.Scatter.EnableBokehSettings:1      ; bokeh simulation when scattering]]
[2020.11.03-08.21.21:423][  0]LogConfig: Setting CVar [[r.DOF.Scatter.MaxSpriteRatio:0.1         ; only a maximum of 10% of scattered bokeh]]
[2020.11.03-08.21.21:423][  0]LogConfig: Setting CVar [[r.DOF.Recombine.Quality:1                ; cheap slight out of focus]]
[2020.11.03-08.21.21:423][  0]LogConfig: Setting CVar [[r.DOF.Recombine.EnableBokehSettings:0    ; no bokeh simulation on slight out of focus]]
[2020.11.03-08.21.21:423][  0]LogConfig: Setting CVar [[r.DOF.TemporalAAQuality:1                ; more stable temporal accumulation]]
[2020.11.03-08.21.21:423][  0]LogConfig: Setting CVar [[r.DOF.Kernel.MaxForegroundRadius:0.025]]
[2020.11.03-08.21.21:423][  0]LogConfig: Setting CVar [[r.DOF.Kernel.MaxBackgroundRadius:0.025]]
[2020.11.03-08.21.21:423][  0]LogConfig: Applying CVar settings from Section [TextureQuality@3] File [C:/Users/mihar/Documents/GitHub/SlimeKing/Saved/Config/Windows/Scalability.ini]
[2020.11.03-08.21.21:424][  0]LogConfig: Setting CVar [[r.Streaming.MipBias:0]]
[2020.11.03-08.21.21:424][  0]LogConfig: Setting CVar [[r.Streaming.AmortizeCPUToGPUCopy:0]]
[2020.11.03-08.21.21:424][  0]LogConfig: Setting CVar [[r.Streaming.MaxNumTexturesToStreamPerFrame:0]]
[2020.11.03-08.21.21:424][  0]LogConfig: Setting CVar [[r.Streaming.Boost:1]]
[2020.11.03-08.21.21:424][  0]LogConfig: Setting CVar [[r.MaxAnisotropy:8]]
[2020.11.03-08.21.21:424][  0]LogConfig: Setting CVar [[r.VT.MaxAnisotropy:8]]
[2020.11.03-08.21.21:424][  0]LogConfig: Setting CVar [[r.Streaming.LimitPoolSizeToVRAM:0]]
[2020.11.03-08.21.21:424][  0]LogConfig: Setting CVar [[r.Streaming.PoolSize:1000]]
[2020.11.03-08.21.21:424][  0]LogConfig: Setting CVar [[r.Streaming.MaxEffectiveScreenSize:0]]
[2020.11.03-08.21.21:425][  0]LogConfig: Applying CVar settings from Section [EffectsQuality@3] File [C:/Users/mihar/Documents/GitHub/SlimeKing/Saved/Config/Windows/Scalability.ini]
[2020.11.03-08.21.21:425][  0]LogConfig: Setting CVar [[r.TranslucencyLightingVolumeDim:64]]
[2020.11.03-08.21.21:425][  0]LogConfig: Setting CVar [[r.RefractionQuality:2]]
[2020.11.03-08.21.21:425][  0]LogConfig: Setting CVar [[r.SSR.Quality:3]]
[2020.11.03-08.21.21:425][  0]LogConfig: Setting CVar [[r.SSR.HalfResSceneColor:0]]
[2020.11.03-08.21.21:425][  0]LogConfig: Setting CVar [[r.SceneColorFormat:4]]
[2020.11.03-08.21.21:425][  0]LogConfig: Setting CVar [[r.DetailMode:2]]
[2020.11.03-08.21.21:425][  0]LogConfig: Setting CVar [[r.TranslucencyVolumeBlur:1]]
[2020.11.03-08.21.21:425][  0]LogConfig: Setting CVar [[r.MaterialQualityLevel:1 ; High quality]]
[2020.11.03-08.21.21:426][  0]LogConfig: Setting CVar [[r.SSS.Scale:1]]
[2020.11.03-08.21.21:426][  0]LogConfig: Setting CVar [[r.SSS.SampleSet:2]]
[2020.11.03-08.21.21:426][  0]LogConfig: Setting CVar [[r.SSS.Quality:1]]
[2020.11.03-08.21.21:426][  0]LogConfig: Setting CVar [[r.SSS.HalfRes:1]]
[2020.11.03-08.21.21:426][  0]LogConfig: Setting CVar [[r.SSGI.Quality:3]]
[2020.11.03-08.21.21:426][  0]LogConfig: Setting CVar [[r.EmitterSpawnRateScale:1.0]]
[2020.11.03-08.21.21:426][  0]LogConfig: Setting CVar [[r.ParticleLightQuality:2]]
[2020.11.03-08.21.21:427][  0]LogConfig: Setting CVar [[r.SkyAtmosphere.AerialPerspectiveLUT.FastApplyOnOpaque:1 ; Always have FastSkyLUT 1 in this case to avoid wrong sky]]
[2020.11.03-08.21.21:427][  0]LogConfig: Setting CVar [[r.SkyAtmosphere.AerialPerspectiveLUT.SampleCountPerSlice:1]]
[2020.11.03-08.21.21:427][  0]LogConfig: Setting CVar [[r.SkyAtmosphere.AerialPerspectiveLUT.DepthResolution:16.0]]
[2020.11.03-08.21.21:427][  0]LogConfig: Setting CVar [[r.SkyAtmosphere.FastSkyLUT:1]]
[2020.11.03-08.21.21:427][  0]LogConfig: Setting CVar [[r.SkyAtmosphere.FastSkyLUT.SampleCountMin:4.0]]
[2020.11.03-08.21.21:427][  0]LogConfig: Setting CVar [[r.SkyAtmosphere.FastSkyLUT.SampleCountMax:32.0]]
[2020.11.03-08.21.21:427][  0]LogConfig: Setting CVar [[r.SkyAtmosphere.SampleCountMin:4.0]]
[2020.11.03-08.21.21:427][  0]LogConfig: Setting CVar [[r.SkyAtmosphere.SampleCountMax:32.0]]
[2020.11.03-08.21.21:427][  0]LogConfig: Setting CVar [[r.SkyAtmosphere.TransmittanceLUT.UseSmallFormat:0]]
[2020.11.03-08.21.21:428][  0]LogConfig: Setting CVar [[r.SkyAtmosphere.TransmittanceLUT.SampleCount:10.0]]
[2020.11.03-08.21.21:428][  0]LogConfig: Setting CVar [[r.SkyAtmosphere.MultiScatteringLUT.SampleCount:15.0]]
[2020.11.03-08.21.21:428][  0]LogConfig: Applying CVar settings from Section [FoliageQuality@3] File [C:/Users/mihar/Documents/GitHub/SlimeKing/Saved/Config/Windows/Scalability.ini]
[2020.11.03-08.21.21:428][  0]LogConfig: Setting CVar [[foliage.DensityScale:1.0]]
[2020.11.03-08.21.21:428][  0]LogConfig: Setting CVar [[grass.DensityScale:1.0]]
[2020.11.03-08.21.21:428][  0]LogConfig: Applying CVar settings from Section [ShadingQuality@3] File [C:/Users/mihar/Documents/GitHub/SlimeKing/Saved/Config/Windows/Scalability.ini]
[2020.11.03-08.21.21:428][  0]LogConfig: Setting CVar [[r.HairStrands.SkyLighting.SampleCount:16]]
[2020.11.03-08.21.21:428][  0]LogConfig: Setting CVar [[r.HairStrands.SkyLighting.JitterIntegration:0]]
[2020.11.03-08.21.21:428][  0]LogConfig: Setting CVar [[r.HairStrands.SkyAO.SampleCount:16]]
[2020.11.03-08.21.21:430][  0]LogInit: Selected Device Profile: [Windows]
[2020.11.03-08.21.21:459][  0]LogInit: Applying CVar settings loaded from the selected device profile: [Windows]
[2020.11.03-08.21.21:627][  0]LogHAL: Display: Platform has ~ 8 GB [8458571776 / 8589934592 / 8], which maps to Default [LargestMinGB=32, LargerMinGB=12, DefaultMinGB=8, SmallerMinGB=6, SmallestMinGB=0)
[2020.11.03-08.21.21:628][  0]LogInit: Going up to parent DeviceProfile []
[2020.11.03-08.21.21:636][  0]LogConfig: Applying CVar settings from Section [ViewDistanceQuality@3] File [C:/Users/mihar/Documents/GitHub/SlimeKing/Saved/Config/Windows/Scalability.ini]
[2020.11.03-08.21.21:636][  0]LogConfig: Setting CVar [[r.SkeletalMeshLODBias:0]]
[2020.11.03-08.21.21:636][  0]LogConfig: Setting CVar [[r.ViewDistanceScale:1.0]]
[2020.11.03-08.21.21:636][  0]LogConfig: Applying CVar settings from Section [AntiAliasingQuality@3] File [C:/Users/mihar/Documents/GitHub/SlimeKing/Saved/Config/Windows/Scalability.ini]
[2020.11.03-08.21.21:636][  0]LogConfig: Setting CVar [[r.PostProcessAAQuality:4]]
[2020.11.03-08.21.21:636][  0]LogConfig: Applying CVar settings from Section [ShadowQuality@3] File [C:/Users/mihar/Documents/GitHub/SlimeKing/Saved/Config/Windows/Scalability.ini]
[2020.11.03-08.21.21:636][  0]LogConfig: Setting CVar [[r.LightFunctionQuality:1]]
[2020.11.03-08.21.21:636][  0]LogConfig: Setting CVar [[r.ShadowQuality:5]]
[2020.11.03-08.21.21:636][  0]LogConfig: Setting CVar [[r.Shadow.CSM.MaxCascades:10]]
[2020.11.03-08.21.21:636][  0]LogConfig: Setting CVar [[r.Shadow.MaxResolution:2048]]
[2020.11.03-08.21.21:637][  0]LogConfig: Setting CVar [[r.Shadow.MaxCSMResolution:2048]]
[2020.11.03-08.21.21:637][  0]LogConfig: Setting CVar [[r.Shadow.RadiusThreshold:0.01]]
[2020.11.03-08.21.21:637][  0]LogConfig: Setting CVar [[r.Shadow.DistanceScale:1.0]]
[2020.11.03-08.21.21:637][  0]LogConfig: Setting CVar [[r.Shadow.CSM.TransitionScale:1.0]]
[2020.11.03-08.21.21:637][  0]LogConfig: Setting CVar [[r.Shadow.PreShadowResolutionFactor:1.0]]
[2020.11.03-08.21.21:637][  0]LogConfig: Setting CVar [[r.DistanceFieldShadowing:1]]
[2020.11.03-08.21.21:637][  0]LogConfig: Setting CVar [[r.DistanceFieldAO:1]]
[2020.11.03-08.21.21:638][  0]LogConfig: Setting CVar [[r.AOQuality:2]]
[2020.11.03-08.21.21:638][  0]LogConfig: Setting CVar [[r.VolumetricFog:1]]
[2020.11.03-08.21.21:638][  0]LogConfig: Setting CVar [[r.VolumetricFog.GridPixelSize:8]]
[2020.11.03-08.21.21:638][  0]LogConfig: Setting CVar [[r.VolumetricFog.GridSizeZ:128]]
[2020.11.03-08.21.21:638][  0]LogConfig: Setting CVar [[r.VolumetricFog.HistoryMissSupersampleCount:4]]
[2020.11.03-08.21.21:638][  0]LogConfig: Setting CVar [[r.LightMaxDrawDistanceScale:1]]
[2020.11.03-08.21.21:638][  0]LogConfig: Setting CVar [[r.CapsuleShadows:1]]
[2020.11.03-08.21.21:638][  0]LogConfig: Applying CVar settings from Section [PostProcessQuality@3] File [C:/Users/mihar/Documents/GitHub/SlimeKing/Saved/Config/Windows/Scalability.ini]
[2020.11.03-08.21.21:638][  0]LogConfig: Setting CVar [[r.MotionBlurQuality:4]]
[2020.11.03-08.21.21:638][  0]LogConfig: Setting CVar [[r.AmbientOcclusionMipLevelFactor:0.4]]
[2020.11.03-08.21.21:638][  0]LogConfig: Setting CVar [[r.AmbientOcclusionMaxQuality:100]]
[2020.11.03-08.21.21:638][  0]LogConfig: Setting CVar [[r.AmbientOcclusionLevels:-1]]
[2020.11.03-08.21.21:638][  0]LogConfig: Setting CVar [[r.AmbientOcclusionRadiusScale:1.0]]
[2020.11.03-08.21.21:639][  0]LogConfig: Setting CVar [[r.DepthOfFieldQuality:2]]
[2020.11.03-08.21.21:639][  0]LogConfig: Setting CVar [[r.RenderTargetPoolMin:400]]
[2020.11.03-08.21.21:639][  0]LogConfig: Setting CVar [[r.LensFlareQuality:2]]
[2020.11.03-08.21.21:639][  0]LogConfig: Setting CVar [[r.SceneColorFringeQuality:1]]
[2020.11.03-08.21.21:639][  0]LogConfig: Setting CVar [[r.EyeAdaptationQuality:2]]
[2020.11.03-08.21.21:639][  0]LogConfig: Setting CVar [[r.BloomQuality:5]]
[2020.11.03-08.21.21:639][  0]LogConfig: Setting CVar [[r.FastBlurThreshold:100]]
[2020.11.03-08.21.21:639][  0]LogConfig: Setting CVar [[r.Upscale.Quality:3]]
[2020.11.03-08.21.21:639][  0]LogConfig: Setting CVar [[r.Tonemapper.GrainQuantization:1]]
[2020.11.03-08.21.21:639][  0]LogConfig: Setting CVar [[r.LightShaftQuality:1]]
[2020.11.03-08.21.21:639][  0]LogConfig: Setting CVar [[r.Filter.SizeScale:1]]
[2020.11.03-08.21.21:639][  0]LogConfig: Setting CVar [[r.Tonemapper.Quality:5]]
[2020.11.03-08.21.21:639][  0]LogConfig: Setting CVar [[r.DOF.Gather.AccumulatorQuality:1        ; higher gathering accumulator quality]]
[2020.11.03-08.21.21:639][  0]LogConfig: Setting CVar [[r.DOF.Gather.PostfilterMethod:1          ; Median3x3 postfilering method]]
[2020.11.03-08.21.21:639][  0]LogConfig: Setting CVar [[r.DOF.Gather.EnableBokehSettings:0       ; no bokeh simulation when gathering]]
[2020.11.03-08.21.21:639][  0]LogConfig: Setting CVar [[r.DOF.Gather.RingCount:4                 ; medium number of samples when gathering]]
[2020.11.03-08.21.21:640][  0]LogConfig: Setting CVar [[r.DOF.Scatter.ForegroundCompositing:1    ; additive foreground scattering]]
[2020.11.03-08.21.21:640][  0]LogConfig: Setting CVar [[r.DOF.Scatter.BackgroundCompositing:2    ; additive background scattering]]
[2020.11.03-08.21.21:640][  0]LogConfig: Setting CVar [[r.DOF.Scatter.EnableBokehSettings:1      ; bokeh simulation when scattering]]
[2020.11.03-08.21.21:640][  0]LogConfig: Setting CVar [[r.DOF.Scatter.MaxSpriteRatio:0.1         ; only a maximum of 10% of scattered bokeh]]
[2020.11.03-08.21.21:640][  0]LogConfig: Setting CVar [[r.DOF.Recombine.Quality:1                ; cheap slight out of focus]]
[2020.11.03-08.21.21:640][  0]LogConfig: Setting CVar [[r.DOF.Recombine.EnableBokehSettings:0    ; no bokeh simulation on slight out of focus]]
[2020.11.03-08.21.21:640][  0]LogConfig: Setting CVar [[r.DOF.TemporalAAQuality:1                ; more stable temporal accumulation]]
[2020.11.03-08.21.21:640][  0]LogConfig: Setting CVar [[r.DOF.Kernel.MaxForegroundRadius:0.025]]
[2020.11.03-08.21.21:640][  0]LogConfig: Setting CVar [[r.DOF.Kernel.MaxBackgroundRadius:0.025]]
[2020.11.03-08.21.21:640][  0]LogConfig: Applying CVar settings from Section [TextureQuality@3] File [C:/Users/mihar/Documents/GitHub/SlimeKing/Saved/Config/Windows/Scalability.ini]
[2020.11.03-08.21.21:640][  0]LogConfig: Setting CVar [[r.Streaming.MipBias:0]]
[2020.11.03-08.21.21:640][  0]LogConfig: Setting CVar [[r.Streaming.AmortizeCPUToGPUCopy:0]]
[2020.11.03-08.21.21:640][  0]LogConfig: Setting CVar [[r.Streaming.MaxNumTexturesToStreamPerFrame:0]]
[2020.11.03-08.21.21:640][  0]LogConfig: Setting CVar [[r.Streaming.Boost:1]]
[2020.11.03-08.21.21:641][  0]LogConfig: Setting CVar [[r.MaxAnisotropy:8]]
[2020.11.03-08.21.21:641][  0]LogConfig: Setting CVar [[r.VT.MaxAnisotropy:8]]
[2020.11.03-08.21.21:641][  0]LogConfig: Setting CVar [[r.Streaming.LimitPoolSizeToVRAM:0]]
[2020.11.03-08.21.21:641][  0]LogConfig: Setting CVar [[r.Streaming.PoolSize:1000]]
[2020.11.03-08.21.21:641][  0]LogConfig: Setting CVar [[r.Streaming.MaxEffectiveScreenSize:0]]
[2020.11.03-08.21.21:641][  0]LogConfig: Applying CVar settings from Section [EffectsQuality@3] File [C:/Users/mihar/Documents/GitHub/SlimeKing/Saved/Config/Windows/Scalability.ini]
[2020.11.03-08.21.21:641][  0]LogConfig: Setting CVar [[r.TranslucencyLightingVolumeDim:64]]
[2020.11.03-08.21.21:641][  0]LogConfig: Setting CVar [[r.RefractionQuality:2]]
[2020.11.03-08.21.21:641][  0]LogConfig: Setting CVar [[r.SSR.Quality:3]]
[2020.11.03-08.21.21:641][  0]LogConfig: Setting CVar [[r.SSR.HalfResSceneColor:0]]
[2020.11.03-08.21.21:641][  0]LogConfig: Setting CVar [[r.SceneColorFormat:4]]
[2020.11.03-08.21.21:641][  0]LogConfig: Setting CVar [[r.DetailMode:2]]
[2020.11.03-08.21.21:642][  0]LogConfig: Setting CVar [[r.TranslucencyVolumeBlur:1]]
[2020.11.03-08.21.21:642][  0]LogConfig: Setting CVar [[r.MaterialQualityLevel:1 ; High quality]]
[2020.11.03-08.21.21:642][  0]LogConfig: Setting CVar [[r.SSS.Scale:1]]
[2020.11.03-08.21.21:642][  0]LogConfig: Setting CVar [[r.SSS.SampleSet:2]]
[2020.11.03-08.21.21:642][  0]LogConfig: Setting CVar [[r.SSS.Quality:1]]
[2020.11.03-08.21.21:642][  0]LogConfig: Setting CVar [[r.SSS.HalfRes:1]]
[2020.11.03-08.21.21:642][  0]LogConfig: Setting CVar [[r.SSGI.Quality:3]]
[2020.11.03-08.21.21:642][  0]LogConfig: Setting CVar [[r.EmitterSpawnRateScale:1.0]]
[2020.11.03-08.21.21:642][  0]LogConfig: Setting CVar [[r.ParticleLightQuality:2]]
[2020.11.03-08.21.21:642][  0]LogConfig: Setting CVar [[r.SkyAtmosphere.AerialPerspectiveLUT.FastApplyOnOpaque:1 ; Always have FastSkyLUT 1 in this case to avoid wrong sky]]
[2020.11.03-08.21.21:643][  0]LogConfig: Setting CVar [[r.SkyAtmosphere.AerialPerspectiveLUT.SampleCountPerSlice:1]]
[2020.11.03-08.21.21:643][  0]LogConfig: Setting CVar [[r.SkyAtmosphere.AerialPerspectiveLUT.DepthResolution:16.0]]
[2020.11.03-08.21.21:643][  0]LogConfig: Setting CVar [[r.SkyAtmosphere.FastSkyLUT:1]]
[2020.11.03-08.21.21:643][  0]LogConfig: Setting CVar [[r.SkyAtmosphere.FastSkyLUT.SampleCountMin:4.0]]
[2020.11.03-08.21.21:643][  0]LogConfig: Setting CVar [[r.SkyAtmosphere.FastSkyLUT.SampleCountMax:32.0]]
[2020.11.03-08.21.21:643][  0]LogConfig: Setting CVar [[r.SkyAtmosphere.SampleCountMin:4.0]]
[2020.11.03-08.21.21:643][  0]LogConfig: Setting CVar [[r.SkyAtmosphere.SampleCountMax:32.0]]
[2020.11.03-08.21.21:643][  0]LogConfig: Setting CVar [[r.SkyAtmosphere.TransmittanceLUT.UseSmallFormat:0]]
[2020.11.03-08.21.21:643][  0]LogConfig: Setting CVar [[r.SkyAtmosphere.TransmittanceLUT.SampleCount:10.0]]
[2020.11.03-08.21.21:643][  0]LogConfig: Setting CVar [[r.SkyAtmosphere.MultiScatteringLUT.SampleCount:15.0]]
[2020.11.03-08.21.21:644][  0]LogConfig: Applying CVar settings from Section [FoliageQuality@3] File [C:/Users/mihar/Documents/GitHub/SlimeKing/Saved/Config/Windows/Scalability.ini]
[2020.11.03-08.21.21:644][  0]LogConfig: Setting CVar [[foliage.DensityScale:1.0]]
[2020.11.03-08.21.21:644][  0]LogConfig: Setting CVar [[grass.DensityScale:1.0]]
[2020.11.03-08.21.21:644][  0]LogConfig: Applying CVar settings from Section [ShadingQuality@3] File [C:/Users/mihar/Documents/GitHub/SlimeKing/Saved/Config/Windows/Scalability.ini]
[2020.11.03-08.21.21:644][  0]LogConfig: Setting CVar [[r.HairStrands.SkyLighting.SampleCount:16]]
[2020.11.03-08.21.21:644][  0]LogConfig: Setting CVar [[r.HairStrands.SkyLighting.JitterIntegration:0]]
[2020.11.03-08.21.21:644][  0]LogConfig: Setting CVar [[r.HairStrands.SkyAO.SampleCount:16]]
[2020.11.03-08.21.21:644][  0]LogConfig: Applying CVar settings from Section [Startup] File [../../../Engine/Config/ConsoleVariables.ini]
[2020.11.03-08.21.21:721][  0]LogConfig: Setting CVar [[net.UseAdaptiveNetUpdateFrequency:0]]
[2020.11.03-08.21.21:721][  0]LogConfig: Setting CVar [[p.chaos.AllowCreatePhysxBodies:1]]
[2020.11.03-08.21.21:721][  0]LogConfig: Applying CVar settings from Section [ConsoleVariables] File [C:/Users/mihar/Documents/GitHub/SlimeKing/Saved/Config/Windows/Engine.ini]
[2020.11.03-08.21.21:742][  0]LogInit: Computer: LAPTOP-JGIORB3J
[2020.11.03-08.21.21:742][  0]LogInit: User: mihar
[2020.11.03-08.21.21:742][  0]LogInit: CPU Page size=4096, Cores=2
[2020.11.03-08.21.21:742][  0]LogInit: High frequency timer resolution =10.000000 MHz
[2020.11.03-08.21.21:806][  0]LogMemory: Memory total: Physical=7.9GB (8GB approx)
[2020.11.03-08.21.21:806][  0]LogMemory: Platform Memory Stats for Windows
[2020.11.03-08.21.21:806][  0]LogMemory: Process Physical Memory: 108.93 MB used, 108.93 MB peak
[2020.11.03-08.21.21:806][  0]LogMemory: Process Virtual Memory: 99.75 MB used, 99.75 MB peak
[2020.11.03-08.21.21:806][  0]LogMemory: Physical Memory: 4896.09 MB used,  3170.63 MB free, 8066.72 MB total
[2020.11.03-08.21.21:806][  0]LogMemory: Virtual Memory: 5117.91 MB used,  134212608.00 MB free, 134217728.00 MB total
[2020.11.03-08.21.21:920][  0]LogWindows: WindowsPlatformFeatures enabled
[2020.11.03-08.21.25:321][  0]LogInit: Using OS detected language (ja-JP).
[2020.11.03-08.21.25:321][  0]LogInit: Using OS detected locale (ja-JP).
[2020.11.03-08.21.25:451][  0]LogTextLocalizationManager: No specific localization for 'ja-JP' exists, so the 'ja' localization will be used.
[2020.11.03-08.21.27:243][  0]LogInit: Setting process to per monitor DPI aware
[2020.11.03-08.21.30:920][  0]LogSlate: New Slate User Created.  User Index 0, Is Virtual User: 0
[2020.11.03-08.21.30:920][  0]LogSlate: Slate User Registered.  User Index 0, Is Virtual User: 0
[2020.11.03-08.21.59:819][  0]LogHMD: Failed to initialize OpenVR with code 110
[2020.11.03-08.21.59:819][  0]LogD3D11RHI: D3D11 min allowed feature level: 11_0
[2020.11.03-08.21.59:819][  0]LogD3D11RHI: D3D11 max allowed feature level: 11_0
[2020.11.03-08.21.59:819][  0]LogD3D11RHI: D3D11 adapters:
[2020.11.03-08.22.00:562][  0]LogD3D11RHI:    0. 'Intel(R) HD Graphics 620' (Feature Level 11_0)
[2020.11.03-08.22.00:562][  0]LogD3D11RHI:       128/0/4033 MB DedicatedVideo/DedicatedSystem/SharedSystem, Outputs:1, VendorId:0x8086
[2020.11.03-08.22.00:645][  0]LogD3D11RHI:    1. 'Microsoft Basic Render Driver' (Feature Level 11_0)
[2020.11.03-08.22.00:645][  0]LogD3D11RHI:       0/0/4033 MB DedicatedVideo/DedicatedSystem/SharedSystem, Outputs:0, VendorId:0x1414
[2020.11.03-08.22.00:646][  0]LogD3D11RHI: Chosen D3D11 Adapter: 0
[2020.11.03-08.22.00:689][  0]LogD3D11RHI: Creating new Direct3DDevice
[2020.11.03-08.22.00:689][  0]LogD3D11RHI:     GPU DeviceId: 0x5916 (for the marketing name, search the web for "GPU Device Id")
[2020.11.03-08.22.00:689][  0]LogWindows: EnumDisplayDevices:
[2020.11.03-08.22.00:689][  0]LogWindows:    0. 'Intel(R) HD Graphics 620' (P:1 D:1)
[2020.11.03-08.22.00:692][  0]LogWindows:    1. 'Intel(R) HD Graphics 620' (P:0 D:0)
[2020.11.03-08.22.00:692][  0]LogWindows:    2. 'Intel(R) HD Graphics 620' (P:0 D:0)
[2020.11.03-08.22.00:693][  0]LogWindows: DebugString: FoundDriverCount:3 
[2020.11.03-08.22.00:693][  0]LogD3D11RHI:     Adapter Name: Intel(R) HD Graphics 620
[2020.11.03-08.22.00:693][  0]LogD3D11RHI:   Driver Version: 25.20.100.6518 (internal:25.20.100.6518, unified:25.20.100.6518)
[2020.11.03-08.22.00:693][  0]LogD3D11RHI:      Driver Date: 1-28-2019
[2020.11.03-08.22.00:693][  0]LogRHI: Texture pool is 1501 MB (70% of 2144 MB)
[2020.11.03-08.22.01:981][  0]LogD3D11RHI: RHI does not have support for 64 bit atomics
[2020.11.03-08.22.02:018][  0]LogD3D11RHI: [IntelMetricsDiscovery] Started
[2020.11.03-08.22.02:018][  0]LogD3D11RHI: Async texture creation enabled
[2020.11.03-08.22.02:867][  0]LogD3D11RHI: GPU Timing Frequency: 12.000048 (Debug: 2 0)
[2020.11.03-08.22.07:715][  0]LogTargetPlatformManager: Display: Loaded TargetPlatform 'AllDesktop'
[2020.11.03-08.22.07:877][  0]LogTargetPlatformManager: Display: Loaded TargetPlatform 'Android'
[2020.11.03-08.22.07:877][  0]LogTargetPlatformManager: Display: Loaded TargetPlatform 'Android_ASTC'
[2020.11.03-08.22.07:877][  0]LogTargetPlatformManager: Display: Loaded TargetPlatform 'Android_ATC'
[2020.11.03-08.22.07:877][  0]LogTargetPlatformManager: Display: Loaded TargetPlatform 'Android_DXT'
[2020.11.03-08.22.07:877][  0]LogTargetPlatformManager: Display: Loaded TargetPlatform 'Android_ETC1'
[2020.11.03-08.22.07:877][  0]LogTargetPlatformManager: Display: Loaded TargetPlatform 'Android_ETC1a'
[2020.11.03-08.22.07:877][  0]LogTargetPlatformManager: Display: Loaded TargetPlatform 'Android_ETC2'
[2020.11.03-08.22.07:877][  0]LogTargetPlatformManager: Display: Loaded TargetPlatform 'Android_PVRTC'
[2020.11.03-08.22.07:877][  0]LogTargetPlatformManager: Display: Loaded TargetPlatform 'AndroidClient'
[2020.11.03-08.22.07:877][  0]LogTargetPlatformManager: Display: Loaded TargetPlatform 'Android_ASTCClient'
[2020.11.03-08.22.07:877][  0]LogTargetPlatformManager: Display: Loaded TargetPlatform 'Android_ATCClient'
[2020.11.03-08.22.07:877][  0]LogTargetPlatformManager: Display: Loaded TargetPlatform 'Android_DXTClient'
[2020.11.03-08.22.07:877][  0]LogTargetPlatformManager: Display: Loaded TargetPlatform 'Android_ETC1Client'
[2020.11.03-08.22.07:877][  0]LogTargetPlatformManager: Display: Loaded TargetPlatform 'Android_ETC1aClient'
[2020.11.03-08.22.07:877][  0]LogTargetPlatformManager: Display: Loaded TargetPlatform 'Android_ETC2Client'
[2020.11.03-08.22.07:877][  0]LogTargetPlatformManager: Display: Loaded TargetPlatform 'Android_PVRTCClient'
[2020.11.03-08.22.07:877][  0]LogTargetPlatformManager: Display: Loaded TargetPlatform 'Android_Multi'
[2020.11.03-08.22.07:877][  0]LogTargetPlatformManager: Display: Loaded TargetPlatform 'Android_MultiClient'
[2020.11.03-08.22.08:118][  0]LogTargetPlatformManager: Display: Loaded TargetPlatform 'IOSClient'
[2020.11.03-08.22.08:118][  0]LogTargetPlatformManager: Display: Loaded TargetPlatform 'IOS'
[2020.11.03-08.22.08:223][  0]LogTargetPlatformManager: Display: Loaded TargetPlatform 'LinuxNoEditor'
[2020.11.03-08.22.08:245][  0]LogTargetPlatformManager: Display: Loaded TargetPlatform 'LinuxClient'
[2020.11.03-08.22.08:313][  0]LogTargetPlatformManager: Display: Loaded TargetPlatform 'LinuxServer'
[2020.11.03-08.22.08:489][  0]LogTargetPlatformManager: Display: Loaded TargetPlatform 'LinuxAArch64NoEditor'
[2020.11.03-08.22.08:544][  0]LogTargetPlatformManager: Display: Loaded TargetPlatform 'LinuxAArch64Client'
[2020.11.03-08.22.08:606][  0]LogTargetPlatformManager: Display: Loaded TargetPlatform 'LinuxAArch64Server'
[2020.11.03-08.22.08:669][  0]LogTargetPlatformManager: Display: Loaded TargetPlatform 'Lumin'
[2020.11.03-08.22.08:669][  0]LogTargetPlatformManager: Display: Loaded TargetPlatform 'LuminClient'
[2020.11.03-08.22.08:741][  0]LogTargetPlatformManager: Display: Loaded TargetPlatform 'TVOSClient'
[2020.11.03-08.22.08:741][  0]LogTargetPlatformManager: Display: Loaded TargetPlatform 'TVOS'
[2020.11.03-08.22.08:774][  0]LogTargetPlatformManager: Display: Loaded TargetPlatform 'WindowsNoEditor'
[2020.11.03-08.22.08:797][  0]LogTargetPlatformManager: Display: Loaded TargetPlatform 'Windows'
[2020.11.03-08.22.08:868][  0]LogTargetPlatformManager: Display: Loaded TargetPlatform 'WindowsClient'
[2020.11.03-08.22.08:925][  0]LogTargetPlatformManager: Display: Loaded TargetPlatform 'WindowsServer'
[2020.11.03-08.22.08:925][  0]LogTargetPlatformManager: Display: Building Assets For Windows
[2020.11.03-08.22.09:464][  0]LogAudioDebug: Display: Lib vorbis DLL was dynamically loaded.
[2020.11.03-08.22.11:122][  0]LogShaderCompilers: Guid format shader working directory is -10 characters bigger than the processId version (../../../../../../Users/mihar/Documents/GitHub/SlimeKing/Intermediate/Shaders/WorkingDirectory/3164/).
[2020.11.03-08.22.11:122][  0]LogShaderCompilers: Cleaned the shader compiler working directory 'C:/Users/mihar/AppData/Local/Temp/UnrealShaderWorkingDir/A3FF8CF3469F057BD4B6BA816F410EA3/'.
[2020.11.03-08.22.11:187][  0]LogXGEController: Cleaning working directory: C:/Users/mihar/AppData/Local/Temp/UnrealXGEWorkingDir/
[2020.11.03-08.22.11:188][  0]LogXGEController: Cannot use XGE Controller as Incredibuild is not installed on this machine.
[2020.11.03-08.22.11:188][  0]LogShaderCompilers: Cannot use XGE Shader Compiler as Incredibuild is not installed on this machine.
[2020.11.03-08.22.11:188][  0]LogShaderCompilers: Display: Using Local Shader Compiler.
[2020.11.03-08.22.24:748][  0]LogDerivedDataCache: Display: Max Cache Size: 512 MB
[2020.11.03-08.22.26:007][  0]LogDerivedDataCache: Loaded boot cache 1.26s 78MB C:/Users/mihar/AppData/Local/UnrealEngine/4.24/DerivedDataCache/Boot.ddc.
[2020.11.03-08.22.26:007][  0]LogDerivedDataCache: Display: Loaded Boot cache: C:/Users/mihar/AppData/Local/UnrealEngine/4.24/DerivedDataCache/Boot.ddc
[2020.11.03-08.22.26:007][  0]LogDerivedDataCache: FDerivedDataBackendGraph:  Pak pak cache file ../../../../../../Users/mihar/Documents/GitHub/SlimeKing/DerivedDataCache/DDC.ddp not found, will not use a pak cache.
[2020.11.03-08.22.26:007][  0]LogDerivedDataCache: Unable to find inner node Pak for hierarchical cache Hierarchy.
[2020.11.03-08.22.26:007][  0]LogDerivedDataCache: FDerivedDataBackendGraph:  CompressedPak pak cache file ../../../../../../Users/mihar/Documents/GitHub/SlimeKing/DerivedDataCache/Compressed.ddp not found, will not use a pak cache.
[2020.11.03-08.22.26:007][  0]LogDerivedDataCache: Unable to find inner node CompressedPak for hierarchical cache Hierarchy.
[2020.11.03-08.22.26:500][  0]LogDerivedDataCache: Display: Pak cache opened for reading ../../../Engine/DerivedDataCache/Compressed.ddp.
[2020.11.03-08.22.26:500][  0]LogDerivedDataCache: FDerivedDataBackendGraph:  EnterprisePak pak cache file ../../../Enterprise/DerivedDataCache/Compressed.ddp not found, will not use a pak cache.
[2020.11.03-08.22.26:500][  0]LogDerivedDataCache: Unable to find inner node EnterprisePak for hierarchical cache Hierarchy.
[2020.11.03-08.22.26:512][  0]LogDerivedDataCache: Using Local data cache path C:/Users/mihar/AppData/Local/UnrealEngine/Common/DerivedDataCache: Writable
[2020.11.03-08.22.26:512][  0]LogDerivedDataCache: Shared data cache path not found in *engine.ini, will not use an Shared cache.
[2020.11.03-08.22.26:513][  0]LogDerivedDataCache: Unable to find inner node Shared for hierarchical cache Hierarchy.
[2020.11.03-08.22.26:670][  0]LogMaterial: Verifying Global Shaders for PCD3D_SM5
[2020.11.03-08.22.26:921][  0]LogSlate: Using FreeType 2.10.0
[2020.11.03-08.22.27:221][  0]LogSlate: SlateFontServices - WITH_FREETYPE: 1, WITH_HARFBUZZ: 1
[2020.11.03-08.22.31:456][  0]LogAssetRegistry: FAssetRegistry took 0.0431 seconds to start up
[2020.11.03-08.22.54:641][  0]LogInit: Selected Device Profile: [Windows]
[2020.11.03-08.23.03:356][  0]LogMeshReduction: Using QuadricMeshReduction for automatic static mesh reduction
[2020.11.03-08.23.03:356][  0]LogMeshReduction: Using SimplygonMeshReduction for automatic skeletal mesh reduction
[2020.11.03-08.23.03:356][  0]LogMeshReduction: Using ProxyLODMeshReduction for automatic mesh merging
[2020.11.03-08.23.03:356][  0]LogMeshReduction: No distributed automatic mesh merging module available
[2020.11.03-08.23.03:356][  0]LogMeshMerging: No distributed automatic mesh merging module available
[2020.11.03-08.23.05:982][  0]LogNetVersion: SlimeKing 1.0.0, NetCL: 10570792, EngineNetVer: 13, GameNetVer: 0 (Checksum: 3537062741)
[2020.11.03-08.24.22:644][  0]LogPackageLocalizationCache: Processed 10 localized package path(s) for 1 prioritized culture(s) in 0.253192 seconds
[2020.11.03-08.24.22:845][  0]LogUObjectArray: 46750 objects as part of root set at end of initial load.
[2020.11.03-08.24.22:845][  0]LogUObjectAllocator: 8137160 out of 0 bytes used by permanent object pool.
[2020.11.03-08.24.22:845][  0]LogUObjectArray: CloseDisregardForGC: 0/0 objects in disregard for GC pool
[2020.11.03-08.24.41:817][  0]LogTcpMessaging: Initializing TcpMessaging bridge
[2020.11.03-08.24.41:967][  0]LogUdpMessaging: Initializing bridge on interface 0.0.0.0:0 to multicast group 230.0.0.1:6666.
[2020.11.03-08.24.43:091][  0]LogStats: UGameplayTagsManager::InitializeManager -  0.112 s
[2020.11.03-08.24.47:279][  0]SourceControl: ソースコントロールは無効です
[2020.11.03-08.24.47:329][  0]SourceControl: ソースコントロールは無効です
[2020.11.03-08.24.47:767][  0]SourceControl: ソースコントロールは無効です
[2020.11.03-08.24.47:899][  0]SourceControl: ソースコントロールは無効です
[2020.11.03-08.24.48:052][  0]SourceControl: ソースコントロールは無効です
[2020.11.03-08.24.53:681][  0]LogAndroidPermission: UAndroidPermissionCallbackProxy::GetInstance
[2020.11.03-08.24.54:302][  0]LogAudioCaptureCore: Display: No Audio Capture implementations found. Audio input will be silent.
[2020.11.03-08.24.54:302][  0]LogAudioCaptureCore: Display: No Audio Capture implementations found. Audio input will be silent.
[2020.11.03-08.24.56:042][  0]LogOcInput: OculusInput pre-init called
[2020.11.03-08.24.56:301][  0]LogWindows: Failed to load 'OVRPlugin.dll' (GetLastError=126)
[2020.11.03-08.24.56:301][  0]LogWindows: File 'OVRPlugin.dll' does not exist
[2020.11.03-08.25.02:796][  0]LogAutomationTest: Warning: Smoke tests took > 2s to run: 4.62s
[2020.11.03-08.25.03:112][  0]LogEngine: Initializing Engine...
[2020.11.03-08.25.03:418][  0]LogHMD: Failed to initialize OpenVR with code 110
[2020.11.03-08.25.05:363][  0]LogInit: Initializing FReadOnlyCVARCache
[2020.11.03-08.25.07:790][  0]LogAIModule: Creating AISystem for world Untitled
[2020.11.03-08.25.08:491][  0]LogAudioMixer: Display: Audio Mixer Platform Settings:
[2020.11.03-08.25.08:491][  0]LogAudioMixer: Display: 	Sample Rate:						  48000
[2020.11.03-08.25.08:491][  0]LogAudioMixer: Display: 	Callback Buffer Frame Size Requested: 1024
[2020.11.03-08.25.08:491][  0]LogAudioMixer: Display: 	Callback Buffer Frame Size To Use:	  1024
[2020.11.03-08.25.08:491][  0]LogAudioMixer: Display: 	Number of buffers to queue:			  2
[2020.11.03-08.25.08:491][  0]LogAudioMixer: Display: 	Max Channels (voices):				  32
[2020.11.03-08.25.08:491][  0]LogAudioMixer: Display: 	Number of Async Source Workers:		  0
[2020.11.03-08.25.08:491][  0]LogAudio: Display: AudioDevice MaxSources: 32
[2020.11.03-08.25.08:493][  0]LogAudio: Display: Using built-in audio occlusion.
[2020.11.03-08.25.08:493][  0]LogAudioMixer: Display: Initializing audio mixer.
[2020.11.03-08.25.08:741][  0]LogAudioMixer: Display: Audio Device Output Speaker Info:
[2020.11.03-08.25.08:741][  0]LogAudioMixer: Display: Name: スピーカー (Realtek High Definition Audio)
[2020.11.03-08.25.08:741][  0]LogAudioMixer: Display: Is Default: Yes
[2020.11.03-08.25.08:741][  0]LogAudioMixer: Display: Sample Rate: 48000
[2020.11.03-08.25.08:741][  0]LogAudioMixer: Display: Channel Count Used: 2
[2020.11.03-08.25.08:741][  0]LogAudioMixer: Display: Device Channel Count: 2
[2020.11.03-08.25.08:741][  0]LogAudioMixer: Display: Channel Order:
[2020.11.03-08.25.08:741][  0]LogAudioMixer: Display: 0: FrontLeft
[2020.11.03-08.25.08:741][  0]LogAudioMixer: Display: 1: FrontRight
[2020.11.03-08.25.10:576][  0]LogAudioMixer: Display: Using Audio Device スピーカー (Realtek High Definition Audio)
[2020.11.03-08.25.10:791][  0]LogInit: FAudioDevice initialized.
[2020.11.03-08.25.10:930][  0]LogNetVersion: Set ProjectVersion to 1.0.0.0. Version Checksum will be recalculated on next use.
[2020.11.03-08.25.11:809][  0]LogDerivedDataCache: Saved boot cache 0.88s 78MB C:/Users/mihar/AppData/Local/UnrealEngine/4.24/DerivedDataCache/Boot.ddc.
[2020.11.03-08.25.11:890][  0]LogInit: Texture streaming: Enabled
[2020.11.03-08.25.12:724][  0]LogEngineSessionManager: EngineSessionManager initialized
[2020.11.03-08.25.12:749][  0]LogEditorSessionSummary: Verbose: Initializing EditorSessionSummaryWriter for editor session tracking
[2020.11.03-08.25.12:900][  0]LogEditorSessionSummary: EditorSessionSummaryWriter initialized
[2020.11.03-08.25.14:204][  0]LogInit: Transaction tracking system initialized
[2020.11.03-08.25.15:847][  0]BlueprintLog: New page: エディタの読み込み
[2020.11.03-08.25.19:100][  0]LocalizationService: ローカライズのサービスが無効になりました
[2020.11.03-08.25.26:503][  0]LogFileCache: Scanning file cache for directory 'C:/Users/mihar/Documents/GitHub/SlimeKing/Content/' took 0.09s
[2020.11.03-08.25.26:503][  0]LogCook: Display: Max memory allowance for cook 16384mb min free memory 0mb
[2020.11.03-08.25.26:503][  0]LogCook: Display: Mobile HDR setting 1
[2020.11.03-08.25.27:651][  0]LogStats: FGameplayAbilitiesEditorModule::GameplayTagTreeChanged -  0.000 s
[2020.11.03-08.25.36:626][  0]SourceControl: ソースコントロールは無効です
[2020.11.03-08.25.36:762][  0]Cmd: MAP LOAD FILE="../../../../../../Users/mihar/Documents/GitHub/SlimeKing/Content/Map/title.umap" TEMPLATE=0 SHOWPROGRESS=1 FEATURELEVEL=3
[2020.11.03-08.25.36:790][  0]LightingResults: New page: ライティングのビルド
[2020.11.03-08.25.36:987][  0]LogWorld: UWorld::CleanupWorld for Untitled, bSessionEnded=true, bCleanupResources=true
[2020.11.03-08.25.37:048][  0]LogSlate: InvalidateAllWidgets triggered.  All widgets were invalidated
[2020.11.03-08.25.37:160][  0]MapCheck: New page: マップをチェック
[2020.11.03-08.25.37:160][  0]LightingResults: New page: <何も選択されていません>
[2020.11.03-08.25.38:051][  0]LogUObjectHash: Compacting FUObjectHashTables data took   2.60ms
[2020.11.03-08.25.38:848][  0]LogAudioDerivedData: Display: 圧縮オーディオ フォーマット OGG ハッシュ hash OGG10025600-1-1-1-1-1 ウェーブ PerituneMaterial_Pastorale3 をビルド中...
[2020.11.03-08.25.39:045][  0]LogTexture: Display: Building textures: 4players_01 (AutoDXT, 600X300)
[2020.11.03-08.25.39:045][  0]LogTexture: Display: Building textures: 2players_01 (AutoDXT, 600X300)
[2020.11.03-08.25.39:045][  0]LogAudioDerivedData: Display: Compression Quality for SoundWave /Game/Sounds/PerituneMaterial_Pastorale3.PerituneMaterial_Pastorale3 will be modified from 40 to 40.
[2020.11.03-08.25.42:327][  0]LogTexture: Display: Building textures: start_04 (BGRA8, 511X261)
[2020.11.03-08.25.42:327][  0]LogTexture: Display: Building textures: start_01 (BGRA8, 511X261)
[2020.11.03-08.25.42:327][  0]LogAudioDerivedData: Display: Updated SoundWave->RawPCMDataSize from 0 to 28712952 while cooking SoundWave /Game/Sounds/PerituneMaterial_Pastorale3.PerituneMaterial_Pastorale3.
[2020.11.03-08.25.42:352][  0]LogAudioDerivedData: Display: 圧縮オーディオ フォーマット OGG ハッシュ hash OGG10025600-1-1-1-1-1 ウェーブ PerituneMaterial_BattleField5_Retro をビルド中...
[2020.11.03-08.25.42:768][  0]LogAudioDerivedData: Display: Compression Quality for SoundWave /Game/Sounds/PerituneMaterial_BattleField5_Retro.PerituneMaterial_BattleField5_Retro will be modified from 40 to 40.
[2020.11.03-08.25.45:751][  0]LogAudioDerivedData: Display: Updated SoundWave->RawPCMDataSize from 0 to 32299512 while cooking SoundWave /Game/Sounds/PerituneMaterial_BattleField5_Retro.PerituneMaterial_BattleField5_Retro.
[2020.11.03-08.25.45:801][  0]LogMaterial: Display: Missing cached shader map for material TitleBack, compiling. 
[2020.11.03-08.25.46:283][  0]LogShaderCompilers: Display: Worker (1/3): shaders left to compile 11
[2020.11.03-08.25.46:283][  0]LogShaderCompilers: Display: Worker (2/3): shaders left to compile 7
[2020.11.03-08.25.46:283][  0]LogShaderCompilers: Display: Worker (3/3): shaders left to compile 3
[2020.11.03-08.25.46:283][  0]LogMaterial: Display: Missing cached shader map for material title_sequence_material, compiling. 
[2020.11.03-08.25.46:422][  0]LogAIModule: Creating AISystem for world title
[2020.11.03-08.25.46:975][  0]LogEditorServer: Finished looking for orphan Actors (0.000 secs)
[2020.11.03-08.25.47:825][  0]LogUObjectHash: Compacting FUObjectHashTables data took  11.45ms
[2020.11.03-08.25.47:827][  0]Cmd: MAP CHECKDEP NOCLEARLOG
[2020.11.03-08.25.47:839][  0]MapCheck: マップチェックが完了: 0 エラー、 0 警告、完了に 11.403ミリ秒かかりました。
[2020.11.03-08.25.47:839][  0]LogFileHelpers: Loading map 'title' took 11.174
[2020.11.03-08.25.53:950][  0]LogShaderCompilers: Display: Worker (3/3): shaders left to compile 17
[2020.11.03-08.25.53:950][  0]LogShaderCompilers: Display: Worker (2/3): shaders left to compile 11
[2020.11.03-08.25.53:950][  0]LogShaderCompilers: Display: Worker (1/3): shaders left to compile 7
[2020.11.03-08.25.53:950][  0]LogSlate: Updating window title bar state: overlay mode, drag disabled, window buttons hidden, title bar hidden
[2020.11.03-08.25.53:964][  0]LogSlate: Updating window title bar state: overlay mode, drag disabled, window buttons hidden, title bar hidden
[2020.11.03-08.25.53:975][  0]LogSlate: Updating window title bar state: overlay mode, drag disabled, window buttons hidden, title bar hidden
[2020.11.03-08.25.53:997][  0]LogSlate: Updating window title bar state: overlay mode, drag disabled, window buttons hidden, title bar hidden
[2020.11.03-08.25.54:352][  0]LogCollectionManager: Loaded 0 collections in 0.002984 seconds
[2020.11.03-08.25.54:636][  0]LogFileCache: Scanning file cache for directory 'C:/Users/mihar/Documents/GitHub/SlimeKing/Saved/Collections/' took 0.00s
[2020.11.03-08.25.54:636][  0]LogFileCache: Scanning file cache for directory 'C:/Users/mihar/Documents/GitHub/SlimeKing/Content/Developers/mihar/Collections/' took 0.00s
[2020.11.03-08.25.54:636][  0]LogFileCache: Scanning file cache for directory 'C:/Users/mihar/Documents/GitHub/SlimeKing/Content/Collections/' took 0.00s
[2020.11.03-08.25.54:636][  0]LogShaderCompilers: Display: Worker (1/3): shaders left to compile 4
[2020.11.03-08.25.54:636][  0]LogShaderCompilers: Display: Worker (3/3): shaders left to compile 2
[2020.11.03-08.25.54:636][  0]LogContentBrowser: Native class hierarchy populated in 0.0124 seconds. Added 3098 classes and 721 folders.
[2020.11.03-08.25.55:579][  0]LogShaderCompilers: Display: Worker (3/3): shaders left to compile 1
[2020.11.03-08.25.55:579][  0]LogContentBrowser: Native class hierarchy updated for 'WidgetCarousel' in 0.0003 seconds. Added 0 classes and 0 folders.
[2020.11.03-08.26.02:496][  0]LogContentBrowser: Native class hierarchy updated for 'AddContentDialog' in 0.0004 seconds. Added 0 classes and 0 folders.
[2020.11.03-08.26.03:148][  0]LogContentBrowser: Native class hierarchy updated for 'SceneOutliner' in 0.0004 seconds. Added 2 classes and 3 folders.
[2020.11.03-08.26.09:766][  0]LogSlate: Took 0.232068 seconds to synchronously load lazily loaded font '../../../Engine/Content/Slate/Fonts/Roboto-Regular.ttf' (155K)
[2020.11.03-08.26.10:204][  0]LogSlate: Took 0.146709 seconds to synchronously load lazily loaded font '../../../Engine/Content/Editor/Slate/Fonts/GenEiGothicPro-Regular.otf' (707K)
[2020.11.03-08.26.10:361][  0]LogSlate: Took 0.027279 seconds to synchronously load lazily loaded font '../../../Engine/Content/Editor/Slate/Fonts/GenEiGothicPro-Bold.otf' (698K)
[2020.11.03-08.26.10:446][  0]LogSlate: Took 0.084271 seconds to synchronously load lazily loaded font '../../../Engine/Content/Slate/Fonts/Roboto-Bold.ttf' (160K)
[2020.11.03-08.26.10:946][  0]LogSlate: Took 0.066820 seconds to synchronously load lazily loaded font '../../../Engine/Content/Editor/Slate/Fonts/FontAwesome.ttf' (139K)
[2020.11.03-08.26.15:708][  0]LogRenderer: Reallocating scene render targets to support 792x392 Format 10 NumSamples 1 (Frame:1).
[2020.11.03-08.26.23:028][  0]LogContentBrowser: Native class hierarchy updated for 'HierarchicalLODOutliner' in 0.0005 seconds. Added 0 classes and 0 folders.
[2020.11.03-08.26.23:028][  0]LogLoad: (Engine Initialization) Total time: 403.67 seconds
[2020.11.03-08.26.23:028][  0]LogLoad: (Engine Initialization) Total Blueprint compile time: 0.00 seconds
[2020.11.03-08.26.26:536][  0]LogContentStreaming: Texture pool size now 1000 MB
[2020.11.03-08.26.33:159][  4]LogSlate: Took 0.115199 seconds to synchronously load lazily loaded font '../../../Engine/Content/Slate/Fonts/Roboto-Light.ttf' (167K)
[2020.11.03-08.26.33:830][  6]LogAssetRegistry: Asset discovery search completed in 242.3931 seconds
[2020.11.03-08.26.34:062][  6]LogCollectionManager: Fixed up redirectors for 0 collections in 0.076914 seconds (updated 0 objects)
[2020.11.03-08.26.40:369][ 25]LogFileCache: Retrieving MD5 hashes for directory 'C:/Users/mihar/Documents/GitHub/SlimeKing/Content/' took 15.97s
[2020.11.03-08.26.59:103][350]LogTexture: Display: Building textures: Texture_Aura (AutoDXT, 512X512)
[2020.11.03-08.26.59:103][350]LogTexture: Display: Building textures: T_ky_shockwave12_4x4 (DXT1, 2048X2048)
[2020.11.03-08.26.59:103][350]LogTexture: Display: Building textures: T_ky_bg (AutoDXT, 64X64)
[2020.11.03-08.26.59:103][350]LogTexture: Display: Building textures: T_ky_decoLinesB (AutoDXT, 1024X1024)
[2020.11.03-08.26.59:103][350]LogTexture: Display: Building textures: T_ky_decoLines (AutoDXT, 1024X1024)
[2020.11.03-08.26.59:103][350]LogMaterial: Display: Missing cached shader map for material Slime022, compiling. 
[2020.11.03-08.26.59:439][350]LogShaderCompilers: Display: Worker (1/3): shaders left to compile 39
[2020.11.03-08.26.59:439][350]LogShaderCompilers: Display: Worker (2/3): shaders left to compile 29
[2020.11.03-08.26.59:440][350]LogShaderCompilers: Display: Worker (3/3): shaders left to compile 19
[2020.11.03-08.26.59:440][350]LogMaterial: Display: Missing cached shader map for material Slime_02_Mat, compiling. 
[2020.11.03-08.26.59:975][350]LogTexture: Display: Building textures: ThumbnailTexture (DXT1, 512X512)
[2020.11.03-08.26.59:975][350]LogAnimationCompression: Building Anim DDC data for AnimSequence /Game/Mesh/Slime/NewFolder/sm_walk_Anim.sm_walk_Anim
[2020.11.03-08.27.00:020][350]LogAnimationCompression: Recompressing (AnimSequence /Game/Mesh/Slime/NewFolder/sm_walk_Anim.sm_walk_Anim) using current/default (AnimCompress_BitwiseCompressOnly_0) bFirstRecompressUsingCurrentOrDefault(1) bTryAlternateCompressor(0) IsCompressedDataValid(0)
[2020.11.03-08.27.00:259][350]LogAnimationCompression: Building Anim DDC data for AnimSequence /Game/Mesh/Slime/NewFolder/sm_stop_Anim.sm_stop_Anim
[2020.11.03-08.27.00:259][350]LogAnimationCompression: Recompressing (AnimSequence /Game/Mesh/Slime/NewFolder/sm_stop_Anim.sm_stop_Anim) using current/default (AnimCompress_BitwiseCompressOnly_0) bFirstRecompressUsingCurrentOrDefault(1) bTryAlternateCompressor(0) IsCompressedDataValid(0)
[2020.11.03-08.27.00:365][350]LogTexture: Display: Building textures: power_01 (BGRA8, 217X217)
[2020.11.03-08.27.00:365][350]LogTexture: Display: Building textures: power_05 (BGRA8, 217X217)
[2020.11.03-08.27.00:365][350]LogTexture: Display: Building textures: 1016_usagi_texture_body (AutoDXT, 1024X1024)
[2020.11.03-08.27.00:365][350]LogTexture: Display: Building textures: 1016_usagi_texture_HW (AutoDXT, 1024X1024)
[2020.11.03-08.27.00:365][350]LogAnimationCompression: Building Anim DDC data for AnimSequence /Game/Mesh/Slime/NewFolder/SlimeJump_Anim.SlimeJump_Anim
[2020.11.03-08.27.00:365][350]LogAnimationCompression: Recompressing (AnimSequence /Game/Mesh/Slime/NewFolder/SlimeJump_Anim.SlimeJump_Anim) using current/default (AnimCompress_BitwiseCompressOnly_0) bFirstRecompressUsingCurrentOrDefault(1) bTryAlternateCompressor(0) IsCompressedDataValid(0)
[2020.11.03-08.27.00:366][350]LogAnimationCompression: Building Anim DDC data for AnimSequence /Game/Mesh/Slime/NewFolder/slime_big_jump_Anim.slime_big_jump_Anim
[2020.11.03-08.27.00:366][350]LogAnimationCompression: Recompressing (AnimSequence /Game/Mesh/Slime/NewFolder/slime_big_jump_Anim.slime_big_jump_Anim) using current/default (AnimCompress_BitwiseCompressOnly_0) bFirstRecompressUsingCurrentOrDefault(1) bTryAlternateCompressor(0) IsCompressedDataValid(0)
[2020.11.03-08.27.00:427][350]LogMaterial: Display: Missing cached shader map for material Lizard_Mat, compiling. 
[2020.11.03-08.27.00:450][350]LogStaticMesh: スタティックメッシュ Lizardtest をビルド中...
[2020.11.03-08.27.00:587][350]LogTexture: Display: Building textures: power_04 (BGRA8, 217X217)
[2020.11.03-08.27.00:598][350]LogSlate: Took 0.000172 seconds to synchronously load lazily loaded font '../../../Engine/Content/Slate/Fonts/Roboto-Light.ttf' (167K)
[2020.11.03-08.27.00:916][350]LogSlate: Took 0.316500 seconds to synchronously load lazily loaded font '../../../Engine/Content/Editor/Slate/Fonts/GenEiGothicPro-Light.otf' (713K)
[2020.11.03-08.27.01:747][350]LogStaticMesh: Built static mesh [1.26s] /Game/Mesh/Lizzard/Lizardtest.Lizardtest
[2020.11.03-08.27.02:271][350]LogMaterial: Display: Missing cached shader map for material fire_Ma, compiling. 
[2020.11.03-08.27.02:540][350]LogMaterial: Display: Missing cached shader map for material M_ky_subUV01, compiling. 
[2020.11.03-08.27.02:587][350]LogMaterial: Display: Missing cached shader map for material M_ky_polar, compiling. 
[2020.11.03-08.27.02:682][350]LogMaterial: Display: Missing cached shader map for material M_ky_polar, compiling. 
[2020.11.03-08.27.02:786][350]LogAnimationCompression: Building Anim DDC data for AnimSequence /Game/Mesh/Wolf/wolf_walk_01_Anim.wolf_walk_01_Anim
[2020.11.03-08.27.02:786][350]LogAnimationCompression: Recompressing (AnimSequence /Game/Mesh/Wolf/wolf_walk_01_Anim.wolf_walk_01_Anim) using current/default (AnimCompress_BitwiseCompressOnly_0) bFirstRecompressUsingCurrentOrDefault(1) bTryAlternateCompressor(0) IsCompressedDataValid(0)
[2020.11.03-08.27.02:810][350]LogAnimationCompression: Building Anim DDC data for AnimSequence /Game/Mesh/Wolf/wolf_wait_01_Anim.wolf_wait_01_Anim
[2020.11.03-08.27.02:810][350]LogAnimationCompression: Recompressing (AnimSequence /Game/Mesh/Wolf/wolf_wait_01_Anim.wolf_wait_01_Anim) using current/default (AnimCompress_BitwiseCompressOnly_0) bFirstRecompressUsingCurrentOrDefault(1) bTryAlternateCompressor(0) IsCompressedDataValid(0)
[2020.11.03-08.27.02:811][350]LogAnimationCompression: Building Anim DDC data for AnimSequence /Game/Mesh/Wolf/wolf_run_01_Anim.wolf_run_01_Anim
[2020.11.03-08.27.02:811][350]LogAnimationCompression: Recompressing (AnimSequence /Game/Mesh/Wolf/wolf_run_01_Anim.wolf_run_01_Anim) using current/default (AnimCompress_BitwiseCompressOnly_0) bFirstRecompressUsingCurrentOrDefault(1) bTryAlternateCompressor(0) IsCompressedDataValid(0)
[2020.11.03-08.27.02:821][350]LogMaterial: Display: Missing cached shader map for material Slime_01_Mat_2, compiling. 
[2020.11.03-08.27.02:903][350]LogMaterial: Display: Missing cached shader map for material Slime_03_Mat, compiling. 
[2020.11.03-08.27.03:016][350]LogSkeletalMesh: Building Skeletal Mesh sm_walk...
[2020.11.03-08.27.03:537][350]LogSkeletalMesh: Section 0: 3068 vertices, 4 active bones
[2020.11.03-08.27.03:537][350]LogSkeletalMesh: Section 0: Material=0, 5660 triangles
[2020.11.03-08.27.03:590][350]LogSkeletalMesh: Built Skeletal Mesh [0.59s] /Game/Mesh/Slime/NewFolder/sm_walk.sm_walk
[2020.11.03-08.27.03:694][350]LogMaterial: Display: Missing cached shader map for material Slime012, compiling. 
[2020.11.03-08.27.03:745][350]LogMaterial: Display: Missing cached shader map for material Slime_01_Mat, compiling. 
[2020.11.03-08.27.03:821][350]LogSkeletalMesh: Building Skeletal Mesh Slime...
[2020.11.03-08.27.04:137][350]LogSkeletalMesh: Section 0: 2646 vertices, 4 active bones
[2020.11.03-08.27.04:137][350]LogSkeletalMesh: Section 1: 422 vertices, 4 active bones
[2020.11.03-08.27.04:138][350]LogSkeletalMesh: Section 0: Material=0, 4900 triangles
[2020.11.03-08.27.04:138][350]LogSkeletalMesh: Section 1: Material=1, 760 triangles
[2020.11.03-08.27.04:158][350]LogSkeletalMesh: Built Skeletal Mesh [0.34s] /Game/Mesh/Slime/Slime.Slime
[2020.11.03-08.27.04:164][350]LogAudioDerivedData: Display: 圧縮オーディオ フォーマット OGG ハッシュ hash OGG10025600-1-1-1-1-1 ウェーブ 13_SlimeWing_Rise をビルド中...
[2020.11.03-08.27.04:194][350]LogAudioDerivedData: Display: Compression Quality for SoundWave /Game/Sounds/13_SlimeWing_Rise.13_SlimeWing_Rise will be modified from 40 to 40.
[2020.11.03-08.27.04:284][350]LogAudioDerivedData: Display: Updated SoundWave->RawPCMDataSize from 0 to 657160 while cooking SoundWave /Game/Sounds/13_SlimeWing_Rise.13_SlimeWing_Rise.
[2020.11.03-08.27.04:327][350]LogAudioDerivedData: Display: 圧縮オーディオ フォーマット OGG ハッシュ hash OGG10025600-1-1-1-1-1 ウェーブ 13_SlimeWing_Rise_short をビルド中...
[2020.11.03-08.27.04:416][350]LogAudioDerivedData: Display: Compression Quality for SoundWave /Game/Sounds/13_SlimeWing_Rise_short.13_SlimeWing_Rise_short will be modified from 40 to 40.
[2020.11.03-08.27.04:480][350]LogAudioDerivedData: Display: Updated SoundWave->RawPCMDataSize from 0 to 329452 while cooking SoundWave /Game/Sounds/13_SlimeWing_Rise_short.13_SlimeWing_Rise_short.
[2020.11.03-08.27.04:496][350]LogAudioDerivedData: Display: 圧縮オーディオ フォーマット OGG ハッシュ hash OGG10025600-1-1-1-1-1 ウェーブ 12_SlimeWisp_FlashAttack をビルド中...
[2020.11.03-08.27.04:518][350]LogAudioDerivedData: Display: Compression Quality for SoundWave /Game/Sounds/12_SlimeWisp_FlashAttack.12_SlimeWisp_FlashAttack will be modified from 40 to 40.
[2020.11.03-08.27.04:590][350]LogAudioDerivedData: Display: Updated SoundWave->RawPCMDataSize from 0 to 433152 while cooking SoundWave /Game/Sounds/12_SlimeWisp_FlashAttack.12_SlimeWisp_FlashAttack.
[2020.11.03-08.27.04:591][350]LogAudioDerivedData: Display: 圧縮オーディオ フォーマット OGG ハッシュ hash OGG10025600-1-1-1-1-1 ウェーブ 11_SlimeWolf_Dash_2 をビルド中...
[2020.11.03-08.27.04:621][350]LogAudioDerivedData: Display: Compression Quality for SoundWave /Game/Sounds/11_SlimeWolf_Dash_2.11_SlimeWolf_Dash_2 will be modified from 40 to 40.
[2020.11.03-08.27.04:715][350]LogAudioDerivedData: Display: Updated SoundWave->RawPCMDataSize from 0 to 577908 while cooking SoundWave /Game/Sounds/11_SlimeWolf_Dash_2.11_SlimeWolf_Dash_2.
[2020.11.03-08.27.04:715][350]LogAudioDerivedData: Display: 圧縮オーディオ フォーマット OGG ハッシュ hash OGG10025600-1-1-1-1-1 ウェーブ 04_Slime_Activate をビルド中...
[2020.11.03-08.27.04:715][350]LogAudioDerivedData: Display: Compression Quality for SoundWave /Game/Sounds/04_Slime_Activate.04_Slime_Activate will be modified from 40 to 40.
[2020.11.03-08.27.04:781][350]LogAudioDerivedData: Display: Updated SoundWave->RawPCMDataSize from 0 to 35914 while cooking SoundWave /Game/Sounds/04_Slime_Activate.04_Slime_Activate.
[2020.11.03-08.27.04:791][350]LogAudioDerivedData: Display: 圧縮オーディオ フォーマット OGG ハッシュ hash OGG10025600-1-1-1-1-1 ウェーブ 14_SlimeWing_Descent をビルド中...
[2020.11.03-08.27.04:803][350]LogAudioDerivedData: Display: Compression Quality for SoundWave /Game/Sounds/14_SlimeWing_Descent.14_SlimeWing_Descent will be modified from 40 to 40.
[2020.11.03-08.27.04:851][350]LogAudioDerivedData: Display: Updated SoundWave->RawPCMDataSize from 0 to 237600 while cooking SoundWave /Game/Sounds/14_SlimeWing_Descent.14_SlimeWing_Descent.
[2020.11.03-08.27.04:860][350]LogMaterial: Display: Missing cached shader map for material WhispMaterial, compiling. 
[2020.11.03-08.27.04:886][350]LogAudioDerivedData: Display: 圧縮オーディオ フォーマット OGG ハッシュ hash OGG10025600-1-1-1-1-1 ウェーブ 03_Slime_Acquired をビルド中...
[2020.11.03-08.27.04:886][350]LogAudioDerivedData: Display: Compression Quality for SoundWave /Game/Sounds/03_Slime_Acquired.03_Slime_Acquired will be modified from 40 to 40.
[2020.11.03-08.27.04:903][350]LogAudioDerivedData: Display: Updated SoundWave->RawPCMDataSize from 0 to 111838 while cooking SoundWave /Game/Sounds/03_Slime_Acquired.03_Slime_Acquired.
[2020.11.03-08.27.04:914][350]LogMaterial: Display: Missing cached shader map for material WingRabbit_MatHW, compiling. 
[2020.11.03-08.27.04:961][350]LogMaterial: Display: Missing cached shader map for material WingRabbitBody, compiling. 
[2020.11.03-08.27.05:019][350]LogSkeletalMesh: Building Skeletal Mesh 1016_usagi...
[2020.11.03-08.27.05:606][350]LogShaderCompilers: Display: Worker (3/3): shaders left to compile 651
[2020.11.03-08.27.05:606][350]LogShaderCompilers: Display: Worker (2/3): shaders left to compile 641
[2020.11.03-08.27.05:660][350]LogSkeletalMesh: Section 0: 2899 vertices, 1 active bones
[2020.11.03-08.27.05:661][350]LogSkeletalMesh: Section 1: 4034 vertices, 4 active bones
[2020.11.03-08.27.05:662][350]LogSkeletalMesh: Section 0: Material=0, 4912 triangles
[2020.11.03-08.27.05:662][350]LogSkeletalMesh: Section 1: Material=1, 6940 triangles
[2020.11.03-08.27.05:789][350]LogSkeletalMesh: Built Skeletal Mesh [0.78s] /Game/Mesh/Rabbit/New/1016_usagi.1016_usagi
[2020.11.03-08.27.05:798][350]LogMaterial: Display: Missing cached shader map for material Wolf_Mat, compiling. 
[2020.11.03-08.27.05:833][350]LogSkeletalMesh: Building Skeletal Mesh wolf_wait_01...
[2020.11.03-08.27.06:053][350]LogSkeletalMesh: Section 0: 2078 vertices, 24 active bones
[2020.11.03-08.27.06:053][350]LogSkeletalMesh: Section 0: Material=0, 3410 triangles
[2020.11.03-08.27.06:075][350]LogSkeletalMesh: Built Skeletal Mesh [0.24s] /Game/Mesh/Wolf/wolf_wait_01.wolf_wait_01
[2020.11.03-08.27.07:635][350]LogShaderCompilers: Display: Worker (1/3): shaders left to compile 670
[2020.11.03-08.27.07:664][350]LogAssetEditorSubsystem: Opening Asset editor for Blueprint /Game/Goto/WingRabbit/WingRabbit.WingRabbit
[2020.11.03-08.27.08:926][350]LogContentBrowser: Native class hierarchy updated for 'BlueprintGraph' in 0.0008 seconds. Added 121 classes and 0 folders.
[2020.11.03-08.27.11:538][350]LogShaderCompilers: Display: Worker (3/3): shaders left to compile 660
[2020.11.03-08.27.11:538][350]LogShaderCompilers: Display: Worker (2/3): shaders left to compile 650
[2020.11.03-08.27.21:335][350]LogShaderCompilers: Display: Worker (1/3): shaders left to compile 640
[2020.11.03-08.27.21:335][350]LogShaderCompilers: Display: Worker (2/3): shaders left to compile 630
[2020.11.03-08.27.21:335][350]LogShaderCompilers: Display: Worker (3/3): shaders left to compile 620
[2020.11.03-08.27.21:335][350]LogShaderCompilers: Display: Worker (1/3): shaders left to compile 610
[2020.11.03-08.27.21:335][350]LogShaderCompilers: Display: Worker (2/3): shaders left to compile 600
[2020.11.03-08.27.21:335][350]LogShaderCompilers: Display: Worker (3/3): shaders left to compile 590
[2020.11.03-08.27.22:524][350]LogSlate: Took 0.057599 seconds to synchronously load lazily loaded font '../../../Engine/Content/Editor/Slate/Fonts/GenEiGothicPro-SemiBold.otf' (703K)
[2020.11.03-08.27.22:620][350]LogSlate: Took 0.096750 seconds to synchronously load lazily loaded font '../../../Engine/Content/Slate/Fonts/Roboto-BoldCondensed.ttf' (158K)
[2020.11.03-08.27.26:306][376]LogShaderCompilers: Display: Worker (2/3): shaders left to compile 580
[2020.11.03-08.27.26:939][408]LogSlate: Took 0.082107 seconds to synchronously load lazily loaded font '../../../Engine/Content/Slate/Fonts/Roboto-Italic.ttf' (157K)
[2020.11.03-08.27.28:600][499]LogShaderCompilers: Display: Worker (3/3): shaders left to compile 570
[2020.11.03-08.27.28:902][517]LogShaderCompilers: Display: Worker (1/3): shaders left to compile 560
[2020.11.03-08.27.32:833][701]LogAssetEditorSubsystem: Opening Asset editor for Blueprint /Game/BluePrints/BP_Character/BP_Character_02.BP_Character_02
[2020.11.03-08.27.34:406][702]LogShaderCompilers: Display: Worker (2/3): shaders left to compile 550
[2020.11.03-08.27.36:073][795]LogShaderCompilers: Display: Worker (3/3): shaders left to compile 540
[2020.11.03-08.27.36:464][818]LogShaderCompilers: Display: Worker (1/3): shaders left to compile 530
[2020.11.03-08.27.40:527][ 50]LogShaderCompilers: Display: Worker (2/3): shaders left to compile 520
[2020.11.03-08.27.42:077][132]LogShaderCompilers: Display: Worker (1/3): shaders left to compile 510
[2020.11.03-08.27.42:144][136]LogShaderCompilers: Display: Worker (3/3): shaders left to compile 500
[2020.11.03-08.27.45:577][311]BlueprintLog: New page: BP_Character_02 をコンパイル
[2020.11.03-08.27.47:196][311]LogShaderCompilers: Display: Worker (2/3): shaders left to compile 490
[2020.11.03-08.27.47:462][311]LogUObjectHash: Compacting FUObjectHashTables data took   8.27ms
[2020.11.03-08.27.48:783][311]LogShaderCompilers: Display: Worker (1/3): shaders left to compile 480
[2020.11.03-08.27.48:783][311]LogShaderCompilers: Display: Worker (3/3): shaders left to compile 470
[2020.11.03-08.27.49:329][311]LogSavePackage: Moving '../../../../../../Users/mihar/Documents/GitHub/SlimeKing/Saved/BP_Character_02C9AE3D88448C3569422B98BF5103F38F.tmp' to '../../../../../../Users/mihar/Documents/GitHub/SlimeKing/Content/BluePrints/BP_Character/BP_Character_02.uasset'
[2020.11.03-08.27.49:506][311]AssetCheck: New page: Asset Save: BP_Character_02
[2020.11.03-08.27.49:506][311]LogContentValidation: Display: Validating Blueprint /Game/BluePrints/BP_Character/BP_Character_02.BP_Character_02
[2020.11.03-08.27.50:896][313]LogSavePackage: Moving '../../../../../../Users/mihar/Documents/GitHub/SlimeKing/Saved/BP_Character_02CAE8419545DEB903E14893B3FE753199.tmp' to '../../../../../../Users/mihar/Documents/GitHub/SlimeKing/Content/BluePrints/BP_Character/BP_Character_02.uasset'
[2020.11.03-08.27.50:943][313]AssetCheck: New page: Asset Save: BP_Character_02
[2020.11.03-08.27.50:943][313]LogContentValidation: Display: Validating Blueprint /Game/BluePrints/BP_Character/BP_Character_02.BP_Character_02
[2020.11.03-08.27.53:037][418]LogShaderCompilers: Display: Worker (2/3): shaders left to compile 460
[2020.11.03-08.27.57:104][576]LogWorld: UWorld::CleanupWorld for World_2, bSessionEnded=true, bCleanupResources=true
[2020.11.03-08.27.57:104][576]LogSlate: InvalidateAllWidgets triggered.  All widgets were invalidated
[2020.11.03-08.27.58:311][576]LogShaderCompilers: Display: Worker (3/3): shaders left to compile 450
[2020.11.03-08.27.58:311][576]LogShaderCompilers: Display: Worker (1/3): shaders left to compile 440
[2020.11.03-08.28.00:145][651]LogShaderCompilers: Display: Worker (2/3): shaders left to compile 430
[2020.11.03-08.28.04:972][836]LogShaderCompilers: Display: Worker (3/3): shaders left to compile 420
[2020.11.03-08.28.06:537][894]LogShaderCompilers: Display: Worker (1/3): shaders left to compile 410
[2020.11.03-08.28.08:554][949]LogShaderCompilers: Display: Worker (2/3): shaders left to compile 400
[2020.11.03-08.28.11:386][ 55]LogShaderCompilers: Display: Worker (3/3): shaders left to compile 390
[2020.11.03-08.28.12:886][110]LogShaderCompilers: Display: Worker (1/3): shaders left to compile 380
[2020.11.03-08.28.15:711][224]LogShaderCompilers: Display: Worker (2/3): shaders left to compile 370
[2020.11.03-08.28.16:005][236]LogShaderCompilers: Display: Worker (3/3): shaders left to compile 360
[2020.11.03-08.28.19:750][380]LogShaderCompilers: Display: Worker (1/3): shaders left to compile 350
[2020.11.03-08.28.20:072][392]LogShaderCompilers: Display: Worker (3/3): shaders left to compile 340
[2020.11.03-08.28.22:486][494]LogShaderCompilers: Display: Worker (2/3): shaders left to compile 330
[2020.11.03-08.28.27:195][672]LogShaderCompilers: Display: Worker (1/3): shaders left to compile 320
[2020.11.03-08.28.27:582][688]LogShaderCompilers: Display: Worker (2/3): shaders left to compile 310
[2020.11.03-08.28.28:200][708]LogShaderCompilers: Display: Worker (3/3): shaders left to compile 300
[2020.11.03-08.28.31:000][839]LogActorComponent: UnregisterComponent: (/Engine/Transient.EditorFloorComp) Not registered. Aborting.
[2020.11.03-08.28.31:000][839]LogWorld: UWorld::CleanupWorld for World_0, bSessionEnded=true, bCleanupResources=true
[2020.11.03-08.28.31:000][839]LogSlate: InvalidateAllWidgets triggered.  All widgets were invalidated
[2020.11.03-08.28.36:356][989]LogUObjectHash: Compacting FUObjectHashTables data took   9.90ms
[2020.11.03-08.28.36:714][989]LogSlate: Window 'SlimeKing - Unreal Editor' being destroyed
[2020.11.03-08.28.36:844][989]LogWindowsTextInputMethodSystem: Display: IME system now activated using TSF (Microsoft IME).
[2020.11.03-08.28.37:491][990]Cmd: QUIT_EDITOR
[2020.11.03-08.28.37:491][990]LogCore: Engine exit requested (reason: UUnrealEdEngine::CloseEditor())
[2020.11.03-08.28.37:581][990]LogCore: Engine exit requested (reason: EngineExit() was called; note: exit was already requested)
[2020.11.03-08.28.37:585][990]LogAudioMixer: Display: No commands were queued while flushing the source manager.
