Log file open, 06/28/20 21:31:56
LogWindows: Failed to load 'aqProf.dll' (GetLastError=126)
LogWindows: File 'aqProf.dll' does not exist
LogWindows: Failed to load 'VtuneApi.dll' (GetLastError=126)
LogWindows: File 'VtuneApi.dll' does not exist
LogWindows: Failed to load 'VtuneApi32e.dll' (GetLastError=126)
LogWindows: File 'VtuneApi32e.dll' does not exist
LogConsoleResponse: Display: Failed to find resolution value strings in scalability ini. Falling back to default.
LogInit: Display: Running engine for game: SlimeKing
LogPlatformFile: Not using cached read wrapper
LogTaskGraph: Started task graph with 5 named threads and 35 total threads with 3 sets of task threads.
LogStats: Stats thread started at 8.952744
LogD3D11RHI: Loaded GFSDK_Aftermath_Lib.x64.dll
LogICUInternationalization: ICU TimeZone Detection - Raw Offset: +9:00, Platform Override: ''
LogPluginManager: Mounting plugin Paper2D
LogPluginManager: Mounting plugin AISupport
LogPluginManager: Mounting plugin LightPropagationVolume
LogPluginManager: Mounting plugin ActorLayerUtilities
LogPluginManager: Mounting plugin AnimationSharing
LogPluginManager: Mounting plugin CLionSourceCodeAccess
LogPluginManager: Mounting plugin CodeLiteSourceCodeAccess
LogPluginManager: Mounting plugin GitSourceControl
LogPluginManager: Mounting plugin KDevelopSourceCodeAccess
LogPluginManager: Mounting plugin NullSourceCodeAccess
LogPluginManager: Mounting plugin PerforceSourceControl
LogPluginManager: Mounting plugin PlasticSourceControl
LogPluginManager: Mounting plugin SubversionSourceControl
LogPluginManager: Mounting plugin UObjectPlugin
LogPluginManager: Mounting plugin VisualStudioCodeSourceCodeAccess
LogPluginManager: Mounting plugin VisualStudioSourceCodeAccess
LogPluginManager: Mounting plugin XCodeSourceCodeAccess
LogPluginManager: Mounting plugin AssetManagerEditor
LogPluginManager: Mounting plugin CryptoKeys
LogPluginManager: Mounting plugin CurveEditorTools
LogPluginManager: Mounting plugin DataValidation
LogPluginManager: Mounting plugin EditorScriptingUtilities
LogPluginManager: Mounting plugin FacialAnimation
LogPluginManager: Mounting plugin GameplayTagsEditor
LogPluginManager: Mounting plugin MacGraphicsSwitching
LogPluginManager: Mounting plugin MaterialAnalyzer
LogPluginManager: Mounting plugin MobileLauncherProfileWizard
LogPluginManager: Mounting plugin PluginBrowser
LogPluginManager: Mounting plugin SpeedTreeImporter
LogPluginManager: Mounting plugin DatasmithContent
LogPluginManager: Mounting plugin VariantManagerContent
LogPluginManager: Mounting plugin AlembicImporter
LogPluginManager: Mounting plugin AutomationUtils
LogPluginManager: Mounting plugin BackChannel
LogPluginManager: Mounting plugin CharacterAI
LogPluginManager: Mounting plugin GeometryCache
LogPluginManager: Mounting plugin PlatformCrypto
LogPluginManager: Mounting plugin ProxyLODPlugin
LogPluginManager: Mounting plugin PythonScriptPlugin
LogPluginManager: Mounting plugin SkeletalReduction
LogPluginManager: Mounting plugin MagicLeap
LogPluginManager: Mounting plugin MagicLeapMedia
LogPluginManager: Mounting plugin MLSDK
LogPluginManager: Mounting plugin AndroidMedia
LogPluginManager: Mounting plugin AvfMedia
LogPluginManager: Mounting plugin ImgMedia
LogPluginManager: Mounting plugin MediaCompositing
LogPluginManager: Mounting plugin MediaPlayerEditor
LogPluginManager: Mounting plugin WebMMedia
LogPluginManager: Mounting plugin WmfMedia
LogPluginManager: Mounting plugin MegascansPlugin
LogPluginManager: Mounting plugin TcpMessaging
LogPluginManager: Mounting plugin UdpMessaging
LogPluginManager: Mounting plugin ActorSequence
LogPluginManager: Mounting plugin LevelSequenceEditor
LogPluginManager: Mounting plugin MatineeToLevelSequence
LogPluginManager: Mounting plugin NetcodeUnitTest
LogPluginManager: Mounting plugin NUTUnrealEngine4
LogPluginManager: Mounting plugin OnlineSubsystemGooglePlay
LogPluginManager: Mounting plugin OnlineSubsystemIOS
LogPluginManager: Mounting plugin OnlineSubsystem
LogPluginManager: Mounting plugin OnlineSubsystemNull
LogPluginManager: Mounting plugin OnlineSubsystemUtils
LogPluginManager: Mounting plugin LauncherChunkInstaller
LogPluginManager: Mounting plugin AndroidDeviceProfileSelector
LogPluginManager: Mounting plugin AndroidMoviePlayer
LogPluginManager: Mounting plugin AndroidPermission
LogPluginManager: Mounting plugin AppleImageUtils
LogPluginManager: Mounting plugin AppleMoviePlayer
LogPluginManager: Mounting plugin ArchVisCharacter
LogPluginManager: Mounting plugin AssetTags
LogPluginManager: Mounting plugin AudioCapture
LogPluginManager: Mounting plugin CableComponent
LogPluginManager: Mounting plugin CustomMeshComponent
LogPluginManager: Mounting plugin EditableMesh
LogPluginManager: Mounting plugin ExampleDeviceProfileSelector
LogPluginManager: Mounting plugin GoogleCloudMessaging
LogPluginManager: Mounting plugin IOSDeviceProfileSelector
LogPluginManager: Mounting plugin LinuxDeviceProfileSelector
LogPluginManager: Mounting plugin LocationServicesBPLibrary
LogPluginManager: Mounting plugin MobilePatchingUtils
LogPluginManager: Mounting plugin OculusVR
LogPluginManager: Mounting plugin PhysXVehicles
LogPluginManager: Mounting plugin PostSplashScreen
LogPluginManager: Mounting plugin ProceduralMeshComponent
LogPluginManager: Mounting plugin RuntimePhysXCooking
LogPluginManager: Mounting plugin SignificanceManager
LogPluginManager: Mounting plugin SteamVR
LogPluginManager: Mounting plugin WebMMoviePlayer
LogPluginManager: Mounting plugin WindowsMoviePlayer
LogPluginManager: Mounting plugin ScreenshotTools
LogInit: Using libcurl 7.55.1-DEV
LogInit:  - built for x86_64-pc-win32
LogInit:  - supports SSL with OpenSSL/1.1.1
LogInit:  - supports HTTP deflate (compression) using libz 1.2.8
LogInit:  - other features:
LogInit:      CURL_VERSION_SSL
LogInit:      CURL_VERSION_LIBZ
LogInit:      CURL_VERSION_IPV6
LogInit:      CURL_VERSION_ASYNCHDNS
LogInit:      CURL_VERSION_LARGEFILE
LogInit:      CURL_VERSION_IDN
LogInit:  CurlRequestOptions (configurable via config and command line):
LogInit:  - bVerifyPeer = true  - Libcurl will verify peer certificate
LogInit:  - bUseHttpProxy = false  - Libcurl will NOT use HTTP proxy
LogInit:  - bDontReuseConnections = false  - Libcurl will reuse connections
LogInit:  - MaxHostConnections = 16  - Libcurl will limit the number of connections to a host
LogInit:  - LocalHostAddr = Default
LogInit:  - BufferSize = 65536
LogOnline: OSS: Creating online subsystem instance for: NULL
LogInit: WinSock: version 1.1 (2.2), MaxSocks=32767, MaxUdp=65467
LogOnline: OSS: TryLoadSubsystemAndSetDefault: Loaded subsystem for module [NULL]
LogInit: Build: ++UE4+Release-4.24-CL-11590370
LogInit: Engine Version: 4.24.3-11590370+++UE4+Release-4.24
LogInit: Compatible Engine Version: 4.24.0-10570792+++UE4+Release-4.24
LogInit: Net CL: 10570792
LogInit: OS: Windows 10 (Release 1909) (), CPU: Intel(R) Core(TM) i7-8700 CPU @ 3.20GHz, GPU: NVIDIA GeForce GTX 1060 3GB
LogInit: Compiled (64-bit): Feb 24 2020 15:39:18
LogInit: Compiled with Visual C++: 19.16.27032.01
LogInit: Build Configuration: Development
LogInit: Branch Name: ++UE4+Release-4.24
LogInit: Command Line: 
LogInit: Base Directory: D:/UE_4.24/Engine/Binaries/Win64/
LogInit: Installed Engine Build: 1
LogDevObjectVersion: Number of dev versions registered: 25
LogDevObjectVersion:   Dev-Blueprints (B0D832E4-1F89-4F0D-ACCF-7EB736FD4AA2): 10
LogDevObjectVersion:   Dev-Build (E1C64328-A22C-4D53-A36C-8E866417BD8C): 0
LogDevObjectVersion:   Dev-Core (375EC13C-06E4-48FB-B500-84F0262A717E): 3
LogDevObjectVersion:   Dev-Editor (E4B068ED-F494-42E9-A231-DA0B2E46BB41): 37
LogDevObjectVersion:   Dev-Framework (CFFC743F-43B0-4480-9391-14DF171D2073): 36
LogDevObjectVersion:   Dev-Mobile (B02B49B5-BB20-44E9-A304-32B752E40360): 2
LogDevObjectVersion:   Dev-Networking (A4E4105C-59A1-49B5-A7C5-40C4547EDFEE): 0
LogDevObjectVersion:   Dev-Online (39C831C9-5AE6-47DC-9A44-9C173E1C8E7C): 0
LogDevObjectVersion:   Dev-Physics (78F01B33-EBEA-4F98-B9B4-84EACCB95AA2): 2
LogDevObjectVersion:   Dev-Platform (6631380F-2D4D-43E0-8009-CF276956A95A): 0
LogDevObjectVersion:   Dev-Rendering (12F88B9F-8875-4AFC-A67C-D90C383ABD29): 36
LogDevObjectVersion:   Dev-Sequencer (7B5AE74C-D270-4C10-A958-57980B212A5A): 11
LogDevObjectVersion:   Dev-VR (D7296918-1DD6-4BDD-9DE2-64A83CC13884): 2
LogDevObjectVersion:   Dev-LoadTimes (C2A15278-BFE7-4AFE-6C17-90FF531DF755): 1
LogDevObjectVersion:   Private-Geometry (6EACA3D4-40EC-4CC1-B786-8BED09428FC5): 3
LogDevObjectVersion:   Dev-AnimPhys (29E575DD-E0A3-4627-9D10-D276232CDCEA): 17
LogDevObjectVersion:   Dev-Anim (AF43A65D-7FD3-4947-9873-3E8ED9C1BB05): 2
LogDevObjectVersion:   Dev-ReflectionCapture (6B266CEC-1EC7-4B8F-A30B-E4D90942FC07): 1
LogDevObjectVersion:   Dev-Automation (0DF73D61-A23F-47EA-B727-89E90C41499A): 1
LogDevObjectVersion:   FortniteMain (601D1886-AC64-4F84-AA16-D3DE0DEAC7D6): 31
LogDevObjectVersion:   Dev-Enterprise (9DFFBCD6-494F-0158-E221-12823C92A888): 8
LogDevObjectVersion:   Dev-Niagara (F2AED0AC-9AFE-416F-8664-AA7FFA26D6FC): 1
LogDevObjectVersion:   Dev-Destruction (174F1F0B-B4C6-45A5-B13F-2EE8D0FB917D): 9
LogDevObjectVersion:   Dev-Physics-Ext (35F94A83-E258-406C-A318-09F59610247C): 8
LogDevObjectVersion:   Dev-CineCamera (B2E18506-4273-CFC2-A54E-F4BB758BBA07): 1
LogInit: Presizing for max 25165824 objects, including 0 objects not considered by GC, pre-allocating 0 bytes for permanent pool.
LogInit: Object subsystem initialized
LogConfig: Setting CVar [[con.DebugEarlyDefault:1]]
LogConfig: Setting CVar [[r.setres:1280x720]]
[2020.06.28-12.31.58:530][  0]LogConfig: Setting CVar [[r.VSync:0]]
[2020.06.28-12.31.58:530][  0]LogConfig: Setting CVar [[r.RHICmdBypass:0]]
[2020.06.28-12.31.58:534][  0]LogConfig: Applying CVar settings from Section [/Script/Engine.RendererSettings] File [C:/Users/繁延明希/Documents/GitHub/slime/SlimeKing/Saved/Config/Windows/Engine.ini]
[2020.06.28-12.31.58:534][  0]LogConfig: Setting CVar [[r.GPUCrashDebugging:0]]
[2020.06.28-12.31.58:534][  0]LogConfig: Applying CVar settings from Section [/Script/Engine.RendererOverrideSettings] File [C:/Users/繁延明希/Documents/GitHub/slime/SlimeKing/Saved/Config/Windows/Engine.ini]
[2020.06.28-12.31.58:534][  0]LogConfig: Applying CVar settings from Section [/Script/Engine.StreamingSettings] File [C:/Users/繁延明希/Documents/GitHub/slime/SlimeKing/Saved/Config/Windows/Engine.ini]
[2020.06.28-12.31.58:534][  0]LogConfig: Setting CVar [[s.MinBulkDataSizeForAsyncLoading:131072]]
[2020.06.28-12.31.58:534][  0]LogConfig: Setting CVar [[s.AsyncLoadingThreadEnabled:0]]
[2020.06.28-12.31.58:534][  0]LogConfig: Setting CVar [[s.EventDrivenLoaderEnabled:1]]
[2020.06.28-12.31.58:534][  0]LogConfig: Setting CVar [[s.WarnIfTimeLimitExceeded:0]]
[2020.06.28-12.31.58:534][  0]LogConfig: Setting CVar [[s.TimeLimitExceededMultiplier:1.5]]
[2020.06.28-12.31.58:534][  0]LogConfig: Setting CVar [[s.TimeLimitExceededMinTime:0.005]]
[2020.06.28-12.31.58:534][  0]LogConfig: Setting CVar [[s.UseBackgroundLevelStreaming:1]]
[2020.06.28-12.31.58:534][  0]LogConfig: Setting CVar [[s.PriorityAsyncLoadingExtraTime:15.0]]
[2020.06.28-12.31.58:534][  0]LogConfig: Setting CVar [[s.LevelStreamingActorsUpdateTimeLimit:5.0]]
[2020.06.28-12.31.58:534][  0]LogConfig: Setting CVar [[s.PriorityLevelStreamingActorsUpdateExtraTime:5.0]]
[2020.06.28-12.31.58:534][  0]LogConfig: Setting CVar [[s.LevelStreamingComponentsRegistrationGranularity:10]]
[2020.06.28-12.31.58:534][  0]LogConfig: Setting CVar [[s.UnregisterComponentsTimeLimit:1.0]]
[2020.06.28-12.31.58:534][  0]LogConfig: Setting CVar [[s.LevelStreamingComponentsUnregistrationGranularity:5]]
[2020.06.28-12.31.58:534][  0]LogConfig: Setting CVar [[s.FlushStreamingOnExit:1]]
[2020.06.28-12.31.58:534][  0]LogConfig: Applying CVar settings from Section [/Script/Engine.GarbageCollectionSettings] File [C:/Users/繁延明希/Documents/GitHub/slime/SlimeKing/Saved/Config/Windows/Engine.ini]
[2020.06.28-12.31.58:534][  0]LogConfig: Setting CVar [[gc.MaxObjectsNotConsideredByGC:1]]
[2020.06.28-12.31.58:534][  0]LogConfig: Setting CVar [[gc.SizeOfPermanentObjectPool:0]]
[2020.06.28-12.31.58:534][  0]LogConfig: Setting CVar [[gc.FlushStreamingOnGC:0]]
[2020.06.28-12.31.58:534][  0]LogConfig: Setting CVar [[gc.NumRetriesBeforeForcingGC:10]]
[2020.06.28-12.31.58:534][  0]LogConfig: Setting CVar [[gc.AllowParallelGC:1]]
[2020.06.28-12.31.58:534][  0]LogConfig: Setting CVar [[gc.TimeBetweenPurgingPendingKillObjects:61.1]]
[2020.06.28-12.31.58:534][  0]LogConfig: Setting CVar [[gc.MaxObjectsInEditor:25165824]]
[2020.06.28-12.31.58:534][  0]LogConfig: Setting CVar [[gc.IncrementalBeginDestroyEnabled:1]]
[2020.06.28-12.31.58:534][  0]LogConfig: Setting CVar [[gc.CreateGCClusters:1]]
[2020.06.28-12.31.58:534][  0]LogConfig: Setting CVar [[gc.MinGCClusterSize:5]]
[2020.06.28-12.31.58:534][  0]LogConfig: Setting CVar [[gc.ActorClusteringEnabled:0]]
[2020.06.28-12.31.58:534][  0]LogConfig: Setting CVar [[gc.BlueprintClusteringEnabled:0]]
[2020.06.28-12.31.58:534][  0]LogConfig: Setting CVar [[gc.UseDisregardForGCOnDedicatedServers:0]]
[2020.06.28-12.31.58:534][  0]LogConfig: Applying CVar settings from Section [/Script/Engine.NetworkSettings] File [C:/Users/繁延明希/Documents/GitHub/slime/SlimeKing/Saved/Config/Windows/Engine.ini]
[2020.06.28-12.31.58:534][  0]LogConfig: Applying CVar settings from Section [/Script/UnrealEd.CookerSettings] File [C:/Users/繁延明希/Documents/GitHub/slime/SlimeKing/Saved/Config/Windows/Engine.ini]
[2020.06.28-12.31.58:602][  0]LogConfig: Applying CVar settings from Section [ViewDistanceQuality@3] File [C:/Users/繁延明希/Documents/GitHub/slime/SlimeKing/Saved/Config/Windows/Scalability.ini]
[2020.06.28-12.31.58:602][  0]LogConfig: Setting CVar [[r.SkeletalMeshLODBias:0]]
[2020.06.28-12.31.58:602][  0]LogConfig: Setting CVar [[r.ViewDistanceScale:1.0]]
[2020.06.28-12.31.58:602][  0]LogConfig: Applying CVar settings from Section [AntiAliasingQuality@3] File [C:/Users/繁延明希/Documents/GitHub/slime/SlimeKing/Saved/Config/Windows/Scalability.ini]
[2020.06.28-12.31.58:602][  0]LogConfig: Setting CVar [[r.PostProcessAAQuality:4]]
[2020.06.28-12.31.58:602][  0]LogConfig: Applying CVar settings from Section [ShadowQuality@3] File [C:/Users/繁延明希/Documents/GitHub/slime/SlimeKing/Saved/Config/Windows/Scalability.ini]
[2020.06.28-12.31.58:602][  0]LogConfig: Setting CVar [[r.LightFunctionQuality:1]]
[2020.06.28-12.31.58:602][  0]LogConfig: Setting CVar [[r.ShadowQuality:5]]
[2020.06.28-12.31.58:602][  0]LogConfig: Setting CVar [[r.Shadow.CSM.MaxCascades:10]]
[2020.06.28-12.31.58:602][  0]LogConfig: Setting CVar [[r.Shadow.MaxResolution:2048]]
[2020.06.28-12.31.58:602][  0]LogConfig: Setting CVar [[r.Shadow.MaxCSMResolution:2048]]
[2020.06.28-12.31.58:602][  0]LogConfig: Setting CVar [[r.Shadow.RadiusThreshold:0.01]]
[2020.06.28-12.31.58:602][  0]LogConfig: Setting CVar [[r.Shadow.DistanceScale:1.0]]
[2020.06.28-12.31.58:602][  0]LogConfig: Setting CVar [[r.Shadow.CSM.TransitionScale:1.0]]
[2020.06.28-12.31.58:602][  0]LogConfig: Setting CVar [[r.Shadow.PreShadowResolutionFactor:1.0]]
[2020.06.28-12.31.58:602][  0]LogConfig: Setting CVar [[r.DistanceFieldShadowing:1]]
[2020.06.28-12.31.58:602][  0]LogConfig: Setting CVar [[r.DistanceFieldAO:1]]
[2020.06.28-12.31.58:602][  0]LogConfig: Setting CVar [[r.AOQuality:2]]
[2020.06.28-12.31.58:602][  0]LogConfig: Setting CVar [[r.VolumetricFog:1]]
[2020.06.28-12.31.58:602][  0]LogConfig: Setting CVar [[r.VolumetricFog.GridPixelSize:8]]
[2020.06.28-12.31.58:602][  0]LogConfig: Setting CVar [[r.VolumetricFog.GridSizeZ:128]]
[2020.06.28-12.31.58:603][  0]LogConfig: Setting CVar [[r.VolumetricFog.HistoryMissSupersampleCount:4]]
[2020.06.28-12.31.58:603][  0]LogConfig: Setting CVar [[r.LightMaxDrawDistanceScale:1]]
[2020.06.28-12.31.58:603][  0]LogConfig: Setting CVar [[r.CapsuleShadows:1]]
[2020.06.28-12.31.58:603][  0]LogConfig: Applying CVar settings from Section [PostProcessQuality@3] File [C:/Users/繁延明希/Documents/GitHub/slime/SlimeKing/Saved/Config/Windows/Scalability.ini]
[2020.06.28-12.31.58:603][  0]LogConfig: Setting CVar [[r.MotionBlurQuality:4]]
[2020.06.28-12.31.58:603][  0]LogConfig: Setting CVar [[r.AmbientOcclusionMipLevelFactor:0.4]]
[2020.06.28-12.31.58:603][  0]LogConfig: Setting CVar [[r.AmbientOcclusionMaxQuality:100]]
[2020.06.28-12.31.58:603][  0]LogConfig: Setting CVar [[r.AmbientOcclusionLevels:-1]]
[2020.06.28-12.31.58:603][  0]LogConfig: Setting CVar [[r.AmbientOcclusionRadiusScale:1.0]]
[2020.06.28-12.31.58:603][  0]LogConfig: Setting CVar [[r.DepthOfFieldQuality:2]]
[2020.06.28-12.31.58:603][  0]LogConfig: Setting CVar [[r.RenderTargetPoolMin:400]]
[2020.06.28-12.31.58:603][  0]LogConfig: Setting CVar [[r.LensFlareQuality:2]]
[2020.06.28-12.31.58:603][  0]LogConfig: Setting CVar [[r.SceneColorFringeQuality:1]]
[2020.06.28-12.31.58:603][  0]LogConfig: Setting CVar [[r.EyeAdaptationQuality:2]]
[2020.06.28-12.31.58:603][  0]LogConfig: Setting CVar [[r.BloomQuality:5]]
[2020.06.28-12.31.58:603][  0]LogConfig: Setting CVar [[r.FastBlurThreshold:100]]
[2020.06.28-12.31.58:603][  0]LogConfig: Setting CVar [[r.Upscale.Quality:3]]
[2020.06.28-12.31.58:603][  0]LogConfig: Setting CVar [[r.Tonemapper.GrainQuantization:1]]
[2020.06.28-12.31.58:603][  0]LogConfig: Setting CVar [[r.LightShaftQuality:1]]
[2020.06.28-12.31.58:603][  0]LogConfig: Setting CVar [[r.Filter.SizeScale:1]]
[2020.06.28-12.31.58:603][  0]LogConfig: Setting CVar [[r.Tonemapper.Quality:5]]
[2020.06.28-12.31.58:603][  0]LogConfig: Setting CVar [[r.DOF.Gather.AccumulatorQuality:1        ; higher gathering accumulator quality]]
[2020.06.28-12.31.58:603][  0]LogConfig: Setting CVar [[r.DOF.Gather.PostfilterMethod:1          ; Median3x3 postfilering method]]
[2020.06.28-12.31.58:603][  0]LogConfig: Setting CVar [[r.DOF.Gather.EnableBokehSettings:0       ; no bokeh simulation when gathering]]
[2020.06.28-12.31.58:603][  0]LogConfig: Setting CVar [[r.DOF.Gather.RingCount:4                 ; medium number of samples when gathering]]
[2020.06.28-12.31.58:603][  0]LogConfig: Setting CVar [[r.DOF.Scatter.ForegroundCompositing:1    ; additive foreground scattering]]
[2020.06.28-12.31.58:603][  0]LogConfig: Setting CVar [[r.DOF.Scatter.BackgroundCompositing:2    ; additive background scattering]]
[2020.06.28-12.31.58:603][  0]LogConfig: Setting CVar [[r.DOF.Scatter.EnableBokehSettings:1      ; bokeh simulation when scattering]]
[2020.06.28-12.31.58:603][  0]LogConfig: Setting CVar [[r.DOF.Scatter.MaxSpriteRatio:0.1         ; only a maximum of 10% of scattered bokeh]]
[2020.06.28-12.31.58:603][  0]LogConfig: Setting CVar [[r.DOF.Recombine.Quality:1                ; cheap slight out of focus]]
[2020.06.28-12.31.58:603][  0]LogConfig: Setting CVar [[r.DOF.Recombine.EnableBokehSettings:0    ; no bokeh simulation on slight out of focus]]
[2020.06.28-12.31.58:603][  0]LogConfig: Setting CVar [[r.DOF.TemporalAAQuality:1                ; more stable temporal accumulation]]
[2020.06.28-12.31.58:603][  0]LogConfig: Setting CVar [[r.DOF.Kernel.MaxForegroundRadius:0.025]]
[2020.06.28-12.31.58:603][  0]LogConfig: Setting CVar [[r.DOF.Kernel.MaxBackgroundRadius:0.025]]
[2020.06.28-12.31.58:603][  0]LogConfig: Applying CVar settings from Section [TextureQuality@3] File [C:/Users/繁延明希/Documents/GitHub/slime/SlimeKing/Saved/Config/Windows/Scalability.ini]
[2020.06.28-12.31.58:603][  0]LogConfig: Setting CVar [[r.Streaming.MipBias:0]]
[2020.06.28-12.31.58:603][  0]LogConfig: Setting CVar [[r.Streaming.AmortizeCPUToGPUCopy:0]]
[2020.06.28-12.31.58:603][  0]LogConfig: Setting CVar [[r.Streaming.MaxNumTexturesToStreamPerFrame:0]]
[2020.06.28-12.31.58:603][  0]LogConfig: Setting CVar [[r.Streaming.Boost:1]]
[2020.06.28-12.31.58:603][  0]LogConfig: Setting CVar [[r.MaxAnisotropy:8]]
[2020.06.28-12.31.58:603][  0]LogConfig: Setting CVar [[r.VT.MaxAnisotropy:8]]
[2020.06.28-12.31.58:603][  0]LogConfig: Setting CVar [[r.Streaming.LimitPoolSizeToVRAM:0]]
[2020.06.28-12.31.58:603][  0]LogConfig: Setting CVar [[r.Streaming.PoolSize:1000]]
[2020.06.28-12.31.58:603][  0]LogConfig: Setting CVar [[r.Streaming.MaxEffectiveScreenSize:0]]
[2020.06.28-12.31.58:603][  0]LogConfig: Applying CVar settings from Section [EffectsQuality@3] File [C:/Users/繁延明希/Documents/GitHub/slime/SlimeKing/Saved/Config/Windows/Scalability.ini]
[2020.06.28-12.31.58:603][  0]LogConfig: Setting CVar [[r.TranslucencyLightingVolumeDim:64]]
[2020.06.28-12.31.58:603][  0]LogConfig: Setting CVar [[r.RefractionQuality:2]]
[2020.06.28-12.31.58:603][  0]LogConfig: Setting CVar [[r.SSR.Quality:3]]
[2020.06.28-12.31.58:603][  0]LogConfig: Setting CVar [[r.SSR.HalfResSceneColor:0]]
[2020.06.28-12.31.58:603][  0]LogConfig: Setting CVar [[r.SceneColorFormat:4]]
[2020.06.28-12.31.58:603][  0]LogConfig: Setting CVar [[r.DetailMode:2]]
[2020.06.28-12.31.58:603][  0]LogConfig: Setting CVar [[r.TranslucencyVolumeBlur:1]]
[2020.06.28-12.31.58:603][  0]LogConfig: Setting CVar [[r.MaterialQualityLevel:1 ; High quality]]
[2020.06.28-12.31.58:603][  0]LogConfig: Setting CVar [[r.SSS.Scale:1]]
[2020.06.28-12.31.58:603][  0]LogConfig: Setting CVar [[r.SSS.SampleSet:2]]
[2020.06.28-12.31.58:603][  0]LogConfig: Setting CVar [[r.SSS.Quality:1]]
[2020.06.28-12.31.58:603][  0]LogConfig: Setting CVar [[r.SSS.HalfRes:1]]
[2020.06.28-12.31.58:603][  0]LogConfig: Setting CVar [[r.SSGI.Quality:3]]
[2020.06.28-12.31.58:603][  0]LogConfig: Setting CVar [[r.EmitterSpawnRateScale:1.0]]
[2020.06.28-12.31.58:603][  0]LogConfig: Setting CVar [[r.ParticleLightQuality:2]]
[2020.06.28-12.31.58:603][  0]LogConfig: Setting CVar [[r.SkyAtmosphere.AerialPerspectiveLUT.FastApplyOnOpaque:1 ; Always have FastSkyLUT 1 in this case to avoid wrong sky]]
[2020.06.28-12.31.58:603][  0]LogConfig: Setting CVar [[r.SkyAtmosphere.AerialPerspectiveLUT.SampleCountPerSlice:1]]
[2020.06.28-12.31.58:603][  0]LogConfig: Setting CVar [[r.SkyAtmosphere.AerialPerspectiveLUT.DepthResolution:16.0]]
[2020.06.28-12.31.58:603][  0]LogConfig: Setting CVar [[r.SkyAtmosphere.FastSkyLUT:1]]
[2020.06.28-12.31.58:603][  0]LogConfig: Setting CVar [[r.SkyAtmosphere.FastSkyLUT.SampleCountMin:4.0]]
[2020.06.28-12.31.58:603][  0]LogConfig: Setting CVar [[r.SkyAtmosphere.FastSkyLUT.SampleCountMax:32.0]]
[2020.06.28-12.31.58:603][  0]LogConfig: Setting CVar [[r.SkyAtmosphere.SampleCountMin:4.0]]
[2020.06.28-12.31.58:603][  0]LogConfig: Setting CVar [[r.SkyAtmosphere.SampleCountMax:32.0]]
[2020.06.28-12.31.58:603][  0]LogConfig: Setting CVar [[r.SkyAtmosphere.TransmittanceLUT.UseSmallFormat:0]]
[2020.06.28-12.31.58:603][  0]LogConfig: Setting CVar [[r.SkyAtmosphere.TransmittanceLUT.SampleCount:10.0]]
[2020.06.28-12.31.58:603][  0]LogConfig: Setting CVar [[r.SkyAtmosphere.MultiScatteringLUT.SampleCount:15.0]]
[2020.06.28-12.31.58:603][  0]LogConfig: Applying CVar settings from Section [FoliageQuality@3] File [C:/Users/繁延明希/Documents/GitHub/slime/SlimeKing/Saved/Config/Windows/Scalability.ini]
[2020.06.28-12.31.58:603][  0]LogConfig: Setting CVar [[foliage.DensityScale:1.0]]
[2020.06.28-12.31.58:603][  0]LogConfig: Setting CVar [[grass.DensityScale:1.0]]
[2020.06.28-12.31.58:603][  0]LogConfig: Applying CVar settings from Section [ShadingQuality@3] File [C:/Users/繁延明希/Documents/GitHub/slime/SlimeKing/Saved/Config/Windows/Scalability.ini]
[2020.06.28-12.31.58:603][  0]LogConfig: Setting CVar [[r.HairStrands.SkyLighting.SampleCount:16]]
[2020.06.28-12.31.58:603][  0]LogConfig: Setting CVar [[r.HairStrands.SkyLighting.JitterIntegration:0]]
[2020.06.28-12.31.58:603][  0]LogConfig: Setting CVar [[r.HairStrands.SkyAO.SampleCount:16]]
[2020.06.28-12.31.58:614][  0]LogInit: Selected Device Profile: [Windows]
[2020.06.28-12.31.58:614][  0]LogInit: Applying CVar settings loaded from the selected device profile: [Windows]
[2020.06.28-12.31.58:650][  0]LogHAL: Display: Platform has ~ 16 GB [17095680000 / 17179869184 / 16], which maps to Larger [LargestMinGB=32, LargerMinGB=12, DefaultMinGB=8, SmallerMinGB=6, SmallestMinGB=0)
[2020.06.28-12.31.58:650][  0]LogInit: Going up to parent DeviceProfile []
[2020.06.28-12.31.58:651][  0]LogConfig: Applying CVar settings from Section [ViewDistanceQuality@3] File [C:/Users/繁延明希/Documents/GitHub/slime/SlimeKing/Saved/Config/Windows/Scalability.ini]
[2020.06.28-12.31.58:651][  0]LogConfig: Setting CVar [[r.SkeletalMeshLODBias:0]]
[2020.06.28-12.31.58:651][  0]LogConfig: Setting CVar [[r.ViewDistanceScale:1.0]]
[2020.06.28-12.31.58:651][  0]LogConfig: Applying CVar settings from Section [AntiAliasingQuality@3] File [C:/Users/繁延明希/Documents/GitHub/slime/SlimeKing/Saved/Config/Windows/Scalability.ini]
[2020.06.28-12.31.58:651][  0]LogConfig: Setting CVar [[r.PostProcessAAQuality:4]]
[2020.06.28-12.31.58:651][  0]LogConfig: Applying CVar settings from Section [ShadowQuality@3] File [C:/Users/繁延明希/Documents/GitHub/slime/SlimeKing/Saved/Config/Windows/Scalability.ini]
[2020.06.28-12.31.58:651][  0]LogConfig: Setting CVar [[r.LightFunctionQuality:1]]
[2020.06.28-12.31.58:651][  0]LogConfig: Setting CVar [[r.ShadowQuality:5]]
[2020.06.28-12.31.58:651][  0]LogConfig: Setting CVar [[r.Shadow.CSM.MaxCascades:10]]
[2020.06.28-12.31.58:651][  0]LogConfig: Setting CVar [[r.Shadow.MaxResolution:2048]]
[2020.06.28-12.31.58:651][  0]LogConfig: Setting CVar [[r.Shadow.MaxCSMResolution:2048]]
[2020.06.28-12.31.58:651][  0]LogConfig: Setting CVar [[r.Shadow.RadiusThreshold:0.01]]
[2020.06.28-12.31.58:651][  0]LogConfig: Setting CVar [[r.Shadow.DistanceScale:1.0]]
[2020.06.28-12.31.58:651][  0]LogConfig: Setting CVar [[r.Shadow.CSM.TransitionScale:1.0]]
[2020.06.28-12.31.58:651][  0]LogConfig: Setting CVar [[r.Shadow.PreShadowResolutionFactor:1.0]]
[2020.06.28-12.31.58:651][  0]LogConfig: Setting CVar [[r.DistanceFieldShadowing:1]]
[2020.06.28-12.31.58:651][  0]LogConfig: Setting CVar [[r.DistanceFieldAO:1]]
[2020.06.28-12.31.58:651][  0]LogConfig: Setting CVar [[r.AOQuality:2]]
[2020.06.28-12.31.58:651][  0]LogConfig: Setting CVar [[r.VolumetricFog:1]]
[2020.06.28-12.31.58:651][  0]LogConfig: Setting CVar [[r.VolumetricFog.GridPixelSize:8]]
[2020.06.28-12.31.58:651][  0]LogConfig: Setting CVar [[r.VolumetricFog.GridSizeZ:128]]
[2020.06.28-12.31.58:651][  0]LogConfig: Setting CVar [[r.VolumetricFog.HistoryMissSupersampleCount:4]]
[2020.06.28-12.31.58:651][  0]LogConfig: Setting CVar [[r.LightMaxDrawDistanceScale:1]]
[2020.06.28-12.31.58:651][  0]LogConfig: Setting CVar [[r.CapsuleShadows:1]]
[2020.06.28-12.31.58:651][  0]LogConfig: Applying CVar settings from Section [PostProcessQuality@3] File [C:/Users/繁延明希/Documents/GitHub/slime/SlimeKing/Saved/Config/Windows/Scalability.ini]
[2020.06.28-12.31.58:651][  0]LogConfig: Setting CVar [[r.MotionBlurQuality:4]]
[2020.06.28-12.31.58:651][  0]LogConfig: Setting CVar [[r.AmbientOcclusionMipLevelFactor:0.4]]
[2020.06.28-12.31.58:651][  0]LogConfig: Setting CVar [[r.AmbientOcclusionMaxQuality:100]]
[2020.06.28-12.31.58:651][  0]LogConfig: Setting CVar [[r.AmbientOcclusionLevels:-1]]
[2020.06.28-12.31.58:651][  0]LogConfig: Setting CVar [[r.AmbientOcclusionRadiusScale:1.0]]
[2020.06.28-12.31.58:651][  0]LogConfig: Setting CVar [[r.DepthOfFieldQuality:2]]
[2020.06.28-12.31.58:651][  0]LogConfig: Setting CVar [[r.RenderTargetPoolMin:400]]
[2020.06.28-12.31.58:651][  0]LogConfig: Setting CVar [[r.LensFlareQuality:2]]
[2020.06.28-12.31.58:651][  0]LogConfig: Setting CVar [[r.SceneColorFringeQuality:1]]
[2020.06.28-12.31.58:651][  0]LogConfig: Setting CVar [[r.EyeAdaptationQuality:2]]
[2020.06.28-12.31.58:651][  0]LogConfig: Setting CVar [[r.BloomQuality:5]]
[2020.06.28-12.31.58:651][  0]LogConfig: Setting CVar [[r.FastBlurThreshold:100]]
[2020.06.28-12.31.58:651][  0]LogConfig: Setting CVar [[r.Upscale.Quality:3]]
[2020.06.28-12.31.58:651][  0]LogConfig: Setting CVar [[r.Tonemapper.GrainQuantization:1]]
[2020.06.28-12.31.58:651][  0]LogConfig: Setting CVar [[r.LightShaftQuality:1]]
[2020.06.28-12.31.58:651][  0]LogConfig: Setting CVar [[r.Filter.SizeScale:1]]
[2020.06.28-12.31.58:651][  0]LogConfig: Setting CVar [[r.Tonemapper.Quality:5]]
[2020.06.28-12.31.58:651][  0]LogConfig: Setting CVar [[r.DOF.Gather.AccumulatorQuality:1        ; higher gathering accumulator quality]]
[2020.06.28-12.31.58:651][  0]LogConfig: Setting CVar [[r.DOF.Gather.PostfilterMethod:1          ; Median3x3 postfilering method]]
[2020.06.28-12.31.58:651][  0]LogConfig: Setting CVar [[r.DOF.Gather.EnableBokehSettings:0       ; no bokeh simulation when gathering]]
[2020.06.28-12.31.58:651][  0]LogConfig: Setting CVar [[r.DOF.Gather.RingCount:4                 ; medium number of samples when gathering]]
[2020.06.28-12.31.58:651][  0]LogConfig: Setting CVar [[r.DOF.Scatter.ForegroundCompositing:1    ; additive foreground scattering]]
[2020.06.28-12.31.58:651][  0]LogConfig: Setting CVar [[r.DOF.Scatter.BackgroundCompositing:2    ; additive background scattering]]
[2020.06.28-12.31.58:651][  0]LogConfig: Setting CVar [[r.DOF.Scatter.EnableBokehSettings:1      ; bokeh simulation when scattering]]
[2020.06.28-12.31.58:651][  0]LogConfig: Setting CVar [[r.DOF.Scatter.MaxSpriteRatio:0.1         ; only a maximum of 10% of scattered bokeh]]
[2020.06.28-12.31.58:651][  0]LogConfig: Setting CVar [[r.DOF.Recombine.Quality:1                ; cheap slight out of focus]]
[2020.06.28-12.31.58:651][  0]LogConfig: Setting CVar [[r.DOF.Recombine.EnableBokehSettings:0    ; no bokeh simulation on slight out of focus]]
[2020.06.28-12.31.58:651][  0]LogConfig: Setting CVar [[r.DOF.TemporalAAQuality:1                ; more stable temporal accumulation]]
[2020.06.28-12.31.58:651][  0]LogConfig: Setting CVar [[r.DOF.Kernel.MaxForegroundRadius:0.025]]
[2020.06.28-12.31.58:651][  0]LogConfig: Setting CVar [[r.DOF.Kernel.MaxBackgroundRadius:0.025]]
[2020.06.28-12.31.58:651][  0]LogConfig: Applying CVar settings from Section [TextureQuality@3] File [C:/Users/繁延明希/Documents/GitHub/slime/SlimeKing/Saved/Config/Windows/Scalability.ini]
[2020.06.28-12.31.58:651][  0]LogConfig: Setting CVar [[r.Streaming.MipBias:0]]
[2020.06.28-12.31.58:651][  0]LogConfig: Setting CVar [[r.Streaming.AmortizeCPUToGPUCopy:0]]
[2020.06.28-12.31.58:651][  0]LogConfig: Setting CVar [[r.Streaming.MaxNumTexturesToStreamPerFrame:0]]
[2020.06.28-12.31.58:651][  0]LogConfig: Setting CVar [[r.Streaming.Boost:1]]
[2020.06.28-12.31.58:651][  0]LogConfig: Setting CVar [[r.MaxAnisotropy:8]]
[2020.06.28-12.31.58:651][  0]LogConfig: Setting CVar [[r.VT.MaxAnisotropy:8]]
[2020.06.28-12.31.58:651][  0]LogConfig: Setting CVar [[r.Streaming.LimitPoolSizeToVRAM:0]]
[2020.06.28-12.31.58:651][  0]LogConfig: Setting CVar [[r.Streaming.PoolSize:1000]]
[2020.06.28-12.31.58:651][  0]LogConfig: Setting CVar [[r.Streaming.MaxEffectiveScreenSize:0]]
[2020.06.28-12.31.58:651][  0]LogConfig: Applying CVar settings from Section [EffectsQuality@3] File [C:/Users/繁延明希/Documents/GitHub/slime/SlimeKing/Saved/Config/Windows/Scalability.ini]
[2020.06.28-12.31.58:651][  0]LogConfig: Setting CVar [[r.TranslucencyLightingVolumeDim:64]]
[2020.06.28-12.31.58:651][  0]LogConfig: Setting CVar [[r.RefractionQuality:2]]
[2020.06.28-12.31.58:651][  0]LogConfig: Setting CVar [[r.SSR.Quality:3]]
[2020.06.28-12.31.58:651][  0]LogConfig: Setting CVar [[r.SSR.HalfResSceneColor:0]]
[2020.06.28-12.31.58:651][  0]LogConfig: Setting CVar [[r.SceneColorFormat:4]]
[2020.06.28-12.31.58:651][  0]LogConfig: Setting CVar [[r.DetailMode:2]]
[2020.06.28-12.31.58:651][  0]LogConfig: Setting CVar [[r.TranslucencyVolumeBlur:1]]
[2020.06.28-12.31.58:651][  0]LogConfig: Setting CVar [[r.MaterialQualityLevel:1 ; High quality]]
[2020.06.28-12.31.58:651][  0]LogConfig: Setting CVar [[r.SSS.Scale:1]]
[2020.06.28-12.31.58:651][  0]LogConfig: Setting CVar [[r.SSS.SampleSet:2]]
[2020.06.28-12.31.58:651][  0]LogConfig: Setting CVar [[r.SSS.Quality:1]]
[2020.06.28-12.31.58:651][  0]LogConfig: Setting CVar [[r.SSS.HalfRes:1]]
[2020.06.28-12.31.58:651][  0]LogConfig: Setting CVar [[r.SSGI.Quality:3]]
[2020.06.28-12.31.58:651][  0]LogConfig: Setting CVar [[r.EmitterSpawnRateScale:1.0]]
[2020.06.28-12.31.58:651][  0]LogConfig: Setting CVar [[r.ParticleLightQuality:2]]
[2020.06.28-12.31.58:651][  0]LogConfig: Setting CVar [[r.SkyAtmosphere.AerialPerspectiveLUT.FastApplyOnOpaque:1 ; Always have FastSkyLUT 1 in this case to avoid wrong sky]]
[2020.06.28-12.31.58:652][  0]LogConfig: Setting CVar [[r.SkyAtmosphere.AerialPerspectiveLUT.SampleCountPerSlice:1]]
[2020.06.28-12.31.58:652][  0]LogConfig: Setting CVar [[r.SkyAtmosphere.AerialPerspectiveLUT.DepthResolution:16.0]]
[2020.06.28-12.31.58:652][  0]LogConfig: Setting CVar [[r.SkyAtmosphere.FastSkyLUT:1]]
[2020.06.28-12.31.58:652][  0]LogConfig: Setting CVar [[r.SkyAtmosphere.FastSkyLUT.SampleCountMin:4.0]]
[2020.06.28-12.31.58:652][  0]LogConfig: Setting CVar [[r.SkyAtmosphere.FastSkyLUT.SampleCountMax:32.0]]
[2020.06.28-12.31.58:652][  0]LogConfig: Setting CVar [[r.SkyAtmosphere.SampleCountMin:4.0]]
[2020.06.28-12.31.58:652][  0]LogConfig: Setting CVar [[r.SkyAtmosphere.SampleCountMax:32.0]]
[2020.06.28-12.31.58:652][  0]LogConfig: Setting CVar [[r.SkyAtmosphere.TransmittanceLUT.UseSmallFormat:0]]
[2020.06.28-12.31.58:652][  0]LogConfig: Setting CVar [[r.SkyAtmosphere.TransmittanceLUT.SampleCount:10.0]]
[2020.06.28-12.31.58:652][  0]LogConfig: Setting CVar [[r.SkyAtmosphere.MultiScatteringLUT.SampleCount:15.0]]
[2020.06.28-12.31.58:652][  0]LogConfig: Applying CVar settings from Section [FoliageQuality@3] File [C:/Users/繁延明希/Documents/GitHub/slime/SlimeKing/Saved/Config/Windows/Scalability.ini]
[2020.06.28-12.31.58:652][  0]LogConfig: Setting CVar [[foliage.DensityScale:1.0]]
[2020.06.28-12.31.58:652][  0]LogConfig: Setting CVar [[grass.DensityScale:1.0]]
[2020.06.28-12.31.58:652][  0]LogConfig: Applying CVar settings from Section [ShadingQuality@3] File [C:/Users/繁延明希/Documents/GitHub/slime/SlimeKing/Saved/Config/Windows/Scalability.ini]
[2020.06.28-12.31.58:652][  0]LogConfig: Setting CVar [[r.HairStrands.SkyLighting.SampleCount:16]]
[2020.06.28-12.31.58:652][  0]LogConfig: Setting CVar [[r.HairStrands.SkyLighting.JitterIntegration:0]]
[2020.06.28-12.31.58:652][  0]LogConfig: Setting CVar [[r.HairStrands.SkyAO.SampleCount:16]]
[2020.06.28-12.31.58:652][  0]LogConfig: Applying CVar settings from Section [Startup] File [../../../Engine/Config/ConsoleVariables.ini]
[2020.06.28-12.31.58:662][  0]LogConfig: Setting CVar [[net.UseAdaptiveNetUpdateFrequency:0]]
[2020.06.28-12.31.58:662][  0]LogConfig: Setting CVar [[p.chaos.AllowCreatePhysxBodies:1]]
[2020.06.28-12.31.58:662][  0]LogConfig: Applying CVar settings from Section [ConsoleVariables] File [C:/Users/繁延明希/Documents/GitHub/slime/SlimeKing/Saved/Config/Windows/Engine.ini]
[2020.06.28-12.31.58:692][  0]LogInit: Computer: MYCOMPUTER
[2020.06.28-12.31.58:693][  0]LogInit: User: 繁延明希
[2020.06.28-12.31.58:693][  0]LogInit: CPU Page size=4096, Cores=6
[2020.06.28-12.31.58:693][  0]LogInit: High frequency timer resolution =10.000000 MHz
[2020.06.28-12.31.58:703][  0]LogMemory: Memory total: Physical=15.9GB (16GB approx)
[2020.06.28-12.31.58:710][  0]LogMemory: Platform Memory Stats for Windows
[2020.06.28-12.31.58:710][  0]LogMemory: Process Physical Memory: 106.98 MB used, 106.99 MB peak
[2020.06.28-12.31.58:710][  0]LogMemory: Process Virtual Memory: 101.98 MB used, 101.98 MB peak
[2020.06.28-12.31.58:710][  0]LogMemory: Physical Memory: 7018.15 MB used,  9285.56 MB free, 16303.71 MB total
[2020.06.28-12.31.58:710][  0]LogMemory: Virtual Memory: 5164.04 MB used,  134212560.00 MB free, 134217728.00 MB total
[2020.06.28-12.31.58:726][  0]LogWindows: WindowsPlatformFeatures enabled
[2020.06.28-12.31.59:425][  0]LogInit: Overriding language with editor language configuration option (en).
[2020.06.28-12.31.59:425][  0]LogInit: Overriding locale with editor locale configuration option (en).
[2020.06.28-12.31.59:971][  0]LogInit: Setting process to per monitor DPI aware
[2020.06.28-12.32.00:483][  0]LogSlate: New Slate User Created.  User Index 0, Is Virtual User: 0
[2020.06.28-12.32.00:483][  0]LogSlate: Slate User Registered.  User Index 0, Is Virtual User: 0
[2020.06.28-12.32.00:999][  0]LogHMD: Failed to initialize OpenVR with code 110
[2020.06.28-12.32.00:999][  0]LogD3D11RHI: D3D11 min allowed feature level: 11_0
[2020.06.28-12.32.00:999][  0]LogD3D11RHI: D3D11 max allowed feature level: 11_0
[2020.06.28-12.32.00:999][  0]LogD3D11RHI: D3D11 adapters:
[2020.06.28-12.32.01:067][  0]LogD3D11RHI:    0. 'NVIDIA GeForce GTX 1060 3GB' (Feature Level 11_0)
[2020.06.28-12.32.01:067][  0]LogD3D11RHI:       2988/0/8151 MB DedicatedVideo/DedicatedSystem/SharedSystem, Outputs:2, VendorId:0x10de
[2020.06.28-12.32.01:070][  0]LogD3D11RHI:    1. 'Microsoft Basic Render Driver' (Feature Level 11_0)
[2020.06.28-12.32.01:070][  0]LogD3D11RHI:       0/0/8151 MB DedicatedVideo/DedicatedSystem/SharedSystem, Outputs:0, VendorId:0x1414
[2020.06.28-12.32.01:070][  0]LogD3D11RHI: Chosen D3D11 Adapter: 0
[2020.06.28-12.32.01:084][  0]LogD3D11RHI: Creating new Direct3DDevice
[2020.06.28-12.32.01:084][  0]LogD3D11RHI:     GPU DeviceId: 0x1c02 (for the marketing name, search the web for "GPU Device Id")
[2020.06.28-12.32.01:084][  0]LogWindows: EnumDisplayDevices:
[2020.06.28-12.32.01:084][  0]LogWindows:    0. 'NVIDIA GeForce GTX 1060 3GB' (P:1 D:1)
[2020.06.28-12.32.01:084][  0]LogWindows:    1. 'NVIDIA GeForce GTX 1060 3GB' (P:0 D:1)
[2020.06.28-12.32.01:084][  0]LogWindows:    2. 'NVIDIA GeForce GTX 1060 3GB' (P:0 D:0)
[2020.06.28-12.32.01:085][  0]LogWindows:    3. 'NVIDIA GeForce GTX 1060 3GB' (P:0 D:0)
[2020.06.28-12.32.01:085][  0]LogWindows: DebugString: FoundDriverCount:4 
[2020.06.28-12.32.01:085][  0]LogD3D11RHI:     Adapter Name: NVIDIA GeForce GTX 1060 3GB
[2020.06.28-12.32.01:085][  0]LogD3D11RHI:   Driver Version: 442.59 (internal:26.21.14.4259, unified:442.59)
[2020.06.28-12.32.01:085][  0]LogD3D11RHI:      Driver Date: 3-4-2020
[2020.06.28-12.32.01:085][  0]LogRHI: Texture pool is 2091 MB (70% of 2988 MB)
[2020.06.28-12.32.01:138][  0]LogD3D11RHI: RHI has support for 64 bit atomics
[2020.06.28-12.32.01:138][  0]LogD3D11RHI: Async texture creation enabled
[2020.06.28-12.32.01:265][  0]LogD3D11RHI: GPU Timing Frequency: 1000.000000 (Debug: 2 1)
[2020.06.28-12.32.01:918][  0]LogTargetPlatformManager: Display: Loaded TargetPlatform 'AllDesktop'
[2020.06.28-12.32.01:987][  0]LogTargetPlatformManager: Display: Loaded TargetPlatform 'Android'
[2020.06.28-12.32.01:987][  0]LogTargetPlatformManager: Display: Loaded TargetPlatform 'Android_ASTC'
[2020.06.28-12.32.01:987][  0]LogTargetPlatformManager: Display: Loaded TargetPlatform 'Android_ATC'
[2020.06.28-12.32.01:987][  0]LogTargetPlatformManager: Display: Loaded TargetPlatform 'Android_DXT'
[2020.06.28-12.32.01:987][  0]LogTargetPlatformManager: Display: Loaded TargetPlatform 'Android_ETC1'
[2020.06.28-12.32.01:987][  0]LogTargetPlatformManager: Display: Loaded TargetPlatform 'Android_ETC1a'
[2020.06.28-12.32.01:987][  0]LogTargetPlatformManager: Display: Loaded TargetPlatform 'Android_ETC2'
[2020.06.28-12.32.01:987][  0]LogTargetPlatformManager: Display: Loaded TargetPlatform 'Android_PVRTC'
[2020.06.28-12.32.01:987][  0]LogTargetPlatformManager: Display: Loaded TargetPlatform 'AndroidClient'
[2020.06.28-12.32.01:987][  0]LogTargetPlatformManager: Display: Loaded TargetPlatform 'Android_ASTCClient'
[2020.06.28-12.32.01:987][  0]LogTargetPlatformManager: Display: Loaded TargetPlatform 'Android_ATCClient'
[2020.06.28-12.32.01:987][  0]LogTargetPlatformManager: Display: Loaded TargetPlatform 'Android_DXTClient'
[2020.06.28-12.32.01:987][  0]LogTargetPlatformManager: Display: Loaded TargetPlatform 'Android_ETC1Client'
[2020.06.28-12.32.01:987][  0]LogTargetPlatformManager: Display: Loaded TargetPlatform 'Android_ETC1aClient'
[2020.06.28-12.32.01:987][  0]LogTargetPlatformManager: Display: Loaded TargetPlatform 'Android_ETC2Client'
[2020.06.28-12.32.01:987][  0]LogTargetPlatformManager: Display: Loaded TargetPlatform 'Android_PVRTCClient'
[2020.06.28-12.32.01:987][  0]LogTargetPlatformManager: Display: Loaded TargetPlatform 'Android_Multi'
[2020.06.28-12.32.01:987][  0]LogTargetPlatformManager: Display: Loaded TargetPlatform 'Android_MultiClient'
[2020.06.28-12.32.02:043][  0]LogTargetPlatformManager: Display: Loaded TargetPlatform 'IOSClient'
[2020.06.28-12.32.02:043][  0]LogTargetPlatformManager: Display: Loaded TargetPlatform 'IOS'
[2020.06.28-12.32.02:060][  0]LogTargetPlatformManager: Display: Loaded TargetPlatform 'LinuxNoEditor'
[2020.06.28-12.32.02:084][  0]LogTargetPlatformManager: Display: Loaded TargetPlatform 'LinuxClient'
[2020.06.28-12.32.02:111][  0]LogTargetPlatformManager: Display: Loaded TargetPlatform 'LinuxServer'
[2020.06.28-12.32.02:134][  0]LogTargetPlatformManager: Display: Loaded TargetPlatform 'LinuxAArch64NoEditor'
[2020.06.28-12.32.02:152][  0]LogTargetPlatformManager: Display: Loaded TargetPlatform 'LinuxAArch64Client'
[2020.06.28-12.32.02:167][  0]LogTargetPlatformManager: Display: Loaded TargetPlatform 'LinuxAArch64Server'
[2020.06.28-12.32.02:192][  0]LogTargetPlatformManager: Display: Loaded TargetPlatform 'Lumin'
[2020.06.28-12.32.02:192][  0]LogTargetPlatformManager: Display: Loaded TargetPlatform 'LuminClient'
[2020.06.28-12.32.02:212][  0]LogTargetPlatformManager: Display: Loaded TargetPlatform 'TVOSClient'
[2020.06.28-12.32.02:212][  0]LogTargetPlatformManager: Display: Loaded TargetPlatform 'TVOS'
[2020.06.28-12.32.02:242][  0]LogTargetPlatformManager: Display: Loaded TargetPlatform 'WindowsNoEditor'
[2020.06.28-12.32.02:258][  0]LogTargetPlatformManager: Display: Loaded TargetPlatform 'Windows'
[2020.06.28-12.32.02:272][  0]LogTargetPlatformManager: Display: Loaded TargetPlatform 'WindowsClient'
[2020.06.28-12.32.02:279][  0]LogTargetPlatformManager: Display: Loaded TargetPlatform 'WindowsServer'
[2020.06.28-12.32.02:279][  0]LogTargetPlatformManager: Display: Building Assets For Windows
[2020.06.28-12.32.02:373][  0]LogAudioDebug: Display: Lib vorbis DLL was dynamically loaded.
[2020.06.28-12.32.02:841][  0]LogShaderCompilers: Guid format shader working directory is -2 characters bigger than the processId version (C:/Users/繁延明希/Documents/GitHub/slime/SlimeKing/Intermediate/Shaders/WorkingDirectory/21236/).
[2020.06.28-12.32.02:841][  0]LogShaderCompilers: Cleaned the shader compiler working directory 'C:/Users/繁延明希/AppData/Local/Temp/UnrealShaderWorkingDir/D6373D7E4399E4B3CFB4629D86019EB4/'.
[2020.06.28-12.32.02:874][  0]LogXGEController: Cleaning working directory: C:/Users/繁延明希/AppData/Local/Temp/UnrealXGEWorkingDir/
[2020.06.28-12.32.02:874][  0]LogXGEController: Cannot use XGE Controller as Incredibuild is not installed on this machine.
[2020.06.28-12.32.02:874][  0]LogShaderCompilers: Cannot use XGE Shader Compiler as Incredibuild is not installed on this machine.
[2020.06.28-12.32.02:874][  0]LogShaderCompilers: Display: Using Local Shader Compiler.
[2020.06.28-12.32.04:679][  0]LogDerivedDataCache: Display: Max Cache Size: 512 MB
[2020.06.28-12.32.04:952][  0]LogDerivedDataCache: Loaded boot cache 0.27s 78MB C:/Users/繁延明希/AppData/Local/UnrealEngine/4.24/DerivedDataCache/Boot.ddc.
[2020.06.28-12.32.04:952][  0]LogDerivedDataCache: Display: Loaded Boot cache: C:/Users/繁延明希/AppData/Local/UnrealEngine/4.24/DerivedDataCache/Boot.ddc
[2020.06.28-12.32.04:952][  0]LogDerivedDataCache: FDerivedDataBackendGraph:  Pak pak cache file C:/Users/繁延明希/Documents/GitHub/slime/SlimeKing/DerivedDataCache/DDC.ddp not found, will not use a pak cache.
[2020.06.28-12.32.04:952][  0]LogDerivedDataCache: Unable to find inner node Pak for hierarchical cache Hierarchy.
[2020.06.28-12.32.04:952][  0]LogDerivedDataCache: FDerivedDataBackendGraph:  CompressedPak pak cache file C:/Users/繁延明希/Documents/GitHub/slime/SlimeKing/DerivedDataCache/Compressed.ddp not found, will not use a pak cache.
[2020.06.28-12.32.04:952][  0]LogDerivedDataCache: Unable to find inner node CompressedPak for hierarchical cache Hierarchy.
[2020.06.28-12.32.04:992][  0]LogDerivedDataCache: Display: Pak cache opened for reading ../../../Engine/DerivedDataCache/Compressed.ddp.
[2020.06.28-12.32.04:992][  0]LogDerivedDataCache: FDerivedDataBackendGraph:  EnterprisePak pak cache file ../../../Enterprise/DerivedDataCache/Compressed.ddp not found, will not use a pak cache.
[2020.06.28-12.32.04:993][  0]LogDerivedDataCache: Unable to find inner node EnterprisePak for hierarchical cache Hierarchy.
[2020.06.28-12.32.04:994][  0]LogDerivedDataCache: Using Local data cache path C:/Users/繁延明希/AppData/Local/UnrealEngine/Common/DerivedDataCache: Writable
[2020.06.28-12.32.04:994][  0]LogDerivedDataCache: Shared data cache path not found in *engine.ini, will not use an Shared cache.
[2020.06.28-12.32.04:994][  0]LogDerivedDataCache: Unable to find inner node Shared for hierarchical cache Hierarchy.
[2020.06.28-12.32.05:035][  0]LogMaterial: Verifying Global Shaders for PCD3D_SM5
[2020.06.28-12.32.05:113][  0]LogSlate: Using FreeType 2.10.0
[2020.06.28-12.32.05:214][  0]LogSlate: SlateFontServices - WITH_FREETYPE: 1, WITH_HARFBUZZ: 1
[2020.06.28-12.32.06:034][  0]LogAssetRegistry: FAssetRegistry took 0.0066 seconds to start up
[2020.06.28-12.32.08:046][  0]LogInit: Selected Device Profile: [Windows]
[2020.06.28-12.32.09:278][  0]LogMeshReduction: Using QuadricMeshReduction for automatic static mesh reduction
[2020.06.28-12.32.09:278][  0]LogMeshReduction: Using SimplygonMeshReduction for automatic skeletal mesh reduction
[2020.06.28-12.32.09:278][  0]LogMeshReduction: Using ProxyLODMeshReduction for automatic mesh merging
[2020.06.28-12.32.09:278][  0]LogMeshReduction: No distributed automatic mesh merging module available
[2020.06.28-12.32.09:278][  0]LogMeshMerging: No distributed automatic mesh merging module available
[2020.06.28-12.32.09:623][  0]LogNetVersion: SlimeKing 1.0.0, NetCL: 10570792, EngineNetVer: 13, GameNetVer: 0 (Checksum: 3537062741)
[2020.06.28-12.32.25:553][  0]LogPackageLocalizationCache: Processed 12 localized package path(s) for 1 prioritized culture(s) in 0.063159 seconds
[2020.06.28-12.32.25:572][  0]LogUObjectArray: 46750 objects as part of root set at end of initial load.
[2020.06.28-12.32.25:572][  0]LogUObjectAllocator: 8137160 out of 0 bytes used by permanent object pool.
[2020.06.28-12.32.25:572][  0]LogUObjectArray: CloseDisregardForGC: 0/0 objects in disregard for GC pool
[2020.06.28-12.32.28:801][  0]LogPython: Using Python 2.7.14
[2020.06.28-12.32.29:885][  0]LogTcpMessaging: Initializing TcpMessaging bridge
[2020.06.28-12.32.29:899][  0]LogUdpMessaging: Initializing bridge on interface 0.0.0.0:0 to multicast group 230.0.0.1:6666.
[2020.06.28-12.32.30:383][  0]SourceControl: Source control is disabled
[2020.06.28-12.32.30:398][  0]SourceControl: Source control is disabled
[2020.06.28-12.32.30:442][  0]SourceControl: Source control is disabled
[2020.06.28-12.32.30:466][  0]SourceControl: Source control is disabled
[2020.06.28-12.32.30:470][  0]SourceControl: Source control is disabled
[2020.06.28-12.32.31:480][  0]LogAndroidPermission: UAndroidPermissionCallbackProxy::GetInstance
[2020.06.28-12.32.31:545][  0]LogAudioCaptureCore: Display: No Audio Capture implementations found. Audio input will be silent.
[2020.06.28-12.32.31:545][  0]LogAudioCaptureCore: Display: No Audio Capture implementations found. Audio input will be silent.
[2020.06.28-12.32.31:932][  0]LogOcInput: OculusInput pre-init called
[2020.06.28-12.32.31:965][  0]LogWindows: Failed to load 'OVRPlugin.dll' (GetLastError=126)
[2020.06.28-12.32.31:965][  0]LogWindows: File 'OVRPlugin.dll' does not exist
[2020.06.28-12.32.33:790][  0]LogEngine: Initializing Engine...
[2020.06.28-12.32.33:819][  0]LogHMD: Failed to initialize OpenVR with code 110
[2020.06.28-12.32.33:829][  0]LogStats: UGameplayTagsManager::InitializeManager -  0.001 s
[2020.06.28-12.32.34:578][  0]LogInit: Initializing FReadOnlyCVARCache
[2020.06.28-12.32.34:944][  0]LogAIModule: Creating AISystem for world Untitled
[2020.06.28-12.32.35:047][  0]LogAudioMixer: Display: Audio Mixer Platform Settings:
[2020.06.28-12.32.35:047][  0]LogAudioMixer: Display: 	Sample Rate:						  48000
[2020.06.28-12.32.35:047][  0]LogAudioMixer: Display: 	Callback Buffer Frame Size Requested: 1024
[2020.06.28-12.32.35:047][  0]LogAudioMixer: Display: 	Callback Buffer Frame Size To Use:	  1024
[2020.06.28-12.32.35:047][  0]LogAudioMixer: Display: 	Number of buffers to queue:			  2
[2020.06.28-12.32.35:047][  0]LogAudioMixer: Display: 	Max Channels (voices):				  32
[2020.06.28-12.32.35:047][  0]LogAudioMixer: Display: 	Number of Async Source Workers:		  0
[2020.06.28-12.32.35:047][  0]LogAudio: Display: AudioDevice MaxSources: 32
[2020.06.28-12.32.35:057][  0]LogAudio: Display: Using built-in audio occlusion.
[2020.06.28-12.32.35:057][  0]LogAudioMixer: Display: Initializing audio mixer.
[2020.06.28-12.32.35:116][  0]LogAudioMixer: Display: Audio Device Output Speaker Info:
[2020.06.28-12.32.35:116][  0]LogAudioMixer: Display: Name: スピーカー (Realtek(R) Audio)
[2020.06.28-12.32.35:116][  0]LogAudioMixer: Display: Is Default: Yes
[2020.06.28-12.32.35:116][  0]LogAudioMixer: Display: Sample Rate: 48000
[2020.06.28-12.32.35:116][  0]LogAudioMixer: Display: Channel Count Used: 2
[2020.06.28-12.32.35:116][  0]LogAudioMixer: Display: Device Channel Count: 2
[2020.06.28-12.32.35:116][  0]LogAudioMixer: Display: Channel Order:
[2020.06.28-12.32.35:116][  0]LogAudioMixer: Display: 0: FrontLeft
[2020.06.28-12.32.35:116][  0]LogAudioMixer: Display: 1: FrontRight
[2020.06.28-12.32.35:155][  0]LogAudioMixer: Display: Using Audio Device スピーカー (Realtek(R) Audio)
[2020.06.28-12.32.35:174][  0]LogInit: FAudioDevice initialized.
[2020.06.28-12.32.35:175][  0]LogNetVersion: Set ProjectVersion to 1.0.0.0. Version Checksum will be recalculated on next use.
[2020.06.28-12.32.35:242][  0]LogDerivedDataCache: Saved boot cache 0.07s 78MB C:/Users/繁延明希/AppData/Local/UnrealEngine/4.24/DerivedDataCache/Boot.ddc.
[2020.06.28-12.32.35:243][  0]LogInit: Texture streaming: Enabled
[2020.06.28-12.32.35:343][  0]LogEngineSessionManager: EngineSessionManager initialized
[2020.06.28-12.32.35:343][  0]LogEditorSessionSummary: Verbose: Initializing EditorSessionSummaryWriter for editor session tracking
[2020.06.28-12.32.35:359][  0]LogEditorSessionSummary: EditorSessionSummaryWriter initialized
[2020.06.28-12.32.35:566][  0]LogInit: Transaction tracking system initialized
[2020.06.28-12.32.35:765][  0]BlueprintLog: New page: Editor Load
[2020.06.28-12.32.36:551][  0]LocalizationService: Localization service is disabled
[2020.06.28-12.32.38:556][  0]LogFileCache: Scanning file cache for directory 'C:/Users/繁延明希/Documents/GitHub/slime/SlimeKing/Content/' took 0.00s
[2020.06.28-12.32.38:556][  0]LogCook: Display: Max memory allowance for cook 16384mb min free memory 0mb
[2020.06.28-12.32.38:556][  0]LogCook: Display: Mobile HDR setting 1
[2020.06.28-12.32.40:950][  0]SourceControl: Source control is disabled
[2020.06.28-12.32.40:983][  0]Cmd: MAP LOAD FILE="C:/Users/繁延明希/Documents/GitHub/slime/SlimeKing/Content/Map/NewMap.umap" TEMPLATE=0 SHOWPROGRESS=1 FEATURELEVEL=3
[2020.06.28-12.32.40:983][  0]LogEditorServer: Warning: Can't find file 'C:/Users/繁延明希/Documents/GitHub/slime/SlimeKing/Content/Map/NewMap.umap'
[2020.06.28-12.32.40:983][  0]Cmd: MAP CHECKDEP NOCLEARLOG
[2020.06.28-12.32.40:999][  0]MapCheck: Map check complete: 0 Error(s), 0 Warning(s), took 15.67ms to complete.
[2020.06.28-12.32.40:999][  0]LogFileHelpers: Loading map 'NewMap' took 0.017
[2020.06.28-12.32.42:354][  0]LogSlate: Updating window title bar state: overlay mode, drag disabled, window buttons hidden, title bar hidden
[2020.06.28-12.32.42:379][  0]LogSlate: Updating window title bar state: overlay mode, drag disabled, window buttons hidden, title bar hidden
[2020.06.28-12.32.42:383][  0]LogSlate: Updating window title bar state: overlay mode, drag disabled, window buttons hidden, title bar hidden
[2020.06.28-12.32.42:388][  0]LogSlate: Updating window title bar state: overlay mode, drag disabled, window buttons hidden, title bar hidden
[2020.06.28-12.32.42:461][  0]LogCollectionManager: Loaded 0 collections in 0.000745 seconds
[2020.06.28-12.32.42:548][  0]LogFileCache: Scanning file cache for directory 'C:/Users/繁延明希/Documents/GitHub/slime/SlimeKing/Saved/Collections/' took 0.00s
[2020.06.28-12.32.42:548][  0]LogFileCache: Scanning file cache for directory 'C:/Users/繁延明希/Documents/GitHub/slime/SlimeKing/Content/Developers/繁延明希/Collections/' took 0.00s
[2020.06.28-12.32.42:548][  0]LogFileCache: Scanning file cache for directory 'C:/Users/繁延明希/Documents/GitHub/slime/SlimeKing/Content/Collections/' took 0.00s
[2020.06.28-12.32.42:548][  0]LogContentBrowser: Native class hierarchy populated in 0.0066 seconds. Added 3038 classes and 727 folders.
[2020.06.28-12.32.42:616][  0]LogContentBrowser: Native class hierarchy updated for 'WidgetCarousel' in 0.0002 seconds. Added 0 classes and 0 folders.
[2020.06.28-12.32.43:331][  0]LogContentBrowser: Native class hierarchy updated for 'AddContentDialog' in 0.0002 seconds. Added 0 classes and 0 folders.
[2020.06.28-12.32.43:373][  0]LogContentBrowser: Native class hierarchy updated for 'SceneOutliner' in 0.0002 seconds. Added 2 classes and 3 folders.
[2020.06.28-12.32.45:781][  0]LogSlate: Took 0.029310 seconds to synchronously load lazily loaded font '../../../Engine/Content/Slate/Fonts/Roboto-Regular.ttf' (155K)
[2020.06.28-12.32.45:832][  0]LogSlate: Took 0.032404 seconds to synchronously load lazily loaded font '../../../Engine/Content/Slate/Fonts/Roboto-Bold.ttf' (160K)
[2020.06.28-12.32.45:859][  0]LogSlate: Took 0.010923 seconds to synchronously load lazily loaded font '../../../Engine/Content/Editor/Slate/Fonts/FontAwesome.ttf' (139K)
[2020.06.28-12.32.46:204][  0]LogRenderer: Reallocating scene render targets to support 1208x572 Format 10 NumSamples 1 (Frame:1).
[2020.06.28-12.32.46:520][  0]LogContentBrowser: Native class hierarchy updated for 'HierarchicalLODOutliner' in 0.0002 seconds. Added 0 classes and 0 folders.
[2020.06.28-12.32.46:521][  0]LogLoad: (Engine Initialization) Total time: 61.73 seconds
[2020.06.28-12.32.46:521][  0]LogLoad: (Engine Initialization) Total Blueprint compile time: 0.00 seconds
[2020.06.28-12.32.46:860][  0]LogContentStreaming: Texture pool size now 1000 MB
[2020.06.28-12.32.47:960][ 15]LogAssetRegistry: Asset discovery search completed in 41.9295 seconds
[2020.06.28-12.32.47:962][ 15]LogCollectionManager: Fixed up redirectors for 0 collections in 0.000006 seconds (updated 0 objects)
[2020.06.28-12.32.50:988][374]LogSlate: Took 0.012951 seconds to synchronously load lazily loaded font '../../../Engine/Content/Slate/Fonts/Roboto-Light.ttf' (167K)
[2020.06.28-12.33.04:395][971]LogSlate: Window 'Project Settings' being destroyed
[2020.06.28-12.33.04:903][971]LogSlate: Window 'Project Settings' being destroyed
[2020.06.28-12.33.12:421][834]LogSlate: Took 0.000138 seconds to synchronously load lazily loaded font '../../../Engine/Content/Slate/Fonts/Roboto-Light.ttf' (167K)
[2020.06.28-12.33.13:221][834]LogAIModule: Creating AISystem for world BatlleMain
[2020.06.28-12.33.13:356][834]LogAssetEditorSubsystem: Opening Asset editor for World /Game/Map/BatlleMain.BatlleMain
[2020.06.28-12.33.13:473][834]LogUObjectHash: Compacting FUObjectHashTables data took   1.91ms
[2020.06.28-12.33.13:475][834]Cmd: MAP LOAD FILE="C:/Users/繁延明希/Documents/GitHub/slime/SlimeKing/Content/Map/BatlleMain.umap" TEMPLATE=0 SHOWPROGRESS=1 FEATURELEVEL=3
[2020.06.28-12.33.13:478][834]LightingResults: New page: Lighting Build
[2020.06.28-12.33.13:498][834]LogContentBrowser: Native class hierarchy updated for 'StatsViewer' in 0.0002 seconds. Added 5 classes and 0 folders.
[2020.06.28-12.33.13:499][834]LoadErrors: New page: Loading map: BatlleMain.umap
[2020.06.28-12.33.13:499][834]LogWorld: UWorld::CleanupWorld for Untitled, bSessionEnded=true, bCleanupResources=true
[2020.06.28-12.33.13:499][834]LogSlate: InvalidateAllWidgets triggered.  All widgets were invalidated
[2020.06.28-12.33.13:500][834]MapCheck: New page: Map Check
[2020.06.28-12.33.13:500][834]LightingResults: New page: Lighting Build
[2020.06.28-12.33.13:566][834]LogUObjectHash: Compacting FUObjectHashTables data took   1.32ms
[2020.06.28-12.33.13:798][834]LogEditorServer: Finished looking for orphan Actors (0.000 secs)
[2020.06.28-12.33.13:859][834]LogUObjectHash: Compacting FUObjectHashTables data took   1.33ms
[2020.06.28-12.33.13:873][834]Cmd: MAP CHECKDEP NOCLEARLOG
[2020.06.28-12.33.13:873][834]MapCheck: Map check complete: 0 Error(s), 0 Warning(s), took 0.11ms to complete.
[2020.06.28-12.33.13:873][834]LogFileHelpers: Loading map 'BatlleMain' took 0.398
[2020.06.28-12.33.15:609][ 21]LogTemp: Repeating last play command: New Editor Window (PIE)
[2020.06.28-12.33.15:626][ 21]LogBlueprintUserMessages: Early PlayInEditor Detection: Level '/Game/Map/BatlleMain.BatlleMain:PersistentLevel' has LevelScriptBlueprint '/Game/Map/BatlleMain.BatlleMain:PersistentLevel.BatlleMain' with GeneratedClass '/Game/Map/BatlleMain.BatlleMain_C' with ClassGeneratedBy '/Game/Map/BatlleMain.BatlleMain:PersistentLevel.BatlleMain'
[2020.06.28-12.33.15:627][ 21]LogPlayLevel: PlayLevel: No blueprints needed recompiling
[2020.06.28-12.33.15:633][ 21]PIE: New page: PIE session: BatlleMain (Jun 29, 2020, 6:33:15 AM)
[2020.06.28-12.33.15:652][ 21]LogOnline: OSS: Creating online subsystem instance for: NULL
[2020.06.28-12.33.15:654][ 21]LogOnline: OSS: TryLoadSubsystemAndSetDefault: Loaded subsystem for module [NULL]
[2020.06.28-12.33.15:654][ 21]LogPlayLevel: Creating play world package: /Game/Map/UEDPIE_0_BatlleMain
[2020.06.28-12.33.15:700][ 21]LogPlayLevel: PIE: StaticDuplicateObject took: (0.046378s)
[2020.06.28-12.33.15:701][ 21]LogAIModule: Creating AISystem for world BatlleMain
[2020.06.28-12.33.15:701][ 21]LogPlayLevel: PIE: World Init took: (0.000742s)
[2020.06.28-12.33.15:701][ 21]LogPlayLevel: PIE: Created PIE world by copying editor world from /Game/Map/BatlleMain.BatlleMain to /Game/Map/UEDPIE_0_BatlleMain.BatlleMain (0.047487s)
[2020.06.28-12.33.15:726][ 21]LogUObjectHash: Compacting FUObjectHashTables data took   1.15ms
[2020.06.28-12.33.15:727][ 21]LogAudioMixer: Display: Audio Mixer Platform Settings:
[2020.06.28-12.33.15:727][ 21]LogAudioMixer: Display: 	Sample Rate:						  48000
[2020.06.28-12.33.15:727][ 21]LogAudioMixer: Display: 	Callback Buffer Frame Size Requested: 1024
[2020.06.28-12.33.15:727][ 21]LogAudioMixer: Display: 	Callback Buffer Frame Size To Use:	  1024
[2020.06.28-12.33.15:727][ 21]LogAudioMixer: Display: 	Number of buffers to queue:			  2
[2020.06.28-12.33.15:727][ 21]LogAudioMixer: Display: 	Max Channels (voices):				  32
[2020.06.28-12.33.15:727][ 21]LogAudioMixer: Display: 	Number of Async Source Workers:		  0
[2020.06.28-12.33.15:727][ 21]LogAudio: Display: AudioDevice MaxSources: 32
[2020.06.28-12.33.15:727][ 21]LogAudio: Display: Using built-in audio occlusion.
[2020.06.28-12.33.15:727][ 21]LogAudioMixer: Display: Initializing audio mixer.
[2020.06.28-12.33.15:739][ 21]LogAudioMixer: Display: Audio Device Output Speaker Info:
[2020.06.28-12.33.15:739][ 21]LogAudioMixer: Display: Name: スピーカー (Realtek(R) Audio)
[2020.06.28-12.33.15:739][ 21]LogAudioMixer: Display: Is Default: Yes
[2020.06.28-12.33.15:739][ 21]LogAudioMixer: Display: Sample Rate: 48000
[2020.06.28-12.33.15:739][ 21]LogAudioMixer: Display: Channel Count Used: 2
[2020.06.28-12.33.15:739][ 21]LogAudioMixer: Display: Device Channel Count: 2
[2020.06.28-12.33.15:739][ 21]LogAudioMixer: Display: Channel Order:
[2020.06.28-12.33.15:739][ 21]LogAudioMixer: Display: 0: FrontLeft
[2020.06.28-12.33.15:739][ 21]LogAudioMixer: Display: 1: FrontRight
[2020.06.28-12.33.15:759][ 21]LogAudioMixer: Display: Using Audio Device スピーカー (Realtek(R) Audio)
[2020.06.28-12.33.15:761][ 21]LogInit: FAudioDevice initialized.
[2020.06.28-12.33.15:788][ 21]LogSlate: Updating window title bar state: overlay mode, drag disabled, window buttons hidden, title bar hidden
[2020.06.28-12.33.15:799][ 21]LogLoad: Game class is 'BP_GameMode_C'
[2020.06.28-12.33.15:819][ 21]LogWorld: Bringing World /Game/Map/UEDPIE_0_BatlleMain.BatlleMain up for play (max tick rate 0) at 2020.06.28-21.33.15
[2020.06.28-12.33.15:844][ 21]LogWorld: Bringing up level for play took: 0.027051
[2020.06.28-12.33.15:844][ 21]LogOnline: OSS: Creating online subsystem instance for: :Context_2
[2020.06.28-12.33.15:891][ 21]LogContentBrowser: Native class hierarchy updated for 'MovieSceneCapture' in 0.0003 seconds. Added 20 classes and 0 folders.
[2020.06.28-12.33.15:946][ 21]PIE: Play in editor start time for /Game/Map/UEDPIE_0_BatlleMain 0.562
[2020.06.28-12.33.15:947][ 21]LogBlueprintUserMessages: Late PlayInEditor Detection: Level '/Game/Map/BatlleMain.BatlleMain:PersistentLevel' has LevelScriptBlueprint '/Game/Map/BatlleMain.BatlleMain:PersistentLevel.BatlleMain' with GeneratedClass '/Game/Map/BatlleMain.BatlleMain_C' with ClassGeneratedBy '/Game/Map/BatlleMain.BatlleMain:PersistentLevel.BatlleMain'
[2020.06.28-12.33.15:965][ 21]LogSlate: New Slate User Created.  User Index 1, Is Virtual User: 0
[2020.06.28-12.33.15:965][ 21]LogSlate: Slate User Registered.  User Index 1, Is Virtual User: 0
[2020.06.28-12.33.15:999][ 22]LogRenderer: Reallocating scene render targets to support 1280x720 Format 10 NumSamples 1 (Frame:1).
[2020.06.28-12.34.22:525][846]LogAudioMixer: Display: No commands were queued while flushing the source manager.
[2020.06.28-12.34.22:525][846]LogAudioMixer: Display: No commands were queued while flushing the source manager.
[2020.06.28-12.34.22:525][846]LogBlueprintUserMessages: Early EndPlayMap Detection: Level '/Game/Map/BatlleMain.BatlleMain:PersistentLevel' has LevelScriptBlueprint '/Game/Map/BatlleMain.BatlleMain:PersistentLevel.BatlleMain' with GeneratedClass '/Game/Map/BatlleMain.BatlleMain_C' with ClassGeneratedBy '/Game/Map/BatlleMain.BatlleMain:PersistentLevel.BatlleMain'
[2020.06.28-12.34.22:525][846]LogSlate: Updating window title bar state: overlay mode, drag disabled, window buttons hidden, title bar hidden
[2020.06.28-12.34.22:525][846]LogWorld: BeginTearingDown for /Game/Map/UEDPIE_0_BatlleMain
[2020.06.28-12.34.22:533][846]LogSlate: Window 'SlimeKing Game Preview Standalone (64-bit/PCD3D_SM5)' being destroyed
[2020.06.28-12.34.22:538][846]LogAudioMixer: Display: No commands were queued while flushing the source manager.
[2020.06.28-12.34.23:059][846]LogWorld: UWorld::CleanupWorld for BatlleMain, bSessionEnded=true, bCleanupResources=true
[2020.06.28-12.34.23:059][846]LogSlate: InvalidateAllWidgets triggered.  All widgets were invalidated
[2020.06.28-12.34.23:063][846]LogPlayLevel: Display: Shutting down PIE online subsystems
[2020.06.28-12.34.23:063][846]LogBlueprintUserMessages: Late EndPlayMap Detection: Level '/Game/Map/BatlleMain.BatlleMain:PersistentLevel' has LevelScriptBlueprint '/Game/Map/BatlleMain.BatlleMain:PersistentLevel.BatlleMain' with GeneratedClass '/Game/Map/BatlleMain.BatlleMain_C' with ClassGeneratedBy '/Game/Map/BatlleMain.BatlleMain:PersistentLevel.BatlleMain'
[2020.06.28-12.34.23:073][846]LogSlate: InvalidateAllWidgets triggered.  All widgets were invalidated
[2020.06.28-12.34.23:096][846]LogAudioMixer: Display: No commands were queued while flushing the source manager.
[2020.06.28-12.34.23:124][846]LogUObjectHash: Compacting FUObjectHashTables data took   1.18ms
[2020.06.28-12.34.23:143][847]LogPlayLevel: Display: Destroying online subsystem :Context_2
[2020.06.28-12.34.25:121][ 32]LogAssetEditorSubsystem: Opening Asset editor for Blueprint /Game/BluePrints/BP_Actor/Grass_01.Grass_01
[2020.06.28-12.34.25:584][ 32]LogContentBrowser: Native class hierarchy updated for 'BlueprintGraph' in 0.0005 seconds. Added 121 classes and 0 folders.
[2020.06.28-12.34.26:801][ 32]LogSlate: Took 0.008559 seconds to synchronously load lazily loaded font '../../../Engine/Content/Slate/Fonts/Roboto-BoldCondensed.ttf' (158K)
[2020.06.28-12.34.27:015][ 33]LogSlate: Took 0.000678 seconds to synchronously load lazily loaded font '../../../Engine/Content/Slate/Fonts/Roboto-Italic.ttf' (157K)
[2020.06.28-12.34.49:848][596]BlueprintLog: New page: Compile Grass_01
[2020.06.28-12.34.50:088][596]LogUObjectHash: Compacting FUObjectHashTables data took   2.65ms
[2020.06.28-12.34.50:637][629]Cmd: OBJ SAVEPACKAGE PACKAGE="/Game/BluePrints/BP_Actor/Grass_01" FILE="C:/Users/繁延明希/Documents/GitHub/slime/SlimeKing/Content/BluePrints/BP_Actor/Grass_01.uasset" SILENT=true
[2020.06.28-12.34.50:843][629]LogSavePackage: Moving 'C:/Users/繁延明希/Documents/GitHub/slime/SlimeKing/Saved/Grass_0193BBD4E84B8291F581F1EDAA996AB12F.tmp' to 'C:/Users/繁延明希/Documents/GitHub/slime/SlimeKing/Content/BluePrints/BP_Actor/Grass_01.uasset'
[2020.06.28-12.34.50:873][629]AssetCheck: New page: Asset Save: Grass_01
[2020.06.28-12.34.50:873][629]LogContentValidation: Display: Validating Blueprint /Game/BluePrints/BP_Actor/Grass_01.Grass_01
[2020.06.28-12.34.52:286][715]LogAssetEditorSubsystem: Opening Asset editor for Blueprint /Game/BluePrints/BP_Actor/Grass_2.Grass_2
[2020.06.28-12.34.53:001][755]LogAssetEditorSubsystem: Opening Asset editor for Blueprint /Game/BluePrints/BP_Actor/Grass_3.Grass_3
[2020.06.28-12.35.01:649][698]BlueprintLog: New page: Compile Grass_3
[2020.06.28-12.35.01:826][698]LogUObjectHash: Compacting FUObjectHashTables data took   2.74ms
[2020.06.28-12.35.02:225][736]Cmd: OBJ SAVEPACKAGE PACKAGE="/Game/BluePrints/BP_Actor/Grass_3" FILE="C:/Users/繁延明希/Documents/GitHub/slime/SlimeKing/Content/BluePrints/BP_Actor/Grass_3.uasset" SILENT=true
[2020.06.28-12.35.02:270][736]LogSavePackage: Moving 'C:/Users/繁延明希/Documents/GitHub/slime/SlimeKing/Saved/Grass_3CA9921164422D23D477EB9B050BF3B2A.tmp' to 'C:/Users/繁延明希/Documents/GitHub/slime/SlimeKing/Content/BluePrints/BP_Actor/Grass_3.uasset'
[2020.06.28-12.35.02:281][736]AssetCheck: New page: Asset Save: Grass_3
[2020.06.28-12.35.02:281][736]LogContentValidation: Display: Validating Blueprint /Game/BluePrints/BP_Actor/Grass_3.Grass_3
[2020.06.28-12.35.07:424][334]BlueprintLog: New page: Compile Grass_2
[2020.06.28-12.35.07:599][334]LogUObjectHash: Compacting FUObjectHashTables data took   2.85ms
[2020.06.28-12.35.07:886][347]Cmd: OBJ SAVEPACKAGE PACKAGE="/Game/BluePrints/BP_Actor/Grass_2" FILE="C:/Users/繁延明希/Documents/GitHub/slime/SlimeKing/Content/BluePrints/BP_Actor/Grass_2.uasset" SILENT=true
[2020.06.28-12.35.07:931][347]LogSavePackage: Moving 'C:/Users/繁延明希/Documents/GitHub/slime/SlimeKing/Saved/Grass_289F5D92743481A90A22BD49B7BC3E6CD.tmp' to 'C:/Users/繁延明希/Documents/GitHub/slime/SlimeKing/Content/BluePrints/BP_Actor/Grass_2.uasset'
[2020.06.28-12.35.07:943][347]AssetCheck: New page: Asset Save: Grass_2
[2020.06.28-12.35.07:943][347]LogContentValidation: Display: Validating Blueprint /Game/BluePrints/BP_Actor/Grass_2.Grass_2
[2020.06.28-12.35.09:998][581]BlueprintLog: New page: Compile Grass_01
[2020.06.28-12.35.10:173][581]LogUObjectHash: Compacting FUObjectHashTables data took   2.80ms
[2020.06.28-12.35.10:360][596]Cmd: OBJ SAVEPACKAGE PACKAGE="/Game/BluePrints/BP_Actor/Grass_01" FILE="C:/Users/繁延明希/Documents/GitHub/slime/SlimeKing/Content/BluePrints/BP_Actor/Grass_01.uasset" SILENT=true
[2020.06.28-12.35.10:403][596]LogSavePackage: Moving 'C:/Users/繁延明希/Documents/GitHub/slime/SlimeKing/Saved/Grass_01E3DFA0ED4C792F44BD8A2D9AF4C3EC2B.tmp' to 'C:/Users/繁延明希/Documents/GitHub/slime/SlimeKing/Content/BluePrints/BP_Actor/Grass_01.uasset'
[2020.06.28-12.35.10:415][596]AssetCheck: New page: Asset Save: Grass_01
[2020.06.28-12.35.10:415][596]LogContentValidation: Display: Validating Blueprint /Game/BluePrints/BP_Actor/Grass_01.Grass_01
[2020.06.28-12.35.11:060][663]LogSlate: Window 'Grass_3' being destroyed
[2020.06.28-12.35.11:070][663]LogSlate: Window 'Grass_3' being destroyed
[2020.06.28-12.35.11:071][663]LogWorld: UWorld::CleanupWorld for World_4, bSessionEnded=true, bCleanupResources=true
[2020.06.28-12.35.11:071][663]LogSlate: InvalidateAllWidgets triggered.  All widgets were invalidated
[2020.06.28-12.35.11:612][663]LogActorComponent: UnregisterComponent: (/Engine/Transient.EditorFloorComp) Not registered. Aborting.
[2020.06.28-12.35.11:612][663]LogWorld: UWorld::CleanupWorld for World_5, bSessionEnded=true, bCleanupResources=true
[2020.06.28-12.35.11:612][663]LogSlate: InvalidateAllWidgets triggered.  All widgets were invalidated
[2020.06.28-12.35.11:647][663]LogActorComponent: UnregisterComponent: (/Engine/Transient.EditorFloorComp) Not registered. Aborting.
[2020.06.28-12.35.11:647][663]LogWorld: UWorld::CleanupWorld for World_6, bSessionEnded=true, bCleanupResources=true
[2020.06.28-12.35.11:647][663]LogSlate: InvalidateAllWidgets triggered.  All widgets were invalidated
[2020.06.28-12.35.11:833][675]LogTemp: Repeating last play command: New Editor Window (PIE)
[2020.06.28-12.35.11:841][675]LogBlueprintUserMessages: Early PlayInEditor Detection: Level '/Game/Map/BatlleMain.BatlleMain:PersistentLevel' has LevelScriptBlueprint '/Game/Map/BatlleMain.BatlleMain:PersistentLevel.BatlleMain' with GeneratedClass '/Game/Map/BatlleMain.BatlleMain_C' with ClassGeneratedBy '/Game/Map/BatlleMain.BatlleMain:PersistentLevel.BatlleMain'
[2020.06.28-12.35.11:841][675]LogPlayLevel: PlayLevel: No blueprints needed recompiling
[2020.06.28-12.35.11:841][675]PIE: New page: PIE session: BatlleMain (Jun 29, 2020, 6:35:11 AM)
[2020.06.28-12.35.11:841][675]LogPlayLevel: Creating play world package: /Game/Map/UEDPIE_0_BatlleMain
[2020.06.28-12.35.11:872][675]LogPlayLevel: PIE: StaticDuplicateObject took: (0.030281s)
[2020.06.28-12.35.11:872][675]LogAIModule: Creating AISystem for world BatlleMain
[2020.06.28-12.35.11:873][675]LogPlayLevel: PIE: World Init took: (0.000755s)
[2020.06.28-12.35.11:873][675]LogPlayLevel: PIE: Created PIE world by copying editor world from /Game/Map/BatlleMain.BatlleMain to /Game/Map/UEDPIE_0_BatlleMain.BatlleMain (0.031147s)
[2020.06.28-12.35.11:904][675]LogUObjectHash: Compacting FUObjectHashTables data took   2.72ms
[2020.06.28-12.35.11:905][675]LogAudioMixer: Display: Audio Mixer Platform Settings:
[2020.06.28-12.35.11:905][675]LogAudioMixer: Display: 	Sample Rate:						  48000
[2020.06.28-12.35.11:905][675]LogAudioMixer: Display: 	Callback Buffer Frame Size Requested: 1024
[2020.06.28-12.35.11:905][675]LogAudioMixer: Display: 	Callback Buffer Frame Size To Use:	  1024
[2020.06.28-12.35.11:905][675]LogAudioMixer: Display: 	Number of buffers to queue:			  2
[2020.06.28-12.35.11:905][675]LogAudioMixer: Display: 	Max Channels (voices):				  32
[2020.06.28-12.35.11:905][675]LogAudioMixer: Display: 	Number of Async Source Workers:		  0
[2020.06.28-12.35.11:905][675]LogAudio: Display: AudioDevice MaxSources: 32
[2020.06.28-12.35.11:906][675]LogAudio: Display: Using built-in audio occlusion.
[2020.06.28-12.35.11:906][675]LogAudioMixer: Display: Initializing audio mixer.
[2020.06.28-12.35.11:918][675]LogAudioMixer: Display: Audio Device Output Speaker Info:
[2020.06.28-12.35.11:918][675]LogAudioMixer: Display: Name: スピーカー (Realtek(R) Audio)
[2020.06.28-12.35.11:918][675]LogAudioMixer: Display: Is Default: Yes
[2020.06.28-12.35.11:918][675]LogAudioMixer: Display: Sample Rate: 48000
[2020.06.28-12.35.11:918][675]LogAudioMixer: Display: Channel Count Used: 2
[2020.06.28-12.35.11:918][675]LogAudioMixer: Display: Device Channel Count: 2
[2020.06.28-12.35.11:918][675]LogAudioMixer: Display: Channel Order:
[2020.06.28-12.35.11:918][675]LogAudioMixer: Display: 0: FrontLeft
[2020.06.28-12.35.11:919][675]LogAudioMixer: Display: 1: FrontRight
[2020.06.28-12.35.11:935][675]LogAudioMixer: Display: Using Audio Device スピーカー (Realtek(R) Audio)
[2020.06.28-12.35.11:936][675]LogInit: FAudioDevice initialized.
[2020.06.28-12.35.11:982][675]LogSlate: Updating window title bar state: overlay mode, drag disabled, window buttons hidden, title bar hidden
[2020.06.28-12.35.11:983][675]LogLoad: Game class is 'BP_GameMode_C'
[2020.06.28-12.35.11:985][675]LogWorld: Bringing World /Game/Map/UEDPIE_0_BatlleMain.BatlleMain up for play (max tick rate 0) at 2020.06.28-21.35.11
[2020.06.28-12.35.11:986][675]LogWorld: Bringing up level for play took: 0.002530
[2020.06.28-12.35.11:986][675]LogOnline: OSS: Creating online subsystem instance for: :Context_9
[2020.06.28-12.35.11:991][675]PIE: Play in editor start time for /Game/Map/UEDPIE_0_BatlleMain 0.606
[2020.06.28-12.35.11:991][675]LogBlueprintUserMessages: Late PlayInEditor Detection: Level '/Game/Map/BatlleMain.BatlleMain:PersistentLevel' has LevelScriptBlueprint '/Game/Map/BatlleMain.BatlleMain:PersistentLevel.BatlleMain' with GeneratedClass '/Game/Map/BatlleMain.BatlleMain_C' with ClassGeneratedBy '/Game/Map/BatlleMain.BatlleMain:PersistentLevel.BatlleMain'
[2020.06.28-12.35.28:191][518]LogAudioMixer: Display: No commands were queued while flushing the source manager.
[2020.06.28-12.35.28:191][518]LogAudioMixer: Display: No commands were queued while flushing the source manager.
[2020.06.28-12.35.28:191][518]LogBlueprintUserMessages: Early EndPlayMap Detection: Level '/Game/Map/BatlleMain.BatlleMain:PersistentLevel' has LevelScriptBlueprint '/Game/Map/BatlleMain.BatlleMain:PersistentLevel.BatlleMain' with GeneratedClass '/Game/Map/BatlleMain.BatlleMain_C' with ClassGeneratedBy '/Game/Map/BatlleMain.BatlleMain:PersistentLevel.BatlleMain'
[2020.06.28-12.35.28:191][518]LogSlate: Updating window title bar state: overlay mode, drag disabled, window buttons hidden, title bar hidden
[2020.06.28-12.35.28:191][518]LogWorld: BeginTearingDown for /Game/Map/UEDPIE_0_BatlleMain
[2020.06.28-12.35.28:199][518]LogSlate: Window 'SlimeKing Game Preview Standalone (64-bit/PCD3D_SM5)' being destroyed
[2020.06.28-12.35.28:205][518]LogAudioMixer: Display: No commands were queued while flushing the source manager.
[2020.06.28-12.35.28:205][518]LogWorld: UWorld::CleanupWorld for BatlleMain, bSessionEnded=true, bCleanupResources=true
[2020.06.28-12.35.28:205][518]LogSlate: InvalidateAllWidgets triggered.  All widgets were invalidated
[2020.06.28-12.35.28:210][518]LogPlayLevel: Display: Shutting down PIE online subsystems
[2020.06.28-12.35.28:210][518]LogBlueprintUserMessages: Late EndPlayMap Detection: Level '/Game/Map/BatlleMain.BatlleMain:PersistentLevel' has LevelScriptBlueprint '/Game/Map/BatlleMain.BatlleMain:PersistentLevel.BatlleMain' with GeneratedClass '/Game/Map/BatlleMain.BatlleMain_C' with ClassGeneratedBy '/Game/Map/BatlleMain.BatlleMain:PersistentLevel.BatlleMain'
[2020.06.28-12.35.28:214][518]LogSlate: InvalidateAllWidgets triggered.  All widgets were invalidated
[2020.06.28-12.35.28:240][518]LogAudioMixer: Display: No commands were queued while flushing the source manager.
[2020.06.28-12.35.28:248][518]LogUObjectHash: Compacting FUObjectHashTables data took   2.15ms
[2020.06.28-12.35.28:296][522]LogPlayLevel: Display: Destroying online subsystem :Context_9
[2020.06.28-12.44.35:991][895]LogUObjectHash: Compacting FUObjectHashTables data took   0.67ms
[2020.06.28-12.44.35:997][895]Cmd: OBJ SAVEPACKAGE PACKAGE="/Game/Map/BatlleMain" FILE="C:/Users/繁延明希/Documents/GitHub/slime/SlimeKing/Saved/Autosaves/Game/Map/BatlleMain_Auto1.umap" SILENT=true AUTOSAVING=true KEEPDIRTY=false
[2020.06.28-12.44.36:789][895]LogSavePackage: Moving 'C:/Users/繁延明希/Documents/GitHub/slime/SlimeKing/Saved/BatlleMain_Auto1C70B51E04FD8213D626425904621463F.tmp' to 'C:/Users/繁延明希/Documents/GitHub/slime/SlimeKing/Saved/Autosaves/Game/Map/BatlleMain_Auto1.umap'
[2020.06.28-12.44.36:791][895]LogFileHelpers: Editor autosave (incl. sublevels) for '/Game/Map/BatlleMain' took 0.826
[2020.06.28-12.44.36:791][895]LogFileHelpers: Editor autosave (incl. sublevels) for all levels took 0.826
[2020.06.28-12.49.07:860][733]LogEditorViewport: Clicking on Actor (LMB): Landscape (Landscape1)
[2020.06.28-12.49.08:252][768]LogEditorViewport: Clicking on Actor (LMB): Landscape (Landscape1)
[2020.06.28-12.49.09:648][933]LogSlate: Window 'Source Control Login' being destroyed
[2020.06.28-12.49.39:080][211]LogSlate: Window 'Pick Parent Class' being destroyed
[2020.06.28-12.50.07:590][331]LogSlate: Warning: Slate: Had to block on waiting for a draw buffer
[2020.06.28-12.50.11:551][331]LogSlate: Window 'Pick Parent Class' being destroyed
[2020.06.28-12.50.56:375][730]LogSlate: Window 'Message' being destroyed
[2020.06.28-12.50.57:180][730]LogSlate: Window 'Message' being destroyed
[2020.06.28-12.51.16:096][983]LogSlate: Window 'Message' being destroyed
[2020.06.28-12.51.17:058][983]LogSlate: Window 'Message' being destroyed
[2020.06.28-12.51.20:051][142]LogSlate: Window 'Editor Preferences' being destroyed
[2020.06.28-12.51.20:056][142]LogSlate: Window 'Editor Preferences' being destroyed
[2020.06.28-12.51.25:695][801]LogAssetEditorSubsystem: Opening Asset editor for UserDefinedStruct /Game/Inventory/ItemStructure.ItemStructure
[2020.06.28-12.51.55:086][184]LogSlate: Took 0.014477 seconds to synchronously load lazily loaded font '../../../Engine/Content/Slate/Fonts/Roboto-BoldCondensedItalic.ttf' (160K)
[2020.06.28-12.55.26:624][678]Cmd: OBJ SAVEPACKAGE PACKAGE="/Game/Inventory/ItemStructure" FILE="C:/Users/繁延明希/Documents/GitHub/slime/SlimeKing/Content/Inventory/ItemStructure.uasset" SILENT=true
[2020.06.28-12.55.26:627][678]LogSavePackage: Moving 'C:/Users/繁延明希/Documents/GitHub/slime/SlimeKing/Saved/ItemStructure6E9EDA63467D4B2A0B1A76B127FF74D9.tmp' to 'C:/Users/繁延明希/Documents/GitHub/slime/SlimeKing/Content/Inventory/ItemStructure.uasset'
[2020.06.28-12.55.26:639][678]AssetCheck: New page: Asset Save: ItemStructure
[2020.06.28-12.55.26:639][678]LogContentValidation: Display: Validating UserDefinedStruct /Game/Inventory/ItemStructure.ItemStructure
[2020.06.28-12.55.42:882][304]LogSlate: Window 'ItemStructure' being destroyed
[2020.06.28-12.55.45:681][618]LogSlate: Window 'ItemStructure' being destroyed
[2020.06.28-12.56.22:084][885]LogUObjectHash: Compacting FUObjectHashTables data took   2.72ms
[2020.06.28-12.56.22:095][885]LogFileHelpers: Editor autosave (incl. sublevels) for '/Game/Map/BatlleMain' took 0.039
[2020.06.28-12.56.22:095][885]OBJ SavePackage: Generating thumbnails for [0] asset(s) in package [/Game/Inventory/InventoryComponent] ([1] browsable assets)...
[2020.06.28-12.56.22:095][885]OBJ SavePackage: Finished generating thumbnails for package [/Game/Inventory/InventoryComponent]
[2020.06.28-12.56.22:098][885]LogSavePackage: Moving 'C:/Users/繁延明希/Documents/GitHub/slime/SlimeKing/Saved/InventoryComponent_Auto26C68A182495401A5EC6CE4B2DC51009D.tmp' to 'C:/Users/繁延明希/Documents/GitHub/slime/SlimeKing/Saved/Autosaves/Game/Inventory/InventoryComponent_Auto2.uasset'
[2020.06.28-12.56.22:098][885]LogFileHelpers: Auto-saving content packages took 0.004
[2020.06.28-12.56.53:281][591]Cmd: OBJ SAVEPACKAGE PACKAGE="/Game/Inventory/ItemStructure" FILE="C:/Users/繁延明希/Documents/GitHub/slime/SlimeKing/Content/Inventory/ItemStructure.uasset" SILENT=true
[2020.06.28-12.56.53:313][591]LogSavePackage: Moving 'C:/Users/繁延明希/Documents/GitHub/slime/SlimeKing/Saved/ItemStructure3FF7205D4751AA9C4D2661A18BDF9DFA.tmp' to 'C:/Users/繁延明希/Documents/GitHub/slime/SlimeKing/Content/Inventory/ItemStructure.uasset'
[2020.06.28-12.56.53:325][591]AssetCheck: New page: Asset Save: ItemStructure
[2020.06.28-12.56.53:325][591]LogContentValidation: Display: Validating UserDefinedStruct /Game/Inventory/ItemStructure.ItemStructure
[2020.06.28-12.57.44:310][ 42]Cmd: OBJ SAVEPACKAGE PACKAGE="/Game/Inventory/ItemStructure" FILE="C:/Users/繁延明希/Documents/GitHub/slime/SlimeKing/Content/Inventory/ItemStructure.uasset" SILENT=true
[2020.06.28-12.57.44:342][ 42]LogSavePackage: Moving 'C:/Users/繁延明希/Documents/GitHub/slime/SlimeKing/Saved/ItemStructure9E14026A4A682910D187009ABBACCC83.tmp' to 'C:/Users/繁延明希/Documents/GitHub/slime/SlimeKing/Content/Inventory/ItemStructure.uasset'
[2020.06.28-12.57.44:351][ 42]AssetCheck: New page: Asset Save: ItemStructure
[2020.06.28-12.57.44:351][ 42]LogContentValidation: Display: Validating UserDefinedStruct /Game/Inventory/ItemStructure.ItemStructure
[2020.06.28-12.57.45:297][143]LogSlate: Window 'ItemStructure' being destroyed
[2020.06.28-12.58.32:041][588]LogAssetEditorSubsystem: Opening Asset editor for Blueprint /Game/Enemy/Wolf/BP_Wolf.BP_Wolf
[2020.06.28-12.58.57:101][371]BlueprintLog: New page: Compile BP_Wolf
[2020.06.28-12.58.57:270][371]LogUObjectHash: Compacting FUObjectHashTables data took   2.76ms
[2020.06.28-12.58.57:671][404]Cmd: OBJ SAVEPACKAGE PACKAGE="/Game/Enemy/Wolf/BP_Wolf" FILE="C:/Users/繁延明希/Documents/GitHub/slime/SlimeKing/Content/Enemy/Wolf/BP_Wolf.uasset" SILENT=true
[2020.06.28-12.58.57:719][404]LogSavePackage: Moving 'C:/Users/繁延明希/Documents/GitHub/slime/SlimeKing/Saved/BP_Wolf6D6A91F54351012DE38816A28677D5F2.tmp' to 'C:/Users/繁延明希/Documents/GitHub/slime/SlimeKing/Content/Enemy/Wolf/BP_Wolf.uasset'
[2020.06.28-12.58.57:731][404]AssetCheck: New page: Asset Save: BP_Wolf
[2020.06.28-12.58.57:731][404]LogContentValidation: Display: Validating Blueprint /Game/Enemy/Wolf/BP_Wolf.BP_Wolf
[2020.06.28-12.59.11:428][857]LogWorld: UWorld::CleanupWorld for World_10, bSessionEnded=true, bCleanupResources=true
[2020.06.28-12.59.11:428][857]LogSlate: InvalidateAllWidgets triggered.  All widgets were invalidated
[2020.06.28-12.59.23:372][100]LogAssetEditorSubsystem: Opening Asset editor for Blueprint /Game/Inventory/InventoryComponent.InventoryComponent
[2020.06.28-13.00.41:412][313]BlueprintLog: New page: Compile InventoryComponent
[2020.06.28-13.00.41:447][313]LogUObjectHash: Compacting FUObjectHashTables data took   2.71ms
[2020.06.28-13.00.42:276][407]Cmd: OBJ SAVEPACKAGE PACKAGE="/Game/Inventory/InventoryComponent" FILE="C:/Users/繁延明希/Documents/GitHub/slime/SlimeKing/Content/Inventory/InventoryComponent.uasset" SILENT=true
[2020.06.28-13.00.42:280][407]LogSavePackage: Moving 'C:/Users/繁延明希/Documents/GitHub/slime/SlimeKing/Saved/InventoryComponentEC812BF14F2CF7DF1C2F6293E653304D.tmp' to 'C:/Users/繁延明希/Documents/GitHub/slime/SlimeKing/Content/Inventory/InventoryComponent.uasset'
[2020.06.28-13.00.42:290][407]AssetCheck: New page: Asset Save: InventoryComponent
[2020.06.28-13.00.42:291][407]LogContentValidation: Display: Validating Blueprint /Game/Inventory/InventoryComponent.InventoryComponent
[2020.06.28-13.01.45:023][ 43]LogAssetEditorSubsystem: Opening Asset editor for UserDefinedStruct /Game/Inventory/SlotsSStructure.SlotsSStructure
[2020.06.28-13.02.27:637][734]Cmd: OBJ SAVEPACKAGE PACKAGE="/Game/Inventory/SlotsSStructure" FILE="C:/Users/繁延明希/Documents/GitHub/slime/SlimeKing/Content/Inventory/SlotsSStructure.uasset" SILENT=true
[2020.06.28-13.02.27:639][734]LogSavePackage: Moving 'C:/Users/繁延明希/Documents/GitHub/slime/SlimeKing/Saved/SlotsSStructureE21ACCE741C6639B8D6BEC9C18313796.tmp' to 'C:/Users/繁延明希/Documents/GitHub/slime/SlimeKing/Content/Inventory/SlotsSStructure.uasset'
[2020.06.28-13.02.27:651][734]AssetCheck: New page: Asset Save: SlotsSStructure
[2020.06.28-13.02.27:651][734]LogContentValidation: Display: Validating UserDefinedStruct /Game/Inventory/SlotsSStructure.SlotsSStructure
[2020.06.28-13.02.28:050][779]Cmd: OBJ SAVEPACKAGE PACKAGE="/Game/Inventory/SlotsSStructure" FILE="C:/Users/繁延明希/Documents/GitHub/slime/SlimeKing/Content/Inventory/SlotsSStructure.uasset" SILENT=true
[2020.06.28-13.02.28:082][779]LogSavePackage: Moving 'C:/Users/繁延明希/Documents/GitHub/slime/SlimeKing/Saved/SlotsSStructure67EF082C4D351235E569C0B6E5401A74.tmp' to 'C:/Users/繁延明希/Documents/GitHub/slime/SlimeKing/Content/Inventory/SlotsSStructure.uasset'
[2020.06.28-13.02.28:092][779]AssetCheck: New page: Asset Save: SlotsSStructure
[2020.06.28-13.02.28:092][779]LogContentValidation: Display: Validating UserDefinedStruct /Game/Inventory/SlotsSStructure.SlotsSStructure
[2020.06.28-13.02.47:714][740]LogWorld: UWorld::CleanupWorld for World_11, bSessionEnded=true, bCleanupResources=true
[2020.06.28-13.02.47:714][740]LogSlate: InvalidateAllWidgets triggered.  All widgets were invalidated
